2024-09-14 01:33:24 DEBUG [AWT-EventQueue-0] c.motelinteligente.dados.fprodutos - Executando consulta SQL: SELECT descricao FROM produtos WHERE idproduto = 1
2024-09-14 01:33:25 DEBUG [AWT-EventQueue-0] c.motelinteligente.dados.fprodutos - Executando consulta SQL: SELECT descricao FROM produtos WHERE idproduto = 1
2024-09-14 01:33:25 DEBUG [AWT-EventQueue-0] c.motelinteligente.dados.fprodutos - Executando consulta SQL: SELECT valorproduto FROM produtos WHERE idproduto = 1
2024-09-14 01:37:05 DEBUG [AWT-EventQueue-0] c.motelinteligente.dados.fprodutos - Executando consulta SQL: SELECT estoque FROM produtos WHERE idproduto = ?
2024-09-14 03:09:02 DEBUG [AWT-EventQueue-0] c.motelinteligente.dados.fprodutos - Executando consulta SQL: SELECT descricao FROM produtos WHERE idproduto = 21
2024-09-14 03:09:02 DEBUG [AWT-EventQueue-0] c.motelinteligente.dados.fprodutos - Executando consulta SQL: SELECT descricao FROM produtos WHERE idproduto = 24
2024-09-14 03:09:02 DEBUG [AWT-EventQueue-0] c.motelinteligente.dados.fprodutos - Executando consulta SQL: SELECT descricao FROM produtos WHERE idproduto = 1
2024-09-14 03:27:08 INFO  [http-nio-0.0.0.0-1521-exec-4] o.a.coyote.http11.Http11Processor - Error parsing HTTP request header
 Note: further occurrences of HTTP request parsing errors will be logged at DEBUG level.
java.lang.IllegalArgumentException: Invalid character found in method name [0x00m0x000x000x010x000x000x000x0180x01,0x0cA ]. HTTP method names must be tokens
	at org.apache.coyote.http11.Http11InputBuffer.parseRequestLine(Http11InputBuffer.java:407)
	at org.apache.coyote.http11.Http11Processor.service(Http11Processor.java:262)
	at org.apache.coyote.AbstractProcessorLight.process(AbstractProcessorLight.java:63)
	at org.apache.coyote.AbstractProtocol$ConnectionHandler.process(AbstractProtocol.java:904)
	at org.apache.tomcat.util.net.NioEndpoint$SocketProcessor.doRun(NioEndpoint.java:1741)
	at org.apache.tomcat.util.net.SocketProcessorBase.run(SocketProcessorBase.java:52)
	at org.apache.tomcat.util.threads.ThreadPoolExecutor.runWorker(ThreadPoolExecutor.java:1190)
	at org.apache.tomcat.util.threads.ThreadPoolExecutor$Worker.run(ThreadPoolExecutor.java:659)
	at org.apache.tomcat.util.threads.TaskThread$WrappingRunnable.run(TaskThread.java:63)
	at java.base/java.lang.Thread.run(Thread.java:1623)
2024-09-14 03:27:08 INFO  [http-nio-0.0.0.0-1521-exec-3] o.a.coyote.http11.Http11Processor - Error parsing HTTP request header
 Note: further occurrences of HTTP request parsing errors will be logged at DEBUG level.
java.lang.IllegalArgumentException: Invalid character found in method name [0x160x030x010x01$0x010x000x01 ]. HTTP method names must be tokens
	at org.apache.coyote.http11.Http11InputBuffer.parseRequestLine(Http11InputBuffer.java:407)
	at org.apache.coyote.http11.Http11Processor.service(Http11Processor.java:262)
	at org.apache.coyote.AbstractProcessorLight.process(AbstractProcessorLight.java:63)
	at org.apache.coyote.AbstractProtocol$ConnectionHandler.process(AbstractProtocol.java:904)
	at org.apache.tomcat.util.net.NioEndpoint$SocketProcessor.doRun(NioEndpoint.java:1741)
	at org.apache.tomcat.util.net.SocketProcessorBase.run(SocketProcessorBase.java:52)
	at org.apache.tomcat.util.threads.ThreadPoolExecutor.runWorker(ThreadPoolExecutor.java:1190)
	at org.apache.tomcat.util.threads.ThreadPoolExecutor$Worker.run(ThreadPoolExecutor.java:659)
	at org.apache.tomcat.util.threads.TaskThread$WrappingRunnable.run(TaskThread.java:63)
	at java.base/java.lang.Thread.run(Thread.java:1623)
2024-09-14 07:25:05 DEBUG [AWT-EventQueue-0] c.motelinteligente.dados.fprodutos - Executando consulta SQL: SELECT descricao FROM produtos WHERE idproduto = 1
2024-09-14 07:25:05 DEBUG [AWT-EventQueue-0] c.motelinteligente.dados.fprodutos - Executando consulta SQL: SELECT descricao FROM produtos WHERE idproduto = 14
2024-09-14 07:25:06 DEBUG [AWT-EventQueue-0] c.motelinteligente.dados.fprodutos - Executando consulta SQL: SELECT descricao FROM produtos WHERE idproduto = 14
2024-09-14 07:25:06 DEBUG [AWT-EventQueue-0] c.motelinteligente.dados.fprodutos - Executando consulta SQL: SELECT valorproduto FROM produtos WHERE idproduto = 14
2024-09-14 07:25:08 DEBUG [AWT-EventQueue-0] c.motelinteligente.dados.fprodutos - Executando consulta SQL: SELECT descricao FROM produtos WHERE idproduto = 3
2024-09-14 07:25:10 DEBUG [AWT-EventQueue-0] c.motelinteligente.dados.fprodutos - Executando consulta SQL: SELECT descricao FROM produtos WHERE idproduto = 3
2024-09-14 07:25:10 DEBUG [AWT-EventQueue-0] c.motelinteligente.dados.fprodutos - Executando consulta SQL: SELECT valorproduto FROM produtos WHERE idproduto = 3
2024-09-14 07:25:11 DEBUG [AWT-EventQueue-0] c.motelinteligente.dados.fprodutos - Executando consulta SQL: SELECT descricao FROM produtos WHERE idproduto = 1
2024-09-14 07:25:14 DEBUG [AWT-EventQueue-0] c.motelinteligente.dados.fprodutos - Executando consulta SQL: SELECT descricao FROM produtos WHERE idproduto = 1
2024-09-14 07:25:14 DEBUG [AWT-EventQueue-0] c.motelinteligente.dados.fprodutos - Executando consulta SQL: SELECT valorproduto FROM produtos WHERE idproduto = 1
2024-09-14 07:26:54 DEBUG [AWT-EventQueue-0] c.motelinteligente.dados.fprodutos - Executando consulta SQL: SELECT estoque FROM produtos WHERE idproduto = ?
2024-09-14 07:26:54 DEBUG [AWT-EventQueue-0] c.motelinteligente.dados.fprodutos - Executando consulta SQL: UPDATE produtos SET estoque = ? WHERE idproduto = ?
2024-09-14 07:26:54 DEBUG [AWT-EventQueue-0] c.motelinteligente.dados.fprodutos - Executando consulta SQL: SELECT estoque FROM produtos WHERE idproduto = ?
2024-09-14 07:26:54 DEBUG [AWT-EventQueue-0] c.motelinteligente.dados.fprodutos - Executando consulta SQL: SELECT estoque FROM produtos WHERE idproduto = ?
2024-09-14 07:29:29 DEBUG [AWT-EventQueue-0] c.motelinteligente.dados.fprodutos - Executando consulta SQL: SELECT descricao FROM produtos WHERE idproduto = 1
2024-09-14 07:29:30 DEBUG [AWT-EventQueue-0] c.motelinteligente.dados.fprodutos - Executando consulta SQL: SELECT descricao FROM produtos WHERE idproduto = 1
2024-09-14 07:29:30 DEBUG [AWT-EventQueue-0] c.motelinteligente.dados.fprodutos - Executando consulta SQL: SELECT valorproduto FROM produtos WHERE idproduto = 1
2024-09-14 07:29:31 DEBUG [AWT-EventQueue-0] c.motelinteligente.dados.fprodutos - Executando consulta SQL: SELECT descricao FROM produtos WHERE idproduto = 2
2024-09-14 07:29:31 DEBUG [AWT-EventQueue-0] c.motelinteligente.dados.fprodutos - Executando consulta SQL: SELECT descricao FROM produtos WHERE idproduto = 26
2024-09-14 07:29:33 DEBUG [AWT-EventQueue-0] c.motelinteligente.dados.fprodutos - Executando consulta SQL: SELECT descricao FROM produtos WHERE idproduto = 26
2024-09-14 07:29:33 DEBUG [AWT-EventQueue-0] c.motelinteligente.dados.fprodutos - Executando consulta SQL: SELECT valorproduto FROM produtos WHERE idproduto = 26
2024-09-14 07:30:18 DEBUG [AWT-EventQueue-0] c.motelinteligente.dados.fprodutos - Executando consulta SQL: SELECT estoque FROM produtos WHERE idproduto = ?
2024-09-14 07:30:18 DEBUG [AWT-EventQueue-0] c.motelinteligente.dados.fprodutos - Executando consulta SQL: SELECT estoque FROM produtos WHERE idproduto = ?
2024-09-14 08:28:28 DEBUG [AWT-EventQueue-0] c.motelinteligente.dados.fprodutos - Executando consulta SQL: SELECT descricao FROM produtos WHERE idproduto = 21
2024-09-14 08:28:28 DEBUG [AWT-EventQueue-0] c.motelinteligente.dados.fprodutos - Executando consulta SQL: SELECT descricao FROM produtos WHERE idproduto = 24
2024-09-14 08:28:28 DEBUG [AWT-EventQueue-0] c.motelinteligente.dados.fprodutos - Executando consulta SQL: SELECT descricao FROM produtos WHERE idproduto = 1
2024-09-14 08:28:28 DEBUG [AWT-EventQueue-0] c.motelinteligente.dados.fprodutos - Executando consulta SQL: SELECT descricao FROM produtos WHERE idproduto = 14
2024-09-14 08:28:28 DEBUG [AWT-EventQueue-0] c.motelinteligente.dados.fprodutos - Executando consulta SQL: SELECT descricao FROM produtos WHERE idproduto = 3
2024-09-14 08:28:28 DEBUG [AWT-EventQueue-0] c.motelinteligente.dados.fprodutos - Executando consulta SQL: SELECT descricao FROM produtos WHERE idproduto = 26
2024-09-14 10:27:46 DEBUG [AWT-EventQueue-0] c.motelinteligente.dados.fprodutos - Executando consulta SQL: SELECT descricao FROM produtos WHERE idproduto = 2
2024-09-14 10:27:46 DEBUG [AWT-EventQueue-0] c.motelinteligente.dados.fprodutos - Executando consulta SQL: SELECT descricao FROM produtos WHERE idproduto = 25
2024-09-14 10:27:50 DEBUG [AWT-EventQueue-0] c.motelinteligente.dados.fprodutos - Executando consulta SQL: SELECT descricao FROM produtos WHERE idproduto = 25
2024-09-14 10:27:50 DEBUG [AWT-EventQueue-0] c.motelinteligente.dados.fprodutos - Executando consulta SQL: SELECT valorproduto FROM produtos WHERE idproduto = 25
2024-09-14 10:27:50 DEBUG [AWT-EventQueue-0] c.motelinteligente.dados.fprodutos - Executando consulta SQL: SELECT descricao FROM produtos WHERE idproduto = 1
2024-09-14 10:27:51 DEBUG [AWT-EventQueue-0] c.motelinteligente.dados.fprodutos - Executando consulta SQL: SELECT descricao FROM produtos WHERE idproduto = 1
2024-09-14 10:27:51 DEBUG [AWT-EventQueue-0] c.motelinteligente.dados.fprodutos - Executando consulta SQL: SELECT valorproduto FROM produtos WHERE idproduto = 1
2024-09-14 10:27:57 DEBUG [AWT-EventQueue-0] c.motelinteligente.dados.fprodutos - Executando consulta SQL: SELECT descricao FROM produtos WHERE idproduto = 2
2024-09-14 10:27:57 DEBUG [AWT-EventQueue-0] c.motelinteligente.dados.fprodutos - Executando consulta SQL: SELECT descricao FROM produtos WHERE idproduto = 21
2024-09-14 10:27:58 DEBUG [AWT-EventQueue-0] c.motelinteligente.dados.fprodutos - Executando consulta SQL: SELECT descricao FROM produtos WHERE idproduto = 21
2024-09-14 10:27:58 DEBUG [AWT-EventQueue-0] c.motelinteligente.dados.fprodutos - Executando consulta SQL: SELECT valorproduto FROM produtos WHERE idproduto = 21
2024-09-14 10:28:25 DEBUG [AWT-EventQueue-0] c.motelinteligente.dados.fprodutos - Executando consulta SQL: SELECT estoque FROM produtos WHERE idproduto = ?
2024-09-14 10:28:25 DEBUG [AWT-EventQueue-0] c.motelinteligente.dados.fprodutos - Executando consulta SQL: SELECT estoque FROM produtos WHERE idproduto = ?
2024-09-14 10:28:25 DEBUG [AWT-EventQueue-0] c.motelinteligente.dados.fprodutos - Executando consulta SQL: SELECT estoque FROM produtos WHERE idproduto = ?
2024-09-14 18:05:39 DEBUG [AWT-EventQueue-0] c.motelinteligente.dados.fprodutos - Executando consulta SQL: SELECT descricao FROM produtos WHERE idproduto = 1
2024-09-14 18:05:43 DEBUG [AWT-EventQueue-0] c.motelinteligente.dados.fprodutos - Executando consulta SQL: SELECT descricao FROM produtos WHERE idproduto = 1
2024-09-14 18:05:43 DEBUG [AWT-EventQueue-0] c.motelinteligente.dados.fprodutos - Executando consulta SQL: SELECT valorproduto FROM produtos WHERE idproduto = 1
2024-09-14 18:05:44 DEBUG [AWT-EventQueue-0] c.motelinteligente.dados.fprodutos - Executando consulta SQL: SELECT descricao FROM produtos WHERE idproduto = 3
2024-09-14 18:05:45 DEBUG [AWT-EventQueue-0] c.motelinteligente.dados.fprodutos - Executando consulta SQL: SELECT descricao FROM produtos WHERE idproduto = 3
2024-09-14 18:05:45 DEBUG [AWT-EventQueue-0] c.motelinteligente.dados.fprodutos - Executando consulta SQL: SELECT valorproduto FROM produtos WHERE idproduto = 3
2024-09-14 18:06:29 DEBUG [AWT-EventQueue-0] c.motelinteligente.dados.fprodutos - Executando consulta SQL: SELECT estoque FROM produtos WHERE idproduto = ?
2024-09-14 18:06:29 DEBUG [AWT-EventQueue-0] c.motelinteligente.dados.fprodutos - Executando consulta SQL: SELECT estoque FROM produtos WHERE idproduto = ?
2024-09-14 19:24:06 DEBUG [AWT-EventQueue-0] c.motelinteligente.dados.fprodutos - Executando consulta SQL: SELECT descricao FROM produtos WHERE idproduto = 2
2024-09-14 19:24:06 DEBUG [AWT-EventQueue-0] c.motelinteligente.dados.fprodutos - Executando consulta SQL: SELECT descricao FROM produtos WHERE idproduto = 26
2024-09-14 19:24:08 DEBUG [AWT-EventQueue-0] c.motelinteligente.dados.fprodutos - Executando consulta SQL: SELECT descricao FROM produtos WHERE idproduto = 26
2024-09-14 19:24:08 DEBUG [AWT-EventQueue-0] c.motelinteligente.dados.fprodutos - Executando consulta SQL: SELECT valorproduto FROM produtos WHERE idproduto = 26
2024-09-14 19:24:11 DEBUG [AWT-EventQueue-0] c.motelinteligente.dados.fprodutos - Executando consulta SQL: SELECT descricao FROM produtos WHERE idproduto = 9
2024-09-14 19:24:13 DEBUG [AWT-EventQueue-0] c.motelinteligente.dados.fprodutos - Executando consulta SQL: SELECT descricao FROM produtos WHERE idproduto = 9
2024-09-14 19:24:13 DEBUG [AWT-EventQueue-0] c.motelinteligente.dados.fprodutos - Executando consulta SQL: SELECT valorproduto FROM produtos WHERE idproduto = 9
2024-09-14 19:24:18 DEBUG [AWT-EventQueue-0] c.motelinteligente.dados.fprodutos - Executando consulta SQL: SELECT descricao FROM produtos WHERE idproduto = 3
2024-09-14 19:24:19 DEBUG [AWT-EventQueue-0] c.motelinteligente.dados.fprodutos - Executando consulta SQL: SELECT descricao FROM produtos WHERE idproduto = 3
2024-09-14 19:24:19 DEBUG [AWT-EventQueue-0] c.motelinteligente.dados.fprodutos - Executando consulta SQL: SELECT valorproduto FROM produtos WHERE idproduto = 3
2024-09-14 19:26:21 DEBUG [AWT-EventQueue-0] c.motelinteligente.dados.fprodutos - Executando consulta SQL: SELECT estoque FROM produtos WHERE idproduto = ?
2024-09-14 19:26:21 DEBUG [AWT-EventQueue-0] c.motelinteligente.dados.fprodutos - Executando consulta SQL: SELECT estoque FROM produtos WHERE idproduto = ?
2024-09-14 19:26:21 DEBUG [AWT-EventQueue-0] c.motelinteligente.dados.fprodutos - Executando consulta SQL: SELECT estoque FROM produtos WHERE idproduto = ?
2024-09-14 20:39:51 DEBUG [AWT-EventQueue-0] c.motelinteligente.dados.fprodutos - Executando consulta SQL: SELECT descricao FROM produtos WHERE idproduto = 9
2024-09-14 20:39:53 DEBUG [AWT-EventQueue-0] c.motelinteligente.dados.fprodutos - Executando consulta SQL: SELECT descricao FROM produtos WHERE idproduto = 9
2024-09-14 20:39:53 DEBUG [AWT-EventQueue-0] c.motelinteligente.dados.fprodutos - Executando consulta SQL: SELECT valorproduto FROM produtos WHERE idproduto = 9
2024-09-14 20:41:01 DEBUG [AWT-EventQueue-0] c.motelinteligente.dados.fprodutos - Executando consulta SQL: SELECT estoque FROM produtos WHERE idproduto = ?
2024-09-14 23:15:12 INFO  [http-nio-0.0.0.0-1521-exec-6] o.a.coyote.http11.Http11Processor - Error parsing HTTP request header
 Note: further occurrences of HTTP request parsing errors will be logged at DEBUG level.
java.lang.IllegalArgumentException: Invalid character found in method name [0x160x030x010x010x170x010x000x010x130x030x030xe00xbfB0xd90xad0xcc"0x9c80xee^x0x0aTu0xee0xbc0xc9eW0xb6I0x19T0xee[0xf0oY0xa32Z ]. HTTP method names must be tokens
	at org.apache.coyote.http11.Http11InputBuffer.parseRequestLine(Http11InputBuffer.java:407)
	at org.apache.coyote.http11.Http11Processor.service(Http11Processor.java:262)
	at org.apache.coyote.AbstractProcessorLight.process(AbstractProcessorLight.java:63)
	at org.apache.coyote.AbstractProtocol$ConnectionHandler.process(AbstractProtocol.java:904)
	at org.apache.tomcat.util.net.NioEndpoint$SocketProcessor.doRun(NioEndpoint.java:1741)
	at org.apache.tomcat.util.net.SocketProcessorBase.run(SocketProcessorBase.java:52)
	at org.apache.tomcat.util.threads.ThreadPoolExecutor.runWorker(ThreadPoolExecutor.java:1190)
	at org.apache.tomcat.util.threads.ThreadPoolExecutor$Worker.run(ThreadPoolExecutor.java:659)
	at org.apache.tomcat.util.threads.TaskThread$WrappingRunnable.run(TaskThread.java:63)
	at java.base/java.lang.Thread.run(Thread.java:1623)
