2024-09-29 00:04:53 INFO  [Thread-1] c.m.d.MotelInteligenteApplication - Starting MotelInteligenteApplication using Java 20.0.2 with PID 14472 (C:\Users\MOTEL\Desktop\MotelInteligente\target\classes started by MOTEL in C:\Users\MOTEL\Desktop\MotelInteligente)
2024-09-29 00:04:53 DEBUG [Thread-1] c.m.d.MotelInteligenteApplication - Running with Spring Boot v3.3.1, Spring v6.1.10
2024-09-29 00:04:53 INFO  [Thread-1] c.m.d.MotelInteligenteApplication - No active profile set, falling back to 1 default profile: "default"
2024-09-29 00:04:56 INFO  [Thread-1] o.s.b.w.e.tomcat.TomcatWebServer - Tomcat initialized with port 1521 (http)
2024-09-29 00:04:56 INFO  [Thread-1] o.a.coyote.http11.Http11NioProtocol - Initializing ProtocolHandler ["http-nio-0.0.0.0-1521"]
2024-09-29 00:04:56 INFO  [Thread-1] o.a.catalina.core.StandardService - Starting service [Tomcat]
2024-09-29 00:04:56 INFO  [Thread-1] o.a.catalina.core.StandardEngine - Starting Servlet engine: [Apache Tomcat/10.1.25]
2024-09-29 00:04:57 INFO  [Thread-1] o.a.c.c.C.[Tomcat].[localhost].[/] - Initializing Spring embedded WebApplicationContext
2024-09-29 00:04:57 INFO  [Thread-1] o.s.b.w.s.c.ServletWebServerApplicationContext - Root WebApplicationContext: initialization completed in 3127 ms
2024-09-29 00:04:57 INFO  [Thread-1] o.a.coyote.http11.Http11NioProtocol - Starting ProtocolHandler ["http-nio-0.0.0.0-1521"]
2024-09-29 00:04:57 INFO  [Thread-1] o.s.b.w.e.tomcat.TomcatWebServer - Tomcat started on port 1521 (http) with context path '/'
2024-09-29 00:04:57 INFO  [Thread-1] c.m.d.MotelInteligenteApplication - Started MotelInteligenteApplication in 5.451 seconds (process running for 15.071)
2024-09-29 00:25:48 INFO  [Thread-4] c.m.d.MotelInteligenteApplication - Starting MotelInteligenteApplication using Java 20.0.2 with PID 2752 (C:\Users\MOTEL\Desktop\MotelInteligente\target\classes started by MOTEL in C:\Users\MOTEL\Desktop\MotelInteligente)
2024-09-29 00:25:48 DEBUG [Thread-4] c.m.d.MotelInteligenteApplication - Running with Spring Boot v3.3.1, Spring v6.1.10
2024-09-29 00:25:48 INFO  [Thread-4] c.m.d.MotelInteligenteApplication - No active profile set, falling back to 1 default profile: "default"
2024-09-29 00:25:51 INFO  [Thread-4] o.s.b.w.e.tomcat.TomcatWebServer - Tomcat initialized with port 1521 (http)
2024-09-29 00:25:51 INFO  [Thread-4] o.s.b.w.s.c.ServletWebServerApplicationContext - Root WebApplicationContext: initialization completed in 2822 ms
2024-09-29 00:25:52 INFO  [Thread-4] o.s.b.w.e.tomcat.TomcatWebServer - Tomcat started on port 1521 (http) with context path '/'
2024-09-29 00:25:52 INFO  [Thread-4] c.m.d.MotelInteligenteApplication - Started MotelInteligenteApplication in 5.701 seconds (process running for 742.903)
2024-09-29 00:26:16 INFO  [Thread-1] c.m.d.MotelInteligenteApplication - Starting MotelInteligenteApplication using Java 20.0.2 with PID 11604 (C:\Users\MOTEL\Desktop\MotelInteligente\target\classes started by MOTEL in C:\Users\MOTEL\Desktop\MotelInteligente)
2024-09-29 00:26:16 DEBUG [Thread-1] c.m.d.MotelInteligenteApplication - Running with Spring Boot v3.3.1, Spring v6.1.10
2024-09-29 00:26:16 INFO  [Thread-1] c.m.d.MotelInteligenteApplication - No active profile set, falling back to 1 default profile: "default"
2024-09-29 00:26:19 INFO  [Thread-1] o.s.b.w.e.tomcat.TomcatWebServer - Tomcat initialized with port 1521 (http)
2024-09-29 00:26:19 INFO  [Thread-1] o.a.coyote.http11.Http11NioProtocol - Initializing ProtocolHandler ["http-nio-0.0.0.0-1521"]
2024-09-29 00:26:19 INFO  [Thread-1] o.a.catalina.core.StandardService - Starting service [Tomcat]
2024-09-29 00:26:19 INFO  [Thread-1] o.a.catalina.core.StandardEngine - Starting Servlet engine: [Apache Tomcat/10.1.25]
2024-09-29 00:26:19 INFO  [Thread-1] o.a.c.c.C.[Tomcat].[localhost].[/] - Initializing Spring embedded WebApplicationContext
2024-09-29 00:26:19 INFO  [Thread-1] o.s.b.w.s.c.ServletWebServerApplicationContext - Root WebApplicationContext: initialization completed in 2841 ms
2024-09-29 00:26:20 INFO  [Thread-1] o.a.coyote.http11.Http11NioProtocol - Starting ProtocolHandler ["http-nio-0.0.0.0-1521"]
2024-09-29 00:26:20 INFO  [Thread-1] o.s.b.w.e.tomcat.TomcatWebServer - Tomcat started on port 1521 (http) with context path '/'
2024-09-29 00:26:20 INFO  [Thread-1] c.m.d.MotelInteligenteApplication - Started MotelInteligenteApplication in 6.198 seconds (process running for 12.635)
2024-09-29 00:34:45 INFO  [Thread-1] c.m.d.MotelInteligenteApplication - Starting MotelInteligenteApplication using Java 20.0.2 with PID 13560 (C:\Users\MOTEL\Desktop\MotelInteligente\target\classes started by MOTEL in C:\Users\MOTEL\Desktop\MotelInteligente)
2024-09-29 00:34:45 DEBUG [Thread-1] c.m.d.MotelInteligenteApplication - Running with Spring Boot v3.3.1, Spring v6.1.10
2024-09-29 00:34:45 INFO  [Thread-1] c.m.d.MotelInteligenteApplication - No active profile set, falling back to 1 default profile: "default"
2024-09-29 00:34:48 INFO  [Thread-1] o.s.b.w.e.tomcat.TomcatWebServer - Tomcat initialized with port 1521 (http)
2024-09-29 00:34:48 INFO  [Thread-1] o.a.coyote.http11.Http11NioProtocol - Initializing ProtocolHandler ["http-nio-0.0.0.0-1521"]
2024-09-29 00:34:48 INFO  [Thread-1] o.a.catalina.core.StandardService - Starting service [Tomcat]
2024-09-29 00:34:48 INFO  [Thread-1] o.a.catalina.core.StandardEngine - Starting Servlet engine: [Apache Tomcat/10.1.25]
2024-09-29 00:34:48 INFO  [Thread-1] o.a.c.c.C.[Tomcat].[localhost].[/] - Initializing Spring embedded WebApplicationContext
2024-09-29 00:34:48 INFO  [Thread-1] o.s.b.w.s.c.ServletWebServerApplicationContext - Root WebApplicationContext: initialization completed in 2754 ms
2024-09-29 00:34:49 INFO  [Thread-1] o.a.coyote.http11.Http11NioProtocol - Starting ProtocolHandler ["http-nio-0.0.0.0-1521"]
2024-09-29 00:34:49 INFO  [Thread-1] o.s.b.w.e.tomcat.TomcatWebServer - Tomcat started on port 1521 (http) with context path '/'
2024-09-29 00:34:49 INFO  [Thread-1] c.m.d.MotelInteligenteApplication - Started MotelInteligenteApplication in 5.906 seconds (process running for 11.92)
2024-09-29 00:47:22 INFO  [Thread-1] c.m.d.MotelInteligenteApplication - Starting MotelInteligenteApplication using Java 20.0.2 with PID 4748 (C:\Users\MOTEL\Desktop\MotelInteligente\target\classes started by MOTEL in C:\Users\MOTEL\Desktop\MotelInteligente)
2024-09-29 00:47:22 DEBUG [Thread-1] c.m.d.MotelInteligenteApplication - Running with Spring Boot v3.3.1, Spring v6.1.10
2024-09-29 00:47:22 INFO  [Thread-1] c.m.d.MotelInteligenteApplication - No active profile set, falling back to 1 default profile: "default"
2024-09-29 00:47:24 INFO  [Thread-1] o.s.b.w.e.tomcat.TomcatWebServer - Tomcat initialized with port 1521 (http)
2024-09-29 00:47:24 INFO  [Thread-1] o.a.coyote.http11.Http11NioProtocol - Initializing ProtocolHandler ["http-nio-0.0.0.0-1521"]
2024-09-29 00:47:24 INFO  [Thread-1] o.a.catalina.core.StandardService - Starting service [Tomcat]
2024-09-29 00:47:24 INFO  [Thread-1] o.a.catalina.core.StandardEngine - Starting Servlet engine: [Apache Tomcat/10.1.25]
2024-09-29 00:47:24 INFO  [Thread-1] o.a.c.c.C.[Tomcat].[localhost].[/] - Initializing Spring embedded WebApplicationContext
2024-09-29 00:47:24 INFO  [Thread-1] o.s.b.w.s.c.ServletWebServerApplicationContext - Root WebApplicationContext: initialization completed in 2453 ms
2024-09-29 00:47:25 INFO  [Thread-1] o.a.coyote.http11.Http11NioProtocol - Starting ProtocolHandler ["http-nio-0.0.0.0-1521"]
2024-09-29 00:47:25 INFO  [Thread-1] o.s.b.w.e.tomcat.TomcatWebServer - Tomcat started on port 1521 (http) with context path '/'
2024-09-29 00:47:25 INFO  [Thread-1] c.m.d.MotelInteligenteApplication - Started MotelInteligenteApplication in 4.78 seconds (process running for 11.609)
2024-09-29 00:54:20 INFO  [http-nio-0.0.0.0-1521-exec-1] o.a.c.c.C.[Tomcat].[localhost].[/] - Initializing Spring DispatcherServlet 'dispatcherServlet'
2024-09-29 00:54:20 INFO  [http-nio-0.0.0.0-1521-exec-1] o.s.web.servlet.DispatcherServlet - Initializing Servlet 'dispatcherServlet'
2024-09-29 00:54:20 INFO  [http-nio-0.0.0.0-1521-exec-1] o.s.web.servlet.DispatcherServlet - Completed initialization in 1 ms
2024-09-29 00:55:30 INFO  [Thread-1] c.m.d.MotelInteligenteApplication - Starting MotelInteligenteApplication using Java 20.0.2 with PID 4304 (C:\Users\MOTEL\Desktop\MotelInteligente\target\classes started by MOTEL in C:\Users\MOTEL\Desktop\MotelInteligente)
2024-09-29 00:55:30 DEBUG [Thread-1] c.m.d.MotelInteligenteApplication - Running with Spring Boot v3.3.1, Spring v6.1.10
2024-09-29 00:55:30 INFO  [Thread-1] c.m.d.MotelInteligenteApplication - No active profile set, falling back to 1 default profile: "default"
2024-09-29 00:55:33 INFO  [Thread-1] o.s.b.w.e.tomcat.TomcatWebServer - Tomcat initialized with port 1521 (http)
2024-09-29 00:55:33 INFO  [Thread-1] o.a.coyote.http11.Http11NioProtocol - Initializing ProtocolHandler ["http-nio-0.0.0.0-1521"]
2024-09-29 00:55:33 INFO  [Thread-1] o.a.catalina.core.StandardService - Starting service [Tomcat]
2024-09-29 00:55:33 INFO  [Thread-1] o.a.catalina.core.StandardEngine - Starting Servlet engine: [Apache Tomcat/10.1.25]
2024-09-29 00:55:33 INFO  [Thread-1] o.a.c.c.C.[Tomcat].[localhost].[/] - Initializing Spring embedded WebApplicationContext
2024-09-29 00:55:33 INFO  [Thread-1] o.s.b.w.s.c.ServletWebServerApplicationContext - Root WebApplicationContext: initialization completed in 2804 ms
2024-09-29 00:55:34 INFO  [Thread-1] o.a.coyote.http11.Http11NioProtocol - Starting ProtocolHandler ["http-nio-0.0.0.0-1521"]
2024-09-29 00:55:34 INFO  [Thread-1] o.s.b.w.e.tomcat.TomcatWebServer - Tomcat started on port 1521 (http) with context path '/'
2024-09-29 00:55:34 INFO  [Thread-1] c.m.d.MotelInteligenteApplication - Started MotelInteligenteApplication in 5.267 seconds (process running for 11.079)
2024-09-29 01:50:11 INFO  [Thread-1] c.m.d.MotelInteligenteApplication - Starting MotelInteligenteApplication using Java 20.0.2 with PID 11096 (C:\Users\MOTEL\Desktop\MotelInteligente\target\classes started by MOTEL in C:\Users\MOTEL\Desktop\MotelInteligente)
2024-09-29 01:50:11 DEBUG [Thread-1] c.m.d.MotelInteligenteApplication - Running with Spring Boot v3.3.1, Spring v6.1.10
2024-09-29 01:50:11 INFO  [Thread-1] c.m.d.MotelInteligenteApplication - No active profile set, falling back to 1 default profile: "default"
2024-09-29 01:50:15 INFO  [Thread-1] o.s.b.w.e.tomcat.TomcatWebServer - Tomcat initialized with port 1521 (http)
2024-09-29 01:50:15 INFO  [Thread-1] o.a.coyote.http11.Http11NioProtocol - Initializing ProtocolHandler ["http-nio-0.0.0.0-1521"]
2024-09-29 01:50:15 INFO  [Thread-1] o.a.catalina.core.StandardService - Starting service [Tomcat]
2024-09-29 01:50:15 INFO  [Thread-1] o.a.catalina.core.StandardEngine - Starting Servlet engine: [Apache Tomcat/10.1.25]
2024-09-29 01:50:15 INFO  [Thread-1] o.a.c.c.C.[Tomcat].[localhost].[/] - Initializing Spring embedded WebApplicationContext
2024-09-29 01:50:15 INFO  [Thread-1] o.s.b.w.s.c.ServletWebServerApplicationContext - Root WebApplicationContext: initialization completed in 3455 ms
2024-09-29 01:50:16 INFO  [Thread-1] o.a.coyote.http11.Http11NioProtocol - Starting ProtocolHandler ["http-nio-0.0.0.0-1521"]
2024-09-29 01:50:16 INFO  [Thread-1] o.s.b.w.e.tomcat.TomcatWebServer - Tomcat started on port 1521 (http) with context path '/'
2024-09-29 01:50:16 INFO  [Thread-1] c.m.d.MotelInteligenteApplication - Started MotelInteligenteApplication in 7.921 seconds (process running for 16.937)
2024-09-29 01:52:06 INFO  [Thread-1] c.m.d.MotelInteligenteApplication - Starting MotelInteligenteApplication using Java 20.0.2 with PID 9548 (C:\Users\MOTEL\Desktop\MotelInteligente\target\classes started by MOTEL in C:\Users\MOTEL\Desktop\MotelInteligente)
2024-09-29 01:52:06 DEBUG [Thread-1] c.m.d.MotelInteligenteApplication - Running with Spring Boot v3.3.1, Spring v6.1.10
2024-09-29 01:52:06 INFO  [Thread-1] c.m.d.MotelInteligenteApplication - No active profile set, falling back to 1 default profile: "default"
2024-09-29 01:52:09 INFO  [Thread-1] o.s.b.w.e.tomcat.TomcatWebServer - Tomcat initialized with port 1521 (http)
2024-09-29 01:52:09 INFO  [Thread-1] o.a.coyote.http11.Http11NioProtocol - Initializing ProtocolHandler ["http-nio-0.0.0.0-1521"]
2024-09-29 01:52:09 INFO  [Thread-1] o.a.catalina.core.StandardService - Starting service [Tomcat]
2024-09-29 01:52:09 INFO  [Thread-1] o.a.catalina.core.StandardEngine - Starting Servlet engine: [Apache Tomcat/10.1.25]
2024-09-29 01:52:09 INFO  [Thread-1] o.a.c.c.C.[Tomcat].[localhost].[/] - Initializing Spring embedded WebApplicationContext
2024-09-29 01:52:09 INFO  [Thread-1] o.s.b.w.s.c.ServletWebServerApplicationContext - Root WebApplicationContext: initialization completed in 2522 ms
2024-09-29 01:52:10 INFO  [Thread-1] o.a.coyote.http11.Http11NioProtocol - Starting ProtocolHandler ["http-nio-0.0.0.0-1521"]
2024-09-29 01:52:10 INFO  [Thread-1] o.s.b.w.e.tomcat.TomcatWebServer - Tomcat started on port 1521 (http) with context path '/'
2024-09-29 01:52:10 INFO  [Thread-1] c.m.d.MotelInteligenteApplication - Started MotelInteligenteApplication in 5.911 seconds (process running for 12.651)
2024-09-29 01:56:23 INFO  [Thread-1] c.m.d.MotelInteligenteApplication - Starting MotelInteligenteApplication using Java 20.0.2 with PID 5728 (C:\Users\MOTEL\Desktop\MotelInteligente\target\classes started by MOTEL in C:\Users\MOTEL\Desktop\MotelInteligente)
2024-09-29 01:56:23 DEBUG [Thread-1] c.m.d.MotelInteligenteApplication - Running with Spring Boot v3.3.1, Spring v6.1.10
2024-09-29 01:56:23 INFO  [Thread-1] c.m.d.MotelInteligenteApplication - No active profile set, falling back to 1 default profile: "default"
2024-09-29 01:56:26 INFO  [Thread-1] o.s.b.w.e.tomcat.TomcatWebServer - Tomcat initialized with port 1521 (http)
2024-09-29 01:56:26 INFO  [Thread-1] o.a.coyote.http11.Http11NioProtocol - Initializing ProtocolHandler ["http-nio-0.0.0.0-1521"]
2024-09-29 01:56:26 INFO  [Thread-1] o.a.catalina.core.StandardService - Starting service [Tomcat]
2024-09-29 01:56:26 INFO  [Thread-1] o.a.catalina.core.StandardEngine - Starting Servlet engine: [Apache Tomcat/10.1.25]
2024-09-29 01:56:26 INFO  [Thread-1] o.a.c.c.C.[Tomcat].[localhost].[/] - Initializing Spring embedded WebApplicationContext
2024-09-29 01:56:26 INFO  [Thread-1] o.s.b.w.s.c.ServletWebServerApplicationContext - Root WebApplicationContext: initialization completed in 2688 ms
2024-09-29 01:56:27 INFO  [Thread-1] o.a.coyote.http11.Http11NioProtocol - Starting ProtocolHandler ["http-nio-0.0.0.0-1521"]
2024-09-29 01:56:27 INFO  [Thread-1] o.s.b.w.e.tomcat.TomcatWebServer - Tomcat started on port 1521 (http) with context path '/'
2024-09-29 01:56:27 INFO  [Thread-1] c.m.d.MotelInteligenteApplication - Started MotelInteligenteApplication in 5.861 seconds (process running for 13.945)
2024-09-29 02:12:13 INFO  [Thread-1] c.m.d.MotelInteligenteApplication - Starting MotelInteligenteApplication using Java 20.0.2 with PID 4848 (C:\Users\MOTEL\Desktop\MotelInteligente\target\classes started by MOTEL in C:\Users\MOTEL\Desktop\MotelInteligente)
2024-09-29 02:12:13 DEBUG [Thread-1] c.m.d.MotelInteligenteApplication - Running with Spring Boot v3.3.1, Spring v6.1.10
2024-09-29 02:12:13 INFO  [Thread-1] c.m.d.MotelInteligenteApplication - No active profile set, falling back to 1 default profile: "default"
2024-09-29 02:12:16 INFO  [Thread-1] o.s.b.w.e.tomcat.TomcatWebServer - Tomcat initialized with port 1521 (http)
2024-09-29 02:12:16 INFO  [Thread-1] o.a.coyote.http11.Http11NioProtocol - Initializing ProtocolHandler ["http-nio-0.0.0.0-1521"]
2024-09-29 02:12:16 INFO  [Thread-1] o.a.catalina.core.StandardService - Starting service [Tomcat]
2024-09-29 02:12:16 INFO  [Thread-1] o.a.catalina.core.StandardEngine - Starting Servlet engine: [Apache Tomcat/10.1.25]
2024-09-29 02:12:16 INFO  [Thread-1] o.a.c.c.C.[Tomcat].[localhost].[/] - Initializing Spring embedded WebApplicationContext
2024-09-29 02:12:16 INFO  [Thread-1] o.s.b.w.s.c.ServletWebServerApplicationContext - Root WebApplicationContext: initialization completed in 2299 ms
2024-09-29 02:12:17 INFO  [Thread-1] o.a.coyote.http11.Http11NioProtocol - Starting ProtocolHandler ["http-nio-0.0.0.0-1521"]
2024-09-29 02:12:17 INFO  [Thread-1] o.s.b.w.e.tomcat.TomcatWebServer - Tomcat started on port 1521 (http) with context path '/'
2024-09-29 02:12:17 INFO  [Thread-1] c.m.d.MotelInteligenteApplication - Started MotelInteligenteApplication in 4.531 seconds (process running for 12.993)
2024-09-29 02:17:03 INFO  [http-nio-0.0.0.0-1521-exec-1] o.a.c.c.C.[Tomcat].[localhost].[/] - Initializing Spring DispatcherServlet 'dispatcherServlet'
2024-09-29 02:17:03 INFO  [http-nio-0.0.0.0-1521-exec-1] o.s.web.servlet.DispatcherServlet - Initializing Servlet 'dispatcherServlet'
2024-09-29 02:17:03 INFO  [http-nio-0.0.0.0-1521-exec-1] o.s.web.servlet.DispatcherServlet - Completed initialization in 0 ms
2024-09-29 02:27:37 INFO  [http-nio-0.0.0.0-1521-exec-9] o.a.coyote.http11.Http11Processor - Error parsing HTTP request header
 Note: further occurrences of HTTP request parsing errors will be logged at DEBUG level.
java.lang.IllegalArgumentException: Invalid character found in method name [0x00Z0x000x000x010x000x000x000x0160x01,0x000x000x080x000x7f0xc30xbf0x7f0x080x000x000x000x010x00 ]. HTTP method names must be tokens
	at org.apache.coyote.http11.Http11InputBuffer.parseRequestLine(Http11InputBuffer.java:407)
	at org.apache.coyote.http11.Http11Processor.service(Http11Processor.java:262)
	at org.apache.coyote.AbstractProcessorLight.process(AbstractProcessorLight.java:63)
	at org.apache.coyote.AbstractProtocol$ConnectionHandler.process(AbstractProtocol.java:904)
	at org.apache.tomcat.util.net.NioEndpoint$SocketProcessor.doRun(NioEndpoint.java:1741)
	at org.apache.tomcat.util.net.SocketProcessorBase.run(SocketProcessorBase.java:52)
	at org.apache.tomcat.util.threads.ThreadPoolExecutor.runWorker(ThreadPoolExecutor.java:1190)
	at org.apache.tomcat.util.threads.ThreadPoolExecutor$Worker.run(ThreadPoolExecutor.java:659)
	at org.apache.tomcat.util.threads.TaskThread$WrappingRunnable.run(TaskThread.java:63)
	at java.base/java.lang.Thread.run(Thread.java:1623)
2024-09-29 05:38:34 DEBUG [AWT-EventQueue-0] c.motelinteligente.dados.fprodutos - Executando consulta SQL: UPDATE produtos SET estoque = ? WHERE idproduto = ?
2024-09-29 12:09:05 INFO  [Thread-1] c.m.d.MotelInteligenteApplication - Starting MotelInteligenteApplication using Java 20.0.2 with PID 11656 (C:\Users\MOTEL\Desktop\MotelInteligente\target\classes started by MOTEL in C:\Users\MOTEL\Desktop\MotelInteligente)
2024-09-29 12:09:05 DEBUG [Thread-1] c.m.d.MotelInteligenteApplication - Running with Spring Boot v3.3.1, Spring v6.1.10
2024-09-29 12:09:05 INFO  [Thread-1] c.m.d.MotelInteligenteApplication - No active profile set, falling back to 1 default profile: "default"
2024-09-29 12:09:08 INFO  [Thread-1] o.s.b.w.e.tomcat.TomcatWebServer - Tomcat initialized with port 1521 (http)
2024-09-29 12:09:08 INFO  [Thread-1] o.a.coyote.http11.Http11NioProtocol - Initializing ProtocolHandler ["http-nio-0.0.0.0-1521"]
2024-09-29 12:09:08 INFO  [Thread-1] o.a.catalina.core.StandardService - Starting service [Tomcat]
2024-09-29 12:09:08 INFO  [Thread-1] o.a.catalina.core.StandardEngine - Starting Servlet engine: [Apache Tomcat/10.1.25]
2024-09-29 12:09:09 INFO  [Thread-1] o.a.c.c.C.[Tomcat].[localhost].[/] - Initializing Spring embedded WebApplicationContext
2024-09-29 12:09:09 INFO  [Thread-1] o.s.b.w.s.c.ServletWebServerApplicationContext - Root WebApplicationContext: initialization completed in 3956 ms
2024-09-29 12:09:10 INFO  [Thread-1] o.a.coyote.http11.Http11NioProtocol - Starting ProtocolHandler ["http-nio-0.0.0.0-1521"]
2024-09-29 12:09:10 INFO  [Thread-1] o.s.b.w.e.tomcat.TomcatWebServer - Tomcat started on port 1521 (http) with context path '/'
2024-09-29 12:09:10 INFO  [Thread-1] c.m.d.MotelInteligenteApplication - Started MotelInteligenteApplication in 8.01 seconds (process running for 15.106)
2024-09-29 13:26:53 INFO  [http-nio-0.0.0.0-1521-exec-1] o.a.c.c.C.[Tomcat].[localhost].[/] - Initializing Spring DispatcherServlet 'dispatcherServlet'
2024-09-29 13:26:53 INFO  [http-nio-0.0.0.0-1521-exec-1] o.s.web.servlet.DispatcherServlet - Initializing Servlet 'dispatcherServlet'
2024-09-29 13:26:53 INFO  [http-nio-0.0.0.0-1521-exec-1] o.s.web.servlet.DispatcherServlet - Completed initialization in 5 ms
2024-09-29 13:47:37 INFO  [http-nio-0.0.0.0-1521-exec-3] o.a.coyote.http11.Http11Processor - Error parsing HTTP request header
 Note: further occurrences of HTTP request parsing errors will be logged at DEBUG level.
java.lang.IllegalArgumentException: Invalid character found in method name [0x00m0x000x000x010x000x000x000x0180x01,0x0cA ]. HTTP method names must be tokens
	at org.apache.coyote.http11.Http11InputBuffer.parseRequestLine(Http11InputBuffer.java:407)
	at org.apache.coyote.http11.Http11Processor.service(Http11Processor.java:262)
	at org.apache.coyote.AbstractProcessorLight.process(AbstractProcessorLight.java:63)
	at org.apache.coyote.AbstractProtocol$ConnectionHandler.process(AbstractProtocol.java:904)
	at org.apache.tomcat.util.net.NioEndpoint$SocketProcessor.doRun(NioEndpoint.java:1741)
	at org.apache.tomcat.util.net.SocketProcessorBase.run(SocketProcessorBase.java:52)
	at org.apache.tomcat.util.threads.ThreadPoolExecutor.runWorker(ThreadPoolExecutor.java:1190)
	at org.apache.tomcat.util.threads.ThreadPoolExecutor$Worker.run(ThreadPoolExecutor.java:659)
	at org.apache.tomcat.util.threads.TaskThread$WrappingRunnable.run(TaskThread.java:63)
	at java.base/java.lang.Thread.run(Thread.java:1623)
2024-09-29 14:42:42 ERROR [AWT-EventQueue-0] c.motelinteligente.dados.fprodutos - Erro : fquartos() : 
java.lang.reflect.UndeclaredThrowableException: null
	at jdk.proxy1/jdk.proxy1.$Proxy1.getGeneratedKeys(Unknown Source)
	at com.motelinteligente.dados.fquartos.registraLocacao(fquartos.java:589)
	at com.motelinteligente.telas.TelaPrincipal.executaIniciar(TelaPrincipal.java:1916)
	at com.motelinteligente.telas.TelaPrincipal.botaoIniciarActionPerformed(TelaPrincipal.java:2567)
	at com.motelinteligente.telas.TelaPrincipal$11.actionPerformed(TelaPrincipal.java:887)
	at java.desktop/javax.swing.AbstractButton.fireActionPerformed(AbstractButton.java:1972)
	at java.desktop/javax.swing.AbstractButton$Handler.actionPerformed(AbstractButton.java:2314)
	at java.desktop/javax.swing.DefaultButtonModel.fireActionPerformed(DefaultButtonModel.java:407)
	at java.desktop/javax.swing.DefaultButtonModel.setPressed(DefaultButtonModel.java:262)
	at java.desktop/javax.swing.plaf.basic.BasicButtonListener.mouseReleased(BasicButtonListener.java:279)
	at java.desktop/java.awt.Component.processMouseEvent(Component.java:6620)
	at java.desktop/javax.swing.JComponent.processMouseEvent(JComponent.java:3398)
	at java.desktop/java.awt.Component.processEvent(Component.java:6385)
	at java.desktop/java.awt.Container.processEvent(Container.java:2266)
	at java.desktop/java.awt.Component.dispatchEventImpl(Component.java:4995)
	at java.desktop/java.awt.Container.dispatchEventImpl(Container.java:2324)
	at java.desktop/java.awt.Component.dispatchEvent(Component.java:4827)
	at java.desktop/java.awt.LightweightDispatcher.retargetMouseEvent(Container.java:4948)
	at java.desktop/java.awt.LightweightDispatcher.processMouseEvent(Container.java:4575)
	at java.desktop/java.awt.LightweightDispatcher.dispatchEvent(Container.java:4516)
	at java.desktop/java.awt.Container.dispatchEventImpl(Container.java:2310)
	at java.desktop/java.awt.Window.dispatchEventImpl(Window.java:2780)
	at java.desktop/java.awt.Component.dispatchEvent(Component.java:4827)
	at java.desktop/java.awt.EventQueue.dispatchEventImpl(EventQueue.java:775)
	at java.desktop/java.awt.EventQueue$4.run(EventQueue.java:720)
	at java.desktop/java.awt.EventQueue$4.run(EventQueue.java:714)
	at java.base/java.security.AccessController.doPrivileged(AccessController.java:400)
	at java.base/java.security.ProtectionDomain$JavaSecurityAccessImpl.doIntersectionPrivilege(ProtectionDomain.java:87)
	at java.base/java.security.ProtectionDomain$JavaSecurityAccessImpl.doIntersectionPrivilege(ProtectionDomain.java:98)
	at java.desktop/java.awt.EventQueue$5.run(EventQueue.java:747)
	at java.desktop/java.awt.EventQueue$5.run(EventQueue.java:745)
	at java.base/java.security.AccessController.doPrivileged(AccessController.java:400)
	at java.base/java.security.ProtectionDomain$JavaSecurityAccessImpl.doIntersectionPrivilege(ProtectionDomain.java:87)
	at java.desktop/java.awt.EventQueue.dispatchEvent(EventQueue.java:744)
	at java.desktop/java.awt.EventDispatchThread.pumpOneEventForFilters(EventDispatchThread.java:203)
	at java.desktop/java.awt.EventDispatchThread.pumpEventsForFilter(EventDispatchThread.java:124)
	at java.desktop/java.awt.EventDispatchThread.pumpEventsForHierarchy(EventDispatchThread.java:113)
	at java.desktop/java.awt.EventDispatchThread.pumpEvents(EventDispatchThread.java:109)
	at java.desktop/java.awt.EventDispatchThread.pumpEvents(EventDispatchThread.java:101)
	at java.desktop/java.awt.EventDispatchThread.run(EventDispatchThread.java:90)
Caused by: java.lang.reflect.InvocationTargetException: null
	at java.base/jdk.internal.reflect.DirectMethodHandleAccessor.invoke(DirectMethodHandleAccessor.java:119)
	at java.base/java.lang.reflect.Method.invoke(Method.java:578)
	at com.motelinteligente.dados.PreparedStatementProxyHandler.invoke(BackupProxyHandler.java:85)
	... 40 common frames omitted
Caused by: java.sql.SQLException: Generated keys not requested. You need to specify Statement.RETURN_GENERATED_KEYS to Statement.executeUpdate(), Statement.executeLargeUpdate() or Connection.prepareStatement().
	at com.mysql.cj.jdbc.exceptions.SQLError.createSQLException(SQLError.java:129)
	at com.mysql.cj.jdbc.exceptions.SQLError.createSQLException(SQLError.java:97)
	at com.mysql.cj.jdbc.exceptions.SQLError.createSQLException(SQLError.java:89)
	at com.mysql.cj.jdbc.exceptions.SQLError.createSQLException(SQLError.java:63)
	at com.mysql.cj.jdbc.StatementImpl.getGeneratedKeys(StatementImpl.java:1376)
	at java.base/jdk.internal.reflect.DirectMethodHandleAccessor.invoke(DirectMethodHandleAccessor.java:104)
	... 42 common frames omitted
2024-09-29 14:43:13 ERROR [AWT-EventQueue-0] c.motelinteligente.dados.fprodutos - Erro : fquartos() : 
java.lang.reflect.UndeclaredThrowableException: null
	at jdk.proxy1/jdk.proxy1.$Proxy1.getGeneratedKeys(Unknown Source)
	at com.motelinteligente.dados.fquartos.registraLocacao(fquartos.java:589)
	at com.motelinteligente.telas.TelaPrincipal.executaIniciar(TelaPrincipal.java:1916)
	at com.motelinteligente.telas.TelaPrincipal.botaoIniciarActionPerformed(TelaPrincipal.java:2567)
	at com.motelinteligente.telas.TelaPrincipal$11.actionPerformed(TelaPrincipal.java:887)
	at java.desktop/javax.swing.AbstractButton.fireActionPerformed(AbstractButton.java:1972)
	at java.desktop/javax.swing.AbstractButton$Handler.actionPerformed(AbstractButton.java:2314)
	at java.desktop/javax.swing.DefaultButtonModel.fireActionPerformed(DefaultButtonModel.java:407)
	at java.desktop/javax.swing.DefaultButtonModel.setPressed(DefaultButtonModel.java:262)
	at java.desktop/javax.swing.plaf.basic.BasicButtonListener.mouseReleased(BasicButtonListener.java:279)
	at java.desktop/java.awt.Component.processMouseEvent(Component.java:6620)
	at java.desktop/javax.swing.JComponent.processMouseEvent(JComponent.java:3398)
	at java.desktop/java.awt.Component.processEvent(Component.java:6385)
	at java.desktop/java.awt.Container.processEvent(Container.java:2266)
	at java.desktop/java.awt.Component.dispatchEventImpl(Component.java:4995)
	at java.desktop/java.awt.Container.dispatchEventImpl(Container.java:2324)
	at java.desktop/java.awt.Component.dispatchEvent(Component.java:4827)
	at java.desktop/java.awt.LightweightDispatcher.retargetMouseEvent(Container.java:4948)
	at java.desktop/java.awt.LightweightDispatcher.processMouseEvent(Container.java:4575)
	at java.desktop/java.awt.LightweightDispatcher.dispatchEvent(Container.java:4516)
	at java.desktop/java.awt.Container.dispatchEventImpl(Container.java:2310)
	at java.desktop/java.awt.Window.dispatchEventImpl(Window.java:2780)
	at java.desktop/java.awt.Component.dispatchEvent(Component.java:4827)
	at java.desktop/java.awt.EventQueue.dispatchEventImpl(EventQueue.java:775)
	at java.desktop/java.awt.EventQueue$4.run(EventQueue.java:720)
	at java.desktop/java.awt.EventQueue$4.run(EventQueue.java:714)
	at java.base/java.security.AccessController.doPrivileged(AccessController.java:400)
	at java.base/java.security.ProtectionDomain$JavaSecurityAccessImpl.doIntersectionPrivilege(ProtectionDomain.java:87)
	at java.base/java.security.ProtectionDomain$JavaSecurityAccessImpl.doIntersectionPrivilege(ProtectionDomain.java:98)
	at java.desktop/java.awt.EventQueue$5.run(EventQueue.java:747)
	at java.desktop/java.awt.EventQueue$5.run(EventQueue.java:745)
	at java.base/java.security.AccessController.doPrivileged(AccessController.java:400)
	at java.base/java.security.ProtectionDomain$JavaSecurityAccessImpl.doIntersectionPrivilege(ProtectionDomain.java:87)
	at java.desktop/java.awt.EventQueue.dispatchEvent(EventQueue.java:744)
	at java.desktop/java.awt.EventDispatchThread.pumpOneEventForFilters(EventDispatchThread.java:203)
	at java.desktop/java.awt.EventDispatchThread.pumpEventsForFilter(EventDispatchThread.java:124)
	at java.desktop/java.awt.EventDispatchThread.pumpEventsForHierarchy(EventDispatchThread.java:113)
	at java.desktop/java.awt.EventDispatchThread.pumpEvents(EventDispatchThread.java:109)
	at java.desktop/java.awt.EventDispatchThread.pumpEvents(EventDispatchThread.java:101)
	at java.desktop/java.awt.EventDispatchThread.run(EventDispatchThread.java:90)
Caused by: java.lang.reflect.InvocationTargetException: null
	at java.base/jdk.internal.reflect.DirectMethodHandleAccessor.invoke(DirectMethodHandleAccessor.java:119)
	at java.base/java.lang.reflect.Method.invoke(Method.java:578)
	at com.motelinteligente.dados.PreparedStatementProxyHandler.invoke(BackupProxyHandler.java:85)
	... 40 common frames omitted
Caused by: java.sql.SQLException: Generated keys not requested. You need to specify Statement.RETURN_GENERATED_KEYS to Statement.executeUpdate(), Statement.executeLargeUpdate() or Connection.prepareStatement().
	at com.mysql.cj.jdbc.exceptions.SQLError.createSQLException(SQLError.java:129)
	at com.mysql.cj.jdbc.exceptions.SQLError.createSQLException(SQLError.java:97)
	at com.mysql.cj.jdbc.exceptions.SQLError.createSQLException(SQLError.java:89)
	at com.mysql.cj.jdbc.exceptions.SQLError.createSQLException(SQLError.java:63)
	at com.mysql.cj.jdbc.StatementImpl.getGeneratedKeys(StatementImpl.java:1376)
	at java.base/jdk.internal.reflect.DirectMethodHandleAccessor.invoke(DirectMethodHandleAccessor.java:104)
	... 42 common frames omitted
2024-09-29 14:45:01 INFO  [Thread-1] c.m.d.MotelInteligenteApplication - Starting MotelInteligenteApplication using Java 20.0.2 with PID 2496 (C:\Users\MOTEL\Desktop\MotelInteligente\target\classes started by MOTEL in C:\Users\MOTEL\Desktop\MotelInteligente)
2024-09-29 14:45:01 DEBUG [Thread-1] c.m.d.MotelInteligenteApplication - Running with Spring Boot v3.3.1, Spring v6.1.10
2024-09-29 14:45:01 INFO  [Thread-1] c.m.d.MotelInteligenteApplication - No active profile set, falling back to 1 default profile: "default"
2024-09-29 14:45:05 INFO  [Thread-1] o.s.b.w.e.tomcat.TomcatWebServer - Tomcat initialized with port 1521 (http)
2024-09-29 14:45:05 INFO  [Thread-1] o.a.coyote.http11.Http11NioProtocol - Initializing ProtocolHandler ["http-nio-0.0.0.0-1521"]
2024-09-29 14:45:05 INFO  [Thread-1] o.a.catalina.core.StandardService - Starting service [Tomcat]
2024-09-29 14:45:05 INFO  [Thread-1] o.a.catalina.core.StandardEngine - Starting Servlet engine: [Apache Tomcat/10.1.25]
2024-09-29 14:45:05 INFO  [Thread-1] o.a.c.c.C.[Tomcat].[localhost].[/] - Initializing Spring embedded WebApplicationContext
2024-09-29 14:45:05 INFO  [Thread-1] o.s.b.w.s.c.ServletWebServerApplicationContext - Root WebApplicationContext: initialization completed in 3106 ms
2024-09-29 14:45:05 INFO  [Thread-1] o.a.coyote.http11.Http11NioProtocol - Starting ProtocolHandler ["http-nio-0.0.0.0-1521"]
2024-09-29 14:45:05 INFO  [Thread-1] o.s.b.w.e.tomcat.TomcatWebServer - Tomcat started on port 1521 (http) with context path '/'
2024-09-29 14:45:05 INFO  [Thread-1] c.m.d.MotelInteligenteApplication - Started MotelInteligenteApplication in 5.808 seconds (process running for 11.815)
2024-09-29 14:46:02 INFO  [Thread-1] c.m.d.MotelInteligenteApplication - Starting MotelInteligenteApplication using Java 20.0.2 with PID 6836 (C:\Users\MOTEL\Desktop\MotelInteligente\target\classes started by MOTEL in C:\Users\MOTEL\Desktop\MotelInteligente)
2024-09-29 14:46:02 DEBUG [Thread-1] c.m.d.MotelInteligenteApplication - Running with Spring Boot v3.3.1, Spring v6.1.10
2024-09-29 14:46:02 INFO  [Thread-1] c.m.d.MotelInteligenteApplication - No active profile set, falling back to 1 default profile: "default"
2024-09-29 14:46:05 INFO  [Thread-1] o.s.b.w.e.tomcat.TomcatWebServer - Tomcat initialized with port 1521 (http)
2024-09-29 14:46:05 INFO  [Thread-1] o.a.coyote.http11.Http11NioProtocol - Initializing ProtocolHandler ["http-nio-0.0.0.0-1521"]
2024-09-29 14:46:05 INFO  [Thread-1] o.a.catalina.core.StandardService - Starting service [Tomcat]
2024-09-29 14:46:05 INFO  [Thread-1] o.a.catalina.core.StandardEngine - Starting Servlet engine: [Apache Tomcat/10.1.25]
2024-09-29 14:46:05 INFO  [Thread-1] o.a.c.c.C.[Tomcat].[localhost].[/] - Initializing Spring embedded WebApplicationContext
2024-09-29 14:46:05 INFO  [Thread-1] o.s.b.w.s.c.ServletWebServerApplicationContext - Root WebApplicationContext: initialization completed in 2391 ms
2024-09-29 14:46:06 INFO  [Thread-1] o.a.coyote.http11.Http11NioProtocol - Starting ProtocolHandler ["http-nio-0.0.0.0-1521"]
2024-09-29 14:46:06 INFO  [Thread-1] o.s.b.w.e.tomcat.TomcatWebServer - Tomcat started on port 1521 (http) with context path '/'
2024-09-29 14:46:06 INFO  [Thread-1] c.m.d.MotelInteligenteApplication - Started MotelInteligenteApplication in 4.922 seconds (process running for 11.031)
2024-09-29 16:13:11 INFO  [http-nio-0.0.0.0-1521-exec-1] o.a.c.c.C.[Tomcat].[localhost].[/] - Initializing Spring DispatcherServlet 'dispatcherServlet'
2024-09-29 16:13:11 INFO  [http-nio-0.0.0.0-1521-exec-1] o.s.web.servlet.DispatcherServlet - Initializing Servlet 'dispatcherServlet'
2024-09-29 16:13:11 INFO  [http-nio-0.0.0.0-1521-exec-1] o.s.web.servlet.DispatcherServlet - Completed initialization in 12 ms
2024-09-29 16:49:50 INFO  [Thread-1] c.m.d.MotelInteligenteApplication - Starting MotelInteligenteApplication using Java 20.0.2 with PID 13784 (C:\Users\MOTEL\Desktop\MotelInteligente\target\classes started by MOTEL in C:\Users\MOTEL\Desktop\MotelInteligente)
2024-09-29 16:49:50 DEBUG [Thread-1] c.m.d.MotelInteligenteApplication - Running with Spring Boot v3.3.1, Spring v6.1.10
2024-09-29 16:49:50 INFO  [Thread-1] c.m.d.MotelInteligenteApplication - No active profile set, falling back to 1 default profile: "default"
2024-09-29 16:49:52 INFO  [Thread-1] o.s.b.w.e.tomcat.TomcatWebServer - Tomcat initialized with port 1521 (http)
2024-09-29 16:49:52 INFO  [Thread-1] o.a.coyote.http11.Http11NioProtocol - Initializing ProtocolHandler ["http-nio-0.0.0.0-1521"]
2024-09-29 16:49:52 INFO  [Thread-1] o.a.catalina.core.StandardService - Starting service [Tomcat]
2024-09-29 16:49:52 INFO  [Thread-1] o.a.catalina.core.StandardEngine - Starting Servlet engine: [Apache Tomcat/10.1.25]
2024-09-29 16:49:52 INFO  [Thread-1] o.a.c.c.C.[Tomcat].[localhost].[/] - Initializing Spring embedded WebApplicationContext
2024-09-29 16:49:52 INFO  [Thread-1] o.s.b.w.s.c.ServletWebServerApplicationContext - Root WebApplicationContext: initialization completed in 2407 ms
2024-09-29 16:49:53 INFO  [Thread-1] o.a.coyote.http11.Http11NioProtocol - Starting ProtocolHandler ["http-nio-0.0.0.0-1521"]
2024-09-29 16:49:53 INFO  [Thread-1] o.s.b.w.e.tomcat.TomcatWebServer - Tomcat started on port 1521 (http) with context path '/'
2024-09-29 16:49:53 INFO  [Thread-1] c.m.d.MotelInteligenteApplication - Started MotelInteligenteApplication in 5.03 seconds (process running for 11.745)
2024-09-29 19:02:52 INFO  [http-nio-0.0.0.0-1521-exec-2] o.a.c.c.C.[Tomcat].[localhost].[/] - Initializing Spring DispatcherServlet 'dispatcherServlet'
2024-09-29 19:02:52 INFO  [http-nio-0.0.0.0-1521-exec-2] o.s.web.servlet.DispatcherServlet - Initializing Servlet 'dispatcherServlet'
2024-09-29 19:02:52 INFO  [http-nio-0.0.0.0-1521-exec-2] o.s.web.servlet.DispatcherServlet - Completed initialization in 126 ms
2024-09-29 21:43:43 INFO  [http-nio-0.0.0.0-1521-exec-7] o.a.coyote.http11.Http11Processor - Error parsing HTTP request header
 Note: further occurrences of HTTP request parsing errors will be logged at DEBUG level.
java.lang.IllegalArgumentException: Invalid character found in method name [0x030x000x00/*0xe00x000x000x000x000x00Cookie: ]. HTTP method names must be tokens
	at org.apache.coyote.http11.Http11InputBuffer.parseRequestLine(Http11InputBuffer.java:407)
	at org.apache.coyote.http11.Http11Processor.service(Http11Processor.java:262)
	at org.apache.coyote.AbstractProcessorLight.process(AbstractProcessorLight.java:63)
	at org.apache.coyote.AbstractProtocol$ConnectionHandler.process(AbstractProtocol.java:904)
	at org.apache.tomcat.util.net.NioEndpoint$SocketProcessor.doRun(NioEndpoint.java:1741)
	at org.apache.tomcat.util.net.SocketProcessorBase.run(SocketProcessorBase.java:52)
	at org.apache.tomcat.util.threads.ThreadPoolExecutor.runWorker(ThreadPoolExecutor.java:1190)
	at org.apache.tomcat.util.threads.ThreadPoolExecutor$Worker.run(ThreadPoolExecutor.java:659)
	at org.apache.tomcat.util.threads.TaskThread$WrappingRunnable.run(TaskThread.java:63)
	at java.base/java.lang.Thread.run(Thread.java:1623)
