2024-08-12 09:29:24 DEBUG [AWT-EventQueue-0] c.motelinteligente.dados.fprodutos - Executando consulta SQL: SELECT descricao FROM produtos WHERE idproduto = 7
2024-08-12 09:29:25 DEBUG [AWT-EventQueue-0] c.motelinteligente.dados.fprodutos - Executando consulta SQL: SELECT descricao FROM produtos WHERE idproduto = 23
2024-08-12 10:30:17 DEBUG [AWT-EventQueue-0] c.motelinteligente.dados.fprodutos - Executando consulta SQL: SELECT descricao FROM produtos WHERE idproduto = 2
2024-08-12 10:30:17 DEBUG [AWT-EventQueue-0] c.motelinteligente.dados.fprodutos - Executando consulta SQL: SELECT descricao FROM produtos WHERE idproduto = 23
2024-08-12 10:30:19 DEBUG [AWT-EventQueue-0] c.motelinteligente.dados.fprodutos - Executando consulta SQL: SELECT descricao FROM produtos WHERE idproduto = 23
2024-08-12 10:30:19 DEBUG [AWT-EventQueue-0] c.motelinteligente.dados.fprodutos - Executando consulta SQL: SELECT valorproduto FROM produtos WHERE idproduto = 23
2024-08-12 10:30:20 DEBUG [AWT-EventQueue-0] c.motelinteligente.dados.fprodutos - Executando consulta SQL: SELECT descricao FROM produtos WHERE idproduto = 2
2024-08-12 10:30:20 DEBUG [AWT-EventQueue-0] c.motelinteligente.dados.fprodutos - Executando consulta SQL: SELECT descricao FROM produtos WHERE idproduto = 24
2024-08-12 10:30:23 DEBUG [AWT-EventQueue-0] c.motelinteligente.dados.fprodutos - Executando consulta SQL: SELECT descricao FROM produtos WHERE idproduto = 24
2024-08-12 10:30:23 DEBUG [AWT-EventQueue-0] c.motelinteligente.dados.fprodutos - Executando consulta SQL: SELECT valorproduto FROM produtos WHERE idproduto = 24
2024-08-12 10:31:11 DEBUG [AWT-EventQueue-0] c.motelinteligente.dados.fprodutos - Executando consulta SQL: SELECT estoque FROM produtos WHERE idproduto = ?
2024-08-12 10:31:11 DEBUG [AWT-EventQueue-0] c.motelinteligente.dados.fprodutos - Executando consulta SQL: SELECT estoque FROM produtos WHERE idproduto = ?
2024-08-12 10:58:42 DEBUG [AWT-EventQueue-0] c.motelinteligente.dados.fprodutos - Executando consulta SQL: SELECT descricao FROM produtos WHERE idproduto = 7
2024-08-12 10:58:42 DEBUG [AWT-EventQueue-0] c.motelinteligente.dados.fprodutos - Executando consulta SQL: SELECT descricao FROM produtos WHERE idproduto = 23
2024-08-12 10:58:42 DEBUG [AWT-EventQueue-0] c.motelinteligente.dados.fprodutos - Executando consulta SQL: SELECT descricao FROM produtos WHERE idproduto = 24
2024-08-12 14:56:57 DEBUG [AWT-EventQueue-0] c.motelinteligente.dados.fprodutos - Executando consulta SQL: SELECT descricao FROM produtos WHERE idproduto = 2
2024-08-12 14:56:57 DEBUG [AWT-EventQueue-0] c.motelinteligente.dados.fprodutos - Executando consulta SQL: SELECT descricao FROM produtos WHERE idproduto = 23
2024-08-12 14:56:59 DEBUG [AWT-EventQueue-0] c.motelinteligente.dados.fprodutos - Executando consulta SQL: SELECT descricao FROM produtos WHERE idproduto = 23
2024-08-12 14:56:59 DEBUG [AWT-EventQueue-0] c.motelinteligente.dados.fprodutos - Executando consulta SQL: SELECT valorproduto FROM produtos WHERE idproduto = 23
2024-08-12 14:57:37 DEBUG [AWT-EventQueue-0] c.motelinteligente.dados.fprodutos - Executando consulta SQL: SELECT estoque FROM produtos WHERE idproduto = ?
2024-08-12 15:31:20 INFO  [http-nio-0.0.0.0-1521-exec-1] o.a.coyote.http11.Http11Processor - Error parsing HTTP request header
 Note: further occurrences of HTTP request parsing errors will be logged at DEBUG level.
java.lang.IllegalArgumentException: Invalid character found in method name [0x00m0x000x000x010x000x000x000x0180x01,0x0cA ]. HTTP method names must be tokens
	at org.apache.coyote.http11.Http11InputBuffer.parseRequestLine(Http11InputBuffer.java:407)
	at org.apache.coyote.http11.Http11Processor.service(Http11Processor.java:262)
	at org.apache.coyote.AbstractProcessorLight.process(AbstractProcessorLight.java:63)
	at org.apache.coyote.AbstractProtocol$ConnectionHandler.process(AbstractProtocol.java:904)
	at org.apache.tomcat.util.net.NioEndpoint$SocketProcessor.doRun(NioEndpoint.java:1741)
	at org.apache.tomcat.util.net.SocketProcessorBase.run(SocketProcessorBase.java:52)
	at org.apache.tomcat.util.threads.ThreadPoolExecutor.runWorker(ThreadPoolExecutor.java:1190)
	at org.apache.tomcat.util.threads.ThreadPoolExecutor$Worker.run(ThreadPoolExecutor.java:659)
	at org.apache.tomcat.util.threads.TaskThread$WrappingRunnable.run(TaskThread.java:63)
	at java.base/java.lang.Thread.run(Thread.java:1623)
2024-08-12 18:07:00 DEBUG [AWT-EventQueue-0] c.motelinteligente.dados.fprodutos - Executando consulta SQL: SELECT descricao FROM produtos WHERE idproduto = 2
2024-08-12 18:07:01 DEBUG [AWT-EventQueue-0] c.motelinteligente.dados.fprodutos - Executando consulta SQL: SELECT descricao FROM produtos WHERE idproduto = 22
2024-08-12 18:07:01 DEBUG [AWT-EventQueue-0] c.motelinteligente.dados.fprodutos - Executando consulta SQL: SELECT descricao FROM produtos WHERE idproduto = 221
2024-08-12 18:07:06 DEBUG [AWT-EventQueue-0] c.motelinteligente.dados.fprodutos - Executando consulta SQL: SELECT descricao FROM produtos WHERE idproduto = 22
2024-08-12 18:07:08 DEBUG [AWT-EventQueue-0] c.motelinteligente.dados.fprodutos - Executando consulta SQL: SELECT descricao FROM produtos WHERE idproduto = 22
2024-08-12 18:07:08 DEBUG [AWT-EventQueue-0] c.motelinteligente.dados.fprodutos - Executando consulta SQL: SELECT valorproduto FROM produtos WHERE idproduto = 22
2024-08-12 18:07:31 DEBUG [AWT-EventQueue-0] c.motelinteligente.dados.fprodutos - Executando consulta SQL: SELECT estoque FROM produtos WHERE idproduto = ?
2024-08-12 20:37:24 DEBUG [AWT-EventQueue-0] c.motelinteligente.dados.fprodutos - Executando consulta SQL: SELECT descricao FROM produtos WHERE idproduto = 7
2024-08-12 20:37:24 DEBUG [AWT-EventQueue-0] c.motelinteligente.dados.fprodutos - Executando consulta SQL: SELECT descricao FROM produtos WHERE idproduto = 23
2024-08-12 20:37:24 DEBUG [AWT-EventQueue-0] c.motelinteligente.dados.fprodutos - Executando consulta SQL: SELECT descricao FROM produtos WHERE idproduto = 24
2024-08-12 20:37:25 DEBUG [AWT-EventQueue-0] c.motelinteligente.dados.fprodutos - Executando consulta SQL: SELECT descricao FROM produtos WHERE idproduto = 22
2024-08-12 20:59:45 INFO  [http-nio-0.0.0.0-1521-exec-10] o.a.coyote.http11.Http11Processor - Error parsing HTTP request header
 Note: further occurrences of HTTP request parsing errors will be logged at DEBUG level.
java.lang.IllegalArgumentException: Invalid character found in method name [0x00m0x000x000x010x000x000x000x0180x01,0x0cA ]. HTTP method names must be tokens
	at org.apache.coyote.http11.Http11InputBuffer.parseRequestLine(Http11InputBuffer.java:407)
	at org.apache.coyote.http11.Http11Processor.service(Http11Processor.java:262)
	at org.apache.coyote.AbstractProcessorLight.process(AbstractProcessorLight.java:63)
	at org.apache.coyote.AbstractProtocol$ConnectionHandler.process(AbstractProtocol.java:904)
	at org.apache.tomcat.util.net.NioEndpoint$SocketProcessor.doRun(NioEndpoint.java:1741)
	at org.apache.tomcat.util.net.SocketProcessorBase.run(SocketProcessorBase.java:52)
	at org.apache.tomcat.util.threads.ThreadPoolExecutor.runWorker(ThreadPoolExecutor.java:1190)
	at org.apache.tomcat.util.threads.ThreadPoolExecutor$Worker.run(ThreadPoolExecutor.java:659)
	at org.apache.tomcat.util.threads.TaskThread$WrappingRunnable.run(TaskThread.java:63)
	at java.base/java.lang.Thread.run(Thread.java:1623)
2024-08-12 20:59:45 INFO  [http-nio-0.0.0.0-1521-exec-2] o.a.coyote.http11.Http11Processor - Error parsing HTTP request header
 Note: further occurrences of HTTP request parsing errors will be logged at DEBUG level.
java.lang.IllegalArgumentException: Invalid character found in method name [0x160x030x010x01$0x010x000x01 ]. HTTP method names must be tokens
	at org.apache.coyote.http11.Http11InputBuffer.parseRequestLine(Http11InputBuffer.java:407)
	at org.apache.coyote.http11.Http11Processor.service(Http11Processor.java:262)
	at org.apache.coyote.AbstractProcessorLight.process(AbstractProcessorLight.java:63)
	at org.apache.coyote.AbstractProtocol$ConnectionHandler.process(AbstractProtocol.java:904)
	at org.apache.tomcat.util.net.NioEndpoint$SocketProcessor.doRun(NioEndpoint.java:1741)
	at org.apache.tomcat.util.net.SocketProcessorBase.run(SocketProcessorBase.java:52)
	at org.apache.tomcat.util.threads.ThreadPoolExecutor.runWorker(ThreadPoolExecutor.java:1190)
	at org.apache.tomcat.util.threads.ThreadPoolExecutor$Worker.run(ThreadPoolExecutor.java:659)
	at org.apache.tomcat.util.threads.TaskThread$WrappingRunnable.run(TaskThread.java:63)
	at java.base/java.lang.Thread.run(Thread.java:1623)
