2024-09-01 00:10:06 INFO  [Thread-1] c.m.d.MotelInteligenteApplication - Starting MotelInteligenteApplication using Java 20.0.2 with PID 12500 (C:\Users\MOTEL\Desktop\MotelInteligente\target\classes started by MOTEL in C:\Users\MOTEL\Desktop\MotelInteligente)
2024-09-01 00:10:06 DEBUG [Thread-1] c.m.d.MotelInteligenteApplication - Running with Spring Boot v3.3.1, Spring v6.1.10
2024-09-01 00:10:06 INFO  [Thread-1] c.m.d.MotelInteligenteApplication - No active profile set, falling back to 1 default profile: "default"
2024-09-01 00:10:10 INFO  [Thread-1] o.s.b.w.e.tomcat.TomcatWebServer - Tomcat initialized with port 1521 (http)
2024-09-01 00:10:10 INFO  [Thread-1] o.a.coyote.http11.Http11NioProtocol - Initializing ProtocolHandler ["http-nio-0.0.0.0-1521"]
2024-09-01 00:10:10 INFO  [Thread-1] o.a.catalina.core.StandardService - Starting service [Tomcat]
2024-09-01 00:10:10 INFO  [Thread-1] o.a.catalina.core.StandardEngine - Starting Servlet engine: [Apache Tomcat/10.1.25]
2024-09-01 00:10:10 INFO  [Thread-1] o.a.c.c.C.[Tomcat].[localhost].[/] - Initializing Spring embedded WebApplicationContext
2024-09-01 00:10:10 INFO  [Thread-1] o.s.b.w.s.c.ServletWebServerApplicationContext - Root WebApplicationContext: initialization completed in 3443 ms
2024-09-01 00:10:11 INFO  [Thread-1] o.a.coyote.http11.Http11NioProtocol - Starting ProtocolHandler ["http-nio-0.0.0.0-1521"]
2024-09-01 00:10:11 INFO  [Thread-1] o.s.b.w.e.tomcat.TomcatWebServer - Tomcat started on port 1521 (http) with context path '/'
2024-09-01 00:10:11 INFO  [Thread-1] c.m.d.MotelInteligenteApplication - Started MotelInteligenteApplication in 6.682 seconds (process running for 15.07)
2024-09-01 00:22:41 INFO  [Thread-1] c.m.d.MotelInteligenteApplication - Starting MotelInteligenteApplication using Java 20.0.2 with PID 1372 (C:\Users\MOTEL\Desktop\MotelInteligente\target\classes started by MOTEL in C:\Users\MOTEL\Desktop\MotelInteligente)
2024-09-01 00:22:41 DEBUG [Thread-1] c.m.d.MotelInteligenteApplication - Running with Spring Boot v3.3.1, Spring v6.1.10
2024-09-01 00:22:41 INFO  [Thread-1] c.m.d.MotelInteligenteApplication - No active profile set, falling back to 1 default profile: "default"
2024-09-01 00:22:44 INFO  [Thread-1] o.s.b.w.e.tomcat.TomcatWebServer - Tomcat initialized with port 1521 (http)
2024-09-01 00:22:44 INFO  [Thread-1] o.a.coyote.http11.Http11NioProtocol - Initializing ProtocolHandler ["http-nio-0.0.0.0-1521"]
2024-09-01 00:22:44 INFO  [Thread-1] o.a.catalina.core.StandardService - Starting service [Tomcat]
2024-09-01 00:22:44 INFO  [Thread-1] o.a.catalina.core.StandardEngine - Starting Servlet engine: [Apache Tomcat/10.1.25]
2024-09-01 00:22:44 INFO  [Thread-1] o.a.c.c.C.[Tomcat].[localhost].[/] - Initializing Spring embedded WebApplicationContext
2024-09-01 00:22:44 INFO  [Thread-1] o.s.b.w.s.c.ServletWebServerApplicationContext - Root WebApplicationContext: initialization completed in 2420 ms
2024-09-01 00:22:45 INFO  [Thread-1] o.a.coyote.http11.Http11NioProtocol - Starting ProtocolHandler ["http-nio-0.0.0.0-1521"]
2024-09-01 00:22:45 INFO  [Thread-1] o.s.b.w.e.tomcat.TomcatWebServer - Tomcat started on port 1521 (http) with context path '/'
2024-09-01 00:22:45 INFO  [Thread-1] c.m.d.MotelInteligenteApplication - Started MotelInteligenteApplication in 5.558 seconds (process running for 11.963)
2024-09-01 00:25:16 INFO  [Thread-1] c.m.d.MotelInteligenteApplication - Starting MotelInteligenteApplication using Java 20.0.2 with PID 5236 (C:\Users\MOTEL\Desktop\MotelInteligente\target\classes started by MOTEL in C:\Users\MOTEL\Desktop\MotelInteligente)
2024-09-01 00:25:16 DEBUG [Thread-1] c.m.d.MotelInteligenteApplication - Running with Spring Boot v3.3.1, Spring v6.1.10
2024-09-01 00:25:16 INFO  [Thread-1] c.m.d.MotelInteligenteApplication - No active profile set, falling back to 1 default profile: "default"
2024-09-01 00:25:18 INFO  [Thread-1] o.s.b.w.e.tomcat.TomcatWebServer - Tomcat initialized with port 1521 (http)
2024-09-01 00:25:18 INFO  [Thread-1] o.a.coyote.http11.Http11NioProtocol - Initializing ProtocolHandler ["http-nio-0.0.0.0-1521"]
2024-09-01 00:25:18 INFO  [Thread-1] o.a.catalina.core.StandardService - Starting service [Tomcat]
2024-09-01 00:25:18 INFO  [Thread-1] o.a.catalina.core.StandardEngine - Starting Servlet engine: [Apache Tomcat/10.1.25]
2024-09-01 00:25:18 INFO  [Thread-1] o.a.c.c.C.[Tomcat].[localhost].[/] - Initializing Spring embedded WebApplicationContext
2024-09-01 00:25:18 INFO  [Thread-1] o.s.b.w.s.c.ServletWebServerApplicationContext - Root WebApplicationContext: initialization completed in 2306 ms
2024-09-01 00:25:19 INFO  [Thread-1] o.a.coyote.http11.Http11NioProtocol - Starting ProtocolHandler ["http-nio-0.0.0.0-1521"]
2024-09-01 00:25:19 INFO  [Thread-1] o.s.b.w.e.tomcat.TomcatWebServer - Tomcat started on port 1521 (http) with context path '/'
2024-09-01 00:25:19 INFO  [Thread-1] c.m.d.MotelInteligenteApplication - Started MotelInteligenteApplication in 5.287 seconds (process running for 11.855)
2024-09-01 00:27:51 INFO  [Thread-1] c.m.d.MotelInteligenteApplication - Starting MotelInteligenteApplication using Java 20.0.2 with PID 8028 (C:\Users\MOTEL\Desktop\MotelInteligente\target\classes started by MOTEL in C:\Users\MOTEL\Desktop\MotelInteligente)
2024-09-01 00:27:51 DEBUG [Thread-1] c.m.d.MotelInteligenteApplication - Running with Spring Boot v3.3.1, Spring v6.1.10
2024-09-01 00:27:51 INFO  [Thread-1] c.m.d.MotelInteligenteApplication - No active profile set, falling back to 1 default profile: "default"
2024-09-01 00:27:53 INFO  [Thread-1] o.s.b.w.e.tomcat.TomcatWebServer - Tomcat initialized with port 1521 (http)
2024-09-01 00:27:53 INFO  [Thread-1] o.a.coyote.http11.Http11NioProtocol - Initializing ProtocolHandler ["http-nio-0.0.0.0-1521"]
2024-09-01 00:27:53 INFO  [Thread-1] o.a.catalina.core.StandardService - Starting service [Tomcat]
2024-09-01 00:27:53 INFO  [Thread-1] o.a.catalina.core.StandardEngine - Starting Servlet engine: [Apache Tomcat/10.1.25]
2024-09-01 00:27:53 INFO  [Thread-1] o.a.c.c.C.[Tomcat].[localhost].[/] - Initializing Spring embedded WebApplicationContext
2024-09-01 00:27:53 INFO  [Thread-1] o.s.b.w.s.c.ServletWebServerApplicationContext - Root WebApplicationContext: initialization completed in 2346 ms
2024-09-01 00:27:54 INFO  [Thread-1] o.a.coyote.http11.Http11NioProtocol - Starting ProtocolHandler ["http-nio-0.0.0.0-1521"]
2024-09-01 00:27:54 INFO  [Thread-1] o.s.b.w.e.tomcat.TomcatWebServer - Tomcat started on port 1521 (http) with context path '/'
2024-09-01 00:27:54 INFO  [Thread-1] c.m.d.MotelInteligenteApplication - Started MotelInteligenteApplication in 4.663 seconds (process running for 10.61)
2024-09-01 00:29:05 INFO  [Thread-1] c.m.d.MotelInteligenteApplication - Starting MotelInteligenteApplication using Java 20.0.2 with PID 5172 (C:\Users\MOTEL\Desktop\MotelInteligente\target\classes started by MOTEL in C:\Users\MOTEL\Desktop\MotelInteligente)
2024-09-01 00:29:05 DEBUG [Thread-1] c.m.d.MotelInteligenteApplication - Running with Spring Boot v3.3.1, Spring v6.1.10
2024-09-01 00:29:05 INFO  [Thread-1] c.m.d.MotelInteligenteApplication - No active profile set, falling back to 1 default profile: "default"
2024-09-01 00:29:07 INFO  [Thread-1] o.s.b.w.e.tomcat.TomcatWebServer - Tomcat initialized with port 1521 (http)
2024-09-01 00:29:07 INFO  [Thread-1] o.a.coyote.http11.Http11NioProtocol - Initializing ProtocolHandler ["http-nio-0.0.0.0-1521"]
2024-09-01 00:29:07 INFO  [Thread-1] o.a.catalina.core.StandardService - Starting service [Tomcat]
2024-09-01 00:29:07 INFO  [Thread-1] o.a.catalina.core.StandardEngine - Starting Servlet engine: [Apache Tomcat/10.1.25]
2024-09-01 00:29:07 INFO  [Thread-1] o.a.c.c.C.[Tomcat].[localhost].[/] - Initializing Spring embedded WebApplicationContext
2024-09-01 00:29:07 INFO  [Thread-1] o.s.b.w.s.c.ServletWebServerApplicationContext - Root WebApplicationContext: initialization completed in 2399 ms
2024-09-01 00:29:08 INFO  [Thread-1] o.a.coyote.http11.Http11NioProtocol - Starting ProtocolHandler ["http-nio-0.0.0.0-1521"]
2024-09-01 00:29:08 INFO  [Thread-1] o.s.b.w.e.tomcat.TomcatWebServer - Tomcat started on port 1521 (http) with context path '/'
2024-09-01 00:29:08 INFO  [Thread-1] c.m.d.MotelInteligenteApplication - Started MotelInteligenteApplication in 4.686 seconds (process running for 11.027)
2024-09-01 00:31:48 INFO  [Thread-1] c.m.d.MotelInteligenteApplication - Starting MotelInteligenteApplication using Java 20.0.2 with PID 8168 (C:\Users\MOTEL\Desktop\MotelInteligente\target\classes started by MOTEL in C:\Users\MOTEL\Desktop\MotelInteligente)
2024-09-01 00:31:48 DEBUG [Thread-1] c.m.d.MotelInteligenteApplication - Running with Spring Boot v3.3.1, Spring v6.1.10
2024-09-01 00:31:48 INFO  [Thread-1] c.m.d.MotelInteligenteApplication - No active profile set, falling back to 1 default profile: "default"
2024-09-01 00:31:50 INFO  [Thread-1] o.s.b.w.e.tomcat.TomcatWebServer - Tomcat initialized with port 1521 (http)
2024-09-01 00:31:50 INFO  [Thread-1] o.a.coyote.http11.Http11NioProtocol - Initializing ProtocolHandler ["http-nio-0.0.0.0-1521"]
2024-09-01 00:31:50 INFO  [Thread-1] o.a.catalina.core.StandardService - Starting service [Tomcat]
2024-09-01 00:31:50 INFO  [Thread-1] o.a.catalina.core.StandardEngine - Starting Servlet engine: [Apache Tomcat/10.1.25]
2024-09-01 00:31:50 INFO  [Thread-1] o.a.c.c.C.[Tomcat].[localhost].[/] - Initializing Spring embedded WebApplicationContext
2024-09-01 00:31:50 INFO  [Thread-1] o.s.b.w.s.c.ServletWebServerApplicationContext - Root WebApplicationContext: initialization completed in 2050 ms
2024-09-01 00:31:51 INFO  [Thread-1] o.a.coyote.http11.Http11NioProtocol - Starting ProtocolHandler ["http-nio-0.0.0.0-1521"]
2024-09-01 00:31:51 INFO  [Thread-1] o.s.b.w.e.tomcat.TomcatWebServer - Tomcat started on port 1521 (http) with context path '/'
2024-09-01 00:31:51 INFO  [Thread-1] c.m.d.MotelInteligenteApplication - Started MotelInteligenteApplication in 5.032 seconds (process running for 10.692)
2024-09-01 00:34:18 INFO  [Thread-1] c.m.d.MotelInteligenteApplication - Starting MotelInteligenteApplication using Java 20.0.2 with PID 13032 (C:\Users\MOTEL\Desktop\MotelInteligente\target\classes started by MOTEL in C:\Users\MOTEL\Desktop\MotelInteligente)
2024-09-01 00:34:18 DEBUG [Thread-1] c.m.d.MotelInteligenteApplication - Running with Spring Boot v3.3.1, Spring v6.1.10
2024-09-01 00:34:18 INFO  [Thread-1] c.m.d.MotelInteligenteApplication - No active profile set, falling back to 1 default profile: "default"
2024-09-01 00:34:20 INFO  [Thread-1] o.s.b.w.e.tomcat.TomcatWebServer - Tomcat initialized with port 1521 (http)
2024-09-01 00:34:20 INFO  [Thread-1] o.a.coyote.http11.Http11NioProtocol - Initializing ProtocolHandler ["http-nio-0.0.0.0-1521"]
2024-09-01 00:34:20 INFO  [Thread-1] o.a.catalina.core.StandardService - Starting service [Tomcat]
2024-09-01 00:34:20 INFO  [Thread-1] o.a.catalina.core.StandardEngine - Starting Servlet engine: [Apache Tomcat/10.1.25]
2024-09-01 00:34:20 INFO  [Thread-1] o.a.c.c.C.[Tomcat].[localhost].[/] - Initializing Spring embedded WebApplicationContext
2024-09-01 00:34:20 INFO  [Thread-1] o.s.b.w.s.c.ServletWebServerApplicationContext - Root WebApplicationContext: initialization completed in 1895 ms
2024-09-01 00:34:20 INFO  [Thread-1] o.a.coyote.http11.Http11NioProtocol - Starting ProtocolHandler ["http-nio-0.0.0.0-1521"]
2024-09-01 00:34:20 INFO  [Thread-1] o.s.b.w.e.tomcat.TomcatWebServer - Tomcat started on port 1521 (http) with context path '/'
2024-09-01 00:34:20 INFO  [Thread-1] c.m.d.MotelInteligenteApplication - Started MotelInteligenteApplication in 4.558 seconds (process running for 10.827)
2024-09-01 00:41:01 INFO  [http-nio-0.0.0.0-1521-exec-1] o.a.c.c.C.[Tomcat].[localhost].[/] - Initializing Spring DispatcherServlet 'dispatcherServlet'
2024-09-01 00:41:01 INFO  [http-nio-0.0.0.0-1521-exec-1] o.s.web.servlet.DispatcherServlet - Initializing Servlet 'dispatcherServlet'
2024-09-01 00:41:01 INFO  [http-nio-0.0.0.0-1521-exec-1] o.s.web.servlet.DispatcherServlet - Completed initialization in 1 ms
2024-09-01 01:28:09 DEBUG [AWT-EventQueue-0] c.motelinteligente.dados.fprodutos - Executando consulta SQL: SELECT descricao FROM produtos WHERE idproduto = 1
2024-09-01 01:28:10 DEBUG [AWT-EventQueue-0] c.motelinteligente.dados.fprodutos - Executando consulta SQL: SELECT descricao FROM produtos WHERE idproduto = 1
2024-09-01 01:28:10 DEBUG [AWT-EventQueue-0] c.motelinteligente.dados.fprodutos - Executando consulta SQL: SELECT valorproduto FROM produtos WHERE idproduto = 1
2024-09-01 01:28:52 DEBUG [AWT-EventQueue-0] c.motelinteligente.dados.fprodutos - Executando consulta SQL: SELECT estoque FROM produtos WHERE idproduto = ?
2024-09-01 02:28:26 INFO  [http-nio-0.0.0.0-1521-exec-8] o.a.coyote.http11.Http11Processor - Error parsing HTTP request header
 Note: further occurrences of HTTP request parsing errors will be logged at DEBUG level.
java.lang.IllegalArgumentException: Invalid character found in method name [0x00m0x000x000x010x000x000x000x0180x01,0x0cA ]. HTTP method names must be tokens
	at org.apache.coyote.http11.Http11InputBuffer.parseRequestLine(Http11InputBuffer.java:407)
	at org.apache.coyote.http11.Http11Processor.service(Http11Processor.java:262)
	at org.apache.coyote.AbstractProcessorLight.process(AbstractProcessorLight.java:63)
	at org.apache.coyote.AbstractProtocol$ConnectionHandler.process(AbstractProtocol.java:904)
	at org.apache.tomcat.util.net.NioEndpoint$SocketProcessor.doRun(NioEndpoint.java:1741)
	at org.apache.tomcat.util.net.SocketProcessorBase.run(SocketProcessorBase.java:52)
	at org.apache.tomcat.util.threads.ThreadPoolExecutor.runWorker(ThreadPoolExecutor.java:1190)
	at org.apache.tomcat.util.threads.ThreadPoolExecutor$Worker.run(ThreadPoolExecutor.java:659)
	at org.apache.tomcat.util.threads.TaskThread$WrappingRunnable.run(TaskThread.java:63)
	at java.base/java.lang.Thread.run(Thread.java:1623)
2024-09-01 03:13:58 DEBUG [AWT-EventQueue-0] c.motelinteligente.dados.fprodutos - Executando consulta SQL: SELECT descricao FROM produtos WHERE idproduto = 2
2024-09-01 03:13:58 DEBUG [AWT-EventQueue-0] c.motelinteligente.dados.fprodutos - Executando consulta SQL: SELECT descricao FROM produtos WHERE idproduto = 23
2024-09-01 03:13:59 DEBUG [AWT-EventQueue-0] c.motelinteligente.dados.fprodutos - Executando consulta SQL: SELECT descricao FROM produtos WHERE idproduto = 23
2024-09-01 03:13:59 DEBUG [AWT-EventQueue-0] c.motelinteligente.dados.fprodutos - Executando consulta SQL: SELECT valorproduto FROM produtos WHERE idproduto = 23
2024-09-01 03:14:32 DEBUG [AWT-EventQueue-0] c.motelinteligente.dados.fprodutos - Executando consulta SQL: SELECT estoque FROM produtos WHERE idproduto = ?
2024-09-01 03:26:00 DEBUG [AWT-EventQueue-0] c.motelinteligente.dados.fprodutos - Executando consulta SQL: SELECT descricao FROM produtos WHERE idproduto = 26
2024-09-01 03:26:00 DEBUG [AWT-EventQueue-0] c.motelinteligente.dados.fprodutos - Executando consulta SQL: SELECT descricao FROM produtos WHERE idproduto = 3
2024-09-01 03:26:00 DEBUG [AWT-EventQueue-0] c.motelinteligente.dados.fprodutos - Executando consulta SQL: SELECT descricao FROM produtos WHERE idproduto = 1
2024-09-01 03:26:00 DEBUG [AWT-EventQueue-0] c.motelinteligente.dados.fprodutos - Executando consulta SQL: SELECT descricao FROM produtos WHERE idproduto = 23
2024-09-01 04:31:09 DEBUG [AWT-EventQueue-0] c.motelinteligente.dados.fprodutos - Executando consulta SQL: SELECT descricao FROM produtos WHERE idproduto = 26
2024-09-01 04:31:09 DEBUG [AWT-EventQueue-0] c.motelinteligente.dados.fprodutos - Executando consulta SQL: SELECT descricao FROM produtos WHERE idproduto = 3
2024-09-01 04:31:09 DEBUG [AWT-EventQueue-0] c.motelinteligente.dados.fprodutos - Executando consulta SQL: SELECT descricao FROM produtos WHERE idproduto = 1
2024-09-01 04:31:09 DEBUG [AWT-EventQueue-0] c.motelinteligente.dados.fprodutos - Executando consulta SQL: SELECT descricao FROM produtos WHERE idproduto = 23
2024-09-01 06:33:12 DEBUG [AWT-EventQueue-0] c.motelinteligente.dados.fprodutos - Executando consulta SQL: SELECT descricao FROM produtos WHERE idproduto = 26
2024-09-01 06:33:12 DEBUG [AWT-EventQueue-0] c.motelinteligente.dados.fprodutos - Executando consulta SQL: SELECT descricao FROM produtos WHERE idproduto = 3
2024-09-01 06:33:12 DEBUG [AWT-EventQueue-0] c.motelinteligente.dados.fprodutos - Executando consulta SQL: SELECT descricao FROM produtos WHERE idproduto = 1
2024-09-01 06:33:12 DEBUG [AWT-EventQueue-0] c.motelinteligente.dados.fprodutos - Executando consulta SQL: SELECT descricao FROM produtos WHERE idproduto = 23
2024-09-01 11:57:26 DEBUG [AWT-EventQueue-0] c.motelinteligente.dados.fprodutos - Executando consulta SQL: SELECT descricao FROM produtos WHERE idproduto = 26
2024-09-01 11:57:26 DEBUG [AWT-EventQueue-0] c.motelinteligente.dados.fprodutos - Executando consulta SQL: SELECT descricao FROM produtos WHERE idproduto = 3
2024-09-01 11:57:26 DEBUG [AWT-EventQueue-0] c.motelinteligente.dados.fprodutos - Executando consulta SQL: SELECT descricao FROM produtos WHERE idproduto = 1
2024-09-01 11:57:26 DEBUG [AWT-EventQueue-0] c.motelinteligente.dados.fprodutos - Executando consulta SQL: SELECT descricao FROM produtos WHERE idproduto = 23
2024-09-01 11:58:03 DEBUG [AWT-EventQueue-0] c.motelinteligente.dados.fprodutos - Executando consulta SQL: SELECT descricao FROM produtos WHERE idproduto = 26
2024-09-01 11:58:03 DEBUG [AWT-EventQueue-0] c.motelinteligente.dados.fprodutos - Executando consulta SQL: SELECT descricao FROM produtos WHERE idproduto = 3
2024-09-01 11:58:03 DEBUG [AWT-EventQueue-0] c.motelinteligente.dados.fprodutos - Executando consulta SQL: SELECT descricao FROM produtos WHERE idproduto = 1
2024-09-01 11:58:03 DEBUG [AWT-EventQueue-0] c.motelinteligente.dados.fprodutos - Executando consulta SQL: SELECT descricao FROM produtos WHERE idproduto = 23
2024-09-01 16:40:06 INFO  [Thread-1] c.m.d.MotelInteligenteApplication - Starting MotelInteligenteApplication using Java 20.0.2 with PID 12688 (C:\Users\MOTEL\Desktop\MotelInteligente\target\classes started by MOTEL in C:\Users\MOTEL\Desktop\MotelInteligente)
2024-09-01 16:40:06 DEBUG [Thread-1] c.m.d.MotelInteligenteApplication - Running with Spring Boot v3.3.1, Spring v6.1.10
2024-09-01 16:40:06 INFO  [Thread-1] c.m.d.MotelInteligenteApplication - No active profile set, falling back to 1 default profile: "default"
2024-09-01 16:40:09 INFO  [Thread-1] o.s.b.w.e.tomcat.TomcatWebServer - Tomcat initialized with port 1521 (http)
2024-09-01 16:40:09 INFO  [Thread-1] o.a.coyote.http11.Http11NioProtocol - Initializing ProtocolHandler ["http-nio-0.0.0.0-1521"]
2024-09-01 16:40:09 INFO  [Thread-1] o.a.catalina.core.StandardService - Starting service [Tomcat]
2024-09-01 16:40:09 INFO  [Thread-1] o.a.catalina.core.StandardEngine - Starting Servlet engine: [Apache Tomcat/10.1.25]
2024-09-01 16:40:09 INFO  [Thread-1] o.a.c.c.C.[Tomcat].[localhost].[/] - Initializing Spring embedded WebApplicationContext
2024-09-01 16:40:09 INFO  [Thread-1] o.s.b.w.s.c.ServletWebServerApplicationContext - Root WebApplicationContext: initialization completed in 3038 ms
2024-09-01 16:40:10 INFO  [Thread-1] o.a.coyote.http11.Http11NioProtocol - Starting ProtocolHandler ["http-nio-0.0.0.0-1521"]
2024-09-01 16:40:10 INFO  [Thread-1] o.s.b.w.e.tomcat.TomcatWebServer - Tomcat started on port 1521 (http) with context path '/'
2024-09-01 16:40:10 INFO  [Thread-1] c.m.d.MotelInteligenteApplication - Started MotelInteligenteApplication in 5.718 seconds (process running for 15.463)
2024-09-01 17:52:12 DEBUG [AWT-EventQueue-0] c.motelinteligente.dados.fprodutos - Executando consulta SQL: SELECT descricao FROM produtos WHERE idproduto = 7
2024-09-01 17:52:13 DEBUG [AWT-EventQueue-0] c.motelinteligente.dados.fprodutos - Executando consulta SQL: SELECT descricao FROM produtos WHERE idproduto = 77
2024-09-01 17:52:13 DEBUG [AWT-EventQueue-0] c.motelinteligente.dados.fprodutos - Executando consulta SQL: SELECT descricao FROM produtos WHERE idproduto = 77
2024-09-01 17:52:13 DEBUG [AWT-EventQueue-0] c.motelinteligente.dados.fprodutos - Executando consulta SQL: SELECT valorproduto FROM produtos WHERE idproduto = 77
2024-09-01 17:52:40 DEBUG [AWT-EventQueue-0] c.motelinteligente.dados.fprodutos - Executando consulta SQL: SELECT estoque FROM produtos WHERE idproduto = ?
2024-09-01 18:29:31 INFO  [http-nio-0.0.0.0-1521-exec-2] o.a.c.c.C.[Tomcat].[localhost].[/] - Initializing Spring DispatcherServlet 'dispatcherServlet'
2024-09-01 18:29:31 INFO  [http-nio-0.0.0.0-1521-exec-2] o.s.web.servlet.DispatcherServlet - Initializing Servlet 'dispatcherServlet'
2024-09-01 18:29:31 INFO  [http-nio-0.0.0.0-1521-exec-2] o.s.web.servlet.DispatcherServlet - Completed initialization in 20 ms
2024-09-01 20:52:20 DEBUG [AWT-EventQueue-0] c.motelinteligente.dados.fprodutos - Executando consulta SQL: SELECT descricao FROM produtos WHERE idproduto = 77
2024-09-01 22:55:59 DEBUG [AWT-EventQueue-0] c.motelinteligente.dados.fprodutos - Executando consulta SQL: SELECT descricao FROM produtos WHERE idproduto = 6
2024-09-01 22:56:01 DEBUG [AWT-EventQueue-0] c.motelinteligente.dados.fprodutos - Executando consulta SQL: SELECT descricao FROM produtos WHERE idproduto = 2
2024-09-01 22:56:01 DEBUG [AWT-EventQueue-0] c.motelinteligente.dados.fprodutos - Executando consulta SQL: SELECT descricao FROM produtos WHERE idproduto = 26
2024-09-01 22:56:03 DEBUG [AWT-EventQueue-0] c.motelinteligente.dados.fprodutos - Executando consulta SQL: SELECT descricao FROM produtos WHERE idproduto = 26
2024-09-01 22:56:03 DEBUG [AWT-EventQueue-0] c.motelinteligente.dados.fprodutos - Executando consulta SQL: SELECT valorproduto FROM produtos WHERE idproduto = 26
2024-09-01 22:56:05 DEBUG [AWT-EventQueue-0] c.motelinteligente.dados.fprodutos - Executando consulta SQL: SELECT descricao FROM produtos WHERE idproduto = 7
2024-09-01 22:56:05 DEBUG [AWT-EventQueue-0] c.motelinteligente.dados.fprodutos - Executando consulta SQL: SELECT descricao FROM produtos WHERE idproduto = 77
2024-09-01 22:56:07 DEBUG [AWT-EventQueue-0] c.motelinteligente.dados.fprodutos - Executando consulta SQL: SELECT descricao FROM produtos WHERE idproduto = 77
2024-09-01 22:56:07 DEBUG [AWT-EventQueue-0] c.motelinteligente.dados.fprodutos - Executando consulta SQL: SELECT valorproduto FROM produtos WHERE idproduto = 77
2024-09-01 23:16:36 DEBUG [AWT-EventQueue-0] c.motelinteligente.dados.fprodutos - Executando consulta SQL: SELECT descricao FROM produtos WHERE idproduto = 77
2024-09-01 23:22:58 DEBUG [AWT-EventQueue-0] c.motelinteligente.dados.fprodutos - Executando consulta SQL: SELECT descricao FROM produtos WHERE idproduto = 9
2024-09-01 23:23:00 DEBUG [AWT-EventQueue-0] c.motelinteligente.dados.fprodutos - Executando consulta SQL: SELECT descricao FROM produtos WHERE idproduto = 9
2024-09-01 23:23:00 DEBUG [AWT-EventQueue-0] c.motelinteligente.dados.fprodutos - Executando consulta SQL: SELECT valorproduto FROM produtos WHERE idproduto = 9
2024-09-01 23:23:49 DEBUG [AWT-EventQueue-0] c.motelinteligente.dados.fprodutos - Executando consulta SQL: SELECT estoque FROM produtos WHERE idproduto = ?
2024-09-01 23:25:41 DEBUG [AWT-EventQueue-0] c.motelinteligente.dados.fprodutos - Executando consulta SQL: SELECT descricao FROM produtos WHERE idproduto = 7
2024-09-01 23:25:42 DEBUG [AWT-EventQueue-0] c.motelinteligente.dados.fprodutos - Executando consulta SQL: SELECT descricao FROM produtos WHERE idproduto = 77
2024-09-01 23:25:43 DEBUG [AWT-EventQueue-0] c.motelinteligente.dados.fprodutos - Executando consulta SQL: SELECT descricao FROM produtos WHERE idproduto = 77
2024-09-01 23:25:43 DEBUG [AWT-EventQueue-0] c.motelinteligente.dados.fprodutos - Executando consulta SQL: SELECT valorproduto FROM produtos WHERE idproduto = 77
2024-09-01 23:25:43 DEBUG [AWT-EventQueue-0] c.motelinteligente.dados.fprodutos - Executando consulta SQL: SELECT descricao FROM produtos WHERE idproduto = 2
2024-09-01 23:25:43 DEBUG [AWT-EventQueue-0] c.motelinteligente.dados.fprodutos - Executando consulta SQL: SELECT descricao FROM produtos WHERE idproduto = 26
2024-09-01 23:25:44 DEBUG [AWT-EventQueue-0] c.motelinteligente.dados.fprodutos - Executando consulta SQL: SELECT descricao FROM produtos WHERE idproduto = 26
2024-09-01 23:25:44 DEBUG [AWT-EventQueue-0] c.motelinteligente.dados.fprodutos - Executando consulta SQL: SELECT valorproduto FROM produtos WHERE idproduto = 26
2024-09-01 23:26:59 DEBUG [AWT-EventQueue-0] c.motelinteligente.dados.fprodutos - Executando consulta SQL: SELECT estoque FROM produtos WHERE idproduto = ?
2024-09-01 23:26:59 DEBUG [AWT-EventQueue-0] c.motelinteligente.dados.fprodutos - Executando consulta SQL: SELECT estoque FROM produtos WHERE idproduto = ?
