2025-12-20 00:03:56.679 INFO  [Thread-1181] c.m.dados.CheckSincronia - Iniciando sincronização de registros...
2025-12-20 00:03:57.102 WARN  [Thread-1182] c.m.dados.CheckSincronia - CheckSincronia já em execução. Ignorando nova chamada.
2025-12-20 00:03:57.106 INFO  [Thread-1181] c.m.dados.CheckSincronia - Sincronização concluída.
2025-12-20 00:04:01.755 INFO  [Thread-1183] c.m.dados.CheckSincronia - Iniciando sincronização de registros...
2025-12-20 00:04:01.923 WARN  [Thread-1184] c.m.dados.CheckSincronia - CheckSincronia já em execução. Ignorando nova chamada.
2025-12-20 00:04:01.927 INFO  [Thread-1183] c.m.dados.CheckSincronia - Sincronização concluída.
2025-12-20 00:04:08.149 INFO  [Thread-1185] c.m.dados.CheckSincronia - Iniciando sincronização de registros...
2025-12-20 00:04:08.154 WARN  [Thread-1186] c.m.dados.CheckSincronia - CheckSincronia já em execução. Ignorando nova chamada.
2025-12-20 00:04:08.302 WARN  [Thread-1189] c.m.dados.CheckSincronia - CheckSincronia já em execução. Ignorando nova chamada.
2025-12-20 00:04:08.422 WARN  [Thread-1190] c.m.dados.CheckSincronia - CheckSincronia já em execução. Ignorando nova chamada.
2025-12-20 00:04:08.422 INFO  [Thread-1185] c.m.dados.CheckSincronia - Sincronização concluída.
2025-12-20 00:35:46.866 INFO  [Thread-1192] c.m.dados.CheckSincronia - Iniciando sincronização de registros...
2025-12-20 00:35:46.981 WARN  [Thread-1193] c.m.dados.CheckSincronia - CheckSincronia já em execução. Ignorando nova chamada.
2025-12-20 00:35:46.983 WARN  [Thread-1194] c.m.dados.CheckSincronia - CheckSincronia já em execução. Ignorando nova chamada.
2025-12-20 00:35:47.301 WARN  [Thread-1195] c.m.dados.CheckSincronia - CheckSincronia já em execução. Ignorando nova chamada.
2025-12-20 00:35:47.421 WARN  [Thread-1196] c.m.dados.CheckSincronia - CheckSincronia já em execução. Ignorando nova chamada.
2025-12-20 00:35:47.539 WARN  [Thread-1197] c.m.dados.CheckSincronia - CheckSincronia já em execução. Ignorando nova chamada.
2025-12-20 00:35:47.540 INFO  [Thread-1192] c.m.dados.CheckSincronia - Sincronização concluída.
2025-12-20 00:45:05.779 INFO  [Thread-10] c.m.dados.VerificaComandosRemotos - Comando 160 confirmado com sucesso.
2025-12-20 00:45:09.636 INFO  [Thread-10] c.m.dados.VerificaComandosRemotos - Comando 161 confirmado com sucesso.
2025-12-20 01:12:09.120 INFO  [Thread-1198] c.m.dados.CheckSincronia - Iniciando sincronização de registros...
2025-12-20 01:12:09.121 WARN  [Thread-1199] c.m.dados.CheckSincronia - CheckSincronia já em execução. Ignorando nova chamada.
2025-12-20 01:12:09.542 WARN  [Thread-1202] c.m.dados.CheckSincronia - CheckSincronia já em execução. Ignorando nova chamada.
2025-12-20 01:12:09.661 WARN  [Thread-1203] c.m.dados.CheckSincronia - CheckSincronia já em execução. Ignorando nova chamada.
2025-12-20 01:12:09.662 INFO  [Thread-1198] c.m.dados.CheckSincronia - Sincronização concluída.
2025-12-20 02:01:15.530 INFO  [Thread-1205] c.m.dados.CheckSincronia - Iniciando sincronização de registros...
2025-12-20 02:01:15.646 WARN  [Thread-1206] c.m.dados.CheckSincronia - CheckSincronia já em execução. Ignorando nova chamada.
2025-12-20 02:01:15.650 WARN  [Thread-1207] c.m.dados.CheckSincronia - CheckSincronia já em execução. Ignorando nova chamada.
2025-12-20 02:01:15.972 WARN  [Thread-1208] c.m.dados.CheckSincronia - CheckSincronia já em execução. Ignorando nova chamada.
2025-12-20 02:01:16.101 WARN  [Thread-1209] c.m.dados.CheckSincronia - CheckSincronia já em execução. Ignorando nova chamada.
2025-12-20 02:01:16.219 WARN  [Thread-1210] c.m.dados.CheckSincronia - CheckSincronia já em execução. Ignorando nova chamada.
2025-12-20 02:01:16.220 INFO  [Thread-1205] c.m.dados.CheckSincronia - Sincronização concluída.
2025-12-20 02:13:44.995 INFO  [Thread-1211] c.m.dados.CheckSincronia - Iniciando sincronização de registros...
2025-12-20 02:13:44.998 WARN  [Thread-1212] c.m.dados.CheckSincronia - CheckSincronia já em execução. Ignorando nova chamada.
2025-12-20 02:13:45.414 WARN  [Thread-1213] c.m.dados.CheckSincronia - CheckSincronia já em execução. Ignorando nova chamada.
2025-12-20 02:13:45.528 WARN  [Thread-1214] c.m.dados.CheckSincronia - CheckSincronia já em execução. Ignorando nova chamada.
2025-12-20 02:13:45.643 WARN  [Thread-1215] c.m.dados.CheckSincronia - CheckSincronia já em execução. Ignorando nova chamada.
2025-12-20 02:13:45.644 INFO  [Thread-1211] c.m.dados.CheckSincronia - Sincronização concluída.
2025-12-20 02:13:51.587 INFO  [Thread-1216] c.m.dados.CheckSincronia - Iniciando sincronização de registros...
2025-12-20 02:13:51.590 WARN  [Thread-1217] c.m.dados.CheckSincronia - CheckSincronia já em execução. Ignorando nova chamada.
2025-12-20 02:13:51.743 WARN  [Thread-1218] c.m.dados.CheckSincronia - CheckSincronia já em execução. Ignorando nova chamada.
2025-12-20 02:13:51.862 WARN  [Thread-1219] c.m.dados.CheckSincronia - CheckSincronia já em execução. Ignorando nova chamada.
2025-12-20 02:13:51.863 INFO  [Thread-1216] c.m.dados.CheckSincronia - Sincronização concluída.
2025-12-20 02:14:02.339 INFO  [Thread-1220] c.m.dados.CheckSincronia - Iniciando sincronização de registros...
2025-12-20 02:14:02.342 WARN  [Thread-1221] c.m.dados.CheckSincronia - CheckSincronia já em execução. Ignorando nova chamada.
2025-12-20 02:14:02.528 WARN  [Thread-1222] c.m.dados.CheckSincronia - CheckSincronia já em execução. Ignorando nova chamada.
2025-12-20 02:14:02.662 WARN  [Thread-1223] c.m.dados.CheckSincronia - CheckSincronia já em execução. Ignorando nova chamada.
2025-12-20 02:14:02.663 INFO  [Thread-1220] c.m.dados.CheckSincronia - Sincronização concluída.
2025-12-20 02:27:57.334 INFO  [Thread-1225] c.m.dados.CheckSincronia - Iniciando sincronização de registros...
2025-12-20 02:27:57.751 WARN  [Thread-1226] c.m.dados.CheckSincronia - CheckSincronia já em execução. Ignorando nova chamada.
2025-12-20 02:27:57.753 INFO  [Thread-1225] c.m.dados.CheckSincronia - Sincronização concluída.
2025-12-20 02:29:37.998 INFO  [Thread-1228] c.m.dados.CheckSincronia - Iniciando sincronização de registros...
2025-12-20 02:29:38.009 WARN  [Thread-1229] c.m.dados.CheckSincronia - CheckSincronia já em execução. Ignorando nova chamada.
2025-12-20 02:29:38.015 WARN  [Thread-1230] c.m.dados.CheckSincronia - CheckSincronia já em execução. Ignorando nova chamada.
2025-12-20 02:29:38.139 WARN  [Thread-1231] c.m.dados.CheckSincronia - CheckSincronia já em execução. Ignorando nova chamada.
2025-12-20 02:29:38.142 WARN  [Thread-1232] c.m.dados.CheckSincronia - CheckSincronia já em execução. Ignorando nova chamada.
2025-12-20 02:29:38.414 WARN  [Thread-1233] c.m.dados.CheckSincronia - CheckSincronia já em execução. Ignorando nova chamada.
2025-12-20 02:29:38.532 WARN  [Thread-1234] c.m.dados.CheckSincronia - CheckSincronia já em execução. Ignorando nova chamada.
2025-12-20 02:29:38.661 WARN  [Thread-1235] c.m.dados.CheckSincronia - CheckSincronia já em execução. Ignorando nova chamada.
2025-12-20 02:29:38.782 WARN  [Thread-1236] c.m.dados.CheckSincronia - CheckSincronia já em execução. Ignorando nova chamada.
2025-12-20 02:29:38.902 WARN  [Thread-1237] c.m.dados.CheckSincronia - CheckSincronia já em execução. Ignorando nova chamada.
2025-12-20 02:29:38.903 INFO  [Thread-1228] c.m.dados.CheckSincronia - Sincronização concluída.
2025-12-20 02:59:58.385 INFO  [scheduling-1] c.m.dados.Agendamentos - Executando a tarefa agendada para 03:00.
2025-12-20 03:00:02.301 INFO  [scheduling-1] c.m.dados.Agendamentos - Sincronização agendada concluída com sucesso.
2025-12-20 03:00:19.460 INFO  [Thread-1238] c.m.dados.CheckSincronia - Iniciando sincronização de registros...
2025-12-20 03:00:19.464 WARN  [Thread-1239] c.m.dados.CheckSincronia - CheckSincronia já em execução. Ignorando nova chamada.
2025-12-20 03:00:19.659 WARN  [Thread-1240] c.m.dados.CheckSincronia - CheckSincronia já em execução. Ignorando nova chamada.
2025-12-20 03:00:19.770 WARN  [Thread-1241] c.m.dados.CheckSincronia - CheckSincronia já em execução. Ignorando nova chamada.
2025-12-20 03:00:19.771 INFO  [Thread-1238] c.m.dados.CheckSincronia - Sincronização concluída.
2025-12-20 03:08:03.580 INFO  [Thread-1242] c.m.dados.CheckSincronia - Iniciando sincronização de registros...
2025-12-20 03:08:03.586 WARN  [Thread-1243] c.m.dados.CheckSincronia - CheckSincronia já em execução. Ignorando nova chamada.
2025-12-20 03:08:03.730 WARN  [Timer-0] c.m.dados.CheckSincronia - CheckSincronia já em execução. Ignorando nova chamada.
2025-12-20 03:08:03.758 WARN  [Thread-1246] c.m.dados.CheckSincronia - CheckSincronia já em execução. Ignorando nova chamada.
2025-12-20 03:08:03.884 WARN  [Thread-1247] c.m.dados.CheckSincronia - CheckSincronia já em execução. Ignorando nova chamada.
2025-12-20 03:08:03.885 INFO  [Thread-1242] c.m.dados.CheckSincronia - Sincronização concluída.
2025-12-20 03:11:42.519 INFO  [Thread-1248] c.m.dados.CheckSincronia - Iniciando sincronização de registros...
2025-12-20 03:11:42.937 WARN  [Thread-1249] c.m.dados.CheckSincronia - CheckSincronia já em execução. Ignorando nova chamada.
2025-12-20 03:11:42.939 INFO  [Thread-1248] c.m.dados.CheckSincronia - Sincronização concluída.
2025-12-20 03:30:01.407 INFO  [Thread-1250] c.m.dados.CheckSincronia - Iniciando sincronização de registros...
2025-12-20 03:30:01.835 WARN  [Thread-1251] c.m.dados.CheckSincronia - CheckSincronia já em execução. Ignorando nova chamada.
2025-12-20 03:30:01.838 INFO  [Thread-1250] c.m.dados.CheckSincronia - Sincronização concluída.
2025-12-20 03:31:44.238 INFO  [Thread-1253] c.m.dados.CheckSincronia - Iniciando sincronização de registros...
2025-12-20 03:31:44.355 WARN  [Thread-1254] c.m.dados.CheckSincronia - CheckSincronia já em execução. Ignorando nova chamada.
2025-12-20 03:31:44.358 WARN  [Thread-1255] c.m.dados.CheckSincronia - CheckSincronia já em execução. Ignorando nova chamada.
2025-12-20 03:31:44.650 WARN  [Thread-1256] c.m.dados.CheckSincronia - CheckSincronia já em execução. Ignorando nova chamada.
2025-12-20 03:31:44.729 WARN  [Timer-0] c.m.dados.CheckSincronia - CheckSincronia já em execução. Ignorando nova chamada.
2025-12-20 03:31:44.775 WARN  [Thread-1257] c.m.dados.CheckSincronia - CheckSincronia já em execução. Ignorando nova chamada.
2025-12-20 03:31:44.897 WARN  [Thread-1258] c.m.dados.CheckSincronia - CheckSincronia já em execução. Ignorando nova chamada.
2025-12-20 03:31:44.898 INFO  [Thread-1253] c.m.dados.CheckSincronia - Sincronização concluída.
2025-12-20 03:47:28.188 INFO  [Thread-1259] c.m.dados.CheckSincronia - Iniciando sincronização de registros...
2025-12-20 03:47:28.192 WARN  [Thread-1260] c.m.dados.CheckSincronia - CheckSincronia já em execução. Ignorando nova chamada.
2025-12-20 03:47:28.584 WARN  [Thread-1261] c.m.dados.CheckSincronia - CheckSincronia já em execução. Ignorando nova chamada.
2025-12-20 03:47:28.705 WARN  [Thread-1262] c.m.dados.CheckSincronia - CheckSincronia já em execução. Ignorando nova chamada.
2025-12-20 03:47:28.706 INFO  [Thread-1259] c.m.dados.CheckSincronia - Sincronização concluída.
2025-12-20 05:01:52.829 INFO  [Thread-1263] c.m.dados.CheckSincronia - Iniciando sincronização de registros...
2025-12-20 05:01:52.836 WARN  [Thread-1264] c.m.dados.CheckSincronia - CheckSincronia já em execução. Ignorando nova chamada.
2025-12-20 05:01:53.354 WARN  [Thread-1267] c.m.dados.CheckSincronia - CheckSincronia já em execução. Ignorando nova chamada.
2025-12-20 05:01:53.482 WARN  [Thread-1268] c.m.dados.CheckSincronia - CheckSincronia já em execução. Ignorando nova chamada.
2025-12-20 05:01:53.483 INFO  [Thread-1263] c.m.dados.CheckSincronia - Sincronização concluída.
2025-12-20 05:44:19.472 INFO  [Thread-1271] c.m.dados.CheckSincronia - Iniciando sincronização de registros...
2025-12-20 05:44:19.589 WARN  [Thread-1272] c.m.dados.CheckSincronia - CheckSincronia já em execução. Ignorando nova chamada.
2025-12-20 05:44:19.592 WARN  [Thread-1273] c.m.dados.CheckSincronia - CheckSincronia já em execução. Ignorando nova chamada.
2025-12-20 05:44:19.926 WARN  [Thread-1274] c.m.dados.CheckSincronia - CheckSincronia já em execução. Ignorando nova chamada.
2025-12-20 05:44:20.049 WARN  [Thread-1275] c.m.dados.CheckSincronia - CheckSincronia já em execução. Ignorando nova chamada.
2025-12-20 05:44:20.172 WARN  [Thread-1276] c.m.dados.CheckSincronia - CheckSincronia já em execução. Ignorando nova chamada.
2025-12-20 05:44:20.173 INFO  [Thread-1271] c.m.dados.CheckSincronia - Sincronização concluída.
2025-12-20 05:47:23.865 INFO  [Thread-1277] c.m.dados.CheckSincronia - Iniciando sincronização de registros...
2025-12-20 05:47:23.866 WARN  [Thread-1278] c.m.dados.CheckSincronia - CheckSincronia já em execução. Ignorando nova chamada.
2025-12-20 05:47:24.271 WARN  [Thread-1281] c.m.dados.CheckSincronia - CheckSincronia já em execução. Ignorando nova chamada.
2025-12-20 05:47:24.389 WARN  [Thread-1282] c.m.dados.CheckSincronia - CheckSincronia já em execução. Ignorando nova chamada.
2025-12-20 05:47:24.390 INFO  [Thread-1277] c.m.dados.CheckSincronia - Sincronização concluída.
2025-12-20 06:32:15.524 INFO  [Thread-1283] c.m.dados.CheckSincronia - Iniciando sincronização de registros...
2025-12-20 06:32:15.528 WARN  [Thread-1284] c.m.dados.CheckSincronia - CheckSincronia já em execução. Ignorando nova chamada.
2025-12-20 06:32:15.934 WARN  [Thread-1285] c.m.dados.CheckSincronia - CheckSincronia já em execução. Ignorando nova chamada.
2025-12-20 06:32:16.051 WARN  [Thread-1286] c.m.dados.CheckSincronia - CheckSincronia já em execução. Ignorando nova chamada.
2025-12-20 06:32:16.052 INFO  [Thread-1283] c.m.dados.CheckSincronia - Sincronização concluída.
2025-12-20 07:15:40.622 INFO  [Thread-1288] c.m.dados.CheckSincronia - Iniciando sincronização de registros...
2025-12-20 07:15:40.634 WARN  [Thread-1289] c.m.dados.CheckSincronia - CheckSincronia já em execução. Ignorando nova chamada.
2025-12-20 07:15:40.750 WARN  [Thread-1290] c.m.dados.CheckSincronia - CheckSincronia já em execução. Ignorando nova chamada.
2025-12-20 07:15:40.752 WARN  [Thread-1291] c.m.dados.CheckSincronia - CheckSincronia já em execução. Ignorando nova chamada.
2025-12-20 07:15:41.061 WARN  [Thread-1292] c.m.dados.CheckSincronia - CheckSincronia já em execução. Ignorando nova chamada.
2025-12-20 07:15:41.193 WARN  [Thread-1293] c.m.dados.CheckSincronia - CheckSincronia já em execução. Ignorando nova chamada.
2025-12-20 07:15:41.313 WARN  [Thread-1294] c.m.dados.CheckSincronia - CheckSincronia já em execução. Ignorando nova chamada.
2025-12-20 07:15:41.446 WARN  [Thread-1295] c.m.dados.CheckSincronia - CheckSincronia já em execução. Ignorando nova chamada.
2025-12-20 07:15:41.447 INFO  [Thread-1288] c.m.dados.CheckSincronia - Sincronização concluída.
2025-12-20 08:00:16.947 INFO  [Thread-1296] c.m.dados.CheckSincronia - Iniciando sincronização de registros...
2025-12-20 08:00:16.951 WARN  [Thread-1297] c.m.dados.CheckSincronia - CheckSincronia já em execução. Ignorando nova chamada.
2025-12-20 08:00:17.354 WARN  [Thread-1298] c.m.dados.CheckSincronia - CheckSincronia já em execução. Ignorando nova chamada.
2025-12-20 08:00:17.468 WARN  [Thread-1299] c.m.dados.CheckSincronia - CheckSincronia já em execução. Ignorando nova chamada.
2025-12-20 08:00:17.469 INFO  [Thread-1296] c.m.dados.CheckSincronia - Sincronização concluída.
2025-12-20 08:26:35.217 INFO  [Thread-1300] c.m.dados.CheckSincronia - Iniciando sincronização de registros...
2025-12-20 08:26:35.220 WARN  [Thread-1301] c.m.dados.CheckSincronia - CheckSincronia já em execução. Ignorando nova chamada.
2025-12-20 08:26:35.638 WARN  [Thread-1304] c.m.dados.CheckSincronia - CheckSincronia já em execução. Ignorando nova chamada.
2025-12-20 08:26:35.763 WARN  [Thread-1305] c.m.dados.CheckSincronia - CheckSincronia já em execução. Ignorando nova chamada.
2025-12-20 08:26:35.764 INFO  [Thread-1300] c.m.dados.CheckSincronia - Sincronização concluída.
2025-12-20 08:32:01.079 INFO  [Thread-1306] c.m.dados.CheckSincronia - Iniciando sincronização de registros...
2025-12-20 08:32:01.080 WARN  [Thread-1307] c.m.dados.CheckSincronia - CheckSincronia já em execução. Ignorando nova chamada.
2025-12-20 08:32:01.500 WARN  [Thread-1310] c.m.dados.CheckSincronia - CheckSincronia já em execução. Ignorando nova chamada.
2025-12-20 08:32:01.623 WARN  [Thread-1311] c.m.dados.CheckSincronia - CheckSincronia já em execução. Ignorando nova chamada.
2025-12-20 08:32:01.624 INFO  [Thread-1306] c.m.dados.CheckSincronia - Sincronização concluída.
2025-12-20 08:48:14.332 INFO  [Thread-1312] c.m.dados.CheckSincronia - Iniciando sincronização de registros...
2025-12-20 08:48:14.338 WARN  [Thread-1313] c.m.dados.CheckSincronia - CheckSincronia já em execução. Ignorando nova chamada.
2025-12-20 08:48:14.749 WARN  [Thread-1316] c.m.dados.CheckSincronia - CheckSincronia já em execução. Ignorando nova chamada.
2025-12-20 08:48:14.874 WARN  [Thread-1317] c.m.dados.CheckSincronia - CheckSincronia já em execução. Ignorando nova chamada.
2025-12-20 08:48:14.876 INFO  [Thread-1312] c.m.dados.CheckSincronia - Sincronização concluída.
2025-12-20 08:51:37.994 INFO  [Thread-1319] c.m.dados.CheckSincronia - Iniciando sincronização de registros...
2025-12-20 08:51:38.106 WARN  [Thread-1320] c.m.dados.CheckSincronia - CheckSincronia já em execução. Ignorando nova chamada.
2025-12-20 08:51:38.109 WARN  [Thread-1321] c.m.dados.CheckSincronia - CheckSincronia já em execução. Ignorando nova chamada.
2025-12-20 08:51:38.421 WARN  [Thread-1322] c.m.dados.CheckSincronia - CheckSincronia já em execução. Ignorando nova chamada.
2025-12-20 08:51:38.537 WARN  [Thread-1323] c.m.dados.CheckSincronia - CheckSincronia já em execução. Ignorando nova chamada.
2025-12-20 08:51:38.650 WARN  [Thread-1324] c.m.dados.CheckSincronia - CheckSincronia já em execução. Ignorando nova chamada.
2025-12-20 08:51:38.651 INFO  [Thread-1319] c.m.dados.CheckSincronia - Sincronização concluída.
2025-12-20 08:56:20.212 INFO  [Thread-1325] c.m.dados.CheckSincronia - Iniciando sincronização de registros...
2025-12-20 08:56:20.218 WARN  [Thread-1326] c.m.dados.CheckSincronia - CheckSincronia já em execução. Ignorando nova chamada.
2025-12-20 08:56:20.618 WARN  [Thread-1329] c.m.dados.CheckSincronia - CheckSincronia já em execução. Ignorando nova chamada.
2025-12-20 08:56:20.737 WARN  [Thread-1330] c.m.dados.CheckSincronia - CheckSincronia já em execução. Ignorando nova chamada.
2025-12-20 08:56:20.738 INFO  [Thread-1325] c.m.dados.CheckSincronia - Sincronização concluída.
2025-12-20 09:13:09.884 INFO  [Thread-1331] c.m.dados.CheckSincronia - Iniciando sincronização de registros...
2025-12-20 09:13:09.885 WARN  [Thread-1332] c.m.dados.CheckSincronia - CheckSincronia já em execução. Ignorando nova chamada.
2025-12-20 09:13:10.294 WARN  [Thread-1333] c.m.dados.CheckSincronia - CheckSincronia já em execução. Ignorando nova chamada.
2025-12-20 09:13:10.414 WARN  [Thread-1334] c.m.dados.CheckSincronia - CheckSincronia já em execução. Ignorando nova chamada.
2025-12-20 09:13:10.415 INFO  [Thread-1331] c.m.dados.CheckSincronia - Sincronização concluída.
2025-12-20 09:15:19.158 INFO  [Thread-1336] c.m.dados.CheckSincronia - Iniciando sincronização de registros...
2025-12-20 09:15:19.275 WARN  [Thread-1337] c.m.dados.CheckSincronia - CheckSincronia já em execução. Ignorando nova chamada.
2025-12-20 09:15:19.277 WARN  [Thread-1338] c.m.dados.CheckSincronia - CheckSincronia já em execução. Ignorando nova chamada.
2025-12-20 09:15:19.571 WARN  [Thread-1339] c.m.dados.CheckSincronia - CheckSincronia já em execução. Ignorando nova chamada.
2025-12-20 09:15:19.697 WARN  [Thread-1340] c.m.dados.CheckSincronia - CheckSincronia já em execução. Ignorando nova chamada.
2025-12-20 09:15:19.730 WARN  [Timer-0] c.m.dados.CheckSincronia - CheckSincronia já em execução. Ignorando nova chamada.
2025-12-20 09:15:19.819 WARN  [Thread-1341] c.m.dados.CheckSincronia - CheckSincronia já em execução. Ignorando nova chamada.
2025-12-20 09:15:19.820 INFO  [Thread-1336] c.m.dados.CheckSincronia - Sincronização concluída.
2025-12-20 09:19:11.045 INFO  [Thread-1342] c.m.dados.CheckSincronia - Iniciando sincronização de registros...
2025-12-20 09:19:11.047 WARN  [Thread-1343] c.m.dados.CheckSincronia - CheckSincronia já em execução. Ignorando nova chamada.
2025-12-20 09:19:11.454 WARN  [Thread-1346] c.m.dados.CheckSincronia - CheckSincronia já em execução. Ignorando nova chamada.
2025-12-20 09:19:11.573 WARN  [Thread-1347] c.m.dados.CheckSincronia - CheckSincronia já em execução. Ignorando nova chamada.
2025-12-20 09:19:11.574 INFO  [Thread-1342] c.m.dados.CheckSincronia - Sincronização concluída.
2025-12-20 09:21:17.470 INFO  [Thread-1348] c.m.dados.CheckSincronia - Iniciando sincronização de registros...
2025-12-20 09:21:17.474 WARN  [Thread-1349] c.m.dados.CheckSincronia - CheckSincronia já em execução. Ignorando nova chamada.
2025-12-20 09:21:17.882 WARN  [Thread-1350] c.m.dados.CheckSincronia - CheckSincronia já em execução. Ignorando nova chamada.
2025-12-20 09:21:18.002 WARN  [Thread-1351] c.m.dados.CheckSincronia - CheckSincronia já em execução. Ignorando nova chamada.
2025-12-20 09:21:18.003 INFO  [Thread-1348] c.m.dados.CheckSincronia - Sincronização concluída.
2025-12-20 09:21:20.383 INFO  [Thread-1352] c.m.dados.CheckSincronia - Iniciando sincronização de registros...
2025-12-20 09:21:20.387 WARN  [Thread-1353] c.m.dados.CheckSincronia - CheckSincronia já em execução. Ignorando nova chamada.
2025-12-20 09:21:20.533 WARN  [Thread-1354] c.m.dados.CheckSincronia - CheckSincronia já em execução. Ignorando nova chamada.
2025-12-20 09:21:20.651 WARN  [Thread-1355] c.m.dados.CheckSincronia - CheckSincronia já em execução. Ignorando nova chamada.
2025-12-20 09:21:20.652 INFO  [Thread-1352] c.m.dados.CheckSincronia - Sincronização concluída.
2025-12-20 09:37:46.429 INFO  [Thread-1357] c.m.dados.CheckSincronia - Iniciando sincronização de registros...
2025-12-20 09:37:46.545 WARN  [Thread-1358] c.m.dados.CheckSincronia - CheckSincronia já em execução. Ignorando nova chamada.
2025-12-20 09:37:46.548 WARN  [Thread-1359] c.m.dados.CheckSincronia - CheckSincronia já em execução. Ignorando nova chamada.
2025-12-20 09:37:46.856 WARN  [Thread-1360] c.m.dados.CheckSincronia - CheckSincronia já em execução. Ignorando nova chamada.
2025-12-20 09:37:46.971 WARN  [Thread-1361] c.m.dados.CheckSincronia - CheckSincronia já em execução. Ignorando nova chamada.
2025-12-20 09:37:47.093 WARN  [Thread-1362] c.m.dados.CheckSincronia - CheckSincronia já em execução. Ignorando nova chamada.
2025-12-20 09:37:47.094 INFO  [Thread-1357] c.m.dados.CheckSincronia - Sincronização concluída.
2025-12-20 09:42:04.423 INFO  [Thread-1363] c.m.dados.CheckSincronia - Iniciando sincronização de registros...
2025-12-20 09:42:04.424 WARN  [Thread-1364] c.m.dados.CheckSincronia - CheckSincronia já em execução. Ignorando nova chamada.
2025-12-20 09:42:04.849 WARN  [Thread-1367] c.m.dados.CheckSincronia - CheckSincronia já em execução. Ignorando nova chamada.
2025-12-20 09:42:04.973 WARN  [Thread-1368] c.m.dados.CheckSincronia - CheckSincronia já em execução. Ignorando nova chamada.
2025-12-20 09:42:04.974 INFO  [Thread-1363] c.m.dados.CheckSincronia - Sincronização concluída.
2025-12-20 09:45:47.813 INFO  [Thread-1369] c.m.dados.CheckSincronia - Iniciando sincronização de registros...
2025-12-20 09:45:48.229 WARN  [Thread-1370] c.m.dados.CheckSincronia - CheckSincronia já em execução. Ignorando nova chamada.
2025-12-20 09:45:48.232 INFO  [Thread-1369] c.m.dados.CheckSincronia - Sincronização concluída.
2025-12-20 09:45:50.452 INFO  [Thread-1371] c.m.dados.CheckSincronia - Iniciando sincronização de registros...
2025-12-20 09:45:50.602 WARN  [Thread-1372] c.m.dados.CheckSincronia - CheckSincronia já em execução. Ignorando nova chamada.
2025-12-20 09:45:50.605 INFO  [Thread-1371] c.m.dados.CheckSincronia - Sincronização concluída.
2025-12-20 10:11:52.100 INFO  [Thread-1373] c.m.dados.CheckSincronia - Iniciando sincronização de registros...
2025-12-20 10:11:52.504 WARN  [Thread-1374] c.m.dados.CheckSincronia - CheckSincronia já em execução. Ignorando nova chamada.
2025-12-20 10:11:52.506 INFO  [Thread-1373] c.m.dados.CheckSincronia - Sincronização concluída.
2025-12-20 10:13:14.920 INFO  [Thread-1376] c.m.dados.CheckSincronia - Iniciando sincronização de registros...
2025-12-20 10:13:15.030 WARN  [Thread-1377] c.m.dados.CheckSincronia - CheckSincronia já em execução. Ignorando nova chamada.
2025-12-20 10:13:15.032 WARN  [Thread-1378] c.m.dados.CheckSincronia - CheckSincronia já em execução. Ignorando nova chamada.
2025-12-20 10:13:15.337 WARN  [Thread-1379] c.m.dados.CheckSincronia - CheckSincronia já em execução. Ignorando nova chamada.
2025-12-20 10:13:15.456 WARN  [Thread-1380] c.m.dados.CheckSincronia - CheckSincronia já em execução. Ignorando nova chamada.
2025-12-20 10:13:15.570 WARN  [Thread-1381] c.m.dados.CheckSincronia - CheckSincronia já em execução. Ignorando nova chamada.
2025-12-20 10:13:15.571 INFO  [Thread-1376] c.m.dados.CheckSincronia - Sincronização concluída.
2025-12-20 10:39:11.349 INFO  [Thread-1383] c.m.dados.CheckSincronia - Iniciando sincronização de registros...
2025-12-20 10:39:11.464 WARN  [Thread-1384] c.m.dados.CheckSincronia - CheckSincronia já em execução. Ignorando nova chamada.
2025-12-20 10:39:11.468 WARN  [Thread-1385] c.m.dados.CheckSincronia - CheckSincronia já em execução. Ignorando nova chamada.
2025-12-20 10:39:11.830 WARN  [Thread-1386] c.m.dados.CheckSincronia - CheckSincronia já em execução. Ignorando nova chamada.
2025-12-20 10:39:11.959 WARN  [Thread-1387] c.m.dados.CheckSincronia - CheckSincronia já em execução. Ignorando nova chamada.
2025-12-20 10:39:12.109 WARN  [Thread-1388] c.m.dados.CheckSincronia - CheckSincronia já em execução. Ignorando nova chamada.
2025-12-20 10:39:12.110 INFO  [Thread-1383] c.m.dados.CheckSincronia - Sincronização concluída.
2025-12-20 10:48:57.516 INFO  [Thread-1389] c.m.dados.CheckSincronia - Iniciando sincronização de registros...
2025-12-20 10:48:57.521 WARN  [Thread-1390] c.m.dados.CheckSincronia - CheckSincronia já em execução. Ignorando nova chamada.
2025-12-20 10:48:57.923 WARN  [Thread-1391] c.m.dados.CheckSincronia - CheckSincronia já em execução. Ignorando nova chamada.
2025-12-20 10:48:58.046 WARN  [Thread-1392] c.m.dados.CheckSincronia - CheckSincronia já em execução. Ignorando nova chamada.
2025-12-20 10:48:58.047 INFO  [Thread-1389] c.m.dados.CheckSincronia - Sincronização concluída.
2025-12-20 10:49:00.893 INFO  [Thread-1393] c.m.dados.CheckSincronia - Iniciando sincronização de registros...
2025-12-20 10:49:01.048 WARN  [Thread-1394] c.m.dados.CheckSincronia - CheckSincronia já em execução. Ignorando nova chamada.
2025-12-20 10:49:01.049 INFO  [Thread-1393] c.m.dados.CheckSincronia - Sincronização concluída.
2025-12-20 10:49:23.021 INFO  [Thread-1395] c.m.dados.CheckSincronia - Iniciando sincronização de registros...
2025-12-20 10:49:23.195 WARN  [Thread-1396] c.m.dados.CheckSincronia - CheckSincronia já em execução. Ignorando nova chamada.
2025-12-20 10:49:23.198 INFO  [Thread-1395] c.m.dados.CheckSincronia - Sincronização concluída.
2025-12-20 10:59:01.301 INFO  [Thread-1397] c.m.dados.CheckSincronia - Iniciando sincronização de registros...
2025-12-20 10:59:01.303 WARN  [Thread-1398] c.m.dados.CheckSincronia - CheckSincronia já em execução. Ignorando nova chamada.
2025-12-20 10:59:01.712 WARN  [Thread-1401] c.m.dados.CheckSincronia - CheckSincronia já em execução. Ignorando nova chamada.
2025-12-20 10:59:01.832 WARN  [Thread-1402] c.m.dados.CheckSincronia - CheckSincronia já em execução. Ignorando nova chamada.
2025-12-20 10:59:01.833 INFO  [Thread-1397] c.m.dados.CheckSincronia - Sincronização concluída.
2025-12-20 11:19:40.856 INFO  [Thread-1404] c.m.dados.CheckSincronia - Iniciando sincronização de registros...
2025-12-20 11:19:40.865 WARN  [Thread-1405] c.m.dados.CheckSincronia - CheckSincronia já em execução. Ignorando nova chamada.
2025-12-20 11:19:40.983 WARN  [Thread-1406] c.m.dados.CheckSincronia - CheckSincronia já em execução. Ignorando nova chamada.
2025-12-20 11:19:40.985 WARN  [Thread-1407] c.m.dados.CheckSincronia - CheckSincronia já em execução. Ignorando nova chamada.
2025-12-20 11:19:41.303 WARN  [Thread-1408] c.m.dados.CheckSincronia - CheckSincronia já em execução. Ignorando nova chamada.
2025-12-20 11:19:41.436 WARN  [Thread-1409] c.m.dados.CheckSincronia - CheckSincronia já em execução. Ignorando nova chamada.
2025-12-20 11:19:41.559 WARN  [Thread-1410] c.m.dados.CheckSincronia - CheckSincronia já em execução. Ignorando nova chamada.
2025-12-20 11:19:41.681 WARN  [Thread-1411] c.m.dados.CheckSincronia - CheckSincronia já em execução. Ignorando nova chamada.
2025-12-20 11:19:41.682 INFO  [Thread-1404] c.m.dados.CheckSincronia - Sincronização concluída.
2025-12-20 11:38:30.717 INFO  [Thread-1412] c.m.dados.CheckSincronia - Iniciando sincronização de registros...
2025-12-20 11:38:31.157 WARN  [Thread-1413] c.m.dados.CheckSincronia - CheckSincronia já em execução. Ignorando nova chamada.
2025-12-20 11:38:31.159 INFO  [Thread-1412] c.m.dados.CheckSincronia - Sincronização concluída.
2025-12-20 11:59:58.387 INFO  [scheduling-1] c.m.dados.Agendamentos - Verificando se há nova versão do sistema...
2025-12-20 11:59:58.690 INFO  [scheduling-1] c.m.dados.Agendamentos - Nenhuma atualização disponível no momento.
2025-12-20 12:00:14.341 INFO  [Thread-1414] c.m.dados.CheckSincronia - Iniciando sincronização de registros...
2025-12-20 12:00:14.777 WARN  [Thread-1415] c.m.dados.CheckSincronia - CheckSincronia já em execução. Ignorando nova chamada.
2025-12-20 12:00:14.780 INFO  [Thread-1414] c.m.dados.CheckSincronia - Sincronização concluída.
2025-12-20 12:00:22.340 INFO  [Thread-1416] c.m.dados.CheckSincronia - Iniciando sincronização de registros...
2025-12-20 12:00:22.498 WARN  [Thread-1417] c.m.dados.CheckSincronia - CheckSincronia já em execução. Ignorando nova chamada.
2025-12-20 12:00:22.501 INFO  [Thread-1416] c.m.dados.CheckSincronia - Sincronização concluída.
2025-12-20 12:52:47.436 INFO  [Thread-1418] c.m.dados.CheckSincronia - Iniciando sincronização de registros...
2025-12-20 12:52:47.452 WARN  [Thread-1419] c.m.dados.CheckSincronia - CheckSincronia já em execução. Ignorando nova chamada.
2025-12-20 12:52:47.729 WARN  [Timer-0] c.m.dados.CheckSincronia - CheckSincronia já em execução. Ignorando nova chamada.
2025-12-20 12:52:47.861 WARN  [Thread-1422] c.m.dados.CheckSincronia - CheckSincronia já em execução. Ignorando nova chamada.
2025-12-20 12:52:47.977 WARN  [Thread-1423] c.m.dados.CheckSincronia - CheckSincronia já em execução. Ignorando nova chamada.
2025-12-20 12:52:47.978 INFO  [Thread-1418] c.m.dados.CheckSincronia - Sincronização concluída.
2025-12-20 13:24:13.112 INFO  [Thread-1425] c.m.dados.CheckSincronia - Iniciando sincronização de registros...
2025-12-20 13:24:13.231 WARN  [Thread-1426] c.m.dados.CheckSincronia - CheckSincronia já em execução. Ignorando nova chamada.
2025-12-20 13:24:13.234 WARN  [Thread-1427] c.m.dados.CheckSincronia - CheckSincronia já em execução. Ignorando nova chamada.
2025-12-20 13:24:13.571 WARN  [Thread-1428] c.m.dados.CheckSincronia - CheckSincronia já em execução. Ignorando nova chamada.
2025-12-20 13:24:13.696 WARN  [Thread-1429] c.m.dados.CheckSincronia - CheckSincronia já em execução. Ignorando nova chamada.
2025-12-20 13:24:13.811 WARN  [Thread-1430] c.m.dados.CheckSincronia - CheckSincronia já em execução. Ignorando nova chamada.
2025-12-20 13:24:13.812 INFO  [Thread-1425] c.m.dados.CheckSincronia - Sincronização concluída.
2025-12-20 13:36:43.625 INFO  [Thread-10] c.m.dados.VerificaComandosRemotos - Comando 162 confirmado com sucesso.
2025-12-20 13:45:01.033 INFO  [Thread-1431] c.m.dados.CheckSincronia - Iniciando sincronização de registros...
2025-12-20 13:45:01.037 WARN  [Thread-1432] c.m.dados.CheckSincronia - CheckSincronia já em execução. Ignorando nova chamada.
2025-12-20 13:45:01.444 WARN  [Thread-1433] c.m.dados.CheckSincronia - CheckSincronia já em execução. Ignorando nova chamada.
2025-12-20 13:45:01.566 WARN  [Thread-1434] c.m.dados.CheckSincronia - CheckSincronia já em execução. Ignorando nova chamada.
2025-12-20 13:45:01.701 WARN  [Thread-1435] c.m.dados.CheckSincronia - CheckSincronia já em execução. Ignorando nova chamada.
2025-12-20 13:45:01.702 INFO  [Thread-1431] c.m.dados.CheckSincronia - Sincronização concluída.
2025-12-20 13:45:03.961 INFO  [Thread-1436] c.m.dados.CheckSincronia - Iniciando sincronização de registros...
2025-12-20 13:45:03.967 WARN  [Thread-1437] c.m.dados.CheckSincronia - CheckSincronia já em execução. Ignorando nova chamada.
2025-12-20 13:45:04.122 WARN  [Thread-1438] c.m.dados.CheckSincronia - CheckSincronia já em execução. Ignorando nova chamada.
2025-12-20 13:45:04.253 WARN  [Thread-1439] c.m.dados.CheckSincronia - CheckSincronia já em execução. Ignorando nova chamada.
2025-12-20 13:45:04.255 INFO  [Thread-1436] c.m.dados.CheckSincronia - Sincronização concluída.
2025-12-20 14:26:50.857 INFO  [Thread-1440] c.m.dados.CheckSincronia - Iniciando sincronização de registros...
2025-12-20 14:26:51.295 WARN  [Thread-1441] c.m.dados.CheckSincronia - CheckSincronia já em execução. Ignorando nova chamada.
2025-12-20 14:26:51.297 INFO  [Thread-1440] c.m.dados.CheckSincronia - Sincronização concluída.
2025-12-20 14:38:15.414 INFO  [Thread-1442] c.m.dados.CheckSincronia - Iniciando sincronização de registros...
2025-12-20 14:38:15.417 WARN  [Thread-1443] c.m.dados.CheckSincronia - CheckSincronia já em execução. Ignorando nova chamada.
2025-12-20 14:38:15.730 WARN  [Timer-0] c.m.dados.CheckSincronia - CheckSincronia já em execução. Ignorando nova chamada.
2025-12-20 14:38:15.836 WARN  [Thread-1446] c.m.dados.CheckSincronia - CheckSincronia já em execução. Ignorando nova chamada.
2025-12-20 14:38:15.953 WARN  [Thread-1447] c.m.dados.CheckSincronia - CheckSincronia já em execução. Ignorando nova chamada.
2025-12-20 14:38:15.954 INFO  [Thread-1442] c.m.dados.CheckSincronia - Sincronização concluída.
2025-12-20 14:39:14.831 INFO  [Thread-1448] c.m.dados.CheckSincronia - Iniciando sincronização de registros...
2025-12-20 14:39:15.260 WARN  [Thread-1449] c.m.dados.CheckSincronia - CheckSincronia já em execução. Ignorando nova chamada.
2025-12-20 14:39:15.263 INFO  [Thread-1448] c.m.dados.CheckSincronia - Sincronização concluída.
2025-12-20 14:54:08.576 WARN  [Thread-1451] c.m.dados.CheckSincronia - CheckSincronia já em execução. Ignorando nova chamada.
2025-12-20 14:54:08.597 INFO  [Thread-1450] c.m.dados.CheckSincronia - Iniciando sincronização de registros...
2025-12-20 14:54:09.022 WARN  [Thread-1454] c.m.dados.CheckSincronia - CheckSincronia já em execução. Ignorando nova chamada.
2025-12-20 14:54:09.144 WARN  [Thread-1455] c.m.dados.CheckSincronia - CheckSincronia já em execução. Ignorando nova chamada.
2025-12-20 14:54:09.146 INFO  [Thread-1450] c.m.dados.CheckSincronia - Sincronização concluída.
2025-12-20 14:54:19.673 INFO  [Thread-1456] c.m.dados.CheckSincronia - Iniciando sincronização de registros...
2025-12-20 14:54:19.829 WARN  [Thread-1457] c.m.dados.CheckSincronia - CheckSincronia já em execução. Ignorando nova chamada.
2025-12-20 14:54:19.834 INFO  [Thread-1456] c.m.dados.CheckSincronia - Sincronização concluída.
2025-12-20 16:15:59.622 INFO  [Thread-1458] c.m.dados.CheckSincronia - Iniciando sincronização de registros...
2025-12-20 16:15:59.627 WARN  [Thread-1459] c.m.dados.CheckSincronia - CheckSincronia já em execução. Ignorando nova chamada.
2025-12-20 16:16:00.062 WARN  [Thread-1462] c.m.dados.CheckSincronia - CheckSincronia já em execução. Ignorando nova chamada.
2025-12-20 16:16:00.198 WARN  [Thread-1463] c.m.dados.CheckSincronia - CheckSincronia já em execução. Ignorando nova chamada.
2025-12-20 16:16:00.199 INFO  [Thread-1458] c.m.dados.CheckSincronia - Sincronização concluída.
2025-12-20 16:42:35.098 INFO  [Thread-1464] c.m.dados.CheckSincronia - Iniciando sincronização de registros...
2025-12-20 16:42:35.099 WARN  [Thread-1465] c.m.dados.CheckSincronia - CheckSincronia já em execução. Ignorando nova chamada.
2025-12-20 16:42:35.505 WARN  [Thread-1468] c.m.dados.CheckSincronia - CheckSincronia já em execução. Ignorando nova chamada.
2025-12-20 16:42:35.626 WARN  [Thread-1469] c.m.dados.CheckSincronia - CheckSincronia já em execução. Ignorando nova chamada.
2025-12-20 16:42:35.627 INFO  [Thread-1464] c.m.dados.CheckSincronia - Sincronização concluída.
2025-12-20 16:51:13.538 INFO  [Thread-1472] c.m.dados.CheckSincronia - Iniciando sincronização de registros...
2025-12-20 16:51:13.655 WARN  [Thread-1473] c.m.dados.CheckSincronia - CheckSincronia já em execução. Ignorando nova chamada.
2025-12-20 16:51:13.659 WARN  [Thread-1474] c.m.dados.CheckSincronia - CheckSincronia já em execução. Ignorando nova chamada.
2025-12-20 16:51:13.949 WARN  [Thread-1475] c.m.dados.CheckSincronia - CheckSincronia já em execução. Ignorando nova chamada.
2025-12-20 16:51:14.069 WARN  [Thread-1476] c.m.dados.CheckSincronia - CheckSincronia já em execução. Ignorando nova chamada.
2025-12-20 16:51:14.187 WARN  [Thread-1477] c.m.dados.CheckSincronia - CheckSincronia já em execução. Ignorando nova chamada.
2025-12-20 16:51:14.188 INFO  [Thread-1472] c.m.dados.CheckSincronia - Sincronização concluída.
2025-12-20 17:04:22.424 INFO  [Thread-1478] c.m.dados.CheckSincronia - Iniciando sincronização de registros...
2025-12-20 17:04:22.829 WARN  [Thread-1479] c.m.dados.CheckSincronia - CheckSincronia já em execução. Ignorando nova chamada.
2025-12-20 17:04:22.831 INFO  [Thread-1478] c.m.dados.CheckSincronia - Sincronização concluída.
2025-12-20 17:10:20.207 INFO  [Thread-1481] c.m.dados.CheckSincronia - Iniciando sincronização de registros...
2025-12-20 17:10:20.224 WARN  [Thread-1482] c.m.dados.CheckSincronia - CheckSincronia já em execução. Ignorando nova chamada.
2025-12-20 17:10:20.228 WARN  [Thread-1483] c.m.dados.CheckSincronia - CheckSincronia já em execução. Ignorando nova chamada.
2025-12-20 17:10:20.344 WARN  [Thread-1484] c.m.dados.CheckSincronia - CheckSincronia já em execução. Ignorando nova chamada.
2025-12-20 17:10:20.350 WARN  [Thread-1485] c.m.dados.CheckSincronia - CheckSincronia já em execução. Ignorando nova chamada.
2025-12-20 17:10:20.632 WARN  [Thread-1486] c.m.dados.CheckSincronia - CheckSincronia já em execução. Ignorando nova chamada.
2025-12-20 17:10:20.752 WARN  [Thread-1487] c.m.dados.CheckSincronia - CheckSincronia já em execução. Ignorando nova chamada.
2025-12-20 17:10:20.881 WARN  [Thread-1488] c.m.dados.CheckSincronia - CheckSincronia já em execução. Ignorando nova chamada.
2025-12-20 17:10:20.999 WARN  [Thread-1489] c.m.dados.CheckSincronia - CheckSincronia já em execução. Ignorando nova chamada.
2025-12-20 17:10:21.120 WARN  [Thread-1490] c.m.dados.CheckSincronia - CheckSincronia já em execução. Ignorando nova chamada.
2025-12-20 17:10:21.121 INFO  [Thread-1481] c.m.dados.CheckSincronia - Sincronização concluída.
2025-12-20 17:11:03.074 INFO  [Thread-1491] c.m.dados.CheckSincronia - Iniciando sincronização de registros...
2025-12-20 17:11:03.080 WARN  [Thread-1492] c.m.dados.CheckSincronia - CheckSincronia já em execução. Ignorando nova chamada.
2025-12-20 17:11:03.493 WARN  [Thread-1493] c.m.dados.CheckSincronia - CheckSincronia já em execução. Ignorando nova chamada.
2025-12-20 17:11:03.617 WARN  [Thread-1494] c.m.dados.CheckSincronia - CheckSincronia já em execução. Ignorando nova chamada.
2025-12-20 17:11:03.618 INFO  [Thread-1491] c.m.dados.CheckSincronia - Sincronização concluída.
2025-12-20 17:33:27.069 INFO  [Thread-1496] c.m.dados.CheckSincronia - Iniciando sincronização de registros...
2025-12-20 17:33:27.186 WARN  [Thread-1497] c.m.dados.CheckSincronia - CheckSincronia já em execução. Ignorando nova chamada.
2025-12-20 17:33:27.193 WARN  [Thread-1498] c.m.dados.CheckSincronia - CheckSincronia já em execução. Ignorando nova chamada.
2025-12-20 17:33:27.492 WARN  [Thread-1499] c.m.dados.CheckSincronia - CheckSincronia já em execução. Ignorando nova chamada.
2025-12-20 17:33:27.616 WARN  [Thread-1500] c.m.dados.CheckSincronia - CheckSincronia já em execução. Ignorando nova chamada.
2025-12-20 17:33:27.735 WARN  [Thread-1501] c.m.dados.CheckSincronia - CheckSincronia já em execução. Ignorando nova chamada.
2025-12-20 17:33:27.736 INFO  [Thread-1496] c.m.dados.CheckSincronia - Sincronização concluída.
2025-12-20 18:03:23.443 INFO  [Thread-1502] c.m.dados.CheckSincronia - Iniciando sincronização de registros...
2025-12-20 18:03:23.444 WARN  [Thread-1503] c.m.dados.CheckSincronia - CheckSincronia já em execução. Ignorando nova chamada.
2025-12-20 18:03:23.863 WARN  [Thread-1506] c.m.dados.CheckSincronia - CheckSincronia já em execução. Ignorando nova chamada.
2025-12-20 18:03:23.981 WARN  [Thread-1507] c.m.dados.CheckSincronia - CheckSincronia já em execução. Ignorando nova chamada.
2025-12-20 18:03:23.982 INFO  [Thread-1502] c.m.dados.CheckSincronia - Sincronização concluída.
2025-12-20 18:03:27.640 INFO  [Thread-1508] c.m.dados.CheckSincronia - Iniciando sincronização de registros...
2025-12-20 18:03:27.644 WARN  [Thread-1509] c.m.dados.CheckSincronia - CheckSincronia já em execução. Ignorando nova chamada.
2025-12-20 18:03:27.792 WARN  [Thread-1510] c.m.dados.CheckSincronia - CheckSincronia já em execução. Ignorando nova chamada.
2025-12-20 18:03:27.910 WARN  [Thread-1511] c.m.dados.CheckSincronia - CheckSincronia já em execução. Ignorando nova chamada.
2025-12-20 18:03:27.911 INFO  [Thread-1508] c.m.dados.CheckSincronia - Sincronização concluída.
2025-12-20 18:12:59.894 INFO  [Thread-1513] c.m.dados.CheckSincronia - Iniciando sincronização de registros...
2025-12-20 18:13:00.003 WARN  [Thread-1514] c.m.dados.CheckSincronia - CheckSincronia já em execução. Ignorando nova chamada.
2025-12-20 18:13:00.008 WARN  [Thread-1515] c.m.dados.CheckSincronia - CheckSincronia já em execução. Ignorando nova chamada.
2025-12-20 18:13:00.354 WARN  [Thread-1516] c.m.dados.CheckSincronia - CheckSincronia já em execução. Ignorando nova chamada.
2025-12-20 18:13:00.503 WARN  [Thread-1517] c.m.dados.CheckSincronia - CheckSincronia já em execução. Ignorando nova chamada.
2025-12-20 18:13:00.651 WARN  [Thread-1518] c.m.dados.CheckSincronia - CheckSincronia já em execução. Ignorando nova chamada.
2025-12-20 18:13:00.652 INFO  [Thread-1513] c.m.dados.CheckSincronia - Sincronização concluída.
2025-12-20 18:30:37.965 INFO  [Thread-1521] c.m.dados.CheckSincronia - Iniciando sincronização de registros...
2025-12-20 18:30:38.379 WARN  [Thread-1522] c.m.dados.CheckSincronia - CheckSincronia já em execução. Ignorando nova chamada.
2025-12-20 18:30:38.383 INFO  [Thread-1521] c.m.dados.CheckSincronia - Sincronização concluída.
2025-12-20 18:30:45.205 INFO  [Thread-1524] c.m.dados.CheckSincronia - Iniciando sincronização de registros...
2025-12-20 18:30:45.208 WARN  [Thread-1525] c.m.dados.CheckSincronia - CheckSincronia já em execução. Ignorando nova chamada.
2025-12-20 18:30:45.329 WARN  [Thread-1526] c.m.dados.CheckSincronia - CheckSincronia já em execução. Ignorando nova chamada.
2025-12-20 18:30:45.331 WARN  [Thread-1527] c.m.dados.CheckSincronia - CheckSincronia já em execução. Ignorando nova chamada.
2025-12-20 18:30:45.373 WARN  [Thread-1528] c.m.dados.CheckSincronia - CheckSincronia já em execução. Ignorando nova chamada.
2025-12-20 18:30:45.495 WARN  [Thread-1529] c.m.dados.CheckSincronia - CheckSincronia já em execução. Ignorando nova chamada.
2025-12-20 18:30:45.615 WARN  [Thread-1530] c.m.dados.CheckSincronia - CheckSincronia já em execução. Ignorando nova chamada.
2025-12-20 18:30:45.727 WARN  [Thread-1531] c.m.dados.CheckSincronia - CheckSincronia já em execução. Ignorando nova chamada.
2025-12-20 18:30:45.728 INFO  [Thread-1524] c.m.dados.CheckSincronia - Sincronização concluída.
2025-12-20 18:30:49.341 INFO  [Thread-1532] c.m.dados.CheckSincronia - Iniciando sincronização de registros...
2025-12-20 18:30:49.344 WARN  [Thread-1533] c.m.dados.CheckSincronia - CheckSincronia já em execução. Ignorando nova chamada.
2025-12-20 18:30:49.494 WARN  [Thread-1534] c.m.dados.CheckSincronia - CheckSincronia já em execução. Ignorando nova chamada.
2025-12-20 18:30:49.614 WARN  [Thread-1535] c.m.dados.CheckSincronia - CheckSincronia já em execução. Ignorando nova chamada.
2025-12-20 18:30:49.615 INFO  [Thread-1532] c.m.dados.CheckSincronia - Sincronização concluída.
2025-12-20 18:31:04.028 INFO  [Thread-1536] c.m.dados.CheckSincronia - Iniciando sincronização de registros...
2025-12-20 18:31:04.194 WARN  [Thread-1537] c.m.dados.CheckSincronia - CheckSincronia já em execução. Ignorando nova chamada.
2025-12-20 18:31:04.196 INFO  [Thread-1536] c.m.dados.CheckSincronia - Sincronização concluída.
2025-12-20 18:31:07.279 INFO  [Thread-1538] c.m.dados.CheckSincronia - Iniciando sincronização de registros...
2025-12-20 18:31:07.427 WARN  [Thread-1539] c.m.dados.CheckSincronia - CheckSincronia já em execução. Ignorando nova chamada.
2025-12-20 18:31:07.429 INFO  [Thread-1538] c.m.dados.CheckSincronia - Sincronização concluída.
2025-12-20 18:35:31.132 INFO  [Thread-1542] c.m.dados.CheckSincronia - Iniciando sincronização de registros...
2025-12-20 18:35:31.534 WARN  [Thread-1543] c.m.dados.CheckSincronia - CheckSincronia já em execução. Ignorando nova chamada.
2025-12-20 18:35:31.537 INFO  [Thread-1542] c.m.dados.CheckSincronia - Sincronização concluída.
2025-12-20 19:07:21.858 INFO  [Thread-10] c.m.dados.VerificaComandosRemotos - Comando 163 confirmado com sucesso.
2025-12-20 19:19:30.154 INFO  [Thread-1545] c.m.dados.CheckSincronia - Iniciando sincronização de registros...
2025-12-20 19:19:30.158 WARN  [Thread-1546] c.m.dados.CheckSincronia - CheckSincronia já em execução. Ignorando nova chamada.
2025-12-20 19:19:30.163 WARN  [Thread-1547] c.m.dados.CheckSincronia - CheckSincronia já em execução. Ignorando nova chamada.
2025-12-20 19:19:30.188 INFO  [Thread-10] c.m.dados.VerificaComandosRemotos - Comando 164 confirmado com sucesso.
2025-12-20 19:19:30.558 WARN  [Thread-1548] c.m.dados.CheckSincronia - CheckSincronia já em execução. Ignorando nova chamada.
2025-12-20 19:19:30.671 WARN  [Thread-1549] c.m.dados.CheckSincronia - CheckSincronia já em execução. Ignorando nova chamada.
2025-12-20 19:19:30.787 WARN  [Thread-1550] c.m.dados.CheckSincronia - CheckSincronia já em execução. Ignorando nova chamada.
2025-12-20 19:19:30.906 WARN  [Thread-1551] c.m.dados.CheckSincronia - CheckSincronia já em execução. Ignorando nova chamada.
2025-12-20 19:19:30.907 INFO  [Thread-1545] c.m.dados.CheckSincronia - Sincronização concluída.
2025-12-20 19:22:52.556 INFO  [Thread-10] c.m.dados.VerificaComandosRemotos - Comando 165 confirmado com sucesso.
2025-12-20 19:23:23.720 INFO  [Thread-10] c.m.dados.VerificaComandosRemotos - Comando 166 confirmado com sucesso.
2025-12-20 19:23:28.812 INFO  [Thread-10] c.m.dados.VerificaComandosRemotos - Comando 167 confirmado com sucesso.
2025-12-20 19:32:33.169 INFO  [Thread-1552] c.m.dados.CheckSincronia - Iniciando sincronização de registros...
2025-12-20 19:32:33.171 WARN  [Thread-1553] c.m.dados.CheckSincronia - CheckSincronia já em execução. Ignorando nova chamada.
2025-12-20 19:32:33.573 WARN  [Thread-1556] c.m.dados.CheckSincronia - CheckSincronia já em execução. Ignorando nova chamada.
2025-12-20 19:32:33.692 WARN  [Thread-1557] c.m.dados.CheckSincronia - CheckSincronia já em execução. Ignorando nova chamada.
2025-12-20 19:32:33.693 INFO  [Thread-1552] c.m.dados.CheckSincronia - Sincronização concluída.
2025-12-20 19:34:20.095 INFO  [Thread-1558] c.m.dados.CheckSincronia - Iniciando sincronização de registros...
2025-12-20 19:34:20.512 WARN  [Thread-1559] c.m.dados.CheckSincronia - CheckSincronia já em execução. Ignorando nova chamada.
2025-12-20 19:34:20.515 INFO  [Thread-1558] c.m.dados.CheckSincronia - Sincronização concluída.
2025-12-20 19:34:22.792 INFO  [Thread-1560] c.m.dados.CheckSincronia - Iniciando sincronização de registros...
2025-12-20 19:34:22.948 WARN  [Thread-1561] c.m.dados.CheckSincronia - CheckSincronia já em execução. Ignorando nova chamada.
2025-12-20 19:34:22.952 INFO  [Thread-1560] c.m.dados.CheckSincronia - Sincronização concluída.
2025-12-20 19:34:25.739 INFO  [Thread-1562] c.m.dados.CheckSincronia - Iniciando sincronização de registros...
2025-12-20 19:34:25.892 WARN  [Thread-1563] c.m.dados.CheckSincronia - CheckSincronia já em execução. Ignorando nova chamada.
2025-12-20 19:34:25.894 INFO  [Thread-1562] c.m.dados.CheckSincronia - Sincronização concluída.
2025-12-20 19:40:37.017 INFO  [Thread-1564] c.m.dados.CheckSincronia - Iniciando sincronização de registros...
2025-12-20 19:40:37.431 WARN  [Thread-1565] c.m.dados.CheckSincronia - CheckSincronia já em execução. Ignorando nova chamada.
2025-12-20 19:40:37.433 INFO  [Thread-1564] c.m.dados.CheckSincronia - Sincronização concluída.
2025-12-20 20:04:48.913 WARN  [Thread-1567] c.m.dados.CheckSincronia - CheckSincronia já em execução. Ignorando nova chamada.
2025-12-20 20:04:48.914 INFO  [Thread-1566] c.m.dados.CheckSincronia - Iniciando sincronização de registros...
2025-12-20 20:04:49.332 WARN  [Thread-1570] c.m.dados.CheckSincronia - CheckSincronia já em execução. Ignorando nova chamada.
2025-12-20 20:04:49.451 WARN  [Thread-1571] c.m.dados.CheckSincronia - CheckSincronia já em execução. Ignorando nova chamada.
2025-12-20 20:04:49.452 INFO  [Thread-1566] c.m.dados.CheckSincronia - Sincronização concluída.
2025-12-20 20:09:14.496 INFO  [Thread-1572] c.m.dados.CheckSincronia - Iniciando sincronização de registros...
2025-12-20 20:09:14.729 WARN  [Timer-0] c.m.dados.CheckSincronia - CheckSincronia já em execução. Ignorando nova chamada.
2025-12-20 20:09:14.919 WARN  [Thread-1573] c.m.dados.CheckSincronia - CheckSincronia já em execução. Ignorando nova chamada.
2025-12-20 20:09:14.923 INFO  [Thread-1572] c.m.dados.CheckSincronia - Sincronização concluída.
2025-12-20 20:09:36.280 INFO  [Thread-1574] c.m.dados.CheckSincronia - Iniciando sincronização de registros...
2025-12-20 20:09:36.435 WARN  [Thread-1575] c.m.dados.CheckSincronia - CheckSincronia já em execução. Ignorando nova chamada.
2025-12-20 20:09:36.437 INFO  [Thread-1574] c.m.dados.CheckSincronia - Sincronização concluída.
2025-12-20 20:09:39.867 INFO  [Thread-1576] c.m.dados.CheckSincronia - Iniciando sincronização de registros...
2025-12-20 20:09:40.037 WARN  [Thread-1577] c.m.dados.CheckSincronia - CheckSincronia já em execução. Ignorando nova chamada.
2025-12-20 20:09:40.042 INFO  [Thread-1576] c.m.dados.CheckSincronia - Sincronização concluída.
2025-12-20 20:15:48.425 INFO  [Thread-1579] c.m.dados.CheckSincronia - Iniciando sincronização de registros...
2025-12-20 20:15:48.426 WARN  [Thread-1580] c.m.dados.CheckSincronia - CheckSincronia já em execução. Ignorando nova chamada.
2025-12-20 20:15:48.846 WARN  [Thread-1583] c.m.dados.CheckSincronia - CheckSincronia já em execução. Ignorando nova chamada.
2025-12-20 20:15:48.974 WARN  [Thread-1584] c.m.dados.CheckSincronia - CheckSincronia já em execução. Ignorando nova chamada.
2025-12-20 20:15:48.975 INFO  [Thread-1579] c.m.dados.CheckSincronia - Sincronização concluída.
2025-12-20 20:16:18.446 INFO  [Thread-1586] c.m.dados.CheckSincronia - Iniciando sincronização de registros...
2025-12-20 20:16:18.859 WARN  [Thread-1587] c.m.dados.CheckSincronia - CheckSincronia já em execução. Ignorando nova chamada.
2025-12-20 20:16:18.863 INFO  [Thread-1586] c.m.dados.CheckSincronia - Sincronização concluída.
2025-12-20 20:16:24.081 INFO  [Thread-1589] c.m.dados.CheckSincronia - Iniciando sincronização de registros...
2025-12-20 20:16:24.241 WARN  [Thread-1590] c.m.dados.CheckSincronia - CheckSincronia já em execução. Ignorando nova chamada.
2025-12-20 20:16:24.246 INFO  [Thread-1589] c.m.dados.CheckSincronia - Sincronização concluída.
2025-12-20 20:45:34.751 INFO  [Thread-1591] c.m.dados.CheckSincronia - Iniciando sincronização de registros...
2025-12-20 20:45:35.184 WARN  [Thread-1592] c.m.dados.CheckSincronia - CheckSincronia já em execução. Ignorando nova chamada.
2025-12-20 20:45:35.186 INFO  [Thread-1591] c.m.dados.CheckSincronia - Sincronização concluída.
2025-12-20 20:57:09.811 INFO  [Thread-1597] c.m.dados.CheckSincronia - Iniciando sincronização de registros...
2025-12-20 20:57:09.812 WARN  [Thread-1598] c.m.dados.CheckSincronia - CheckSincronia já em execução. Ignorando nova chamada.
2025-12-20 20:57:09.815 WARN  [Thread-1599] c.m.dados.CheckSincronia - CheckSincronia já em execução. Ignorando nova chamada.
2025-12-20 20:57:09.819 WARN  [Thread-1600] c.m.dados.CheckSincronia - CheckSincronia já em execução. Ignorando nova chamada.
2025-12-20 20:57:09.823 WARN  [Thread-1601] c.m.dados.CheckSincronia - CheckSincronia já em execução. Ignorando nova chamada.
2025-12-20 20:57:09.826 WARN  [Thread-1602] c.m.dados.CheckSincronia - CheckSincronia já em execução. Ignorando nova chamada.
2025-12-20 20:57:09.828 WARN  [Thread-1603] c.m.dados.CheckSincronia - CheckSincronia já em execução. Ignorando nova chamada.
2025-12-20 20:57:09.831 WARN  [Thread-1604] c.m.dados.CheckSincronia - CheckSincronia já em execução. Ignorando nova chamada.
2025-12-20 20:57:09.834 WARN  [Thread-1605] c.m.dados.CheckSincronia - CheckSincronia já em execução. Ignorando nova chamada.
2025-12-20 20:57:09.840 WARN  [Thread-1606] c.m.dados.CheckSincronia - CheckSincronia já em execução. Ignorando nova chamada.
2025-12-20 20:57:09.844 WARN  [Thread-1607] c.m.dados.CheckSincronia - CheckSincronia já em execução. Ignorando nova chamada.
2025-12-20 20:57:09.847 WARN  [Thread-1608] c.m.dados.CheckSincronia - CheckSincronia já em execução. Ignorando nova chamada.
2025-12-20 20:57:09.850 WARN  [Thread-1609] c.m.dados.CheckSincronia - CheckSincronia já em execução. Ignorando nova chamada.
2025-12-20 20:57:09.856 WARN  [Thread-1610] c.m.dados.CheckSincronia - CheckSincronia já em execução. Ignorando nova chamada.
2025-12-20 20:57:09.858 WARN  [Thread-1611] c.m.dados.CheckSincronia - CheckSincronia já em execução. Ignorando nova chamada.
2025-12-20 20:57:09.863 WARN  [Thread-1612] c.m.dados.CheckSincronia - CheckSincronia já em execução. Ignorando nova chamada.
2025-12-20 20:57:09.866 WARN  [Thread-1613] c.m.dados.CheckSincronia - CheckSincronia já em execução. Ignorando nova chamada.
2025-12-20 20:57:09.993 WARN  [Thread-1614] c.m.dados.CheckSincronia - CheckSincronia já em execução. Ignorando nova chamada.
2025-12-20 20:57:09.995 WARN  [Thread-1615] c.m.dados.CheckSincronia - CheckSincronia já em execução. Ignorando nova chamada.
2025-12-20 20:57:10.263 WARN  [Thread-1616] c.m.dados.CheckSincronia - CheckSincronia já em execução. Ignorando nova chamada.
2025-12-20 20:57:10.383 WARN  [Thread-1617] c.m.dados.CheckSincronia - CheckSincronia já em execução. Ignorando nova chamada.
2025-12-20 20:57:10.503 WARN  [Thread-1618] c.m.dados.CheckSincronia - CheckSincronia já em execução. Ignorando nova chamada.
2025-12-20 20:57:10.623 WARN  [Thread-1619] c.m.dados.CheckSincronia - CheckSincronia já em execução. Ignorando nova chamada.
2025-12-20 20:57:10.732 WARN  [Thread-1620] c.m.dados.CheckSincronia - CheckSincronia já em execução. Ignorando nova chamada.
2025-12-20 20:57:10.844 WARN  [Thread-1621] c.m.dados.CheckSincronia - CheckSincronia já em execução. Ignorando nova chamada.
2025-12-20 20:57:10.961 WARN  [Thread-1622] c.m.dados.CheckSincronia - CheckSincronia já em execução. Ignorando nova chamada.
2025-12-20 20:57:11.078 WARN  [Thread-1623] c.m.dados.CheckSincronia - CheckSincronia já em execução. Ignorando nova chamada.
2025-12-20 20:57:11.189 WARN  [Thread-1624] c.m.dados.CheckSincronia - CheckSincronia já em execução. Ignorando nova chamada.
2025-12-20 20:57:11.296 WARN  [Thread-1625] c.m.dados.CheckSincronia - CheckSincronia já em execução. Ignorando nova chamada.
2025-12-20 20:57:11.404 WARN  [Thread-1626] c.m.dados.CheckSincronia - CheckSincronia já em execução. Ignorando nova chamada.
2025-12-20 20:57:11.516 WARN  [Thread-1627] c.m.dados.CheckSincronia - CheckSincronia já em execução. Ignorando nova chamada.
2025-12-20 20:57:11.624 WARN  [Thread-1628] c.m.dados.CheckSincronia - CheckSincronia já em execução. Ignorando nova chamada.
2025-12-20 20:57:11.730 WARN  [Timer-0] c.m.dados.CheckSincronia - CheckSincronia já em execução. Ignorando nova chamada.
2025-12-20 20:57:11.735 WARN  [Thread-1629] c.m.dados.CheckSincronia - CheckSincronia já em execução. Ignorando nova chamada.
2025-12-20 20:57:11.844 WARN  [Thread-1630] c.m.dados.CheckSincronia - CheckSincronia já em execução. Ignorando nova chamada.
2025-12-20 20:57:11.952 WARN  [Thread-1631] c.m.dados.CheckSincronia - CheckSincronia já em execução. Ignorando nova chamada.
2025-12-20 20:57:12.064 WARN  [Thread-1632] c.m.dados.CheckSincronia - CheckSincronia já em execução. Ignorando nova chamada.
2025-12-20 20:57:12.171 WARN  [Thread-1633] c.m.dados.CheckSincronia - CheckSincronia já em execução. Ignorando nova chamada.
2025-12-20 20:57:12.279 WARN  [Thread-1634] c.m.dados.CheckSincronia - CheckSincronia já em execução. Ignorando nova chamada.
2025-12-20 20:57:12.280 INFO  [Thread-1597] c.m.dados.CheckSincronia - Sincronização concluída.
2025-12-20 20:57:20.574 INFO  [Thread-1635] c.m.dados.CheckSincronia - Iniciando sincronização de registros...
2025-12-20 20:57:20.583 WARN  [Thread-1636] c.m.dados.CheckSincronia - CheckSincronia já em execução. Ignorando nova chamada.
2025-12-20 20:57:20.724 WARN  [Thread-1639] c.m.dados.CheckSincronia - CheckSincronia já em execução. Ignorando nova chamada.
2025-12-20 20:57:20.834 WARN  [Thread-1640] c.m.dados.CheckSincronia - CheckSincronia já em execução. Ignorando nova chamada.
2025-12-20 20:57:20.835 INFO  [Thread-1635] c.m.dados.CheckSincronia - Sincronização concluída.
2025-12-20 20:57:32.678 INFO  [Thread-1641] c.m.dados.CheckSincronia - Iniciando sincronização de registros...
2025-12-20 20:57:32.730 WARN  [Timer-0] c.m.dados.CheckSincronia - CheckSincronia já em execução. Ignorando nova chamada.
2025-12-20 20:57:32.825 WARN  [Thread-1642] c.m.dados.CheckSincronia - CheckSincronia já em execução. Ignorando nova chamada.
2025-12-20 20:57:32.826 INFO  [Thread-1641] c.m.dados.CheckSincronia - Sincronização concluída.
2025-12-20 21:12:01.026 WARN  [Thread-1644] c.m.dados.CheckSincronia - CheckSincronia já em execução. Ignorando nova chamada.
2025-12-20 21:12:01.027 INFO  [Thread-1643] c.m.dados.CheckSincronia - Iniciando sincronização de registros...
2025-12-20 21:12:01.537 WARN  [Thread-1647] c.m.dados.CheckSincronia - CheckSincronia já em execução. Ignorando nova chamada.
2025-12-20 21:12:01.666 WARN  [Thread-1648] c.m.dados.CheckSincronia - CheckSincronia já em execução. Ignorando nova chamada.
2025-12-20 21:12:01.667 INFO  [Thread-1643] c.m.dados.CheckSincronia - Sincronização concluída.
2025-12-20 21:12:24.485 INFO  [Thread-1650] c.m.dados.CheckSincronia - Iniciando sincronização de registros...
2025-12-20 21:12:24.642 WARN  [Thread-1651] c.m.dados.CheckSincronia - CheckSincronia já em execução. Ignorando nova chamada.
2025-12-20 21:12:24.646 INFO  [Thread-1650] c.m.dados.CheckSincronia - Sincronização concluída.
2025-12-20 21:12:53.904 INFO  [Thread-1654] c.m.dados.CheckSincronia - Iniciando sincronização de registros...
2025-12-20 21:12:54.057 WARN  [Thread-1655] c.m.dados.CheckSincronia - CheckSincronia já em execução. Ignorando nova chamada.
2025-12-20 21:12:54.063 INFO  [Thread-1654] c.m.dados.CheckSincronia - Sincronização concluída.
2025-12-20 21:13:26.288 INFO  [Thread-1657] c.m.dados.CheckSincronia - Iniciando sincronização de registros...
2025-12-20 21:13:26.438 WARN  [Thread-1658] c.m.dados.CheckSincronia - CheckSincronia já em execução. Ignorando nova chamada.
2025-12-20 21:13:26.442 INFO  [Thread-1657] c.m.dados.CheckSincronia - Sincronização concluída.
2025-12-20 21:13:46.666 INFO  [Thread-1660] c.m.dados.CheckSincronia - Iniciando sincronização de registros...
2025-12-20 21:13:46.668 WARN  [Thread-1661] c.m.dados.CheckSincronia - CheckSincronia já em execução. Ignorando nova chamada.
2025-12-20 21:13:46.793 WARN  [Thread-1662] c.m.dados.CheckSincronia - CheckSincronia já em execução. Ignorando nova chamada.
2025-12-20 21:13:46.795 WARN  [Thread-1663] c.m.dados.CheckSincronia - CheckSincronia já em execução. Ignorando nova chamada.
2025-12-20 21:13:46.841 WARN  [Thread-1664] c.m.dados.CheckSincronia - CheckSincronia já em execução. Ignorando nova chamada.
2025-12-20 21:13:46.963 WARN  [Thread-1665] c.m.dados.CheckSincronia - CheckSincronia já em execução. Ignorando nova chamada.
2025-12-20 21:13:47.084 WARN  [Thread-1666] c.m.dados.CheckSincronia - CheckSincronia já em execução. Ignorando nova chamada.
2025-12-20 21:13:47.211 WARN  [Thread-1667] c.m.dados.CheckSincronia - CheckSincronia já em execução. Ignorando nova chamada.
2025-12-20 21:13:47.212 INFO  [Thread-1660] c.m.dados.CheckSincronia - Sincronização concluída.
2025-12-20 21:13:54.564 INFO  [Thread-1668] c.m.dados.CheckSincronia - Iniciando sincronização de registros...
2025-12-20 21:13:54.566 WARN  [Thread-1669] c.m.dados.CheckSincronia - CheckSincronia já em execução. Ignorando nova chamada.
2025-12-20 21:13:54.723 WARN  [Thread-1670] c.m.dados.CheckSincronia - CheckSincronia já em execução. Ignorando nova chamada.
2025-12-20 21:13:54.840 WARN  [Thread-1671] c.m.dados.CheckSincronia - CheckSincronia já em execução. Ignorando nova chamada.
2025-12-20 21:13:54.841 INFO  [Thread-1668] c.m.dados.CheckSincronia - Sincronização concluída.
2025-12-20 21:14:45.706 INFO  [Thread-1673] c.m.dados.CheckSincronia - Iniciando sincronização de registros...
2025-12-20 21:14:46.125 WARN  [Thread-1674] c.m.dados.CheckSincronia - CheckSincronia já em execução. Ignorando nova chamada.
2025-12-20 21:14:46.128 INFO  [Thread-1673] c.m.dados.CheckSincronia - Sincronização concluída.
2025-12-20 21:40:59.022 WARN  [Thread-1678] c.m.dados.CheckSincronia - CheckSincronia já em execução. Ignorando nova chamada.
2025-12-20 21:40:59.024 INFO  [Thread-1677] c.m.dados.CheckSincronia - Iniciando sincronização de registros...
2025-12-20 21:40:59.140 WARN  [Thread-1679] c.m.dados.CheckSincronia - CheckSincronia já em execução. Ignorando nova chamada.
2025-12-20 21:40:59.142 WARN  [Thread-1680] c.m.dados.CheckSincronia - CheckSincronia já em execução. Ignorando nova chamada.
2025-12-20 21:40:59.445 WARN  [Thread-1681] c.m.dados.CheckSincronia - CheckSincronia já em execução. Ignorando nova chamada.
2025-12-20 21:40:59.563 WARN  [Thread-1682] c.m.dados.CheckSincronia - CheckSincronia já em execução. Ignorando nova chamada.
2025-12-20 21:40:59.687 WARN  [Thread-1683] c.m.dados.CheckSincronia - CheckSincronia já em execução. Ignorando nova chamada.
2025-12-20 21:40:59.802 WARN  [Thread-1684] c.m.dados.CheckSincronia - CheckSincronia já em execução. Ignorando nova chamada.
2025-12-20 21:40:59.803 INFO  [Thread-1677] c.m.dados.CheckSincronia - Sincronização concluída.
2025-12-20 21:44:33.384 INFO  [Thread-1685] c.m.dados.CheckSincronia - Iniciando sincronização de registros...
2025-12-20 21:44:33.387 WARN  [Thread-1686] c.m.dados.CheckSincronia - CheckSincronia já em execução. Ignorando nova chamada.
2025-12-20 21:44:33.730 WARN  [Timer-0] c.m.dados.CheckSincronia - CheckSincronia já em execução. Ignorando nova chamada.
2025-12-20 21:44:33.792 WARN  [Thread-1689] c.m.dados.CheckSincronia - CheckSincronia já em execução. Ignorando nova chamada.
2025-12-20 21:44:33.905 WARN  [Thread-1690] c.m.dados.CheckSincronia - CheckSincronia já em execução. Ignorando nova chamada.
2025-12-20 21:44:33.906 INFO  [Thread-1685] c.m.dados.CheckSincronia - Sincronização concluída.
2025-12-20 21:56:54.583 INFO  [Thread-1691] c.m.dados.CheckSincronia - Iniciando sincronização de registros...
2025-12-20 21:56:54.993 WARN  [Thread-1692] c.m.dados.CheckSincronia - CheckSincronia já em execução. Ignorando nova chamada.
2025-12-20 21:56:54.995 INFO  [Thread-1691] c.m.dados.CheckSincronia - Sincronização concluída.
2025-12-20 22:31:16.063 INFO  [Thread-1693] c.m.dados.CheckSincronia - Iniciando sincronização de registros...
2025-12-20 22:31:16.466 WARN  [Thread-1694] c.m.dados.CheckSincronia - CheckSincronia já em execução. Ignorando nova chamada.
2025-12-20 22:31:16.468 INFO  [Thread-1693] c.m.dados.CheckSincronia - Sincronização concluída.
2025-12-20 22:31:29.751 INFO  [Thread-1695] c.m.dados.CheckSincronia - Iniciando sincronização de registros...
2025-12-20 22:31:29.902 WARN  [Thread-1696] c.m.dados.CheckSincronia - CheckSincronia já em execução. Ignorando nova chamada.
2025-12-20 22:31:29.908 INFO  [Thread-1695] c.m.dados.CheckSincronia - Sincronização concluída.
2025-12-20 22:31:33.134 INFO  [Thread-1697] c.m.dados.CheckSincronia - Iniciando sincronização de registros...
2025-12-20 22:31:33.291 WARN  [Thread-1698] c.m.dados.CheckSincronia - CheckSincronia já em execução. Ignorando nova chamada.
2025-12-20 22:31:33.294 INFO  [Thread-1697] c.m.dados.CheckSincronia - Sincronização concluída.
2025-12-20 22:41:24.103 INFO  [Thread-1700] c.m.dados.CheckSincronia - Iniciando sincronização de registros...
2025-12-20 22:41:24.117 WARN  [Thread-1701] c.m.dados.CheckSincronia - CheckSincronia já em execução. Ignorando nova chamada.
2025-12-20 22:41:24.237 WARN  [Thread-1702] c.m.dados.CheckSincronia - CheckSincronia já em execução. Ignorando nova chamada.
2025-12-20 22:41:24.240 WARN  [Thread-1703] c.m.dados.CheckSincronia - CheckSincronia já em execução. Ignorando nova chamada.
2025-12-20 22:41:24.522 WARN  [Thread-1704] c.m.dados.CheckSincronia - CheckSincronia já em execução. Ignorando nova chamada.
2025-12-20 22:41:24.641 WARN  [Thread-1705] c.m.dados.CheckSincronia - CheckSincronia já em execução. Ignorando nova chamada.
2025-12-20 22:41:24.752 WARN  [Thread-1706] c.m.dados.CheckSincronia - CheckSincronia já em execução. Ignorando nova chamada.
2025-12-20 22:41:24.863 WARN  [Thread-1707] c.m.dados.CheckSincronia - CheckSincronia já em execução. Ignorando nova chamada.
2025-12-20 22:41:24.864 INFO  [Thread-1700] c.m.dados.CheckSincronia - Sincronização concluída.
2025-12-20 23:02:45.249 INFO  [Thread-1709] c.m.dados.CheckSincronia - Iniciando sincronização de registros...
2025-12-20 23:02:45.250 WARN  [Thread-1710] c.m.dados.CheckSincronia - CheckSincronia já em execução. Ignorando nova chamada.
2025-12-20 23:02:45.256 WARN  [Thread-1711] c.m.dados.CheckSincronia - CheckSincronia já em execução. Ignorando nova chamada.
2025-12-20 23:02:45.259 WARN  [Thread-1712] c.m.dados.CheckSincronia - CheckSincronia já em execução. Ignorando nova chamada.
2025-12-20 23:02:45.263 WARN  [Thread-1713] c.m.dados.CheckSincronia - CheckSincronia já em execução. Ignorando nova chamada.
2025-12-20 23:02:45.380 WARN  [Thread-1714] c.m.dados.CheckSincronia - CheckSincronia já em execução. Ignorando nova chamada.
2025-12-20 23:02:45.382 WARN  [Thread-1715] c.m.dados.CheckSincronia - CheckSincronia já em execução. Ignorando nova chamada.
2025-12-20 23:02:45.669 WARN  [Thread-1716] c.m.dados.CheckSincronia - CheckSincronia já em execução. Ignorando nova chamada.
2025-12-20 23:02:45.803 WARN  [Thread-1717] c.m.dados.CheckSincronia - CheckSincronia já em execução. Ignorando nova chamada.
2025-12-20 23:02:45.929 WARN  [Thread-1718] c.m.dados.CheckSincronia - CheckSincronia já em execução. Ignorando nova chamada.
2025-12-20 23:02:46.047 WARN  [Thread-1719] c.m.dados.CheckSincronia - CheckSincronia já em execução. Ignorando nova chamada.
2025-12-20 23:02:46.163 WARN  [Thread-1720] c.m.dados.CheckSincronia - CheckSincronia já em execução. Ignorando nova chamada.
2025-12-20 23:02:46.275 WARN  [Thread-1721] c.m.dados.CheckSincronia - CheckSincronia já em execução. Ignorando nova chamada.
2025-12-20 23:02:46.387 WARN  [Thread-1722] c.m.dados.CheckSincronia - CheckSincronia já em execução. Ignorando nova chamada.
2025-12-20 23:02:46.388 INFO  [Thread-1709] c.m.dados.CheckSincronia - Sincronização concluída.
2025-12-20 23:14:13.644 INFO  [Thread-1725] c.m.dados.CheckSincronia - Iniciando sincronização de registros...
2025-12-20 23:14:13.648 WARN  [Thread-1726] c.m.dados.CheckSincronia - CheckSincronia já em execução. Ignorando nova chamada.
2025-12-20 23:14:14.058 WARN  [Thread-1727] c.m.dados.CheckSincronia - CheckSincronia já em execução. Ignorando nova chamada.
2025-12-20 23:14:14.176 WARN  [Thread-1728] c.m.dados.CheckSincronia - CheckSincronia já em execução. Ignorando nova chamada.
2025-12-20 23:14:14.300 WARN  [Thread-1729] c.m.dados.CheckSincronia - CheckSincronia já em execução. Ignorando nova chamada.
2025-12-20 23:14:14.301 INFO  [Thread-1725] c.m.dados.CheckSincronia - Sincronização concluída.
2025-12-20 23:14:35.691 INFO  [Thread-1730] c.m.dados.CheckSincronia - Iniciando sincronização de registros...
2025-12-20 23:14:35.695 WARN  [Thread-1731] c.m.dados.CheckSincronia - CheckSincronia já em execução. Ignorando nova chamada.
2025-12-20 23:14:35.844 WARN  [Thread-1732] c.m.dados.CheckSincronia - CheckSincronia já em execução. Ignorando nova chamada.
2025-12-20 23:14:35.966 WARN  [Thread-1733] c.m.dados.CheckSincronia - CheckSincronia já em execução. Ignorando nova chamada.
2025-12-20 23:14:35.967 INFO  [Thread-1730] c.m.dados.CheckSincronia - Sincronização concluída.
2025-12-20 23:14:47.052 INFO  [Thread-1734] c.m.dados.CheckSincronia - Iniciando sincronização de registros...
2025-12-20 23:14:47.055 WARN  [Thread-1735] c.m.dados.CheckSincronia - CheckSincronia já em execução. Ignorando nova chamada.
2025-12-20 23:14:47.199 WARN  [Thread-1736] c.m.dados.CheckSincronia - CheckSincronia já em execução. Ignorando nova chamada.
2025-12-20 23:14:47.322 WARN  [Thread-1737] c.m.dados.CheckSincronia - CheckSincronia já em execução. Ignorando nova chamada.
2025-12-20 23:14:47.323 INFO  [Thread-1734] c.m.dados.CheckSincronia - Sincronização concluída.
