2024-09-12 00:26:59 DEBUG [AWT-EventQueue-0] c.motelinteligente.dados.fprodutos - Executando consulta SQL: SELECT descricao FROM produtos WHERE idproduto = 21
2024-09-12 00:26:59 DEBUG [AWT-EventQueue-0] c.motelinteligente.dados.fprodutos - Executando consulta SQL: SELECT descricao FROM produtos WHERE idproduto = 23
2024-09-12 00:26:59 DEBUG [AWT-EventQueue-0] c.motelinteligente.dados.fprodutos - Executando consulta SQL: SELECT descricao FROM produtos WHERE idproduto = 24
2024-09-12 00:26:59 DEBUG [AWT-EventQueue-0] c.motelinteligente.dados.fprodutos - Executando consulta SQL: SELECT descricao FROM produtos WHERE idproduto = 1
2024-09-12 00:26:59 DEBUG [AWT-EventQueue-0] c.motelinteligente.dados.fprodutos - Executando consulta SQL: SELECT descricao FROM produtos WHERE idproduto = 3
2024-09-12 00:26:59 DEBUG [AWT-EventQueue-0] c.motelinteligente.dados.fprodutos - Executando consulta SQL: SELECT descricao FROM produtos WHERE idproduto = 26
2024-09-12 00:27:17 DEBUG [AWT-EventQueue-0] c.motelinteligente.dados.fprodutos - Executando consulta SQL: SELECT descricao FROM produtos WHERE idproduto = 21
2024-09-12 00:27:17 DEBUG [AWT-EventQueue-0] c.motelinteligente.dados.fprodutos - Executando consulta SQL: SELECT descricao FROM produtos WHERE idproduto = 23
2024-09-12 00:27:17 DEBUG [AWT-EventQueue-0] c.motelinteligente.dados.fprodutos - Executando consulta SQL: SELECT descricao FROM produtos WHERE idproduto = 24
2024-09-12 00:27:17 DEBUG [AWT-EventQueue-0] c.motelinteligente.dados.fprodutos - Executando consulta SQL: SELECT descricao FROM produtos WHERE idproduto = 1
2024-09-12 00:27:17 DEBUG [AWT-EventQueue-0] c.motelinteligente.dados.fprodutos - Executando consulta SQL: SELECT descricao FROM produtos WHERE idproduto = 3
2024-09-12 00:27:17 DEBUG [AWT-EventQueue-0] c.motelinteligente.dados.fprodutos - Executando consulta SQL: SELECT descricao FROM produtos WHERE idproduto = 26
2024-09-12 00:28:30 DEBUG [AWT-EventQueue-0] c.motelinteligente.dados.fprodutos - Executando consulta SQL: SELECT descricao FROM produtos WHERE idproduto = 21
2024-09-12 00:28:30 DEBUG [AWT-EventQueue-0] c.motelinteligente.dados.fprodutos - Executando consulta SQL: SELECT descricao FROM produtos WHERE idproduto = 23
2024-09-12 00:28:30 DEBUG [AWT-EventQueue-0] c.motelinteligente.dados.fprodutos - Executando consulta SQL: SELECT descricao FROM produtos WHERE idproduto = 24
2024-09-12 00:28:30 DEBUG [AWT-EventQueue-0] c.motelinteligente.dados.fprodutos - Executando consulta SQL: SELECT descricao FROM produtos WHERE idproduto = 1
2024-09-12 00:28:30 DEBUG [AWT-EventQueue-0] c.motelinteligente.dados.fprodutos - Executando consulta SQL: SELECT descricao FROM produtos WHERE idproduto = 3
2024-09-12 00:28:30 DEBUG [AWT-EventQueue-0] c.motelinteligente.dados.fprodutos - Executando consulta SQL: SELECT descricao FROM produtos WHERE idproduto = 26
2024-09-12 02:46:12 DEBUG [AWT-EventQueue-0] c.motelinteligente.dados.fprodutos - Executando consulta SQL: SELECT descricao FROM produtos WHERE idproduto = 1
2024-09-12 02:46:14 DEBUG [AWT-EventQueue-0] c.motelinteligente.dados.fprodutos - Executando consulta SQL: SELECT descricao FROM produtos WHERE idproduto = 1
2024-09-12 02:46:14 DEBUG [AWT-EventQueue-0] c.motelinteligente.dados.fprodutos - Executando consulta SQL: SELECT valorproduto FROM produtos WHERE idproduto = 1
2024-09-12 02:48:38 DEBUG [AWT-EventQueue-0] c.motelinteligente.dados.fprodutos - Executando consulta SQL: SELECT estoque FROM produtos WHERE idproduto = ?
2024-09-12 02:51:13 INFO  [http-nio-0.0.0.0-1521-exec-4] o.a.coyote.http11.Http11Processor - Error parsing HTTP request header
 Note: further occurrences of HTTP request parsing errors will be logged at DEBUG level.
java.lang.IllegalArgumentException: Invalid character found in method name [0x00Z0x000x000x010x000x000x000x0160x01,0x000x000x080x000x7f0xff0x7f0x080x000x000x000x010x00 ]. HTTP method names must be tokens
	at org.apache.coyote.http11.Http11InputBuffer.parseRequestLine(Http11InputBuffer.java:407)
	at org.apache.coyote.http11.Http11Processor.service(Http11Processor.java:262)
	at org.apache.coyote.AbstractProcessorLight.process(AbstractProcessorLight.java:63)
	at org.apache.coyote.AbstractProtocol$ConnectionHandler.process(AbstractProtocol.java:904)
	at org.apache.tomcat.util.net.NioEndpoint$SocketProcessor.doRun(NioEndpoint.java:1741)
	at org.apache.tomcat.util.net.SocketProcessorBase.run(SocketProcessorBase.java:52)
	at org.apache.tomcat.util.threads.ThreadPoolExecutor.runWorker(ThreadPoolExecutor.java:1190)
	at org.apache.tomcat.util.threads.ThreadPoolExecutor$Worker.run(ThreadPoolExecutor.java:659)
	at org.apache.tomcat.util.threads.TaskThread$WrappingRunnable.run(TaskThread.java:63)
	at java.base/java.lang.Thread.run(Thread.java:1623)
2024-09-12 09:32:37 DEBUG [AWT-EventQueue-0] c.motelinteligente.dados.fprodutos - Executando consulta SQL: select * from produtos order by idproduto
2024-09-12 09:32:45 DEBUG [AWT-EventQueue-0] c.motelinteligente.dados.fprodutos - Executando consulta SQL: SELECT descricao FROM produtos WHERE idproduto = 21
2024-09-12 09:32:45 DEBUG [AWT-EventQueue-0] c.motelinteligente.dados.fprodutos - Executando consulta SQL: SELECT descricao FROM produtos WHERE idproduto = 23
2024-09-12 09:32:45 DEBUG [AWT-EventQueue-0] c.motelinteligente.dados.fprodutos - Executando consulta SQL: SELECT descricao FROM produtos WHERE idproduto = 24
2024-09-12 09:32:45 DEBUG [AWT-EventQueue-0] c.motelinteligente.dados.fprodutos - Executando consulta SQL: SELECT descricao FROM produtos WHERE idproduto = 1
2024-09-12 09:32:45 DEBUG [AWT-EventQueue-0] c.motelinteligente.dados.fprodutos - Executando consulta SQL: SELECT descricao FROM produtos WHERE idproduto = 3
2024-09-12 09:32:45 DEBUG [AWT-EventQueue-0] c.motelinteligente.dados.fprodutos - Executando consulta SQL: SELECT descricao FROM produtos WHERE idproduto = 26
2024-09-12 11:54:03 DEBUG [AWT-EventQueue-0] c.motelinteligente.dados.fprodutos - Executando consulta SQL: SELECT descricao FROM produtos WHERE idproduto = 3
2024-09-12 11:54:09 DEBUG [AWT-EventQueue-0] c.motelinteligente.dados.fprodutos - Executando consulta SQL: SELECT descricao FROM produtos WHERE idproduto = 3
2024-09-12 11:54:09 DEBUG [AWT-EventQueue-0] c.motelinteligente.dados.fprodutos - Executando consulta SQL: SELECT valorproduto FROM produtos WHERE idproduto = 3
2024-09-12 11:54:09 DEBUG [AWT-EventQueue-0] c.motelinteligente.dados.fprodutos - Executando consulta SQL: INSERT INTO prevendidos (idlocacao, idproduto, quantidade) VALUES (?, ?, ?)
2024-09-12 11:54:14 DEBUG [AWT-EventQueue-0] c.motelinteligente.dados.fprodutos - Executando consulta SQL: SELECT descricao FROM produtos WHERE idproduto = 3
2024-09-12 11:54:14 DEBUG [AWT-EventQueue-0] c.motelinteligente.dados.fprodutos - Executando consulta SQL: SELECT valorproduto FROM produtos WHERE idproduto = 3
2024-09-12 11:54:16 DEBUG [AWT-EventQueue-0] c.motelinteligente.dados.fprodutos - Executando consulta SQL: SELECT descricao FROM produtos WHERE idproduto = 7
2024-09-12 11:54:18 DEBUG [AWT-EventQueue-0] c.motelinteligente.dados.fprodutos - Executando consulta SQL: SELECT descricao FROM produtos WHERE idproduto = 7
2024-09-12 11:54:18 DEBUG [AWT-EventQueue-0] c.motelinteligente.dados.fprodutos - Executando consulta SQL: SELECT valorproduto FROM produtos WHERE idproduto = 7
2024-09-12 11:54:18 DEBUG [AWT-EventQueue-0] c.motelinteligente.dados.fprodutos - Executando consulta SQL: INSERT INTO prevendidos (idlocacao, idproduto, quantidade) VALUES (?, ?, ?)
2024-09-12 11:54:26 DEBUG [AWT-EventQueue-0] c.motelinteligente.dados.fprodutos - Executando consulta SQL: SELECT idproduto FROM produtos WHERE descricao = ?
2024-09-12 11:54:26 DEBUG [AWT-EventQueue-0] c.motelinteligente.dados.fprodutos - Executando consulta SQL: DELETE FROM prevendidos WHERE idlocacao = ? AND idproduto = ?
2024-09-12 11:54:27 DEBUG [AWT-EventQueue-0] c.motelinteligente.dados.fprodutos - Executando consulta SQL: SELECT idproduto FROM produtos WHERE descricao = ?
2024-09-12 11:54:34 DEBUG [AWT-EventQueue-0] c.motelinteligente.dados.fprodutos - Executando consulta SQL: SELECT descricao FROM produtos WHERE idproduto = 7
2024-09-12 11:54:35 DEBUG [AWT-EventQueue-0] c.motelinteligente.dados.fprodutos - Executando consulta SQL: SELECT descricao FROM produtos WHERE idproduto = 7
2024-09-12 11:54:35 DEBUG [AWT-EventQueue-0] c.motelinteligente.dados.fprodutos - Executando consulta SQL: SELECT valorproduto FROM produtos WHERE idproduto = 7
2024-09-12 11:54:35 DEBUG [AWT-EventQueue-0] c.motelinteligente.dados.fprodutos - Executando consulta SQL: INSERT INTO prevendidos (idlocacao, idproduto, quantidade) VALUES (?, ?, ?)
2024-09-12 11:54:38 DEBUG [AWT-EventQueue-0] c.motelinteligente.dados.fprodutos - Executando consulta SQL: SELECT descricao FROM produtos WHERE idproduto = 7
2024-09-12 11:54:38 DEBUG [AWT-EventQueue-0] c.motelinteligente.dados.fprodutos - Executando consulta SQL: SELECT valorproduto FROM produtos WHERE idproduto = 7
2024-09-12 11:54:40 DEBUG [AWT-EventQueue-0] c.motelinteligente.dados.fprodutos - Executando consulta SQL: SELECT descricao FROM produtos WHERE idproduto = 3
2024-09-12 11:54:43 DEBUG [AWT-EventQueue-0] c.motelinteligente.dados.fprodutos - Executando consulta SQL: SELECT descricao FROM produtos WHERE idproduto = 3
2024-09-12 11:54:43 DEBUG [AWT-EventQueue-0] c.motelinteligente.dados.fprodutos - Executando consulta SQL: SELECT valorproduto FROM produtos WHERE idproduto = 3
2024-09-12 11:54:43 DEBUG [AWT-EventQueue-0] c.motelinteligente.dados.fprodutos - Executando consulta SQL: INSERT INTO prevendidos (idlocacao, idproduto, quantidade) VALUES (?, ?, ?)
2024-09-12 11:54:58 DEBUG [AWT-EventQueue-0] c.motelinteligente.dados.fprodutos - Executando consulta SQL: SELECT descricao FROM produtos WHERE idproduto = 7
2024-09-12 11:54:58 DEBUG [AWT-EventQueue-0] c.motelinteligente.dados.fprodutos - Executando consulta SQL: SELECT descricao FROM produtos WHERE idproduto = 7
2024-09-12 11:54:58 DEBUG [AWT-EventQueue-0] c.motelinteligente.dados.fprodutos - Executando consulta SQL: SELECT valorproduto FROM produtos WHERE idproduto = 7
2024-09-12 11:54:58 DEBUG [AWT-EventQueue-0] c.motelinteligente.dados.fprodutos - Executando consulta SQL: SELECT descricao FROM produtos WHERE idproduto = 3
2024-09-12 11:54:58 DEBUG [AWT-EventQueue-0] c.motelinteligente.dados.fprodutos - Executando consulta SQL: SELECT descricao FROM produtos WHERE idproduto = 3
2024-09-12 11:54:58 DEBUG [AWT-EventQueue-0] c.motelinteligente.dados.fprodutos - Executando consulta SQL: SELECT valorproduto FROM produtos WHERE idproduto = 3
2024-09-12 12:27:49 DEBUG [AWT-EventQueue-0] c.motelinteligente.dados.fprodutos - Executando consulta SQL: SELECT descricao FROM produtos WHERE idproduto = 7
2024-09-12 12:27:49 DEBUG [AWT-EventQueue-0] c.motelinteligente.dados.fprodutos - Executando consulta SQL: SELECT valorproduto FROM produtos WHERE idproduto = 7
2024-09-12 12:27:49 DEBUG [AWT-EventQueue-0] c.motelinteligente.dados.fprodutos - Executando consulta SQL: SELECT descricao FROM produtos WHERE idproduto = 3
2024-09-12 12:27:49 DEBUG [AWT-EventQueue-0] c.motelinteligente.dados.fprodutos - Executando consulta SQL: SELECT valorproduto FROM produtos WHERE idproduto = 3
2024-09-12 12:28:29 DEBUG [AWT-EventQueue-0] c.motelinteligente.dados.fprodutos - Executando consulta SQL: SELECT descricao FROM produtos WHERE idproduto = 2
2024-09-12 12:28:29 DEBUG [AWT-EventQueue-0] c.motelinteligente.dados.fprodutos - Executando consulta SQL: SELECT descricao FROM produtos WHERE idproduto = 23
2024-09-12 12:28:32 DEBUG [AWT-EventQueue-0] c.motelinteligente.dados.fprodutos - Executando consulta SQL: SELECT descricao FROM produtos WHERE idproduto = 23
2024-09-12 12:28:32 DEBUG [AWT-EventQueue-0] c.motelinteligente.dados.fprodutos - Executando consulta SQL: SELECT valorproduto FROM produtos WHERE idproduto = 23
2024-09-12 12:29:07 DEBUG [AWT-EventQueue-0] c.motelinteligente.dados.fprodutos - Executando consulta SQL: SELECT estoque FROM produtos WHERE idproduto = ?
2024-09-12 14:28:10 DEBUG [AWT-EventQueue-0] c.motelinteligente.dados.fprodutos - Executando consulta SQL: SELECT descricao FROM produtos WHERE idproduto = 7
2024-09-12 14:28:10 DEBUG [AWT-EventQueue-0] c.motelinteligente.dados.fprodutos - Executando consulta SQL: SELECT valorproduto FROM produtos WHERE idproduto = 7
2024-09-12 14:28:10 DEBUG [AWT-EventQueue-0] c.motelinteligente.dados.fprodutos - Executando consulta SQL: SELECT descricao FROM produtos WHERE idproduto = 3
2024-09-12 14:28:10 DEBUG [AWT-EventQueue-0] c.motelinteligente.dados.fprodutos - Executando consulta SQL: SELECT valorproduto FROM produtos WHERE idproduto = 3
2024-09-12 14:28:13 DEBUG [AWT-EventQueue-0] c.motelinteligente.dados.fprodutos - Executando consulta SQL: SELECT descricao FROM produtos WHERE idproduto = 7
2024-09-12 14:28:13 DEBUG [AWT-EventQueue-0] c.motelinteligente.dados.fprodutos - Executando consulta SQL: SELECT descricao FROM produtos WHERE idproduto = 7
2024-09-12 14:28:13 DEBUG [AWT-EventQueue-0] c.motelinteligente.dados.fprodutos - Executando consulta SQL: SELECT valorproduto FROM produtos WHERE idproduto = 7
2024-09-12 14:28:13 DEBUG [AWT-EventQueue-0] c.motelinteligente.dados.fprodutos - Executando consulta SQL: SELECT descricao FROM produtos WHERE idproduto = 3
2024-09-12 14:28:13 DEBUG [AWT-EventQueue-0] c.motelinteligente.dados.fprodutos - Executando consulta SQL: SELECT descricao FROM produtos WHERE idproduto = 3
2024-09-12 14:28:13 DEBUG [AWT-EventQueue-0] c.motelinteligente.dados.fprodutos - Executando consulta SQL: SELECT valorproduto FROM produtos WHERE idproduto = 3
2024-09-12 14:32:10 DEBUG [AWT-EventQueue-0] c.motelinteligente.dados.fprodutos - Executando consulta SQL: SELECT descricao FROM produtos WHERE idproduto = 7
2024-09-12 14:32:11 DEBUG [AWT-EventQueue-0] c.motelinteligente.dados.fprodutos - Executando consulta SQL: SELECT descricao FROM produtos WHERE idproduto = 7
2024-09-12 14:32:11 DEBUG [AWT-EventQueue-0] c.motelinteligente.dados.fprodutos - Executando consulta SQL: SELECT valorproduto FROM produtos WHERE idproduto = 7
2024-09-12 14:35:48 DEBUG [AWT-EventQueue-0] c.motelinteligente.dados.fprodutos - Executando consulta SQL: SELECT descricao FROM produtos WHERE idproduto = 2
2024-09-12 14:35:48 DEBUG [AWT-EventQueue-0] c.motelinteligente.dados.fprodutos - Executando consulta SQL: SELECT descricao FROM produtos WHERE idproduto = 23
2024-09-12 14:35:49 DEBUG [AWT-EventQueue-0] c.motelinteligente.dados.fprodutos - Executando consulta SQL: SELECT descricao FROM produtos WHERE idproduto = 23
2024-09-12 14:35:49 DEBUG [AWT-EventQueue-0] c.motelinteligente.dados.fprodutos - Executando consulta SQL: SELECT valorproduto FROM produtos WHERE idproduto = 23
2024-09-12 14:36:02 DEBUG [AWT-EventQueue-0] c.motelinteligente.dados.fprodutos - Executando consulta SQL: SELECT estoque FROM produtos WHERE idproduto = ?
2024-09-12 15:32:47 DEBUG [AWT-EventQueue-0] c.motelinteligente.dados.fprodutos - Executando consulta SQL: SELECT descricao FROM produtos WHERE idproduto = 1
2024-09-12 15:32:50 DEBUG [AWT-EventQueue-0] c.motelinteligente.dados.fprodutos - Executando consulta SQL: SELECT descricao FROM produtos WHERE idproduto = 1
2024-09-12 15:32:50 DEBUG [AWT-EventQueue-0] c.motelinteligente.dados.fprodutos - Executando consulta SQL: SELECT valorproduto FROM produtos WHERE idproduto = 1
2024-09-12 15:32:50 DEBUG [AWT-EventQueue-0] c.motelinteligente.dados.fprodutos - Executando consulta SQL: INSERT INTO prevendidos (idlocacao, idproduto, quantidade) VALUES (?, ?, ?)
2024-09-12 15:34:25 DEBUG [AWT-EventQueue-0] c.motelinteligente.dados.fprodutos - Executando consulta SQL: SELECT descricao FROM produtos WHERE idproduto = 1
2024-09-12 15:34:25 DEBUG [AWT-EventQueue-0] c.motelinteligente.dados.fprodutos - Executando consulta SQL: SELECT descricao FROM produtos WHERE idproduto = 1
2024-09-12 15:34:25 DEBUG [AWT-EventQueue-0] c.motelinteligente.dados.fprodutos - Executando consulta SQL: SELECT valorproduto FROM produtos WHERE idproduto = 1
2024-09-12 15:35:11 DEBUG [AWT-EventQueue-0] c.motelinteligente.dados.fprodutos - Executando consulta SQL: SELECT estoque FROM produtos WHERE idproduto = ?
2024-09-12 15:42:21 DEBUG [AWT-EventQueue-0] c.motelinteligente.dados.fprodutos - Executando consulta SQL: SELECT descricao FROM produtos WHERE idproduto = 21
2024-09-12 15:42:21 DEBUG [AWT-EventQueue-0] c.motelinteligente.dados.fprodutos - Executando consulta SQL: SELECT descricao FROM produtos WHERE idproduto = 23
2024-09-12 15:42:21 DEBUG [AWT-EventQueue-0] c.motelinteligente.dados.fprodutos - Executando consulta SQL: SELECT descricao FROM produtos WHERE idproduto = 24
2024-09-12 15:42:21 DEBUG [AWT-EventQueue-0] c.motelinteligente.dados.fprodutos - Executando consulta SQL: SELECT descricao FROM produtos WHERE idproduto = 1
2024-09-12 15:42:21 DEBUG [AWT-EventQueue-0] c.motelinteligente.dados.fprodutos - Executando consulta SQL: SELECT descricao FROM produtos WHERE idproduto = 3
2024-09-12 15:42:21 DEBUG [AWT-EventQueue-0] c.motelinteligente.dados.fprodutos - Executando consulta SQL: SELECT descricao FROM produtos WHERE idproduto = 26
2024-09-12 15:44:33 DEBUG [AWT-EventQueue-0] c.motelinteligente.dados.fprodutos - Executando consulta SQL: SELECT descricao FROM produtos WHERE idproduto = 21
2024-09-12 15:44:33 DEBUG [AWT-EventQueue-0] c.motelinteligente.dados.fprodutos - Executando consulta SQL: SELECT descricao FROM produtos WHERE idproduto = 23
2024-09-12 15:44:33 DEBUG [AWT-EventQueue-0] c.motelinteligente.dados.fprodutos - Executando consulta SQL: SELECT descricao FROM produtos WHERE idproduto = 24
2024-09-12 15:44:33 DEBUG [AWT-EventQueue-0] c.motelinteligente.dados.fprodutos - Executando consulta SQL: SELECT descricao FROM produtos WHERE idproduto = 1
2024-09-12 15:44:33 DEBUG [AWT-EventQueue-0] c.motelinteligente.dados.fprodutos - Executando consulta SQL: SELECT descricao FROM produtos WHERE idproduto = 3
2024-09-12 15:44:33 DEBUG [AWT-EventQueue-0] c.motelinteligente.dados.fprodutos - Executando consulta SQL: SELECT descricao FROM produtos WHERE idproduto = 26
2024-09-12 15:53:05 DEBUG [AWT-EventQueue-0] c.motelinteligente.dados.fprodutos - Executando consulta SQL: SELECT descricao FROM produtos WHERE idproduto = 7
2024-09-12 15:53:05 DEBUG [AWT-EventQueue-0] c.motelinteligente.dados.fprodutos - Executando consulta SQL: SELECT valorproduto FROM produtos WHERE idproduto = 7
2024-09-12 15:53:05 DEBUG [AWT-EventQueue-0] c.motelinteligente.dados.fprodutos - Executando consulta SQL: SELECT descricao FROM produtos WHERE idproduto = 3
2024-09-12 15:53:05 DEBUG [AWT-EventQueue-0] c.motelinteligente.dados.fprodutos - Executando consulta SQL: SELECT valorproduto FROM produtos WHERE idproduto = 3
2024-09-12 15:53:08 DEBUG [AWT-EventQueue-0] c.motelinteligente.dados.fprodutos - Executando consulta SQL: SELECT descricao FROM produtos WHERE idproduto = 7
2024-09-12 15:53:08 DEBUG [AWT-EventQueue-0] c.motelinteligente.dados.fprodutos - Executando consulta SQL: SELECT descricao FROM produtos WHERE idproduto = 7
2024-09-12 15:53:08 DEBUG [AWT-EventQueue-0] c.motelinteligente.dados.fprodutos - Executando consulta SQL: SELECT valorproduto FROM produtos WHERE idproduto = 7
2024-09-12 15:53:08 DEBUG [AWT-EventQueue-0] c.motelinteligente.dados.fprodutos - Executando consulta SQL: SELECT descricao FROM produtos WHERE idproduto = 3
2024-09-12 15:53:09 DEBUG [AWT-EventQueue-0] c.motelinteligente.dados.fprodutos - Executando consulta SQL: SELECT descricao FROM produtos WHERE idproduto = 3
2024-09-12 15:53:09 DEBUG [AWT-EventQueue-0] c.motelinteligente.dados.fprodutos - Executando consulta SQL: SELECT valorproduto FROM produtos WHERE idproduto = 3
2024-09-12 15:53:15 DEBUG [AWT-EventQueue-0] c.motelinteligente.dados.fprodutos - Executando consulta SQL: SELECT descricao FROM produtos WHERE idproduto = 7
2024-09-12 15:53:18 DEBUG [AWT-EventQueue-0] c.motelinteligente.dados.fprodutos - Executando consulta SQL: SELECT descricao FROM produtos WHERE idproduto = 7
2024-09-12 15:53:18 DEBUG [AWT-EventQueue-0] c.motelinteligente.dados.fprodutos - Executando consulta SQL: SELECT valorproduto FROM produtos WHERE idproduto = 7
2024-09-12 15:55:19 DEBUG [AWT-EventQueue-0] c.motelinteligente.dados.fprodutos - Executando consulta SQL: SELECT descricao FROM produtos WHERE idproduto = 1
2024-09-12 15:55:24 DEBUG [AWT-EventQueue-0] c.motelinteligente.dados.fprodutos - Executando consulta SQL: SELECT descricao FROM produtos WHERE idproduto = 7
2024-09-12 15:55:32 DEBUG [AWT-EventQueue-0] c.motelinteligente.dados.fprodutos - Executando consulta SQL: SELECT descricao FROM produtos WHERE idproduto = 7
2024-09-12 15:55:32 DEBUG [AWT-EventQueue-0] c.motelinteligente.dados.fprodutos - Executando consulta SQL: SELECT descricao FROM produtos WHERE idproduto = 7
2024-09-12 15:55:32 DEBUG [AWT-EventQueue-0] c.motelinteligente.dados.fprodutos - Executando consulta SQL: SELECT valorproduto FROM produtos WHERE idproduto = 7
2024-09-12 15:55:32 DEBUG [AWT-EventQueue-0] c.motelinteligente.dados.fprodutos - Executando consulta SQL: SELECT descricao FROM produtos WHERE idproduto = 3
2024-09-12 15:55:32 DEBUG [AWT-EventQueue-0] c.motelinteligente.dados.fprodutos - Executando consulta SQL: SELECT descricao FROM produtos WHERE idproduto = 3
2024-09-12 15:55:32 DEBUG [AWT-EventQueue-0] c.motelinteligente.dados.fprodutos - Executando consulta SQL: SELECT valorproduto FROM produtos WHERE idproduto = 3
2024-09-12 15:55:49 DEBUG [AWT-EventQueue-0] c.motelinteligente.dados.fprodutos - Executando consulta SQL: SELECT descricao FROM produtos WHERE idproduto = 7
2024-09-12 15:55:49 DEBUG [AWT-EventQueue-0] c.motelinteligente.dados.fprodutos - Executando consulta SQL: SELECT valorproduto FROM produtos WHERE idproduto = 7
2024-09-12 15:55:49 DEBUG [AWT-EventQueue-0] c.motelinteligente.dados.fprodutos - Executando consulta SQL: SELECT descricao FROM produtos WHERE idproduto = 3
2024-09-12 15:55:49 DEBUG [AWT-EventQueue-0] c.motelinteligente.dados.fprodutos - Executando consulta SQL: SELECT valorproduto FROM produtos WHERE idproduto = 3
2024-09-12 15:55:53 DEBUG [AWT-EventQueue-0] c.motelinteligente.dados.fprodutos - Executando consulta SQL: SELECT descricao FROM produtos WHERE idproduto = 2
2024-09-12 15:55:54 DEBUG [AWT-EventQueue-0] c.motelinteligente.dados.fprodutos - Executando consulta SQL: SELECT descricao FROM produtos WHERE idproduto = 
2024-09-12 15:55:54 ERROR [AWT-EventQueue-0] c.motelinteligente.dados.fprodutos - Erro : getDescicao(): 
java.sql.SQLSyntaxErrorException: You have an error in your SQL syntax; check the manual that corresponds to your MySQL server version for the right syntax to use near '' at line 1
	at com.mysql.cj.jdbc.exceptions.SQLError.createSQLException(SQLError.java:120)
	at com.mysql.cj.jdbc.exceptions.SQLExceptionsMapping.translateException(SQLExceptionsMapping.java:122)
	at com.mysql.cj.jdbc.StatementImpl.executeQuery(StatementImpl.java:1201)
	at com.motelinteligente.dados.fprodutos.getDescicao(fprodutos.java:337)
	at com.motelinteligente.telas.ObterProdutoFrame$1.atualizarDescricaoProduto(ObterProdutoFrame.java:64)
	at com.motelinteligente.telas.ObterProdutoFrame$1.removeUpdate(ObterProdutoFrame.java:57)
	at java.desktop/javax.swing.text.AbstractDocument.fireRemoveUpdate(AbstractDocument.java:285)
	at java.desktop/javax.swing.text.AbstractDocument.handleRemove(AbstractDocument.java:652)
	at java.desktop/javax.swing.text.AbstractDocument.remove(AbstractDocument.java:620)
	at java.desktop/javax.swing.text.DefaultEditorKit$DeletePrevCharAction.actionPerformed(DefaultEditorKit.java:1096)
	at java.desktop/javax.swing.SwingUtilities.notifyAction(SwingUtilities.java:1810)
	at java.desktop/javax.swing.JComponent.processKeyBinding(JComponent.java:2956)
	at java.desktop/javax.swing.JComponent.processKeyBindings(JComponent.java:3004)
	at java.desktop/javax.swing.JComponent.processKeyEvent(JComponent.java:2918)
	at java.desktop/java.awt.Component.processEvent(Component.java:6397)
	at java.desktop/java.awt.Container.processEvent(Container.java:2266)
	at java.desktop/java.awt.Component.dispatchEventImpl(Component.java:4995)
	at java.desktop/java.awt.Container.dispatchEventImpl(Container.java:2324)
	at java.desktop/java.awt.Component.dispatchEvent(Component.java:4827)
	at java.desktop/java.awt.KeyboardFocusManager.redispatchEvent(KeyboardFocusManager.java:1952)
	at java.desktop/java.awt.DefaultKeyboardFocusManager.dispatchKeyEvent(DefaultKeyboardFocusManager.java:883)
	at java.desktop/java.awt.DefaultKeyboardFocusManager.preDispatchKeyEvent(DefaultKeyboardFocusManager.java:1146)
	at java.desktop/java.awt.DefaultKeyboardFocusManager.typeAheadAssertions(DefaultKeyboardFocusManager.java:1020)
	at java.desktop/java.awt.DefaultKeyboardFocusManager.dispatchEvent(DefaultKeyboardFocusManager.java:848)
	at java.desktop/java.awt.Component.dispatchEventImpl(Component.java:4876)
	at java.desktop/java.awt.Container.dispatchEventImpl(Container.java:2324)
	at java.desktop/java.awt.Window.dispatchEventImpl(Window.java:2780)
	at java.desktop/java.awt.Component.dispatchEvent(Component.java:4827)
	at java.desktop/java.awt.EventQueue.dispatchEventImpl(EventQueue.java:775)
	at java.desktop/java.awt.EventQueue$4.run(EventQueue.java:720)
	at java.desktop/java.awt.EventQueue$4.run(EventQueue.java:714)
	at java.base/java.security.AccessController.doPrivileged(AccessController.java:400)
	at java.base/java.security.ProtectionDomain$JavaSecurityAccessImpl.doIntersectionPrivilege(ProtectionDomain.java:87)
	at java.base/java.security.ProtectionDomain$JavaSecurityAccessImpl.doIntersectionPrivilege(ProtectionDomain.java:98)
	at java.desktop/java.awt.EventQueue$5.run(EventQueue.java:747)
	at java.desktop/java.awt.EventQueue$5.run(EventQueue.java:745)
	at java.base/java.security.AccessController.doPrivileged(AccessController.java:400)
	at java.base/java.security.ProtectionDomain$JavaSecurityAccessImpl.doIntersectionPrivilege(ProtectionDomain.java:87)
	at java.desktop/java.awt.EventQueue.dispatchEvent(EventQueue.java:744)
	at java.desktop/java.awt.EventDispatchThread.pumpOneEventForFilters(EventDispatchThread.java:203)
	at java.desktop/java.awt.EventDispatchThread.pumpEventsForFilter(EventDispatchThread.java:124)
	at java.desktop/java.awt.EventDispatchThread.pumpEventsForHierarchy(EventDispatchThread.java:113)
	at java.desktop/java.awt.EventDispatchThread.pumpEvents(EventDispatchThread.java:109)
	at java.desktop/java.awt.EventDispatchThread.pumpEvents(EventDispatchThread.java:101)
	at java.desktop/java.awt.EventDispatchThread.run(EventDispatchThread.java:90)
2024-09-12 15:56:03 DEBUG [AWT-EventQueue-0] c.motelinteligente.dados.fprodutos - Executando consulta SQL: SELECT descricao FROM produtos WHERE idproduto = 7
2024-09-12 15:56:13 DEBUG [AWT-EventQueue-0] c.motelinteligente.dados.fprodutos - Executando consulta SQL: SELECT descricao FROM produtos WHERE idproduto = 7
2024-09-12 15:56:13 DEBUG [AWT-EventQueue-0] c.motelinteligente.dados.fprodutos - Executando consulta SQL: SELECT valorproduto FROM produtos WHERE idproduto = 7
2024-09-12 15:56:13 DEBUG [AWT-EventQueue-0] c.motelinteligente.dados.fprodutos - Executando consulta SQL: INSERT INTO prevendidos (idlocacao, idproduto, quantidade) VALUES (?, ?, ?)
2024-09-12 15:56:18 DEBUG [AWT-EventQueue-0] c.motelinteligente.dados.fprodutos - Executando consulta SQL: SELECT descricao FROM produtos WHERE idproduto = 7
2024-09-12 15:56:18 DEBUG [AWT-EventQueue-0] c.motelinteligente.dados.fprodutos - Executando consulta SQL: SELECT descricao FROM produtos WHERE idproduto = 7
2024-09-12 15:56:18 DEBUG [AWT-EventQueue-0] c.motelinteligente.dados.fprodutos - Executando consulta SQL: SELECT valorproduto FROM produtos WHERE idproduto = 7
2024-09-12 15:56:18 DEBUG [AWT-EventQueue-0] c.motelinteligente.dados.fprodutos - Executando consulta SQL: SELECT descricao FROM produtos WHERE idproduto = 3
2024-09-12 15:56:18 DEBUG [AWT-EventQueue-0] c.motelinteligente.dados.fprodutos - Executando consulta SQL: SELECT descricao FROM produtos WHERE idproduto = 3
2024-09-12 15:56:18 DEBUG [AWT-EventQueue-0] c.motelinteligente.dados.fprodutos - Executando consulta SQL: SELECT valorproduto FROM produtos WHERE idproduto = 3
2024-09-12 15:56:18 DEBUG [AWT-EventQueue-0] c.motelinteligente.dados.fprodutos - Executando consulta SQL: SELECT descricao FROM produtos WHERE idproduto = 7
2024-09-12 15:56:19 DEBUG [AWT-EventQueue-0] c.motelinteligente.dados.fprodutos - Executando consulta SQL: SELECT descricao FROM produtos WHERE idproduto = 7
2024-09-12 15:56:19 DEBUG [AWT-EventQueue-0] c.motelinteligente.dados.fprodutos - Executando consulta SQL: SELECT valorproduto FROM produtos WHERE idproduto = 7
2024-09-12 15:58:18 DEBUG [AWT-EventQueue-0] c.motelinteligente.dados.fprodutos - Executando consulta SQL: SELECT descricao FROM produtos WHERE idproduto = 7
2024-09-12 15:58:18 DEBUG [AWT-EventQueue-0] c.motelinteligente.dados.fprodutos - Executando consulta SQL: SELECT descricao FROM produtos WHERE idproduto = 7
2024-09-12 15:58:18 DEBUG [AWT-EventQueue-0] c.motelinteligente.dados.fprodutos - Executando consulta SQL: SELECT valorproduto FROM produtos WHERE idproduto = 7
2024-09-12 15:58:18 DEBUG [AWT-EventQueue-0] c.motelinteligente.dados.fprodutos - Executando consulta SQL: SELECT descricao FROM produtos WHERE idproduto = 3
2024-09-12 15:58:18 DEBUG [AWT-EventQueue-0] c.motelinteligente.dados.fprodutos - Executando consulta SQL: SELECT descricao FROM produtos WHERE idproduto = 3
2024-09-12 15:58:18 DEBUG [AWT-EventQueue-0] c.motelinteligente.dados.fprodutos - Executando consulta SQL: SELECT valorproduto FROM produtos WHERE idproduto = 3
2024-09-12 15:58:18 DEBUG [AWT-EventQueue-0] c.motelinteligente.dados.fprodutos - Executando consulta SQL: SELECT descricao FROM produtos WHERE idproduto = 7
2024-09-12 15:58:18 DEBUG [AWT-EventQueue-0] c.motelinteligente.dados.fprodutos - Executando consulta SQL: SELECT descricao FROM produtos WHERE idproduto = 7
2024-09-12 15:58:18 DEBUG [AWT-EventQueue-0] c.motelinteligente.dados.fprodutos - Executando consulta SQL: SELECT valorproduto FROM produtos WHERE idproduto = 7
2024-09-12 15:59:40 DEBUG [AWT-EventQueue-0] c.motelinteligente.dados.fprodutos - Executando consulta SQL: SELECT descricao FROM produtos WHERE idproduto = 7
2024-09-12 15:59:40 DEBUG [AWT-EventQueue-0] c.motelinteligente.dados.fprodutos - Executando consulta SQL: SELECT valorproduto FROM produtos WHERE idproduto = 7
2024-09-12 15:59:40 DEBUG [AWT-EventQueue-0] c.motelinteligente.dados.fprodutos - Executando consulta SQL: SELECT descricao FROM produtos WHERE idproduto = 3
2024-09-12 15:59:40 DEBUG [AWT-EventQueue-0] c.motelinteligente.dados.fprodutos - Executando consulta SQL: SELECT valorproduto FROM produtos WHERE idproduto = 3
2024-09-12 15:59:40 DEBUG [AWT-EventQueue-0] c.motelinteligente.dados.fprodutos - Executando consulta SQL: SELECT descricao FROM produtos WHERE idproduto = 7
2024-09-12 15:59:40 DEBUG [AWT-EventQueue-0] c.motelinteligente.dados.fprodutos - Executando consulta SQL: SELECT valorproduto FROM produtos WHERE idproduto = 7
2024-09-12 15:59:52 DEBUG [AWT-EventQueue-0] c.motelinteligente.dados.fprodutos - Executando consulta SQL: SELECT descricao FROM produtos WHERE idproduto = 21
2024-09-12 15:59:52 DEBUG [AWT-EventQueue-0] c.motelinteligente.dados.fprodutos - Executando consulta SQL: SELECT descricao FROM produtos WHERE idproduto = 23
2024-09-12 15:59:52 DEBUG [AWT-EventQueue-0] c.motelinteligente.dados.fprodutos - Executando consulta SQL: SELECT descricao FROM produtos WHERE idproduto = 24
2024-09-12 15:59:52 DEBUG [AWT-EventQueue-0] c.motelinteligente.dados.fprodutos - Executando consulta SQL: SELECT descricao FROM produtos WHERE idproduto = 1
2024-09-12 15:59:52 DEBUG [AWT-EventQueue-0] c.motelinteligente.dados.fprodutos - Executando consulta SQL: SELECT descricao FROM produtos WHERE idproduto = 3
2024-09-12 15:59:52 DEBUG [AWT-EventQueue-0] c.motelinteligente.dados.fprodutos - Executando consulta SQL: SELECT descricao FROM produtos WHERE idproduto = 26
2024-09-12 16:07:08 DEBUG [AWT-EventQueue-0] c.motelinteligente.dados.fprodutos - Executando consulta SQL: SELECT descricao FROM produtos WHERE idproduto = 2
2024-09-12 16:07:09 DEBUG [AWT-EventQueue-0] c.motelinteligente.dados.fprodutos - Executando consulta SQL: SELECT descricao FROM produtos WHERE idproduto = 24
2024-09-12 16:07:09 DEBUG [AWT-EventQueue-0] c.motelinteligente.dados.fprodutos - Executando consulta SQL: SELECT descricao FROM produtos WHERE idproduto = 24
2024-09-12 16:07:09 DEBUG [AWT-EventQueue-0] c.motelinteligente.dados.fprodutos - Executando consulta SQL: SELECT valorproduto FROM produtos WHERE idproduto = 24
2024-09-12 16:07:44 DEBUG [AWT-EventQueue-0] c.motelinteligente.dados.fprodutos - Executando consulta SQL: SELECT estoque FROM produtos WHERE idproduto = ?
2024-09-12 16:08:51 DEBUG [AWT-EventQueue-0] c.motelinteligente.dados.fprodutos - Executando consulta SQL: SELECT descricao FROM produtos WHERE idproduto = 24
2024-09-12 17:40:02 DEBUG [AWT-EventQueue-0] c.motelinteligente.dados.fprodutos - Executando consulta SQL: SELECT descricao FROM produtos WHERE idproduto = 7
2024-09-12 17:40:02 DEBUG [AWT-EventQueue-0] c.motelinteligente.dados.fprodutos - Executando consulta SQL: SELECT valorproduto FROM produtos WHERE idproduto = 7
2024-09-12 17:40:02 DEBUG [AWT-EventQueue-0] c.motelinteligente.dados.fprodutos - Executando consulta SQL: SELECT descricao FROM produtos WHERE idproduto = 3
2024-09-12 17:40:02 DEBUG [AWT-EventQueue-0] c.motelinteligente.dados.fprodutos - Executando consulta SQL: SELECT valorproduto FROM produtos WHERE idproduto = 3
2024-09-12 17:40:02 DEBUG [AWT-EventQueue-0] c.motelinteligente.dados.fprodutos - Executando consulta SQL: SELECT descricao FROM produtos WHERE idproduto = 7
2024-09-12 17:40:02 DEBUG [AWT-EventQueue-0] c.motelinteligente.dados.fprodutos - Executando consulta SQL: SELECT valorproduto FROM produtos WHERE idproduto = 7
2024-09-12 17:40:03 DEBUG [AWT-EventQueue-0] c.motelinteligente.dados.fprodutos - Executando consulta SQL: SELECT descricao FROM produtos WHERE idproduto = 7
2024-09-12 17:40:03 DEBUG [AWT-EventQueue-0] c.motelinteligente.dados.fprodutos - Executando consulta SQL: SELECT valorproduto FROM produtos WHERE idproduto = 7
2024-09-12 17:40:03 DEBUG [AWT-EventQueue-0] c.motelinteligente.dados.fprodutos - Executando consulta SQL: SELECT descricao FROM produtos WHERE idproduto = 3
2024-09-12 17:40:03 DEBUG [AWT-EventQueue-0] c.motelinteligente.dados.fprodutos - Executando consulta SQL: SELECT valorproduto FROM produtos WHERE idproduto = 3
2024-09-12 17:40:03 DEBUG [AWT-EventQueue-0] c.motelinteligente.dados.fprodutos - Executando consulta SQL: SELECT descricao FROM produtos WHERE idproduto = 7
2024-09-12 17:40:03 DEBUG [AWT-EventQueue-0] c.motelinteligente.dados.fprodutos - Executando consulta SQL: SELECT valorproduto FROM produtos WHERE idproduto = 7
2024-09-12 17:41:27 DEBUG [AWT-EventQueue-0] c.motelinteligente.dados.fprodutos - Executando consulta SQL: SELECT descricao FROM produtos WHERE idproduto = 7
2024-09-12 17:41:27 DEBUG [AWT-EventQueue-0] c.motelinteligente.dados.fprodutos - Executando consulta SQL: SELECT valorproduto FROM produtos WHERE idproduto = 7
2024-09-12 17:41:27 DEBUG [AWT-EventQueue-0] c.motelinteligente.dados.fprodutos - Executando consulta SQL: SELECT descricao FROM produtos WHERE idproduto = 3
2024-09-12 17:41:27 DEBUG [AWT-EventQueue-0] c.motelinteligente.dados.fprodutos - Executando consulta SQL: SELECT valorproduto FROM produtos WHERE idproduto = 3
2024-09-12 17:41:27 DEBUG [AWT-EventQueue-0] c.motelinteligente.dados.fprodutos - Executando consulta SQL: SELECT descricao FROM produtos WHERE idproduto = 7
2024-09-12 17:41:27 DEBUG [AWT-EventQueue-0] c.motelinteligente.dados.fprodutos - Executando consulta SQL: SELECT valorproduto FROM produtos WHERE idproduto = 7
2024-09-12 17:41:27 DEBUG [AWT-EventQueue-0] c.motelinteligente.dados.fprodutos - Executando consulta SQL: SELECT descricao FROM produtos WHERE idproduto = 7
2024-09-12 17:41:27 DEBUG [AWT-EventQueue-0] c.motelinteligente.dados.fprodutos - Executando consulta SQL: SELECT valorproduto FROM produtos WHERE idproduto = 7
2024-09-12 17:41:27 DEBUG [AWT-EventQueue-0] c.motelinteligente.dados.fprodutos - Executando consulta SQL: SELECT descricao FROM produtos WHERE idproduto = 3
2024-09-12 17:41:27 DEBUG [AWT-EventQueue-0] c.motelinteligente.dados.fprodutos - Executando consulta SQL: SELECT valorproduto FROM produtos WHERE idproduto = 3
2024-09-12 17:41:27 DEBUG [AWT-EventQueue-0] c.motelinteligente.dados.fprodutos - Executando consulta SQL: SELECT descricao FROM produtos WHERE idproduto = 7
2024-09-12 17:41:27 DEBUG [AWT-EventQueue-0] c.motelinteligente.dados.fprodutos - Executando consulta SQL: SELECT valorproduto FROM produtos WHERE idproduto = 7
2024-09-12 17:52:45 DEBUG [AWT-EventQueue-0] c.motelinteligente.dados.fprodutos - Executando consulta SQL: SELECT descricao FROM produtos WHERE idproduto = 6
2024-09-12 17:52:45 DEBUG [AWT-EventQueue-0] c.motelinteligente.dados.fprodutos - Executando consulta SQL: SELECT descricao FROM produtos WHERE idproduto = 69
2024-09-12 17:52:47 DEBUG [AWT-EventQueue-0] c.motelinteligente.dados.fprodutos - Executando consulta SQL: SELECT descricao FROM produtos WHERE idproduto = 69
2024-09-12 17:52:47 DEBUG [AWT-EventQueue-0] c.motelinteligente.dados.fprodutos - Executando consulta SQL: SELECT valorproduto FROM produtos WHERE idproduto = 69
2024-09-12 17:52:48 DEBUG [AWT-EventQueue-0] c.motelinteligente.dados.fprodutos - Executando consulta SQL: SELECT descricao FROM produtos WHERE idproduto = 2
2024-09-12 17:52:48 DEBUG [AWT-EventQueue-0] c.motelinteligente.dados.fprodutos - Executando consulta SQL: SELECT descricao FROM produtos WHERE idproduto = 26
2024-09-12 17:52:49 DEBUG [AWT-EventQueue-0] c.motelinteligente.dados.fprodutos - Executando consulta SQL: SELECT descricao FROM produtos WHERE idproduto = 26
2024-09-12 17:52:49 DEBUG [AWT-EventQueue-0] c.motelinteligente.dados.fprodutos - Executando consulta SQL: SELECT valorproduto FROM produtos WHERE idproduto = 26
2024-09-12 17:53:33 DEBUG [AWT-EventQueue-0] c.motelinteligente.dados.fprodutos - Executando consulta SQL: SELECT estoque FROM produtos WHERE idproduto = ?
2024-09-12 17:53:33 DEBUG [AWT-EventQueue-0] c.motelinteligente.dados.fprodutos - Executando consulta SQL: SELECT estoque FROM produtos WHERE idproduto = ?
2024-09-12 17:55:58 DEBUG [AWT-EventQueue-0] c.motelinteligente.dados.fprodutos - Executando consulta SQL: SELECT descricao FROM produtos WHERE idproduto = 7
2024-09-12 17:55:58 DEBUG [AWT-EventQueue-0] c.motelinteligente.dados.fprodutos - Executando consulta SQL: SELECT valorproduto FROM produtos WHERE idproduto = 7
2024-09-12 17:55:58 DEBUG [AWT-EventQueue-0] c.motelinteligente.dados.fprodutos - Executando consulta SQL: SELECT descricao FROM produtos WHERE idproduto = 3
2024-09-12 17:55:58 DEBUG [AWT-EventQueue-0] c.motelinteligente.dados.fprodutos - Executando consulta SQL: SELECT valorproduto FROM produtos WHERE idproduto = 3
2024-09-12 17:55:58 DEBUG [AWT-EventQueue-0] c.motelinteligente.dados.fprodutos - Executando consulta SQL: SELECT descricao FROM produtos WHERE idproduto = 7
2024-09-12 17:55:58 DEBUG [AWT-EventQueue-0] c.motelinteligente.dados.fprodutos - Executando consulta SQL: SELECT valorproduto FROM produtos WHERE idproduto = 7
2024-09-12 17:55:58 DEBUG [AWT-EventQueue-0] c.motelinteligente.dados.fprodutos - Executando consulta SQL: SELECT descricao FROM produtos WHERE idproduto = 7
2024-09-12 17:55:58 DEBUG [AWT-EventQueue-0] c.motelinteligente.dados.fprodutos - Executando consulta SQL: SELECT valorproduto FROM produtos WHERE idproduto = 7
2024-09-12 17:55:58 DEBUG [AWT-EventQueue-0] c.motelinteligente.dados.fprodutos - Executando consulta SQL: SELECT descricao FROM produtos WHERE idproduto = 3
2024-09-12 17:55:58 DEBUG [AWT-EventQueue-0] c.motelinteligente.dados.fprodutos - Executando consulta SQL: SELECT valorproduto FROM produtos WHERE idproduto = 3
2024-09-12 17:55:58 DEBUG [AWT-EventQueue-0] c.motelinteligente.dados.fprodutos - Executando consulta SQL: SELECT descricao FROM produtos WHERE idproduto = 7
2024-09-12 17:55:58 DEBUG [AWT-EventQueue-0] c.motelinteligente.dados.fprodutos - Executando consulta SQL: SELECT valorproduto FROM produtos WHERE idproduto = 7
2024-09-12 17:56:39 DEBUG [AWT-EventQueue-0] c.motelinteligente.dados.fprodutos - Executando consulta SQL: SELECT descricao FROM produtos WHERE idproduto = 7
2024-09-12 17:56:39 DEBUG [AWT-EventQueue-0] c.motelinteligente.dados.fprodutos - Executando consulta SQL: SELECT valorproduto FROM produtos WHERE idproduto = 7
2024-09-12 17:56:39 DEBUG [AWT-EventQueue-0] c.motelinteligente.dados.fprodutos - Executando consulta SQL: SELECT descricao FROM produtos WHERE idproduto = 3
2024-09-12 17:56:39 DEBUG [AWT-EventQueue-0] c.motelinteligente.dados.fprodutos - Executando consulta SQL: SELECT valorproduto FROM produtos WHERE idproduto = 3
2024-09-12 17:56:39 DEBUG [AWT-EventQueue-0] c.motelinteligente.dados.fprodutos - Executando consulta SQL: SELECT descricao FROM produtos WHERE idproduto = 7
2024-09-12 17:56:39 DEBUG [AWT-EventQueue-0] c.motelinteligente.dados.fprodutos - Executando consulta SQL: SELECT valorproduto FROM produtos WHERE idproduto = 7
2024-09-12 17:59:09 DEBUG [AWT-EventQueue-0] c.motelinteligente.dados.fprodutos - Executando consulta SQL: SELECT descricao FROM produtos WHERE idproduto = 7
2024-09-12 17:59:09 DEBUG [AWT-EventQueue-0] c.motelinteligente.dados.fprodutos - Executando consulta SQL: SELECT descricao FROM produtos WHERE idproduto = 7
2024-09-12 17:59:09 DEBUG [AWT-EventQueue-0] c.motelinteligente.dados.fprodutos - Executando consulta SQL: SELECT valorproduto FROM produtos WHERE idproduto = 7
2024-09-12 17:59:09 DEBUG [AWT-EventQueue-0] c.motelinteligente.dados.fprodutos - Executando consulta SQL: SELECT descricao FROM produtos WHERE idproduto = 3
2024-09-12 17:59:09 DEBUG [AWT-EventQueue-0] c.motelinteligente.dados.fprodutos - Executando consulta SQL: SELECT descricao FROM produtos WHERE idproduto = 3
2024-09-12 17:59:09 DEBUG [AWT-EventQueue-0] c.motelinteligente.dados.fprodutos - Executando consulta SQL: SELECT valorproduto FROM produtos WHERE idproduto = 3
2024-09-12 17:59:09 DEBUG [AWT-EventQueue-0] c.motelinteligente.dados.fprodutos - Executando consulta SQL: SELECT descricao FROM produtos WHERE idproduto = 7
2024-09-12 17:59:09 DEBUG [AWT-EventQueue-0] c.motelinteligente.dados.fprodutos - Executando consulta SQL: SELECT descricao FROM produtos WHERE idproduto = 7
2024-09-12 17:59:09 DEBUG [AWT-EventQueue-0] c.motelinteligente.dados.fprodutos - Executando consulta SQL: SELECT valorproduto FROM produtos WHERE idproduto = 7
2024-09-12 18:00:59 DEBUG [AWT-EventQueue-0] c.motelinteligente.dados.fprodutos - Executando consulta SQL: SELECT descricao FROM produtos WHERE idproduto = 7
2024-09-12 18:00:59 DEBUG [AWT-EventQueue-0] c.motelinteligente.dados.fprodutos - Executando consulta SQL: SELECT descricao FROM produtos WHERE idproduto = 7
2024-09-12 18:00:59 DEBUG [AWT-EventQueue-0] c.motelinteligente.dados.fprodutos - Executando consulta SQL: SELECT valorproduto FROM produtos WHERE idproduto = 7
2024-09-12 18:00:59 DEBUG [AWT-EventQueue-0] c.motelinteligente.dados.fprodutos - Executando consulta SQL: SELECT descricao FROM produtos WHERE idproduto = 3
2024-09-12 18:00:59 DEBUG [AWT-EventQueue-0] c.motelinteligente.dados.fprodutos - Executando consulta SQL: SELECT descricao FROM produtos WHERE idproduto = 3
2024-09-12 18:00:59 DEBUG [AWT-EventQueue-0] c.motelinteligente.dados.fprodutos - Executando consulta SQL: SELECT valorproduto FROM produtos WHERE idproduto = 3
2024-09-12 18:00:59 DEBUG [AWT-EventQueue-0] c.motelinteligente.dados.fprodutos - Executando consulta SQL: SELECT descricao FROM produtos WHERE idproduto = 7
2024-09-12 18:00:59 DEBUG [AWT-EventQueue-0] c.motelinteligente.dados.fprodutos - Executando consulta SQL: SELECT descricao FROM produtos WHERE idproduto = 7
2024-09-12 18:00:59 DEBUG [AWT-EventQueue-0] c.motelinteligente.dados.fprodutos - Executando consulta SQL: SELECT valorproduto FROM produtos WHERE idproduto = 7
2024-09-12 18:22:21 DEBUG [AWT-EventQueue-0] c.motelinteligente.dados.fprodutos - Executando consulta SQL: SELECT descricao FROM produtos WHERE idproduto = 7
2024-09-12 18:22:21 DEBUG [AWT-EventQueue-0] c.motelinteligente.dados.fprodutos - Executando consulta SQL: SELECT valorproduto FROM produtos WHERE idproduto = 7
2024-09-12 18:22:21 DEBUG [AWT-EventQueue-0] c.motelinteligente.dados.fprodutos - Executando consulta SQL: SELECT descricao FROM produtos WHERE idproduto = 3
2024-09-12 18:22:21 DEBUG [AWT-EventQueue-0] c.motelinteligente.dados.fprodutos - Executando consulta SQL: SELECT valorproduto FROM produtos WHERE idproduto = 3
2024-09-12 18:22:21 DEBUG [AWT-EventQueue-0] c.motelinteligente.dados.fprodutos - Executando consulta SQL: SELECT descricao FROM produtos WHERE idproduto = 7
2024-09-12 18:22:21 DEBUG [AWT-EventQueue-0] c.motelinteligente.dados.fprodutos - Executando consulta SQL: SELECT valorproduto FROM produtos WHERE idproduto = 7
2024-09-12 18:23:30 DEBUG [AWT-EventQueue-0] c.motelinteligente.dados.fprodutos - Executando consulta SQL: SELECT descricao FROM produtos WHERE idproduto = 7
2024-09-12 18:23:30 DEBUG [AWT-EventQueue-0] c.motelinteligente.dados.fprodutos - Executando consulta SQL: SELECT descricao FROM produtos WHERE idproduto = 7
2024-09-12 18:23:30 DEBUG [AWT-EventQueue-0] c.motelinteligente.dados.fprodutos - Executando consulta SQL: SELECT valorproduto FROM produtos WHERE idproduto = 7
2024-09-12 18:23:30 DEBUG [AWT-EventQueue-0] c.motelinteligente.dados.fprodutos - Executando consulta SQL: SELECT descricao FROM produtos WHERE idproduto = 3
2024-09-12 18:23:30 DEBUG [AWT-EventQueue-0] c.motelinteligente.dados.fprodutos - Executando consulta SQL: SELECT descricao FROM produtos WHERE idproduto = 3
2024-09-12 18:23:30 DEBUG [AWT-EventQueue-0] c.motelinteligente.dados.fprodutos - Executando consulta SQL: SELECT valorproduto FROM produtos WHERE idproduto = 3
2024-09-12 18:23:30 DEBUG [AWT-EventQueue-0] c.motelinteligente.dados.fprodutos - Executando consulta SQL: SELECT descricao FROM produtos WHERE idproduto = 7
2024-09-12 18:23:30 DEBUG [AWT-EventQueue-0] c.motelinteligente.dados.fprodutos - Executando consulta SQL: SELECT descricao FROM produtos WHERE idproduto = 7
2024-09-12 18:23:30 DEBUG [AWT-EventQueue-0] c.motelinteligente.dados.fprodutos - Executando consulta SQL: SELECT valorproduto FROM produtos WHERE idproduto = 7
2024-09-12 18:25:06 DEBUG [AWT-EventQueue-0] c.motelinteligente.dados.fprodutos - Executando consulta SQL: SELECT descricao FROM produtos WHERE idproduto = 9
2024-09-12 18:25:08 DEBUG [AWT-EventQueue-0] c.motelinteligente.dados.fprodutos - Executando consulta SQL: SELECT descricao FROM produtos WHERE idproduto = 7
2024-09-12 18:25:10 DEBUG [AWT-EventQueue-0] c.motelinteligente.dados.fprodutos - Executando consulta SQL: SELECT descricao FROM produtos WHERE idproduto = 7
2024-09-12 18:25:10 DEBUG [AWT-EventQueue-0] c.motelinteligente.dados.fprodutos - Executando consulta SQL: SELECT valorproduto FROM produtos WHERE idproduto = 7
2024-09-12 18:26:49 DEBUG [AWT-EventQueue-0] c.motelinteligente.dados.fprodutos - Executando consulta SQL: SELECT estoque FROM produtos WHERE idproduto = ?
2024-09-12 18:26:49 DEBUG [AWT-EventQueue-0] c.motelinteligente.dados.fprodutos - Executando consulta SQL: SELECT estoque FROM produtos WHERE idproduto = ?
2024-09-12 18:26:49 DEBUG [AWT-EventQueue-0] c.motelinteligente.dados.fprodutos - Executando consulta SQL: SELECT estoque FROM produtos WHERE idproduto = ?
2024-09-12 18:26:49 DEBUG [AWT-EventQueue-0] c.motelinteligente.dados.fprodutos - Executando consulta SQL: SELECT estoque FROM produtos WHERE idproduto = ?
2024-09-12 18:36:35 DEBUG [AWT-EventQueue-0] c.motelinteligente.dados.fprodutos - Executando consulta SQL: SELECT descricao FROM produtos WHERE idproduto = 24
2024-09-12 18:36:35 DEBUG [AWT-EventQueue-0] c.motelinteligente.dados.fprodutos - Executando consulta SQL: SELECT descricao FROM produtos WHERE idproduto = 69
2024-09-12 18:36:35 DEBUG [AWT-EventQueue-0] c.motelinteligente.dados.fprodutos - Executando consulta SQL: SELECT descricao FROM produtos WHERE idproduto = 26
2024-09-12 18:36:35 DEBUG [AWT-EventQueue-0] c.motelinteligente.dados.fprodutos - Executando consulta SQL: SELECT descricao FROM produtos WHERE idproduto = 7
2024-09-12 18:36:35 DEBUG [AWT-EventQueue-0] c.motelinteligente.dados.fprodutos - Executando consulta SQL: SELECT descricao FROM produtos WHERE idproduto = 3
2024-09-12 18:38:05 DEBUG [AWT-EventQueue-0] c.motelinteligente.dados.fprodutos - Executando consulta SQL: SELECT descricao FROM produtos WHERE idproduto = 24
2024-09-12 18:38:05 DEBUG [AWT-EventQueue-0] c.motelinteligente.dados.fprodutos - Executando consulta SQL: SELECT descricao FROM produtos WHERE idproduto = 69
2024-09-12 18:38:05 DEBUG [AWT-EventQueue-0] c.motelinteligente.dados.fprodutos - Executando consulta SQL: SELECT descricao FROM produtos WHERE idproduto = 26
2024-09-12 18:38:05 DEBUG [AWT-EventQueue-0] c.motelinteligente.dados.fprodutos - Executando consulta SQL: SELECT descricao FROM produtos WHERE idproduto = 7
2024-09-12 18:38:05 DEBUG [AWT-EventQueue-0] c.motelinteligente.dados.fprodutos - Executando consulta SQL: SELECT descricao FROM produtos WHERE idproduto = 3
2024-09-12 18:38:31 DEBUG [AWT-EventQueue-0] c.motelinteligente.dados.fprodutos - Executando consulta SQL: SELECT descricao FROM produtos WHERE idproduto = 24
2024-09-12 18:38:31 DEBUG [AWT-EventQueue-0] c.motelinteligente.dados.fprodutos - Executando consulta SQL: SELECT descricao FROM produtos WHERE idproduto = 69
2024-09-12 18:38:31 DEBUG [AWT-EventQueue-0] c.motelinteligente.dados.fprodutos - Executando consulta SQL: SELECT descricao FROM produtos WHERE idproduto = 26
2024-09-12 18:38:31 DEBUG [AWT-EventQueue-0] c.motelinteligente.dados.fprodutos - Executando consulta SQL: SELECT descricao FROM produtos WHERE idproduto = 7
2024-09-12 18:38:31 DEBUG [AWT-EventQueue-0] c.motelinteligente.dados.fprodutos - Executando consulta SQL: SELECT descricao FROM produtos WHERE idproduto = 3
2024-09-12 20:49:23 DEBUG [AWT-EventQueue-0] c.motelinteligente.dados.fprodutos - Executando consulta SQL: SELECT descricao FROM produtos WHERE idproduto = 24
2024-09-12 20:49:23 DEBUG [AWT-EventQueue-0] c.motelinteligente.dados.fprodutos - Executando consulta SQL: SELECT descricao FROM produtos WHERE idproduto = 69
2024-09-12 20:49:23 DEBUG [AWT-EventQueue-0] c.motelinteligente.dados.fprodutos - Executando consulta SQL: SELECT descricao FROM produtos WHERE idproduto = 26
2024-09-12 20:49:23 DEBUG [AWT-EventQueue-0] c.motelinteligente.dados.fprodutos - Executando consulta SQL: SELECT descricao FROM produtos WHERE idproduto = 7
2024-09-12 20:49:23 DEBUG [AWT-EventQueue-0] c.motelinteligente.dados.fprodutos - Executando consulta SQL: SELECT descricao FROM produtos WHERE idproduto = 3
2024-09-12 20:53:33 INFO  [Thread-1] c.m.d.MotelInteligenteApplication - Starting MotelInteligenteApplication using Java 20.0.2 with PID 8980 (C:\Users\MOTEL\Desktop\MotelInteligente\target\classes started by MOTEL in C:\Users\MOTEL\Desktop\MotelInteligente)
2024-09-12 20:53:33 DEBUG [Thread-1] c.m.d.MotelInteligenteApplication - Running with Spring Boot v3.3.1, Spring v6.1.10
2024-09-12 20:53:33 INFO  [Thread-1] c.m.d.MotelInteligenteApplication - No active profile set, falling back to 1 default profile: "default"
2024-09-12 20:53:36 INFO  [Thread-1] o.s.b.w.e.tomcat.TomcatWebServer - Tomcat initialized with port 1521 (http)
2024-09-12 20:53:36 INFO  [Thread-1] o.a.coyote.http11.Http11NioProtocol - Initializing ProtocolHandler ["http-nio-0.0.0.0-1521"]
2024-09-12 20:53:36 INFO  [Thread-1] o.a.catalina.core.StandardService - Starting service [Tomcat]
2024-09-12 20:53:36 INFO  [Thread-1] o.a.catalina.core.StandardEngine - Starting Servlet engine: [Apache Tomcat/10.1.25]
2024-09-12 20:53:36 INFO  [Thread-1] o.a.c.c.C.[Tomcat].[localhost].[/] - Initializing Spring embedded WebApplicationContext
2024-09-12 20:53:36 INFO  [Thread-1] o.s.b.w.s.c.ServletWebServerApplicationContext - Root WebApplicationContext: initialization completed in 2798 ms
2024-09-12 20:53:37 INFO  [Thread-1] o.a.coyote.http11.Http11NioProtocol - Starting ProtocolHandler ["http-nio-0.0.0.0-1521"]
2024-09-12 20:53:37 INFO  [Thread-1] o.s.b.w.e.tomcat.TomcatWebServer - Tomcat started on port 1521 (http) with context path '/'
2024-09-12 20:53:37 INFO  [Thread-1] c.m.d.MotelInteligenteApplication - Started MotelInteligenteApplication in 5.978 seconds (process running for 17.034)
2024-09-12 21:08:25 INFO  [Thread-1] c.m.d.MotelInteligenteApplication - Starting MotelInteligenteApplication using Java 20.0.2 with PID 5504 (C:\Users\MOTEL\Desktop\MotelInteligente\target\classes started by MOTEL in C:\Users\MOTEL\Desktop\MotelInteligente)
2024-09-12 21:08:25 DEBUG [Thread-1] c.m.d.MotelInteligenteApplication - Running with Spring Boot v3.3.1, Spring v6.1.10
2024-09-12 21:08:25 INFO  [Thread-1] c.m.d.MotelInteligenteApplication - No active profile set, falling back to 1 default profile: "default"
2024-09-12 21:08:27 INFO  [Thread-1] o.s.b.w.e.tomcat.TomcatWebServer - Tomcat initialized with port 1521 (http)
2024-09-12 21:08:27 INFO  [Thread-1] o.a.coyote.http11.Http11NioProtocol - Initializing ProtocolHandler ["http-nio-0.0.0.0-1521"]
2024-09-12 21:08:27 INFO  [Thread-1] o.a.catalina.core.StandardService - Starting service [Tomcat]
2024-09-12 21:08:27 INFO  [Thread-1] o.a.catalina.core.StandardEngine - Starting Servlet engine: [Apache Tomcat/10.1.25]
2024-09-12 21:08:27 INFO  [Thread-1] o.a.c.c.C.[Tomcat].[localhost].[/] - Initializing Spring embedded WebApplicationContext
2024-09-12 21:08:27 INFO  [Thread-1] o.s.b.w.s.c.ServletWebServerApplicationContext - Root WebApplicationContext: initialization completed in 2248 ms
2024-09-12 21:08:28 INFO  [Thread-1] o.a.coyote.http11.Http11NioProtocol - Starting ProtocolHandler ["http-nio-0.0.0.0-1521"]
2024-09-12 21:08:28 INFO  [Thread-1] o.s.b.w.e.tomcat.TomcatWebServer - Tomcat started on port 1521 (http) with context path '/'
2024-09-12 21:08:28 INFO  [Thread-1] c.m.d.MotelInteligenteApplication - Started MotelInteligenteApplication in 5.615 seconds (process running for 13.025)
2024-09-12 21:12:06 INFO  [Thread-1] c.m.d.MotelInteligenteApplication - Starting MotelInteligenteApplication using Java 20.0.2 with PID 10860 (C:\Users\MOTEL\Desktop\MotelInteligente\target\classes started by MOTEL in C:\Users\MOTEL\Desktop\MotelInteligente)
2024-09-12 21:12:06 DEBUG [Thread-1] c.m.d.MotelInteligenteApplication - Running with Spring Boot v3.3.1, Spring v6.1.10
2024-09-12 21:12:06 INFO  [Thread-1] c.m.d.MotelInteligenteApplication - No active profile set, falling back to 1 default profile: "default"
2024-09-12 21:12:09 INFO  [Thread-1] o.s.b.w.e.tomcat.TomcatWebServer - Tomcat initialized with port 1521 (http)
2024-09-12 21:12:09 INFO  [Thread-1] o.a.coyote.http11.Http11NioProtocol - Initializing ProtocolHandler ["http-nio-0.0.0.0-1521"]
2024-09-12 21:12:09 INFO  [Thread-1] o.a.catalina.core.StandardService - Starting service [Tomcat]
2024-09-12 21:12:09 INFO  [Thread-1] o.a.catalina.core.StandardEngine - Starting Servlet engine: [Apache Tomcat/10.1.25]
2024-09-12 21:12:09 INFO  [Thread-1] o.a.c.c.C.[Tomcat].[localhost].[/] - Initializing Spring embedded WebApplicationContext
2024-09-12 21:12:09 INFO  [Thread-1] o.s.b.w.s.c.ServletWebServerApplicationContext - Root WebApplicationContext: initialization completed in 2508 ms
2024-09-12 21:12:10 INFO  [Thread-1] o.a.coyote.http11.Http11NioProtocol - Starting ProtocolHandler ["http-nio-0.0.0.0-1521"]
2024-09-12 21:12:10 INFO  [Thread-1] o.s.b.w.e.tomcat.TomcatWebServer - Tomcat started on port 1521 (http) with context path '/'
2024-09-12 21:12:10 INFO  [Thread-1] c.m.d.MotelInteligenteApplication - Started MotelInteligenteApplication in 5.405 seconds (process running for 11.878)
2024-09-12 21:14:00 INFO  [Thread-1] c.m.d.MotelInteligenteApplication - Starting MotelInteligenteApplication using Java 20.0.2 with PID 6900 (C:\Users\MOTEL\Desktop\MotelInteligente\target\classes started by MOTEL in C:\Users\MOTEL\Desktop\MotelInteligente)
2024-09-12 21:14:00 DEBUG [Thread-1] c.m.d.MotelInteligenteApplication - Running with Spring Boot v3.3.1, Spring v6.1.10
2024-09-12 21:14:00 INFO  [Thread-1] c.m.d.MotelInteligenteApplication - No active profile set, falling back to 1 default profile: "default"
2024-09-12 21:14:03 INFO  [Thread-1] o.s.b.w.e.tomcat.TomcatWebServer - Tomcat initialized with port 1521 (http)
2024-09-12 21:14:03 INFO  [Thread-1] o.a.coyote.http11.Http11NioProtocol - Initializing ProtocolHandler ["http-nio-0.0.0.0-1521"]
2024-09-12 21:14:03 INFO  [Thread-1] o.a.catalina.core.StandardService - Starting service [Tomcat]
2024-09-12 21:14:03 INFO  [Thread-1] o.a.catalina.core.StandardEngine - Starting Servlet engine: [Apache Tomcat/10.1.25]
2024-09-12 21:14:03 INFO  [Thread-1] o.a.c.c.C.[Tomcat].[localhost].[/] - Initializing Spring embedded WebApplicationContext
2024-09-12 21:14:03 INFO  [Thread-1] o.s.b.w.s.c.ServletWebServerApplicationContext - Root WebApplicationContext: initialization completed in 2774 ms
2024-09-12 21:14:04 INFO  [Thread-1] o.a.coyote.http11.Http11NioProtocol - Starting ProtocolHandler ["http-nio-0.0.0.0-1521"]
2024-09-12 21:14:05 INFO  [Thread-1] o.s.b.w.e.tomcat.TomcatWebServer - Tomcat started on port 1521 (http) with context path '/'
2024-09-12 21:14:05 INFO  [Thread-1] c.m.d.MotelInteligenteApplication - Started MotelInteligenteApplication in 5.76 seconds (process running for 12.405)
2024-09-12 21:19:23 INFO  [Thread-1] c.m.d.MotelInteligenteApplication - Starting MotelInteligenteApplication using Java 20.0.2 with PID 11060 (C:\Users\MOTEL\Desktop\MotelInteligente\target\classes started by MOTEL in C:\Users\MOTEL\Desktop\MotelInteligente)
2024-09-12 21:19:23 DEBUG [Thread-1] c.m.d.MotelInteligenteApplication - Running with Spring Boot v3.3.1, Spring v6.1.10
2024-09-12 21:19:23 INFO  [Thread-1] c.m.d.MotelInteligenteApplication - No active profile set, falling back to 1 default profile: "default"
2024-09-12 21:19:25 INFO  [Thread-1] o.s.b.w.e.tomcat.TomcatWebServer - Tomcat initialized with port 1521 (http)
2024-09-12 21:19:25 INFO  [Thread-1] o.a.coyote.http11.Http11NioProtocol - Initializing ProtocolHandler ["http-nio-0.0.0.0-1521"]
2024-09-12 21:19:25 INFO  [Thread-1] o.a.catalina.core.StandardService - Starting service [Tomcat]
2024-09-12 21:19:25 INFO  [Thread-1] o.a.catalina.core.StandardEngine - Starting Servlet engine: [Apache Tomcat/10.1.25]
2024-09-12 21:19:25 INFO  [Thread-1] o.a.c.c.C.[Tomcat].[localhost].[/] - Initializing Spring embedded WebApplicationContext
2024-09-12 21:19:25 INFO  [Thread-1] o.s.b.w.s.c.ServletWebServerApplicationContext - Root WebApplicationContext: initialization completed in 2142 ms
2024-09-12 21:19:25 INFO  [Thread-1] o.a.coyote.http11.Http11NioProtocol - Starting ProtocolHandler ["http-nio-0.0.0.0-1521"]
2024-09-12 21:19:25 INFO  [Thread-1] o.s.b.w.e.tomcat.TomcatWebServer - Tomcat started on port 1521 (http) with context path '/'
2024-09-12 21:19:25 INFO  [Thread-1] c.m.d.MotelInteligenteApplication - Started MotelInteligenteApplication in 4.641 seconds (process running for 11.632)
2024-09-12 21:20:08 INFO  [Thread-1] c.m.d.MotelInteligenteApplication - Starting MotelInteligenteApplication using Java 20.0.2 with PID 2624 (C:\Users\MOTEL\Desktop\MotelInteligente\target\classes started by MOTEL in C:\Users\MOTEL\Desktop\MotelInteligente)
2024-09-12 21:20:08 DEBUG [Thread-1] c.m.d.MotelInteligenteApplication - Running with Spring Boot v3.3.1, Spring v6.1.10
2024-09-12 21:20:08 INFO  [Thread-1] c.m.d.MotelInteligenteApplication - No active profile set, falling back to 1 default profile: "default"
2024-09-12 21:20:09 INFO  [Thread-1] o.s.b.w.e.tomcat.TomcatWebServer - Tomcat initialized with port 1521 (http)
2024-09-12 21:20:09 INFO  [Thread-1] o.a.coyote.http11.Http11NioProtocol - Initializing ProtocolHandler ["http-nio-0.0.0.0-1521"]
2024-09-12 21:20:09 INFO  [Thread-1] o.a.catalina.core.StandardService - Starting service [Tomcat]
2024-09-12 21:20:09 INFO  [Thread-1] o.a.catalina.core.StandardEngine - Starting Servlet engine: [Apache Tomcat/10.1.25]
2024-09-12 21:20:10 INFO  [Thread-1] o.a.c.c.C.[Tomcat].[localhost].[/] - Initializing Spring embedded WebApplicationContext
2024-09-12 21:20:10 INFO  [Thread-1] o.s.b.w.s.c.ServletWebServerApplicationContext - Root WebApplicationContext: initialization completed in 1905 ms
2024-09-12 21:20:10 INFO  [Thread-1] o.a.coyote.http11.Http11NioProtocol - Starting ProtocolHandler ["http-nio-0.0.0.0-1521"]
2024-09-12 21:20:10 INFO  [Thread-1] o.s.b.w.e.tomcat.TomcatWebServer - Tomcat started on port 1521 (http) with context path '/'
2024-09-12 21:20:10 INFO  [Thread-1] c.m.d.MotelInteligenteApplication - Started MotelInteligenteApplication in 3.937 seconds (process running for 10.149)
2024-09-12 21:20:59 INFO  [Thread-1] c.m.d.MotelInteligenteApplication - Starting MotelInteligenteApplication using Java 20.0.2 with PID 10816 (C:\Users\MOTEL\Desktop\MotelInteligente\target\classes started by MOTEL in C:\Users\MOTEL\Desktop\MotelInteligente)
2024-09-12 21:20:59 DEBUG [Thread-1] c.m.d.MotelInteligenteApplication - Running with Spring Boot v3.3.1, Spring v6.1.10
2024-09-12 21:20:59 INFO  [Thread-1] c.m.d.MotelInteligenteApplication - No active profile set, falling back to 1 default profile: "default"
2024-09-12 21:21:01 INFO  [Thread-1] o.s.b.w.e.tomcat.TomcatWebServer - Tomcat initialized with port 1521 (http)
2024-09-12 21:21:01 INFO  [Thread-1] o.a.coyote.http11.Http11NioProtocol - Initializing ProtocolHandler ["http-nio-0.0.0.0-1521"]
2024-09-12 21:21:01 INFO  [Thread-1] o.a.catalina.core.StandardService - Starting service [Tomcat]
2024-09-12 21:21:01 INFO  [Thread-1] o.a.catalina.core.StandardEngine - Starting Servlet engine: [Apache Tomcat/10.1.25]
2024-09-12 21:21:01 INFO  [Thread-1] o.a.c.c.C.[Tomcat].[localhost].[/] - Initializing Spring embedded WebApplicationContext
2024-09-12 21:21:01 INFO  [Thread-1] o.s.b.w.s.c.ServletWebServerApplicationContext - Root WebApplicationContext: initialization completed in 2019 ms
2024-09-12 21:21:02 INFO  [Thread-1] o.a.coyote.http11.Http11NioProtocol - Starting ProtocolHandler ["http-nio-0.0.0.0-1521"]
2024-09-12 21:21:02 INFO  [Thread-1] o.s.b.w.e.tomcat.TomcatWebServer - Tomcat started on port 1521 (http) with context path '/'
2024-09-12 21:21:02 INFO  [Thread-1] c.m.d.MotelInteligenteApplication - Started MotelInteligenteApplication in 4.011 seconds (process running for 9.3)
2024-09-12 21:21:26 INFO  [SpringApplicationShutdownHook] o.a.coyote.http11.Http11NioProtocol - Stopping ProtocolHandler ["http-nio-0.0.0.0-1521"]
2024-09-12 21:21:45 INFO  [Thread-1] c.m.d.MotelInteligenteApplication - Starting MotelInteligenteApplication using Java 20.0.2 with PID 2728 (C:\Users\MOTEL\Desktop\MotelInteligente\target\classes started by MOTEL in C:\Users\MOTEL\Desktop\MotelInteligente)
2024-09-12 21:21:45 DEBUG [Thread-1] c.m.d.MotelInteligenteApplication - Running with Spring Boot v3.3.1, Spring v6.1.10
2024-09-12 21:21:45 INFO  [Thread-1] c.m.d.MotelInteligenteApplication - No active profile set, falling back to 1 default profile: "default"
2024-09-12 21:21:47 INFO  [Thread-1] o.s.b.w.e.tomcat.TomcatWebServer - Tomcat initialized with port 1521 (http)
2024-09-12 21:21:47 INFO  [Thread-1] o.a.coyote.http11.Http11NioProtocol - Initializing ProtocolHandler ["http-nio-0.0.0.0-1521"]
2024-09-12 21:21:47 INFO  [Thread-1] o.a.catalina.core.StandardService - Starting service [Tomcat]
2024-09-12 21:21:47 INFO  [Thread-1] o.a.catalina.core.StandardEngine - Starting Servlet engine: [Apache Tomcat/10.1.25]
2024-09-12 21:21:47 INFO  [Thread-1] o.a.c.c.C.[Tomcat].[localhost].[/] - Initializing Spring embedded WebApplicationContext
2024-09-12 21:21:47 INFO  [Thread-1] o.s.b.w.s.c.ServletWebServerApplicationContext - Root WebApplicationContext: initialization completed in 1935 ms
2024-09-12 21:21:48 INFO  [Thread-1] o.a.coyote.http11.Http11NioProtocol - Starting ProtocolHandler ["http-nio-0.0.0.0-1521"]
2024-09-12 21:21:48 INFO  [Thread-1] o.s.b.w.e.tomcat.TomcatWebServer - Tomcat started on port 1521 (http) with context path '/'
2024-09-12 21:21:48 INFO  [Thread-1] c.m.d.MotelInteligenteApplication - Started MotelInteligenteApplication in 4.1 seconds (process running for 10.435)
2024-09-12 21:22:10 INFO  [Thread-1] c.m.d.MotelInteligenteApplication - Starting MotelInteligenteApplication using Java 20.0.2 with PID 3428 (C:\Users\MOTEL\Desktop\MotelInteligente\target\classes started by MOTEL in C:\Users\MOTEL\Desktop\MotelInteligente)
2024-09-12 21:22:10 DEBUG [Thread-1] c.m.d.MotelInteligenteApplication - Running with Spring Boot v3.3.1, Spring v6.1.10
2024-09-12 21:22:10 INFO  [Thread-1] c.m.d.MotelInteligenteApplication - No active profile set, falling back to 1 default profile: "default"
2024-09-12 21:22:12 INFO  [Thread-1] o.s.b.w.e.tomcat.TomcatWebServer - Tomcat initialized with port 1521 (http)
2024-09-12 21:22:12 INFO  [Thread-1] o.a.coyote.http11.Http11NioProtocol - Initializing ProtocolHandler ["http-nio-0.0.0.0-1521"]
2024-09-12 21:22:12 INFO  [Thread-1] o.a.catalina.core.StandardService - Starting service [Tomcat]
2024-09-12 21:22:12 INFO  [Thread-1] o.a.catalina.core.StandardEngine - Starting Servlet engine: [Apache Tomcat/10.1.25]
2024-09-12 21:22:12 INFO  [Thread-1] o.a.c.c.C.[Tomcat].[localhost].[/] - Initializing Spring embedded WebApplicationContext
2024-09-12 21:22:12 INFO  [Thread-1] o.s.b.w.s.c.ServletWebServerApplicationContext - Root WebApplicationContext: initialization completed in 2372 ms
2024-09-12 21:22:13 INFO  [Thread-1] o.a.coyote.http11.Http11NioProtocol - Starting ProtocolHandler ["http-nio-0.0.0.0-1521"]
2024-09-12 21:22:13 INFO  [Thread-1] o.s.b.w.e.tomcat.TomcatWebServer - Tomcat started on port 1521 (http) with context path '/'
2024-09-12 21:22:13 INFO  [Thread-1] c.m.d.MotelInteligenteApplication - Started MotelInteligenteApplication in 4.671 seconds (process running for 11.248)
2024-09-12 21:25:59 INFO  [Thread-1] c.m.d.MotelInteligenteApplication - Starting MotelInteligenteApplication using Java 20.0.2 with PID 1692 (C:\Users\MOTEL\Desktop\MotelInteligente\target\classes started by MOTEL in C:\Users\MOTEL\Desktop\MotelInteligente)
2024-09-12 21:25:59 DEBUG [Thread-1] c.m.d.MotelInteligenteApplication - Running with Spring Boot v3.3.1, Spring v6.1.10
2024-09-12 21:25:59 INFO  [Thread-1] c.m.d.MotelInteligenteApplication - No active profile set, falling back to 1 default profile: "default"
2024-09-12 21:26:02 INFO  [Thread-1] o.s.b.w.e.tomcat.TomcatWebServer - Tomcat initialized with port 1521 (http)
2024-09-12 21:26:02 INFO  [Thread-1] o.a.coyote.http11.Http11NioProtocol - Initializing ProtocolHandler ["http-nio-0.0.0.0-1521"]
2024-09-12 21:26:02 INFO  [Thread-1] o.a.catalina.core.StandardService - Starting service [Tomcat]
2024-09-12 21:26:02 INFO  [Thread-1] o.a.catalina.core.StandardEngine - Starting Servlet engine: [Apache Tomcat/10.1.25]
2024-09-12 21:26:02 INFO  [Thread-1] o.a.c.c.C.[Tomcat].[localhost].[/] - Initializing Spring embedded WebApplicationContext
2024-09-12 21:26:02 INFO  [Thread-1] o.s.b.w.s.c.ServletWebServerApplicationContext - Root WebApplicationContext: initialization completed in 2324 ms
2024-09-12 21:26:02 INFO  [Thread-1] o.a.coyote.http11.Http11NioProtocol - Starting ProtocolHandler ["http-nio-0.0.0.0-1521"]
2024-09-12 21:26:02 INFO  [Thread-1] o.s.b.w.e.tomcat.TomcatWebServer - Tomcat started on port 1521 (http) with context path '/'
2024-09-12 21:26:03 INFO  [Thread-1] c.m.d.MotelInteligenteApplication - Started MotelInteligenteApplication in 4.776 seconds (process running for 11.56)
2024-09-12 21:28:00 INFO  [Thread-1] c.m.d.MotelInteligenteApplication - Starting MotelInteligenteApplication using Java 20.0.2 with PID 7280 (C:\Users\MOTEL\Desktop\MotelInteligente\target\classes started by MOTEL in C:\Users\MOTEL\Desktop\MotelInteligente)
2024-09-12 21:28:00 DEBUG [Thread-1] c.m.d.MotelInteligenteApplication - Running with Spring Boot v3.3.1, Spring v6.1.10
2024-09-12 21:28:00 INFO  [Thread-1] c.m.d.MotelInteligenteApplication - No active profile set, falling back to 1 default profile: "default"
2024-09-12 21:28:03 INFO  [Thread-1] o.s.b.w.e.tomcat.TomcatWebServer - Tomcat initialized with port 1521 (http)
2024-09-12 21:28:03 INFO  [Thread-1] o.a.coyote.http11.Http11NioProtocol - Initializing ProtocolHandler ["http-nio-0.0.0.0-1521"]
2024-09-12 21:28:03 INFO  [Thread-1] o.a.catalina.core.StandardService - Starting service [Tomcat]
2024-09-12 21:28:03 INFO  [Thread-1] o.a.catalina.core.StandardEngine - Starting Servlet engine: [Apache Tomcat/10.1.25]
2024-09-12 21:28:03 INFO  [Thread-1] o.a.c.c.C.[Tomcat].[localhost].[/] - Initializing Spring embedded WebApplicationContext
2024-09-12 21:28:03 INFO  [Thread-1] o.s.b.w.s.c.ServletWebServerApplicationContext - Root WebApplicationContext: initialization completed in 2218 ms
2024-09-12 21:28:03 INFO  [Thread-1] o.a.coyote.http11.Http11NioProtocol - Starting ProtocolHandler ["http-nio-0.0.0.0-1521"]
2024-09-12 21:28:03 INFO  [Thread-1] o.s.b.w.e.tomcat.TomcatWebServer - Tomcat started on port 1521 (http) with context path '/'
2024-09-12 21:28:03 INFO  [Thread-1] c.m.d.MotelInteligenteApplication - Started MotelInteligenteApplication in 4.636 seconds (process running for 10.507)
2024-09-12 21:28:25 INFO  [Thread-1] c.m.d.MotelInteligenteApplication - Starting MotelInteligenteApplication using Java 20.0.2 with PID 9532 (C:\Users\MOTEL\Desktop\MotelInteligente\target\classes started by MOTEL in C:\Users\MOTEL\Desktop\MotelInteligente)
2024-09-12 21:28:25 DEBUG [Thread-1] c.m.d.MotelInteligenteApplication - Running with Spring Boot v3.3.1, Spring v6.1.10
2024-09-12 21:28:25 INFO  [Thread-1] c.m.d.MotelInteligenteApplication - No active profile set, falling back to 1 default profile: "default"
2024-09-12 21:28:27 INFO  [Thread-1] o.s.b.w.e.tomcat.TomcatWebServer - Tomcat initialized with port 1521 (http)
2024-09-12 21:28:27 INFO  [Thread-1] o.a.coyote.http11.Http11NioProtocol - Initializing ProtocolHandler ["http-nio-0.0.0.0-1521"]
2024-09-12 21:28:27 INFO  [Thread-1] o.a.catalina.core.StandardService - Starting service [Tomcat]
2024-09-12 21:28:27 INFO  [Thread-1] o.a.catalina.core.StandardEngine - Starting Servlet engine: [Apache Tomcat/10.1.25]
2024-09-12 21:28:28 INFO  [Thread-1] o.a.c.c.C.[Tomcat].[localhost].[/] - Initializing Spring embedded WebApplicationContext
2024-09-12 21:28:28 INFO  [Thread-1] o.s.b.w.s.c.ServletWebServerApplicationContext - Root WebApplicationContext: initialization completed in 2419 ms
2024-09-12 21:28:28 INFO  [Thread-1] o.a.coyote.http11.Http11NioProtocol - Starting ProtocolHandler ["http-nio-0.0.0.0-1521"]
2024-09-12 21:28:28 INFO  [Thread-1] o.s.b.w.e.tomcat.TomcatWebServer - Tomcat started on port 1521 (http) with context path '/'
2024-09-12 21:28:28 INFO  [Thread-1] c.m.d.MotelInteligenteApplication - Started MotelInteligenteApplication in 4.464 seconds (process running for 9.93)
2024-09-12 21:32:24 INFO  [Thread-1] c.m.d.MotelInteligenteApplication - Starting MotelInteligenteApplication using Java 20.0.2 with PID 7356 (C:\Users\MOTEL\Desktop\MotelInteligente\target\classes started by MOTEL in C:\Users\MOTEL\Desktop\MotelInteligente)
2024-09-12 21:32:24 DEBUG [Thread-1] c.m.d.MotelInteligenteApplication - Running with Spring Boot v3.3.1, Spring v6.1.10
2024-09-12 21:32:24 INFO  [Thread-1] c.m.d.MotelInteligenteApplication - No active profile set, falling back to 1 default profile: "default"
2024-09-12 21:32:26 INFO  [Thread-1] o.s.b.w.e.tomcat.TomcatWebServer - Tomcat initialized with port 1521 (http)
2024-09-12 21:32:26 INFO  [Thread-1] o.a.coyote.http11.Http11NioProtocol - Initializing ProtocolHandler ["http-nio-0.0.0.0-1521"]
2024-09-12 21:32:26 INFO  [Thread-1] o.a.catalina.core.StandardService - Starting service [Tomcat]
2024-09-12 21:32:26 INFO  [Thread-1] o.a.catalina.core.StandardEngine - Starting Servlet engine: [Apache Tomcat/10.1.25]
2024-09-12 21:32:26 INFO  [Thread-1] o.a.c.c.C.[Tomcat].[localhost].[/] - Initializing Spring embedded WebApplicationContext
2024-09-12 21:32:26 INFO  [Thread-1] o.s.b.w.s.c.ServletWebServerApplicationContext - Root WebApplicationContext: initialization completed in 2403 ms
2024-09-12 21:32:27 INFO  [Thread-1] o.a.coyote.http11.Http11NioProtocol - Starting ProtocolHandler ["http-nio-0.0.0.0-1521"]
2024-09-12 21:32:27 INFO  [Thread-1] o.s.b.w.e.tomcat.TomcatWebServer - Tomcat started on port 1521 (http) with context path '/'
2024-09-12 21:32:27 INFO  [Thread-1] c.m.d.MotelInteligenteApplication - Started MotelInteligenteApplication in 6.029 seconds (process running for 14.712)
2024-09-12 21:38:37 INFO  [Thread-1] c.m.d.MotelInteligenteApplication - Starting MotelInteligenteApplication using Java 20.0.2 with PID 7356 (C:\Users\MOTEL\Desktop\MotelInteligente\target\classes started by MOTEL in C:\Users\MOTEL\Desktop\MotelInteligente)
2024-09-12 21:38:37 DEBUG [Thread-1] c.m.d.MotelInteligenteApplication - Running with Spring Boot v3.3.1, Spring v6.1.10
2024-09-12 21:38:37 INFO  [Thread-1] c.m.d.MotelInteligenteApplication - No active profile set, falling back to 1 default profile: "default"
2024-09-12 21:38:39 INFO  [Thread-1] o.s.b.w.e.tomcat.TomcatWebServer - Tomcat initialized with port 1521 (http)
2024-09-12 21:38:39 INFO  [Thread-1] o.a.coyote.http11.Http11NioProtocol - Initializing ProtocolHandler ["http-nio-0.0.0.0-1521"]
2024-09-12 21:38:39 INFO  [Thread-1] o.a.catalina.core.StandardService - Starting service [Tomcat]
2024-09-12 21:38:39 INFO  [Thread-1] o.a.catalina.core.StandardEngine - Starting Servlet engine: [Apache Tomcat/10.1.25]
2024-09-12 21:38:39 INFO  [Thread-1] o.a.c.c.C.[Tomcat].[localhost].[/] - Initializing Spring embedded WebApplicationContext
2024-09-12 21:38:39 INFO  [Thread-1] o.s.b.w.s.c.ServletWebServerApplicationContext - Root WebApplicationContext: initialization completed in 2454 ms
2024-09-12 21:38:40 INFO  [Thread-1] o.a.coyote.http11.Http11NioProtocol - Starting ProtocolHandler ["http-nio-0.0.0.0-1521"]
2024-09-12 21:38:40 INFO  [Thread-1] o.s.b.w.e.tomcat.TomcatWebServer - Tomcat started on port 1521 (http) with context path '/'
2024-09-12 21:38:40 INFO  [Thread-1] c.m.d.MotelInteligenteApplication - Started MotelInteligenteApplication in 5.604 seconds (process running for 12.154)
2024-09-12 21:41:23 INFO  [Thread-1] c.m.d.MotelInteligenteApplication - Starting MotelInteligenteApplication using Java 20.0.2 with PID 3544 (C:\Users\MOTEL\Desktop\MotelInteligente\target\classes started by MOTEL in C:\Users\MOTEL\Desktop\MotelInteligente)
2024-09-12 21:41:23 DEBUG [Thread-1] c.m.d.MotelInteligenteApplication - Running with Spring Boot v3.3.1, Spring v6.1.10
2024-09-12 21:41:23 INFO  [Thread-1] c.m.d.MotelInteligenteApplication - No active profile set, falling back to 1 default profile: "default"
2024-09-12 21:41:26 INFO  [Thread-1] o.s.b.w.e.tomcat.TomcatWebServer - Tomcat initialized with port 1521 (http)
2024-09-12 21:41:26 INFO  [Thread-1] o.a.coyote.http11.Http11NioProtocol - Initializing ProtocolHandler ["http-nio-0.0.0.0-1521"]
2024-09-12 21:41:26 INFO  [Thread-1] o.a.catalina.core.StandardService - Starting service [Tomcat]
2024-09-12 21:41:26 INFO  [Thread-1] o.a.catalina.core.StandardEngine - Starting Servlet engine: [Apache Tomcat/10.1.25]
2024-09-12 21:41:26 INFO  [Thread-1] o.a.c.c.C.[Tomcat].[localhost].[/] - Initializing Spring embedded WebApplicationContext
2024-09-12 21:41:26 INFO  [Thread-1] o.s.b.w.s.c.ServletWebServerApplicationContext - Root WebApplicationContext: initialization completed in 2560 ms
2024-09-12 21:41:27 INFO  [Thread-1] o.a.coyote.http11.Http11NioProtocol - Starting ProtocolHandler ["http-nio-0.0.0.0-1521"]
2024-09-12 21:41:27 INFO  [Thread-1] o.s.b.w.e.tomcat.TomcatWebServer - Tomcat started on port 1521 (http) with context path '/'
2024-09-12 21:41:27 INFO  [Thread-1] c.m.d.MotelInteligenteApplication - Started MotelInteligenteApplication in 4.953 seconds (process running for 11.1)
2024-09-12 21:53:00 INFO  [http-nio-0.0.0.0-1521-exec-1] o.a.coyote.http11.Http11Processor - Error parsing HTTP request header
 Note: further occurrences of HTTP request parsing errors will be logged at DEBUG level.
java.lang.IllegalArgumentException: Invalid character found in method name [MGLNDD_138.99.250.108_15210x0a...]. HTTP method names must be tokens
	at org.apache.coyote.http11.Http11InputBuffer.parseRequestLine(Http11InputBuffer.java:407)
	at org.apache.coyote.http11.Http11Processor.service(Http11Processor.java:262)
	at org.apache.coyote.AbstractProcessorLight.process(AbstractProcessorLight.java:63)
	at org.apache.coyote.AbstractProtocol$ConnectionHandler.process(AbstractProtocol.java:904)
	at org.apache.tomcat.util.net.NioEndpoint$SocketProcessor.doRun(NioEndpoint.java:1741)
	at org.apache.tomcat.util.net.SocketProcessorBase.run(SocketProcessorBase.java:52)
	at org.apache.tomcat.util.threads.ThreadPoolExecutor.runWorker(ThreadPoolExecutor.java:1190)
	at org.apache.tomcat.util.threads.ThreadPoolExecutor$Worker.run(ThreadPoolExecutor.java:659)
	at org.apache.tomcat.util.threads.TaskThread$WrappingRunnable.run(TaskThread.java:63)
	at java.base/java.lang.Thread.run(Thread.java:1623)
2024-09-12 22:09:19 DEBUG [AWT-EventQueue-0] c.motelinteligente.dados.fprodutos - Executando consulta SQL: SELECT descricao FROM produtos WHERE idproduto = 24
2024-09-12 22:09:19 DEBUG [AWT-EventQueue-0] c.motelinteligente.dados.fprodutos - Executando consulta SQL: SELECT descricao FROM produtos WHERE idproduto = 69
2024-09-12 22:09:19 DEBUG [AWT-EventQueue-0] c.motelinteligente.dados.fprodutos - Executando consulta SQL: SELECT descricao FROM produtos WHERE idproduto = 26
2024-09-12 22:09:19 DEBUG [AWT-EventQueue-0] c.motelinteligente.dados.fprodutos - Executando consulta SQL: SELECT descricao FROM produtos WHERE idproduto = 7
2024-09-12 22:09:19 DEBUG [AWT-EventQueue-0] c.motelinteligente.dados.fprodutos - Executando consulta SQL: SELECT descricao FROM produtos WHERE idproduto = 3
