2024-08-07 07:36:13 INFO  [Thread-1] c.m.d.MotelInteligenteApplication - Starting MotelInteligenteApplication using Java 20.0.2 with PID 1152 (C:\Users\MOTEL\Desktop\MotelInteligente\target\classes started by MOTEL in C:\Users\MOTEL\Desktop\MotelInteligente)
2024-08-07 07:36:13 DEBUG [Thread-1] c.m.d.MotelInteligenteApplication - Running with Spring Boot v3.3.1, Spring v6.1.10
2024-08-07 07:36:13 INFO  [Thread-1] c.m.d.MotelInteligenteApplication - No active profile set, falling back to 1 default profile: "default"
2024-08-07 07:36:15 INFO  [Thread-1] o.s.b.w.e.tomcat.TomcatWebServer - Tomcat initialized with port 1521 (http)
2024-08-07 07:36:15 INFO  [Thread-1] o.a.coyote.http11.Http11NioProtocol - Initializing ProtocolHandler ["http-nio-0.0.0.0-1521"]
2024-08-07 07:36:15 INFO  [Thread-1] o.a.catalina.core.StandardService - Starting service [Tomcat]
2024-08-07 07:36:15 INFO  [Thread-1] o.a.catalina.core.StandardEngine - Starting Servlet engine: [Apache Tomcat/10.1.25]
2024-08-07 07:36:15 INFO  [Thread-1] o.a.c.c.C.[Tomcat].[localhost].[/] - Initializing Spring embedded WebApplicationContext
2024-08-07 07:36:15 INFO  [Thread-1] o.s.b.w.s.c.ServletWebServerApplicationContext - Root WebApplicationContext: initialization completed in 2712 ms
2024-08-07 07:36:17 INFO  [Thread-1] o.a.coyote.http11.Http11NioProtocol - Starting ProtocolHandler ["http-nio-0.0.0.0-1521"]
2024-08-07 07:36:17 INFO  [Thread-1] o.s.b.w.e.tomcat.TomcatWebServer - Tomcat started on port 1521 (http) with context path '/'
2024-08-07 07:36:17 INFO  [Thread-1] c.m.d.MotelInteligenteApplication - Started MotelInteligenteApplication in 5.141 seconds (process running for 18.616)
2024-08-07 07:42:41 INFO  [Thread-1] c.m.d.MotelInteligenteApplication - Starting MotelInteligenteApplication using Java 20.0.2 with PID 10556 (C:\Users\MOTEL\Desktop\MotelInteligente\target\classes started by MOTEL in C:\Users\MOTEL\Desktop\MotelInteligente)
2024-08-07 07:42:41 DEBUG [Thread-1] c.m.d.MotelInteligenteApplication - Running with Spring Boot v3.3.1, Spring v6.1.10
2024-08-07 07:42:41 INFO  [Thread-1] c.m.d.MotelInteligenteApplication - No active profile set, falling back to 1 default profile: "default"
2024-08-07 07:42:43 INFO  [Thread-1] o.s.b.w.e.tomcat.TomcatWebServer - Tomcat initialized with port 1521 (http)
2024-08-07 07:42:43 INFO  [Thread-1] o.a.coyote.http11.Http11NioProtocol - Initializing ProtocolHandler ["http-nio-0.0.0.0-1521"]
2024-08-07 07:42:43 INFO  [Thread-1] o.a.catalina.core.StandardService - Starting service [Tomcat]
2024-08-07 07:42:43 INFO  [Thread-1] o.a.catalina.core.StandardEngine - Starting Servlet engine: [Apache Tomcat/10.1.25]
2024-08-07 07:42:44 INFO  [Thread-1] o.a.c.c.C.[Tomcat].[localhost].[/] - Initializing Spring embedded WebApplicationContext
2024-08-07 07:42:44 INFO  [Thread-1] o.s.b.w.s.c.ServletWebServerApplicationContext - Root WebApplicationContext: initialization completed in 2403 ms
2024-08-07 07:42:45 INFO  [Thread-1] o.a.coyote.http11.Http11NioProtocol - Starting ProtocolHandler ["http-nio-0.0.0.0-1521"]
2024-08-07 07:42:45 INFO  [Thread-1] o.s.b.w.e.tomcat.TomcatWebServer - Tomcat started on port 1521 (http) with context path '/'
2024-08-07 07:42:45 INFO  [Thread-1] c.m.d.MotelInteligenteApplication - Started MotelInteligenteApplication in 4.826 seconds (process running for 11.271)
2024-08-07 07:44:55 INFO  [SpringApplicationShutdownHook] o.a.coyote.http11.Http11NioProtocol - Stopping ProtocolHandler ["http-nio-0.0.0.0-1521"]
2024-08-07 07:45:29 INFO  [Thread-1] c.m.d.MotelInteligenteApplication - Starting MotelInteligenteApplication using Java 20.0.2 with PID 9240 (C:\Users\MOTEL\Desktop\MotelInteligente\target\classes started by MOTEL in C:\Users\MOTEL\Desktop\MotelInteligente)
2024-08-07 07:45:29 DEBUG [Thread-1] c.m.d.MotelInteligenteApplication - Running with Spring Boot v3.3.1, Spring v6.1.10
2024-08-07 07:45:29 INFO  [Thread-1] c.m.d.MotelInteligenteApplication - No active profile set, falling back to 1 default profile: "default"
2024-08-07 07:45:31 INFO  [Thread-1] o.s.b.w.e.tomcat.TomcatWebServer - Tomcat initialized with port 1521 (http)
2024-08-07 07:45:31 INFO  [Thread-1] o.a.coyote.http11.Http11NioProtocol - Initializing ProtocolHandler ["http-nio-0.0.0.0-1521"]
2024-08-07 07:45:31 INFO  [Thread-1] o.a.catalina.core.StandardService - Starting service [Tomcat]
2024-08-07 07:45:31 INFO  [Thread-1] o.a.catalina.core.StandardEngine - Starting Servlet engine: [Apache Tomcat/10.1.25]
2024-08-07 07:45:31 INFO  [Thread-1] o.a.c.c.C.[Tomcat].[localhost].[/] - Initializing Spring embedded WebApplicationContext
2024-08-07 07:45:31 INFO  [Thread-1] o.s.b.w.s.c.ServletWebServerApplicationContext - Root WebApplicationContext: initialization completed in 1861 ms
2024-08-07 07:45:32 INFO  [Thread-1] o.a.coyote.http11.Http11NioProtocol - Starting ProtocolHandler ["http-nio-0.0.0.0-1521"]
2024-08-07 07:45:32 INFO  [Thread-1] o.s.b.w.e.tomcat.TomcatWebServer - Tomcat started on port 1521 (http) with context path '/'
2024-08-07 07:45:32 INFO  [Thread-1] c.m.d.MotelInteligenteApplication - Started MotelInteligenteApplication in 3.374 seconds (process running for 10.47)
2024-08-07 07:47:20 INFO  [Thread-1] c.m.d.MotelInteligenteApplication - Starting MotelInteligenteApplication using Java 20.0.2 with PID 1624 (C:\Users\MOTEL\Desktop\MotelInteligente\target\classes started by MOTEL in C:\Users\MOTEL\Desktop\MotelInteligente)
2024-08-07 07:47:20 DEBUG [Thread-1] c.m.d.MotelInteligenteApplication - Running with Spring Boot v3.3.1, Spring v6.1.10
2024-08-07 07:47:20 INFO  [Thread-1] c.m.d.MotelInteligenteApplication - No active profile set, falling back to 1 default profile: "default"
2024-08-07 07:47:22 INFO  [Thread-1] o.s.b.w.e.tomcat.TomcatWebServer - Tomcat initialized with port 1521 (http)
2024-08-07 07:47:22 INFO  [Thread-1] o.a.coyote.http11.Http11NioProtocol - Initializing ProtocolHandler ["http-nio-0.0.0.0-1521"]
2024-08-07 07:47:22 INFO  [Thread-1] o.a.catalina.core.StandardService - Starting service [Tomcat]
2024-08-07 07:47:22 INFO  [Thread-1] o.a.catalina.core.StandardEngine - Starting Servlet engine: [Apache Tomcat/10.1.25]
2024-08-07 07:47:22 INFO  [Thread-1] o.a.c.c.C.[Tomcat].[localhost].[/] - Initializing Spring embedded WebApplicationContext
2024-08-07 07:47:22 INFO  [Thread-1] o.s.b.w.s.c.ServletWebServerApplicationContext - Root WebApplicationContext: initialization completed in 2355 ms
2024-08-07 07:47:23 INFO  [Thread-1] o.a.coyote.http11.Http11NioProtocol - Starting ProtocolHandler ["http-nio-0.0.0.0-1521"]
2024-08-07 07:47:23 INFO  [Thread-1] o.s.b.w.e.tomcat.TomcatWebServer - Tomcat started on port 1521 (http) with context path '/'
2024-08-07 07:47:23 INFO  [Thread-1] c.m.d.MotelInteligenteApplication - Started MotelInteligenteApplication in 4.133 seconds (process running for 11.155)
2024-08-07 08:05:53 INFO  [Thread-1] c.m.d.MotelInteligenteApplication - Starting MotelInteligenteApplication using Java 20.0.2 with PID 12164 (C:\Users\MOTEL\Desktop\MotelInteligente\target\classes started by MOTEL in C:\Users\MOTEL\Desktop\MotelInteligente)
2024-08-07 08:05:53 DEBUG [Thread-1] c.m.d.MotelInteligenteApplication - Running with Spring Boot v3.3.1, Spring v6.1.10
2024-08-07 08:05:53 INFO  [Thread-1] c.m.d.MotelInteligenteApplication - No active profile set, falling back to 1 default profile: "default"
2024-08-07 08:05:54 INFO  [Thread-1] o.s.b.w.e.tomcat.TomcatWebServer - Tomcat initialized with port 1521 (http)
2024-08-07 08:05:54 INFO  [Thread-1] o.a.coyote.http11.Http11NioProtocol - Initializing ProtocolHandler ["http-nio-0.0.0.0-1521"]
2024-08-07 08:05:54 INFO  [Thread-1] o.a.catalina.core.StandardService - Starting service [Tomcat]
2024-08-07 08:05:54 INFO  [Thread-1] o.a.catalina.core.StandardEngine - Starting Servlet engine: [Apache Tomcat/10.1.25]
2024-08-07 08:05:55 INFO  [Thread-1] o.a.c.c.C.[Tomcat].[localhost].[/] - Initializing Spring embedded WebApplicationContext
2024-08-07 08:05:55 INFO  [Thread-1] o.s.b.w.s.c.ServletWebServerApplicationContext - Root WebApplicationContext: initialization completed in 1830 ms
2024-08-07 08:05:55 INFO  [Thread-1] o.a.coyote.http11.Http11NioProtocol - Starting ProtocolHandler ["http-nio-0.0.0.0-1521"]
2024-08-07 08:05:55 INFO  [Thread-1] o.s.b.w.e.tomcat.TomcatWebServer - Tomcat started on port 1521 (http) with context path '/'
2024-08-07 08:05:55 INFO  [Thread-1] c.m.d.MotelInteligenteApplication - Started MotelInteligenteApplication in 3.692 seconds (process running for 10.704)
2024-08-07 08:29:06 INFO  [http-nio-0.0.0.0-1521-exec-2] o.a.coyote.http11.Http11Processor - Error parsing HTTP request header
 Note: further occurrences of HTTP request parsing errors will be logged at DEBUG level.
java.lang.IllegalArgumentException: Invalid character found in method name [0x00Z0x000x000x010x000x000x000x0160x01,0x000x000x080x000x7f0xff0x7f0x080x000x000x000x010x00 ]. HTTP method names must be tokens
	at org.apache.coyote.http11.Http11InputBuffer.parseRequestLine(Http11InputBuffer.java:407)
	at org.apache.coyote.http11.Http11Processor.service(Http11Processor.java:262)
	at org.apache.coyote.AbstractProcessorLight.process(AbstractProcessorLight.java:63)
	at org.apache.coyote.AbstractProtocol$ConnectionHandler.process(AbstractProtocol.java:904)
	at org.apache.tomcat.util.net.NioEndpoint$SocketProcessor.doRun(NioEndpoint.java:1741)
	at org.apache.tomcat.util.net.SocketProcessorBase.run(SocketProcessorBase.java:52)
	at org.apache.tomcat.util.threads.ThreadPoolExecutor.runWorker(ThreadPoolExecutor.java:1190)
	at org.apache.tomcat.util.threads.ThreadPoolExecutor$Worker.run(ThreadPoolExecutor.java:659)
	at org.apache.tomcat.util.threads.TaskThread$WrappingRunnable.run(TaskThread.java:63)
	at java.base/java.lang.Thread.run(Thread.java:1623)
2024-08-07 08:29:08 INFO  [http-nio-0.0.0.0-1521-exec-5] o.a.c.c.C.[Tomcat].[localhost].[/] - Initializing Spring DispatcherServlet 'dispatcherServlet'
2024-08-07 08:29:08 INFO  [http-nio-0.0.0.0-1521-exec-5] o.s.web.servlet.DispatcherServlet - Initializing Servlet 'dispatcherServlet'
2024-08-07 08:29:08 INFO  [http-nio-0.0.0.0-1521-exec-5] o.s.web.servlet.DispatcherServlet - Completed initialization in 28 ms
2024-08-07 10:38:54 DEBUG [AWT-EventQueue-0] c.motelinteligente.dados.fprodutos - Executando consulta SQL: SELECT descricao FROM produtos WHERE idproduto = 2
2024-08-07 10:38:54 DEBUG [AWT-EventQueue-0] c.motelinteligente.dados.fprodutos - Executando consulta SQL: SELECT descricao FROM produtos WHERE idproduto = 26
2024-08-07 10:38:55 DEBUG [AWT-EventQueue-0] c.motelinteligente.dados.fprodutos - Executando consulta SQL: SELECT descricao FROM produtos WHERE idproduto = 26
2024-08-07 10:38:55 DEBUG [AWT-EventQueue-0] c.motelinteligente.dados.fprodutos - Executando consulta SQL: SELECT valorproduto FROM produtos WHERE idproduto = 26
2024-08-07 10:39:36 DEBUG [AWT-EventQueue-0] c.motelinteligente.dados.fprodutos - Executando consulta SQL: SELECT estoque FROM produtos WHERE idproduto = ?
2024-08-07 14:53:06 DEBUG [AWT-EventQueue-0] c.motelinteligente.dados.fprodutos - Executando consulta SQL: SELECT descricao FROM produtos WHERE idproduto = 1
2024-08-07 14:53:07 DEBUG [AWT-EventQueue-0] c.motelinteligente.dados.fprodutos - Executando consulta SQL: SELECT descricao FROM produtos WHERE idproduto = 1
2024-08-07 14:53:07 DEBUG [AWT-EventQueue-0] c.motelinteligente.dados.fprodutos - Executando consulta SQL: SELECT valorproduto FROM produtos WHERE idproduto = 1
2024-08-07 14:53:08 DEBUG [AWT-EventQueue-0] c.motelinteligente.dados.fprodutos - Executando consulta SQL: SELECT descricao FROM produtos WHERE idproduto = 8
2024-08-07 14:53:09 DEBUG [AWT-EventQueue-0] c.motelinteligente.dados.fprodutos - Executando consulta SQL: SELECT descricao FROM produtos WHERE idproduto = 83
2024-08-07 14:53:11 DEBUG [AWT-EventQueue-0] c.motelinteligente.dados.fprodutos - Executando consulta SQL: SELECT descricao FROM produtos WHERE idproduto = 83
2024-08-07 14:53:12 DEBUG [AWT-EventQueue-0] c.motelinteligente.dados.fprodutos - Executando consulta SQL: SELECT valorproduto FROM produtos WHERE idproduto = 83
2024-08-07 14:53:16 DEBUG [AWT-EventQueue-0] c.motelinteligente.dados.fprodutos - Executando consulta SQL: SELECT descricao FROM produtos WHERE idproduto = 1
2024-08-07 14:53:16 DEBUG [AWT-EventQueue-0] c.motelinteligente.dados.fprodutos - Executando consulta SQL: SELECT descricao FROM produtos WHERE idproduto = 14
2024-08-07 14:53:18 DEBUG [AWT-EventQueue-0] c.motelinteligente.dados.fprodutos - Executando consulta SQL: SELECT descricao FROM produtos WHERE idproduto = 14
2024-08-07 14:53:18 DEBUG [AWT-EventQueue-0] c.motelinteligente.dados.fprodutos - Executando consulta SQL: SELECT valorproduto FROM produtos WHERE idproduto = 14
2024-08-07 14:54:02 DEBUG [AWT-EventQueue-0] c.motelinteligente.dados.fprodutos - Executando consulta SQL: SELECT estoque FROM produtos WHERE idproduto = ?
2024-08-07 14:54:03 DEBUG [AWT-EventQueue-0] c.motelinteligente.dados.fprodutos - Executando consulta SQL: SELECT estoque FROM produtos WHERE idproduto = ?
2024-08-07 14:54:04 DEBUG [AWT-EventQueue-0] c.motelinteligente.dados.fprodutos - Executando consulta SQL: SELECT estoque FROM produtos WHERE idproduto = ?
2024-08-07 14:54:04 DEBUG [AWT-EventQueue-0] c.motelinteligente.dados.fprodutos - Executando consulta SQL: UPDATE produtos SET estoque = ? WHERE idproduto = ?
2024-08-07 18:08:52 DEBUG [AWT-EventQueue-0] c.motelinteligente.dados.fprodutos - Executando consulta SQL: SELECT descricao FROM produtos WHERE idproduto = 26
2024-08-07 18:08:52 DEBUG [AWT-EventQueue-0] c.motelinteligente.dados.fprodutos - Executando consulta SQL: SELECT descricao FROM produtos WHERE idproduto = 1
2024-08-07 18:08:53 DEBUG [AWT-EventQueue-0] c.motelinteligente.dados.fprodutos - Executando consulta SQL: SELECT descricao FROM produtos WHERE idproduto = 83
2024-08-07 18:08:53 DEBUG [AWT-EventQueue-0] c.motelinteligente.dados.fprodutos - Executando consulta SQL: SELECT descricao FROM produtos WHERE idproduto = 14
2024-08-07 18:09:09 DEBUG [AWT-EventQueue-0] c.motelinteligente.dados.fprodutos - Executando consulta SQL: SELECT descricao FROM produtos WHERE idproduto = 26
2024-08-07 18:09:09 DEBUG [AWT-EventQueue-0] c.motelinteligente.dados.fprodutos - Executando consulta SQL: SELECT descricao FROM produtos WHERE idproduto = 1
2024-08-07 18:09:10 DEBUG [AWT-EventQueue-0] c.motelinteligente.dados.fprodutos - Executando consulta SQL: SELECT descricao FROM produtos WHERE idproduto = 83
2024-08-07 18:09:10 DEBUG [AWT-EventQueue-0] c.motelinteligente.dados.fprodutos - Executando consulta SQL: SELECT descricao FROM produtos WHERE idproduto = 14
2024-08-07 18:53:15 DEBUG [AWT-EventQueue-0] c.motelinteligente.dados.fprodutos - Executando consulta SQL: SELECT descricao FROM produtos WHERE idproduto = 2
2024-08-07 18:53:15 DEBUG [AWT-EventQueue-0] c.motelinteligente.dados.fprodutos - Executando consulta SQL: SELECT descricao FROM produtos WHERE idproduto = 24
2024-08-07 18:53:18 DEBUG [AWT-EventQueue-0] c.motelinteligente.dados.fprodutos - Executando consulta SQL: SELECT descricao FROM produtos WHERE idproduto = 24
2024-08-07 18:53:18 DEBUG [AWT-EventQueue-0] c.motelinteligente.dados.fprodutos - Executando consulta SQL: SELECT valorproduto FROM produtos WHERE idproduto = 24
2024-08-07 18:53:36 DEBUG [AWT-EventQueue-0] c.motelinteligente.dados.fprodutos - Executando consulta SQL: SELECT estoque FROM produtos WHERE idproduto = ?
2024-08-07 19:14:15 DEBUG [AWT-EventQueue-0] c.motelinteligente.dados.fprodutos - Executando consulta SQL: SELECT descricao FROM produtos WHERE idproduto = 26
2024-08-07 19:14:15 DEBUG [AWT-EventQueue-0] c.motelinteligente.dados.fprodutos - Executando consulta SQL: SELECT descricao FROM produtos WHERE idproduto = 1
2024-08-07 19:14:15 DEBUG [AWT-EventQueue-0] c.motelinteligente.dados.fprodutos - Executando consulta SQL: SELECT descricao FROM produtos WHERE idproduto = 83
2024-08-07 19:14:15 DEBUG [AWT-EventQueue-0] c.motelinteligente.dados.fprodutos - Executando consulta SQL: SELECT descricao FROM produtos WHERE idproduto = 14
2024-08-07 19:14:15 DEBUG [AWT-EventQueue-0] c.motelinteligente.dados.fprodutos - Executando consulta SQL: SELECT descricao FROM produtos WHERE idproduto = 24
2024-08-07 19:28:23 DEBUG [AWT-EventQueue-0] c.motelinteligente.dados.fprodutos - Executando consulta SQL: SELECT descricao FROM produtos WHERE idproduto = 2
2024-08-07 19:28:23 DEBUG [AWT-EventQueue-0] c.motelinteligente.dados.fprodutos - Executando consulta SQL: SELECT descricao FROM produtos WHERE idproduto = 26
2024-08-07 19:28:24 DEBUG [AWT-EventQueue-0] c.motelinteligente.dados.fprodutos - Executando consulta SQL: SELECT descricao FROM produtos WHERE idproduto = 26
2024-08-07 19:28:24 DEBUG [AWT-EventQueue-0] c.motelinteligente.dados.fprodutos - Executando consulta SQL: SELECT valorproduto FROM produtos WHERE idproduto = 26
2024-08-07 19:29:10 DEBUG [AWT-EventQueue-0] c.motelinteligente.dados.fprodutos - Executando consulta SQL: SELECT descricao FROM produtos WHERE idproduto = 7
2024-08-07 19:29:10 DEBUG [AWT-EventQueue-0] c.motelinteligente.dados.fprodutos - Executando consulta SQL: SELECT descricao FROM produtos WHERE idproduto = 77
2024-08-07 19:30:22 DEBUG [AWT-EventQueue-0] c.motelinteligente.dados.fprodutos - Executando consulta SQL: SELECT estoque FROM produtos WHERE idproduto = ?
2024-08-07 19:42:06 DEBUG [AWT-EventQueue-0] c.motelinteligente.dados.fprodutos - Executando consulta SQL: SELECT descricao FROM produtos WHERE idproduto = 26
2024-08-07 19:42:07 DEBUG [AWT-EventQueue-0] c.motelinteligente.dados.fprodutos - Executando consulta SQL: SELECT descricao FROM produtos WHERE idproduto = 1
2024-08-07 19:42:29 DEBUG [AWT-EventQueue-0] c.motelinteligente.dados.fprodutos - Executando consulta SQL: SELECT descricao FROM produtos WHERE idproduto = 83
2024-08-07 19:42:29 DEBUG [AWT-EventQueue-0] c.motelinteligente.dados.fprodutos - Executando consulta SQL: SELECT descricao FROM produtos WHERE idproduto = 14
2024-08-07 19:42:29 DEBUG [AWT-EventQueue-0] c.motelinteligente.dados.fprodutos - Executando consulta SQL: SELECT descricao FROM produtos WHERE idproduto = 24
2024-08-07 23:39:32 DEBUG [AWT-EventQueue-0] c.motelinteligente.dados.fprodutos - Executando consulta SQL: SELECT descricao FROM produtos WHERE idproduto = 1
2024-08-07 23:39:34 DEBUG [AWT-EventQueue-0] c.motelinteligente.dados.fprodutos - Executando consulta SQL: SELECT descricao FROM produtos WHERE idproduto = 1
2024-08-07 23:39:34 DEBUG [AWT-EventQueue-0] c.motelinteligente.dados.fprodutos - Executando consulta SQL: SELECT valorproduto FROM produtos WHERE idproduto = 1
2024-08-07 23:39:35 DEBUG [AWT-EventQueue-0] c.motelinteligente.dados.fprodutos - Executando consulta SQL: SELECT descricao FROM produtos WHERE idproduto = 2
2024-08-07 23:39:35 DEBUG [AWT-EventQueue-0] c.motelinteligente.dados.fprodutos - Executando consulta SQL: SELECT descricao FROM produtos WHERE idproduto = 24
2024-08-07 23:39:36 DEBUG [AWT-EventQueue-0] c.motelinteligente.dados.fprodutos - Executando consulta SQL: SELECT descricao FROM produtos WHERE idproduto = 24
2024-08-07 23:39:36 DEBUG [AWT-EventQueue-0] c.motelinteligente.dados.fprodutos - Executando consulta SQL: SELECT valorproduto FROM produtos WHERE idproduto = 24
2024-08-07 23:40:20 DEBUG [AWT-EventQueue-0] c.motelinteligente.dados.fprodutos - Executando consulta SQL: SELECT estoque FROM produtos WHERE idproduto = ?
2024-08-07 23:40:20 DEBUG [AWT-EventQueue-0] c.motelinteligente.dados.fprodutos - Executando consulta SQL: SELECT estoque FROM produtos WHERE idproduto = ?
2024-08-07 23:46:43 DEBUG [AWT-EventQueue-0] c.motelinteligente.dados.fprodutos - Executando consulta SQL: SELECT descricao FROM produtos WHERE idproduto = 26
2024-08-07 23:46:43 DEBUG [AWT-EventQueue-0] c.motelinteligente.dados.fprodutos - Executando consulta SQL: SELECT descricao FROM produtos WHERE idproduto = 1
2024-08-07 23:46:43 DEBUG [AWT-EventQueue-0] c.motelinteligente.dados.fprodutos - Executando consulta SQL: SELECT descricao FROM produtos WHERE idproduto = 83
2024-08-07 23:46:44 DEBUG [AWT-EventQueue-0] c.motelinteligente.dados.fprodutos - Executando consulta SQL: SELECT descricao FROM produtos WHERE idproduto = 14
2024-08-07 23:46:44 DEBUG [AWT-EventQueue-0] c.motelinteligente.dados.fprodutos - Executando consulta SQL: SELECT descricao FROM produtos WHERE idproduto = 24
