2025-12-22 00:23:07.192 INFO  [Thread-2134] c.m.dados.CheckSincronia - Iniciando sincronização de registros...
2025-12-22 00:23:07.635 WARN  [Thread-2135] c.m.dados.CheckSincronia - CheckSincronia já em execução. Ignorando nova chamada.
2025-12-22 00:23:07.638 INFO  [Thread-2134] c.m.dados.CheckSincronia - Sincronização concluída.
2025-12-22 00:23:09.086 INFO  [Thread-2136] c.m.dados.CheckSincronia - Iniciando sincronização de registros...
2025-12-22 00:23:09.244 WARN  [Thread-2137] c.m.dados.CheckSincronia - CheckSincronia já em execução. Ignorando nova chamada.
2025-12-22 00:23:09.247 INFO  [Thread-2136] c.m.dados.CheckSincronia - Sincronização concluída.
2025-12-22 00:23:29.534 INFO  [Thread-2138] c.m.dados.CheckSincronia - Iniciando sincronização de registros...
2025-12-22 00:23:29.691 WARN  [Thread-2139] c.m.dados.CheckSincronia - CheckSincronia já em execução. Ignorando nova chamada.
2025-12-22 00:23:29.693 INFO  [Thread-2138] c.m.dados.CheckSincronia - Sincronização concluída.
2025-12-22 00:24:22.126 INFO  [Thread-2141] c.m.dados.CheckSincronia - Iniciando sincronização de registros...
2025-12-22 00:24:22.127 WARN  [Thread-2142] c.m.dados.CheckSincronia - CheckSincronia já em execução. Ignorando nova chamada.
2025-12-22 00:24:22.131 WARN  [Thread-2143] c.m.dados.CheckSincronia - CheckSincronia já em execução. Ignorando nova chamada.
2025-12-22 00:24:22.138 WARN  [Thread-2144] c.m.dados.CheckSincronia - CheckSincronia já em execução. Ignorando nova chamada.
2025-12-22 00:24:22.250 WARN  [Thread-2145] c.m.dados.CheckSincronia - CheckSincronia já em execução. Ignorando nova chamada.
2025-12-22 00:24:22.253 WARN  [Thread-2146] c.m.dados.CheckSincronia - CheckSincronia já em execução. Ignorando nova chamada.
2025-12-22 00:24:22.543 WARN  [Thread-2147] c.m.dados.CheckSincronia - CheckSincronia já em execução. Ignorando nova chamada.
2025-12-22 00:24:22.667 WARN  [Thread-2148] c.m.dados.CheckSincronia - CheckSincronia já em execução. Ignorando nova chamada.
2025-12-22 00:24:22.790 WARN  [Thread-2149] c.m.dados.CheckSincronia - CheckSincronia já em execução. Ignorando nova chamada.
2025-12-22 00:24:22.901 WARN  [Thread-2150] c.m.dados.CheckSincronia - CheckSincronia já em execução. Ignorando nova chamada.
2025-12-22 00:24:23.009 WARN  [Thread-2151] c.m.dados.CheckSincronia - CheckSincronia já em execução. Ignorando nova chamada.
2025-12-22 00:24:23.121 WARN  [Thread-2152] c.m.dados.CheckSincronia - CheckSincronia já em execução. Ignorando nova chamada.
2025-12-22 00:24:23.122 INFO  [Thread-2141] c.m.dados.CheckSincronia - Sincronização concluída.
2025-12-22 01:12:52.379 INFO  [Thread-2153] c.m.dados.CheckSincronia - Iniciando sincronização de registros...
2025-12-22 01:12:52.384 WARN  [Thread-2154] c.m.dados.CheckSincronia - CheckSincronia já em execução. Ignorando nova chamada.
2025-12-22 01:12:52.794 WARN  [Thread-2155] c.m.dados.CheckSincronia - CheckSincronia já em execução. Ignorando nova chamada.
2025-12-22 01:12:52.916 WARN  [Thread-2156] c.m.dados.CheckSincronia - CheckSincronia já em execução. Ignorando nova chamada.
2025-12-22 01:12:52.917 INFO  [Thread-2153] c.m.dados.CheckSincronia - Sincronização concluída.
2025-12-22 01:49:04.595 INFO  [Thread-2158] c.m.dados.CheckSincronia - Iniciando sincronização de registros...
2025-12-22 01:49:04.605 WARN  [Thread-2159] c.m.dados.CheckSincronia - CheckSincronia já em execução. Ignorando nova chamada.
2025-12-22 01:49:04.721 WARN  [Thread-2160] c.m.dados.CheckSincronia - CheckSincronia já em execução. Ignorando nova chamada.
2025-12-22 01:49:04.726 WARN  [Thread-2161] c.m.dados.CheckSincronia - CheckSincronia já em execução. Ignorando nova chamada.
2025-12-22 01:49:05.017 WARN  [Thread-2162] c.m.dados.CheckSincronia - CheckSincronia já em execução. Ignorando nova chamada.
2025-12-22 01:49:05.135 WARN  [Thread-2163] c.m.dados.CheckSincronia - CheckSincronia já em execução. Ignorando nova chamada.
2025-12-22 01:49:05.253 WARN  [Thread-2164] c.m.dados.CheckSincronia - CheckSincronia já em execução. Ignorando nova chamada.
2025-12-22 01:49:05.370 WARN  [Thread-2165] c.m.dados.CheckSincronia - CheckSincronia já em execução. Ignorando nova chamada.
2025-12-22 01:49:05.371 INFO  [Thread-2158] c.m.dados.CheckSincronia - Sincronização concluída.
2025-12-22 02:59:58.366 INFO  [scheduling-1] c.m.dados.Agendamentos - Executando a tarefa agendada para 03:00.
2025-12-22 03:00:02.010 INFO  [scheduling-1] c.m.dados.Agendamentos - Sincronização agendada concluída com sucesso.
2025-12-22 04:34:24.371 INFO  [Thread-2166] c.m.dados.CheckSincronia - Iniciando sincronização de registros...
2025-12-22 04:34:24.372 WARN  [Thread-2167] c.m.dados.CheckSincronia - CheckSincronia já em execução. Ignorando nova chamada.
2025-12-22 04:34:24.814 WARN  [Thread-2170] c.m.dados.CheckSincronia - CheckSincronia já em execução. Ignorando nova chamada.
2025-12-22 04:34:24.943 WARN  [Thread-2171] c.m.dados.CheckSincronia - CheckSincronia já em execução. Ignorando nova chamada.
2025-12-22 04:34:24.944 INFO  [Thread-2166] c.m.dados.CheckSincronia - Sincronização concluída.
2025-12-22 05:27:47.382 INFO  [Thread-2173] c.m.dados.CheckSincronia - Iniciando sincronização de registros...
2025-12-22 05:27:47.396 WARN  [Thread-2174] c.m.dados.CheckSincronia - CheckSincronia já em execução. Ignorando nova chamada.
2025-12-22 05:27:47.529 WARN  [Thread-2175] c.m.dados.CheckSincronia - CheckSincronia já em execução. Ignorando nova chamada.
2025-12-22 05:27:47.538 WARN  [Thread-2176] c.m.dados.CheckSincronia - CheckSincronia já em execução. Ignorando nova chamada.
2025-12-22 05:27:47.875 WARN  [Thread-2177] c.m.dados.CheckSincronia - CheckSincronia já em execução. Ignorando nova chamada.
2025-12-22 05:27:48.002 WARN  [Thread-2178] c.m.dados.CheckSincronia - CheckSincronia já em execução. Ignorando nova chamada.
2025-12-22 05:27:48.126 WARN  [Thread-2179] c.m.dados.CheckSincronia - CheckSincronia já em execução. Ignorando nova chamada.
2025-12-22 05:27:48.247 WARN  [Thread-2180] c.m.dados.CheckSincronia - CheckSincronia já em execução. Ignorando nova chamada.
2025-12-22 05:27:48.248 INFO  [Thread-2173] c.m.dados.CheckSincronia - Sincronização concluída.
2025-12-22 05:28:22.569 INFO  [Thread-2181] c.m.dados.CheckSincronia - Iniciando sincronização de registros...
2025-12-22 05:28:22.575 WARN  [Thread-2182] c.m.dados.CheckSincronia - CheckSincronia já em execução. Ignorando nova chamada.
2025-12-22 05:28:22.991 WARN  [Thread-2183] c.m.dados.CheckSincronia - CheckSincronia já em execução. Ignorando nova chamada.
2025-12-22 05:28:23.108 WARN  [Thread-2184] c.m.dados.CheckSincronia - CheckSincronia já em execução. Ignorando nova chamada.
2025-12-22 05:28:23.109 INFO  [Thread-2181] c.m.dados.CheckSincronia - Sincronização concluída.
2025-12-22 05:28:25.130 INFO  [Thread-2185] c.m.dados.CheckSincronia - Iniciando sincronização de registros...
2025-12-22 05:28:25.134 WARN  [Thread-2186] c.m.dados.CheckSincronia - CheckSincronia já em execução. Ignorando nova chamada.
2025-12-22 05:28:25.282 WARN  [Thread-2187] c.m.dados.CheckSincronia - CheckSincronia já em execução. Ignorando nova chamada.
2025-12-22 05:28:25.402 WARN  [Thread-2188] c.m.dados.CheckSincronia - CheckSincronia já em execução. Ignorando nova chamada.
2025-12-22 05:28:25.403 INFO  [Thread-2185] c.m.dados.CheckSincronia - Sincronização concluída.
2025-12-22 07:12:34.802 INFO  [Thread-2189] c.m.dados.CheckSincronia - Iniciando sincronização de registros...
2025-12-22 07:12:34.803 WARN  [Thread-2190] c.m.dados.CheckSincronia - CheckSincronia já em execução. Ignorando nova chamada.
2025-12-22 07:12:35.250 WARN  [Thread-2193] c.m.dados.CheckSincronia - CheckSincronia já em execução. Ignorando nova chamada.
2025-12-22 07:12:35.371 WARN  [Thread-2194] c.m.dados.CheckSincronia - CheckSincronia já em execução. Ignorando nova chamada.
2025-12-22 07:12:35.372 INFO  [Thread-2189] c.m.dados.CheckSincronia - Sincronização concluída.
2025-12-22 07:47:12.640 INFO  [Thread-2196] c.m.dados.CheckSincronia - Iniciando sincronização de registros...
2025-12-22 07:47:12.765 WARN  [Thread-2197] c.m.dados.CheckSincronia - CheckSincronia já em execução. Ignorando nova chamada.
2025-12-22 07:47:12.767 WARN  [Thread-2198] c.m.dados.CheckSincronia - CheckSincronia já em execução. Ignorando nova chamada.
2025-12-22 07:47:13.110 WARN  [Thread-2199] c.m.dados.CheckSincronia - CheckSincronia já em execução. Ignorando nova chamada.
2025-12-22 07:47:13.237 WARN  [Thread-2200] c.m.dados.CheckSincronia - CheckSincronia já em execução. Ignorando nova chamada.
2025-12-22 07:47:13.351 WARN  [Thread-2201] c.m.dados.CheckSincronia - CheckSincronia já em execução. Ignorando nova chamada.
2025-12-22 07:47:13.352 INFO  [Thread-2196] c.m.dados.CheckSincronia - Sincronização concluída.
2025-12-22 08:00:03.694 INFO  [Thread-2202] c.m.dados.CheckSincronia - Iniciando sincronização de registros...
2025-12-22 08:00:03.696 WARN  [Thread-2203] c.m.dados.CheckSincronia - CheckSincronia já em execução. Ignorando nova chamada.
2025-12-22 08:00:04.233 WARN  [Thread-2206] c.m.dados.CheckSincronia - CheckSincronia já em execução. Ignorando nova chamada.
2025-12-22 08:00:04.398 WARN  [Thread-2207] c.m.dados.CheckSincronia - CheckSincronia já em execução. Ignorando nova chamada.
2025-12-22 08:00:04.399 INFO  [Thread-2202] c.m.dados.CheckSincronia - Sincronização concluída.
2025-12-22 08:52:30.781 INFO  [Thread-2208] c.m.dados.CheckSincronia - Iniciando sincronização de registros...
2025-12-22 08:52:30.782 WARN  [Thread-2209] c.m.dados.CheckSincronia - CheckSincronia já em execução. Ignorando nova chamada.
2025-12-22 08:52:31.283 WARN  [Thread-2212] c.m.dados.CheckSincronia - CheckSincronia já em execução. Ignorando nova chamada.
2025-12-22 08:52:31.404 WARN  [Thread-2213] c.m.dados.CheckSincronia - CheckSincronia já em execução. Ignorando nova chamada.
2025-12-22 08:52:31.405 INFO  [Thread-2208] c.m.dados.CheckSincronia - Sincronização concluída.
2025-12-22 09:34:23.959 INFO  [Thread-2214] c.m.dados.CheckSincronia - Iniciando sincronização de registros...
2025-12-22 09:34:23.960 WARN  [Thread-2215] c.m.dados.CheckSincronia - CheckSincronia já em execução. Ignorando nova chamada.
2025-12-22 09:34:24.431 WARN  [Thread-2218] c.m.dados.CheckSincronia - CheckSincronia já em execução. Ignorando nova chamada.
2025-12-22 09:34:24.557 WARN  [Thread-2219] c.m.dados.CheckSincronia - CheckSincronia já em execução. Ignorando nova chamada.
2025-12-22 09:34:24.558 INFO  [Thread-2214] c.m.dados.CheckSincronia - Sincronização concluída.
2025-12-22 09:51:48.263 INFO  [Thread-2220] c.m.dados.CheckSincronia - Iniciando sincronização de registros...
2025-12-22 09:51:48.265 WARN  [Thread-2221] c.m.dados.CheckSincronia - CheckSincronia já em execução. Ignorando nova chamada.
2025-12-22 09:51:48.719 WARN  [Thread-2224] c.m.dados.CheckSincronia - CheckSincronia já em execução. Ignorando nova chamada.
2025-12-22 09:51:48.849 WARN  [Thread-2225] c.m.dados.CheckSincronia - CheckSincronia já em execução. Ignorando nova chamada.
2025-12-22 09:51:48.850 INFO  [Thread-2220] c.m.dados.CheckSincronia - Sincronização concluída.
2025-12-22 09:54:55.191 INFO  [Thread-2228] c.m.dados.CheckSincronia - Iniciando sincronização de registros...
2025-12-22 09:54:55.669 WARN  [Thread-2229] c.m.dados.CheckSincronia - CheckSincronia já em execução. Ignorando nova chamada.
2025-12-22 09:54:55.673 INFO  [Thread-2228] c.m.dados.CheckSincronia - Sincronização concluída.
2025-12-22 09:55:44.671 INFO  [Thread-2231] c.m.dados.CheckSincronia - Iniciando sincronização de registros...
2025-12-22 09:55:44.673 WARN  [Thread-2232] c.m.dados.CheckSincronia - CheckSincronia já em execução. Ignorando nova chamada.
2025-12-22 09:55:44.791 WARN  [Thread-2233] c.m.dados.CheckSincronia - CheckSincronia já em execução. Ignorando nova chamada.
2025-12-22 09:55:44.794 WARN  [Thread-2234] c.m.dados.CheckSincronia - CheckSincronia já em execução. Ignorando nova chamada.
2025-12-22 09:55:45.113 WARN  [Thread-2235] c.m.dados.CheckSincronia - CheckSincronia já em execução. Ignorando nova chamada.
2025-12-22 09:55:45.254 WARN  [Thread-2236] c.m.dados.CheckSincronia - CheckSincronia já em execução. Ignorando nova chamada.
2025-12-22 09:55:45.376 WARN  [Thread-2237] c.m.dados.CheckSincronia - CheckSincronia já em execução. Ignorando nova chamada.
2025-12-22 09:55:45.488 WARN  [Thread-2238] c.m.dados.CheckSincronia - CheckSincronia já em execução. Ignorando nova chamada.
2025-12-22 09:55:45.488 INFO  [Thread-2231] c.m.dados.CheckSincronia - Sincronização concluída.
2025-12-22 10:03:20.761 INFO  [Thread-2240] c.m.dados.CheckSincronia - Iniciando sincronização de registros...
2025-12-22 10:03:20.871 WARN  [Thread-2241] c.m.dados.CheckSincronia - CheckSincronia já em execução. Ignorando nova chamada.
2025-12-22 10:03:20.874 WARN  [Thread-2242] c.m.dados.CheckSincronia - CheckSincronia já em execução. Ignorando nova chamada.
2025-12-22 10:03:21.187 WARN  [Thread-2243] c.m.dados.CheckSincronia - CheckSincronia já em execução. Ignorando nova chamada.
2025-12-22 10:03:21.313 WARN  [Thread-2244] c.m.dados.CheckSincronia - CheckSincronia já em execução. Ignorando nova chamada.
2025-12-22 10:03:21.439 WARN  [Thread-2245] c.m.dados.CheckSincronia - CheckSincronia já em execução. Ignorando nova chamada.
2025-12-22 10:03:21.440 INFO  [Thread-2240] c.m.dados.CheckSincronia - Sincronização concluída.
2025-12-22 10:14:21.132 INFO  [Thread-2247] c.m.dados.CheckSincronia - Iniciando sincronização de registros...
2025-12-22 10:14:21.247 WARN  [Thread-2248] c.m.dados.CheckSincronia - CheckSincronia já em execução. Ignorando nova chamada.
2025-12-22 10:14:21.251 WARN  [Thread-2249] c.m.dados.CheckSincronia - CheckSincronia já em execução. Ignorando nova chamada.
2025-12-22 10:14:21.562 WARN  [Thread-2250] c.m.dados.CheckSincronia - CheckSincronia já em execução. Ignorando nova chamada.
2025-12-22 10:14:21.683 WARN  [Thread-2251] c.m.dados.CheckSincronia - CheckSincronia já em execução. Ignorando nova chamada.
2025-12-22 10:14:21.799 WARN  [Thread-2252] c.m.dados.CheckSincronia - CheckSincronia já em execução. Ignorando nova chamada.
2025-12-22 10:14:21.800 INFO  [Thread-2247] c.m.dados.CheckSincronia - Sincronização concluída.
2025-12-22 10:20:56.688 INFO  [Thread-2253] c.m.dados.CheckSincronia - Iniciando sincronização de registros...
2025-12-22 10:20:56.693 WARN  [Thread-2254] c.m.dados.CheckSincronia - CheckSincronia já em execução. Ignorando nova chamada.
2025-12-22 10:20:56.700 WARN  [Thread-2255] c.m.dados.CheckSincronia - CheckSincronia já em execução. Ignorando nova chamada.
2025-12-22 10:20:57.100 WARN  [Thread-2256] c.m.dados.CheckSincronia - CheckSincronia já em execução. Ignorando nova chamada.
2025-12-22 10:20:57.221 WARN  [Thread-2257] c.m.dados.CheckSincronia - CheckSincronia já em execução. Ignorando nova chamada.
2025-12-22 10:20:57.389 WARN  [Thread-2258] c.m.dados.CheckSincronia - CheckSincronia já em execução. Ignorando nova chamada.
2025-12-22 10:20:57.391 INFO  [Thread-2253] c.m.dados.CheckSincronia - Sincronização concluída.
2025-12-22 10:21:00.565 INFO  [Thread-2259] c.m.dados.CheckSincronia - Iniciando sincronização de registros...
2025-12-22 10:21:00.570 WARN  [Thread-2260] c.m.dados.CheckSincronia - CheckSincronia já em execução. Ignorando nova chamada.
2025-12-22 10:21:00.711 WARN  [Thread-2261] c.m.dados.CheckSincronia - CheckSincronia já em execução. Ignorando nova chamada.
2025-12-22 10:21:00.825 WARN  [Thread-2262] c.m.dados.CheckSincronia - CheckSincronia já em execução. Ignorando nova chamada.
2025-12-22 10:21:00.826 INFO  [Thread-2259] c.m.dados.CheckSincronia - Sincronização concluída.
2025-12-22 10:51:23.167 INFO  [Thread-2263] c.m.dados.CheckSincronia - Iniciando sincronização de registros...
2025-12-22 10:51:23.170 WARN  [Thread-2264] c.m.dados.CheckSincronia - CheckSincronia já em execução. Ignorando nova chamada.
2025-12-22 10:51:23.581 WARN  [Thread-2267] c.m.dados.CheckSincronia - CheckSincronia já em execução. Ignorando nova chamada.
2025-12-22 10:51:23.704 WARN  [Thread-2268] c.m.dados.CheckSincronia - CheckSincronia já em execução. Ignorando nova chamada.
2025-12-22 10:51:23.705 INFO  [Thread-2263] c.m.dados.CheckSincronia - Sincronização concluída.
2025-12-22 10:59:58.775 INFO  [Thread-2269] c.m.dados.CheckSincronia - Iniciando sincronização de registros...
2025-12-22 10:59:58.778 WARN  [Thread-2270] c.m.dados.CheckSincronia - CheckSincronia já em execução. Ignorando nova chamada.
2025-12-22 10:59:59.191 WARN  [Thread-2273] c.m.dados.CheckSincronia - CheckSincronia já em execução. Ignorando nova chamada.
2025-12-22 10:59:59.304 WARN  [Thread-2274] c.m.dados.CheckSincronia - CheckSincronia já em execução. Ignorando nova chamada.
2025-12-22 10:59:59.305 INFO  [Thread-2269] c.m.dados.CheckSincronia - Sincronização concluída.
2025-12-22 11:18:51.680 INFO  [Thread-2276] c.m.dados.CheckSincronia - Iniciando sincronização de registros...
2025-12-22 11:18:51.792 WARN  [Thread-2277] c.m.dados.CheckSincronia - CheckSincronia já em execução. Ignorando nova chamada.
2025-12-22 11:18:51.796 WARN  [Thread-2278] c.m.dados.CheckSincronia - CheckSincronia já em execução. Ignorando nova chamada.
2025-12-22 11:18:52.108 WARN  [Thread-2279] c.m.dados.CheckSincronia - CheckSincronia já em execução. Ignorando nova chamada.
2025-12-22 11:18:52.222 WARN  [Thread-2280] c.m.dados.CheckSincronia - CheckSincronia já em execução. Ignorando nova chamada.
2025-12-22 11:18:52.345 WARN  [Thread-2281] c.m.dados.CheckSincronia - CheckSincronia já em execução. Ignorando nova chamada.
2025-12-22 11:18:52.346 INFO  [Thread-2276] c.m.dados.CheckSincronia - Sincronização concluída.
2025-12-22 11:22:25.705 INFO  [Thread-2283] c.m.dados.CheckSincronia - Iniciando sincronização de registros...
2025-12-22 11:22:25.825 WARN  [Thread-2284] c.m.dados.CheckSincronia - CheckSincronia já em execução. Ignorando nova chamada.
2025-12-22 11:22:25.827 WARN  [Thread-2285] c.m.dados.CheckSincronia - CheckSincronia já em execução. Ignorando nova chamada.
2025-12-22 11:22:26.124 WARN  [Thread-2286] c.m.dados.CheckSincronia - CheckSincronia já em execução. Ignorando nova chamada.
2025-12-22 11:22:26.241 WARN  [Thread-2287] c.m.dados.CheckSincronia - CheckSincronia já em execução. Ignorando nova chamada.
2025-12-22 11:22:26.358 WARN  [Thread-2288] c.m.dados.CheckSincronia - CheckSincronia já em execução. Ignorando nova chamada.
2025-12-22 11:22:26.359 INFO  [Thread-2283] c.m.dados.CheckSincronia - Sincronização concluída.
2025-12-22 11:50:06.064 INFO  [Thread-2290] c.m.dados.CheckSincronia - Iniciando sincronização de registros...
2025-12-22 11:50:06.511 WARN  [Thread-2291] c.m.dados.CheckSincronia - CheckSincronia já em execução. Ignorando nova chamada.
2025-12-22 11:50:06.515 INFO  [Thread-2290] c.m.dados.CheckSincronia - Sincronização concluída.
2025-12-22 11:50:39.825 INFO  [Thread-2293] c.m.dados.CheckSincronia - Iniciando sincronização de registros...
2025-12-22 11:50:39.836 WARN  [Thread-2294] c.m.dados.CheckSincronia - CheckSincronia já em execução. Ignorando nova chamada.
2025-12-22 11:50:39.841 WARN  [Thread-2295] c.m.dados.CheckSincronia - CheckSincronia já em execução. Ignorando nova chamada.
2025-12-22 11:50:39.955 WARN  [Thread-2296] c.m.dados.CheckSincronia - CheckSincronia já em execução. Ignorando nova chamada.
2025-12-22 11:50:39.957 WARN  [Thread-2297] c.m.dados.CheckSincronia - CheckSincronia já em execução. Ignorando nova chamada.
2025-12-22 11:50:39.989 WARN  [Thread-2298] c.m.dados.CheckSincronia - CheckSincronia já em execução. Ignorando nova chamada.
2025-12-22 11:50:40.122 WARN  [Thread-2299] c.m.dados.CheckSincronia - CheckSincronia já em execução. Ignorando nova chamada.
2025-12-22 11:50:40.237 WARN  [Thread-2300] c.m.dados.CheckSincronia - CheckSincronia já em execução. Ignorando nova chamada.
2025-12-22 11:50:40.369 WARN  [Thread-2301] c.m.dados.CheckSincronia - CheckSincronia já em execução. Ignorando nova chamada.
2025-12-22 11:50:40.370 INFO  [Thread-2293] c.m.dados.CheckSincronia - Sincronização concluída.
2025-12-22 11:50:45.733 INFO  [Timer-0] c.m.dados.CheckSincronia - Iniciando sincronização de registros...
2025-12-22 11:50:45.893 WARN  [Thread-2302] c.m.dados.CheckSincronia - CheckSincronia já em execução. Ignorando nova chamada.
2025-12-22 11:50:45.896 INFO  [Timer-0] c.m.dados.CheckSincronia - Sincronização concluída.
2025-12-22 11:59:58.368 INFO  [scheduling-1] c.m.dados.Agendamentos - Verificando se há nova versão do sistema...
2025-12-22 11:59:58.630 INFO  [scheduling-1] c.m.dados.Agendamentos - Nenhuma atualização disponível no momento.
2025-12-22 12:13:40.909 INFO  [Thread-2303] c.m.dados.CheckSincronia - Iniciando sincronização de registros...
2025-12-22 12:13:40.913 WARN  [Thread-2304] c.m.dados.CheckSincronia - CheckSincronia já em execução. Ignorando nova chamada.
2025-12-22 12:13:41.313 WARN  [Thread-2305] c.m.dados.CheckSincronia - CheckSincronia já em execução. Ignorando nova chamada.
2025-12-22 12:13:41.429 WARN  [Thread-2306] c.m.dados.CheckSincronia - CheckSincronia já em execução. Ignorando nova chamada.
2025-12-22 12:13:41.548 WARN  [Thread-2307] c.m.dados.CheckSincronia - CheckSincronia já em execução. Ignorando nova chamada.
2025-12-22 12:13:41.549 INFO  [Thread-2303] c.m.dados.CheckSincronia - Sincronização concluída.
2025-12-22 12:13:47.026 INFO  [Thread-2308] c.m.dados.CheckSincronia - Iniciando sincronização de registros...
2025-12-22 12:13:47.030 WARN  [Thread-2309] c.m.dados.CheckSincronia - CheckSincronia já em execução. Ignorando nova chamada.
2025-12-22 12:13:47.188 WARN  [Thread-2310] c.m.dados.CheckSincronia - CheckSincronia já em execução. Ignorando nova chamada.
2025-12-22 12:13:47.300 WARN  [Thread-2311] c.m.dados.CheckSincronia - CheckSincronia já em execução. Ignorando nova chamada.
2025-12-22 12:13:47.414 WARN  [Thread-2312] c.m.dados.CheckSincronia - CheckSincronia já em execução. Ignorando nova chamada.
2025-12-22 12:13:47.415 INFO  [Thread-2308] c.m.dados.CheckSincronia - Sincronização concluída.
2025-12-22 12:13:51.978 INFO  [Thread-2313] c.m.dados.CheckSincronia - Iniciando sincronização de registros...
2025-12-22 12:13:51.981 WARN  [Thread-2314] c.m.dados.CheckSincronia - CheckSincronia já em execução. Ignorando nova chamada.
2025-12-22 12:13:52.129 WARN  [Thread-2315] c.m.dados.CheckSincronia - CheckSincronia já em execução. Ignorando nova chamada.
2025-12-22 12:13:52.238 WARN  [Thread-2316] c.m.dados.CheckSincronia - CheckSincronia já em execução. Ignorando nova chamada.
2025-12-22 12:13:52.239 INFO  [Thread-2313] c.m.dados.CheckSincronia - Sincronização concluída.
2025-12-22 12:13:57.366 INFO  [Thread-2317] c.m.dados.CheckSincronia - Iniciando sincronização de registros...
2025-12-22 12:13:57.371 WARN  [Thread-2318] c.m.dados.CheckSincronia - CheckSincronia já em execução. Ignorando nova chamada.
2025-12-22 12:13:57.539 WARN  [Thread-2319] c.m.dados.CheckSincronia - CheckSincronia já em execução. Ignorando nova chamada.
2025-12-22 12:13:57.654 WARN  [Thread-2320] c.m.dados.CheckSincronia - CheckSincronia já em execução. Ignorando nova chamada.
2025-12-22 12:13:57.655 INFO  [Thread-2317] c.m.dados.CheckSincronia - Sincronização concluída.
2025-12-22 12:14:07.126 INFO  [Thread-2321] c.m.dados.CheckSincronia - Iniciando sincronização de registros...
2025-12-22 12:14:07.130 WARN  [Thread-2322] c.m.dados.CheckSincronia - CheckSincronia já em execução. Ignorando nova chamada.
2025-12-22 12:14:07.284 WARN  [Thread-2323] c.m.dados.CheckSincronia - CheckSincronia já em execução. Ignorando nova chamada.
2025-12-22 12:14:07.393 WARN  [Thread-2324] c.m.dados.CheckSincronia - CheckSincronia já em execução. Ignorando nova chamada.
2025-12-22 12:14:07.394 INFO  [Thread-2321] c.m.dados.CheckSincronia - Sincronização concluída.
2025-12-22 13:07:48.126 INFO  [Thread-2325] c.m.dados.CheckSincronia - Iniciando sincronização de registros...
2025-12-22 13:07:48.127 WARN  [Thread-2326] c.m.dados.CheckSincronia - CheckSincronia já em execução. Ignorando nova chamada.
2025-12-22 13:07:48.561 WARN  [Thread-2329] c.m.dados.CheckSincronia - CheckSincronia já em execução. Ignorando nova chamada.
2025-12-22 13:07:48.678 WARN  [Thread-2330] c.m.dados.CheckSincronia - CheckSincronia já em execução. Ignorando nova chamada.
2025-12-22 13:07:48.679 INFO  [Thread-2325] c.m.dados.CheckSincronia - Sincronização concluída.
2025-12-22 13:20:16.510 INFO  [Thread-2331] c.m.dados.CheckSincronia - Iniciando sincronização de registros...
2025-12-22 13:20:16.512 WARN  [Thread-2332] c.m.dados.CheckSincronia - CheckSincronia já em execução. Ignorando nova chamada.
2025-12-22 13:20:16.935 WARN  [Thread-2335] c.m.dados.CheckSincronia - CheckSincronia já em execução. Ignorando nova chamada.
2025-12-22 13:20:17.058 WARN  [Thread-2336] c.m.dados.CheckSincronia - CheckSincronia já em execução. Ignorando nova chamada.
2025-12-22 13:20:17.059 INFO  [Thread-2331] c.m.dados.CheckSincronia - Sincronização concluída.
2025-12-22 13:39:37.460 INFO  [Thread-2338] c.m.dados.CheckSincronia - Iniciando sincronização de registros...
2025-12-22 13:39:37.573 WARN  [Thread-2339] c.m.dados.CheckSincronia - CheckSincronia já em execução. Ignorando nova chamada.
2025-12-22 13:39:37.576 WARN  [Thread-2340] c.m.dados.CheckSincronia - CheckSincronia já em execução. Ignorando nova chamada.
2025-12-22 13:39:37.888 WARN  [Thread-2341] c.m.dados.CheckSincronia - CheckSincronia já em execução. Ignorando nova chamada.
2025-12-22 13:39:38.008 WARN  [Thread-2342] c.m.dados.CheckSincronia - CheckSincronia já em execução. Ignorando nova chamada.
2025-12-22 13:39:38.125 WARN  [Thread-2343] c.m.dados.CheckSincronia - CheckSincronia já em execução. Ignorando nova chamada.
2025-12-22 13:39:38.126 INFO  [Thread-2338] c.m.dados.CheckSincronia - Sincronização concluída.
2025-12-22 13:42:36.235 INFO  [Thread-2344] c.m.dados.CheckSincronia - Iniciando sincronização de registros...
2025-12-22 13:42:36.240 WARN  [Thread-2345] c.m.dados.CheckSincronia - CheckSincronia já em execução. Ignorando nova chamada.
2025-12-22 13:42:36.646 WARN  [Thread-2348] c.m.dados.CheckSincronia - CheckSincronia já em execução. Ignorando nova chamada.
2025-12-22 13:42:36.766 WARN  [Thread-2349] c.m.dados.CheckSincronia - CheckSincronia já em execução. Ignorando nova chamada.
2025-12-22 13:42:36.767 INFO  [Thread-2344] c.m.dados.CheckSincronia - Sincronização concluída.
2025-12-22 13:46:02.430 INFO  [Thread-2351] c.m.dados.CheckSincronia - Iniciando sincronização de registros...
2025-12-22 13:46:02.540 WARN  [Thread-2352] c.m.dados.CheckSincronia - CheckSincronia já em execução. Ignorando nova chamada.
2025-12-22 13:46:02.542 WARN  [Thread-2353] c.m.dados.CheckSincronia - CheckSincronia já em execução. Ignorando nova chamada.
2025-12-22 13:46:02.923 WARN  [Thread-2354] c.m.dados.CheckSincronia - CheckSincronia já em execução. Ignorando nova chamada.
2025-12-22 13:46:03.067 WARN  [Thread-2355] c.m.dados.CheckSincronia - CheckSincronia já em execução. Ignorando nova chamada.
2025-12-22 13:46:03.196 WARN  [Thread-2356] c.m.dados.CheckSincronia - CheckSincronia já em execução. Ignorando nova chamada.
2025-12-22 13:46:03.198 INFO  [Thread-2351] c.m.dados.CheckSincronia - Sincronização concluída.
2025-12-22 13:57:24.804 INFO  [Thread-2357] c.m.dados.CheckSincronia - Iniciando sincronização de registros...
2025-12-22 13:57:24.809 WARN  [Thread-2358] c.m.dados.CheckSincronia - CheckSincronia já em execução. Ignorando nova chamada.
2025-12-22 13:57:25.227 WARN  [Thread-2359] c.m.dados.CheckSincronia - CheckSincronia já em execução. Ignorando nova chamada.
2025-12-22 13:57:25.347 WARN  [Thread-2360] c.m.dados.CheckSincronia - CheckSincronia já em execução. Ignorando nova chamada.
2025-12-22 13:57:25.347 INFO  [Thread-2357] c.m.dados.CheckSincronia - Sincronização concluída.
2025-12-22 13:57:28.764 INFO  [Thread-2361] c.m.dados.CheckSincronia - Iniciando sincronização de registros...
2025-12-22 13:57:28.768 WARN  [Thread-2362] c.m.dados.CheckSincronia - CheckSincronia já em execução. Ignorando nova chamada.
2025-12-22 13:57:28.923 WARN  [Thread-2363] c.m.dados.CheckSincronia - CheckSincronia já em execução. Ignorando nova chamada.
2025-12-22 13:57:29.038 WARN  [Thread-2364] c.m.dados.CheckSincronia - CheckSincronia já em execução. Ignorando nova chamada.
2025-12-22 13:57:29.039 INFO  [Thread-2361] c.m.dados.CheckSincronia - Sincronização concluída.
2025-12-22 13:58:25.494 INFO  [Thread-2366] c.m.dados.CheckSincronia - Iniciando sincronização de registros...
2025-12-22 13:58:25.609 WARN  [Thread-2367] c.m.dados.CheckSincronia - CheckSincronia já em execução. Ignorando nova chamada.
2025-12-22 13:58:25.612 WARN  [Thread-2368] c.m.dados.CheckSincronia - CheckSincronia já em execução. Ignorando nova chamada.
2025-12-22 13:58:25.919 WARN  [Thread-2369] c.m.dados.CheckSincronia - CheckSincronia já em execução. Ignorando nova chamada.
2025-12-22 13:58:26.041 WARN  [Thread-2370] c.m.dados.CheckSincronia - CheckSincronia já em execução. Ignorando nova chamada.
2025-12-22 13:58:26.161 WARN  [Thread-2371] c.m.dados.CheckSincronia - CheckSincronia já em execução. Ignorando nova chamada.
2025-12-22 13:58:26.162 INFO  [Thread-2366] c.m.dados.CheckSincronia - Sincronização concluída.
2025-12-22 14:00:58.677 INFO  [Thread-2372] c.m.dados.CheckSincronia - Iniciando sincronização de registros...
2025-12-22 14:00:58.678 WARN  [Thread-2373] c.m.dados.CheckSincronia - CheckSincronia já em execução. Ignorando nova chamada.
2025-12-22 14:00:59.084 WARN  [Thread-2376] c.m.dados.CheckSincronia - CheckSincronia já em execução. Ignorando nova chamada.
2025-12-22 14:00:59.197 WARN  [Thread-2377] c.m.dados.CheckSincronia - CheckSincronia já em execução. Ignorando nova chamada.
2025-12-22 14:00:59.198 INFO  [Thread-2372] c.m.dados.CheckSincronia - Sincronização concluída.
2025-12-22 14:06:07.891 INFO  [Thread-2378] c.m.dados.CheckSincronia - Iniciando sincronização de registros...
2025-12-22 14:06:07.895 WARN  [Thread-2379] c.m.dados.CheckSincronia - CheckSincronia já em execução. Ignorando nova chamada.
2025-12-22 14:06:07.899 WARN  [Thread-2380] c.m.dados.CheckSincronia - CheckSincronia já em execução. Ignorando nova chamada.
2025-12-22 14:06:08.321 WARN  [Thread-2381] c.m.dados.CheckSincronia - CheckSincronia já em execução. Ignorando nova chamada.
2025-12-22 14:06:08.445 WARN  [Thread-2382] c.m.dados.CheckSincronia - CheckSincronia já em execução. Ignorando nova chamada.
2025-12-22 14:06:08.565 WARN  [Thread-2383] c.m.dados.CheckSincronia - CheckSincronia já em execução. Ignorando nova chamada.
2025-12-22 14:06:08.566 INFO  [Thread-2378] c.m.dados.CheckSincronia - Sincronização concluída.
2025-12-22 14:31:03.049 INFO  [Thread-2384] c.m.dados.CheckSincronia - Iniciando sincronização de registros...
2025-12-22 14:31:03.051 WARN  [Thread-2385] c.m.dados.CheckSincronia - CheckSincronia já em execução. Ignorando nova chamada.
2025-12-22 14:31:03.490 WARN  [Thread-2388] c.m.dados.CheckSincronia - CheckSincronia já em execução. Ignorando nova chamada.
2025-12-22 14:31:03.611 WARN  [Thread-2389] c.m.dados.CheckSincronia - CheckSincronia já em execução. Ignorando nova chamada.
2025-12-22 14:31:03.612 INFO  [Thread-2384] c.m.dados.CheckSincronia - Sincronização concluída.
2025-12-22 14:32:53.254 INFO  [Thread-2390] c.m.dados.CheckSincronia - Iniciando sincronização de registros...
2025-12-22 14:32:53.258 WARN  [Thread-2391] c.m.dados.CheckSincronia - CheckSincronia já em execução. Ignorando nova chamada.
2025-12-22 14:32:53.660 WARN  [Thread-2394] c.m.dados.CheckSincronia - CheckSincronia já em execução. Ignorando nova chamada.
2025-12-22 14:32:53.781 WARN  [Thread-2395] c.m.dados.CheckSincronia - CheckSincronia já em execução. Ignorando nova chamada.
2025-12-22 14:32:53.783 INFO  [Thread-2390] c.m.dados.CheckSincronia - Sincronização concluída.
2025-12-22 14:54:42.608 INFO  [Thread-2397] c.m.dados.CheckSincronia - Iniciando sincronização de registros...
2025-12-22 14:54:42.629 WARN  [Thread-2398] c.m.dados.CheckSincronia - CheckSincronia já em execução. Ignorando nova chamada.
2025-12-22 14:54:42.761 WARN  [Thread-2399] c.m.dados.CheckSincronia - CheckSincronia já em execução. Ignorando nova chamada.
2025-12-22 14:54:42.763 WARN  [Thread-2400] c.m.dados.CheckSincronia - CheckSincronia já em execução. Ignorando nova chamada.
2025-12-22 14:54:43.093 WARN  [Thread-2401] c.m.dados.CheckSincronia - CheckSincronia já em execução. Ignorando nova chamada.
2025-12-22 14:54:43.226 WARN  [Thread-2402] c.m.dados.CheckSincronia - CheckSincronia já em execução. Ignorando nova chamada.
2025-12-22 14:54:43.391 WARN  [Thread-2403] c.m.dados.CheckSincronia - CheckSincronia já em execução. Ignorando nova chamada.
2025-12-22 14:54:43.746 WARN  [Thread-2404] c.m.dados.CheckSincronia - CheckSincronia já em execução. Ignorando nova chamada.
2025-12-22 14:54:43.747 INFO  [Thread-2397] c.m.dados.CheckSincronia - Sincronização concluída.
2025-12-22 15:00:32.124 INFO  [Thread-2406] c.m.dados.CheckSincronia - Iniciando sincronização de registros...
2025-12-22 15:00:32.239 WARN  [Thread-2407] c.m.dados.CheckSincronia - CheckSincronia já em execução. Ignorando nova chamada.
2025-12-22 15:00:32.243 WARN  [Thread-2408] c.m.dados.CheckSincronia - CheckSincronia já em execução. Ignorando nova chamada.
2025-12-22 15:00:32.953 WARN  [Thread-2409] c.m.dados.CheckSincronia - CheckSincronia já em execução. Ignorando nova chamada.
2025-12-22 15:00:33.154 WARN  [Thread-2410] c.m.dados.CheckSincronia - CheckSincronia já em execução. Ignorando nova chamada.
2025-12-22 15:00:33.409 WARN  [Thread-2411] c.m.dados.CheckSincronia - CheckSincronia já em execução. Ignorando nova chamada.
2025-12-22 15:00:33.410 INFO  [Thread-2406] c.m.dados.CheckSincronia - Sincronização concluída.
2025-12-22 15:24:02.764 INFO  [Thread-2413] c.m.dados.CheckSincronia - Iniciando sincronização de registros...
2025-12-22 15:24:02.876 WARN  [Thread-2414] c.m.dados.CheckSincronia - CheckSincronia já em execução. Ignorando nova chamada.
2025-12-22 15:24:02.878 WARN  [Thread-2415] c.m.dados.CheckSincronia - CheckSincronia já em execução. Ignorando nova chamada.
2025-12-22 15:24:03.184 WARN  [Thread-2416] c.m.dados.CheckSincronia - CheckSincronia já em execução. Ignorando nova chamada.
2025-12-22 15:24:03.304 WARN  [Thread-2417] c.m.dados.CheckSincronia - CheckSincronia já em execução. Ignorando nova chamada.
2025-12-22 15:24:03.420 WARN  [Thread-2418] c.m.dados.CheckSincronia - CheckSincronia já em execução. Ignorando nova chamada.
2025-12-22 15:24:03.421 INFO  [Thread-2413] c.m.dados.CheckSincronia - Sincronização concluída.
2025-12-22 15:24:08.253 INFO  [Thread-2419] c.m.dados.CheckSincronia - Iniciando sincronização de registros...
2025-12-22 15:24:08.257 WARN  [Thread-2420] c.m.dados.CheckSincronia - CheckSincronia já em execução. Ignorando nova chamada.
2025-12-22 15:24:08.411 WARN  [Thread-2421] c.m.dados.CheckSincronia - CheckSincronia já em execução. Ignorando nova chamada.
2025-12-22 15:24:08.535 WARN  [Thread-2422] c.m.dados.CheckSincronia - CheckSincronia já em execução. Ignorando nova chamada.
2025-12-22 15:24:08.536 INFO  [Thread-2419] c.m.dados.CheckSincronia - Sincronização concluída.
2025-12-22 15:24:10.649 INFO  [Thread-2423] c.m.dados.CheckSincronia - Iniciando sincronização de registros...
2025-12-22 15:24:10.810 WARN  [Thread-2424] c.m.dados.CheckSincronia - CheckSincronia já em execução. Ignorando nova chamada.
2025-12-22 15:24:10.811 INFO  [Thread-2423] c.m.dados.CheckSincronia - Sincronização concluída.
2025-12-22 16:08:39.722 INFO  [Thread-2425] c.m.dados.CheckSincronia - Iniciando sincronização de registros...
2025-12-22 16:08:39.724 WARN  [Thread-2426] c.m.dados.CheckSincronia - CheckSincronia já em execução. Ignorando nova chamada.
2025-12-22 16:08:40.161 WARN  [Thread-2429] c.m.dados.CheckSincronia - CheckSincronia já em execução. Ignorando nova chamada.
2025-12-22 16:08:40.283 WARN  [Thread-2430] c.m.dados.CheckSincronia - CheckSincronia já em execução. Ignorando nova chamada.
2025-12-22 16:08:40.284 INFO  [Thread-2425] c.m.dados.CheckSincronia - Sincronização concluída.
2025-12-22 16:13:21.262 INFO  [Thread-2431] c.m.dados.CheckSincronia - Iniciando sincronização de registros...
2025-12-22 16:13:21.265 WARN  [Thread-2432] c.m.dados.CheckSincronia - CheckSincronia já em execução. Ignorando nova chamada.
2025-12-22 16:13:21.687 WARN  [Thread-2435] c.m.dados.CheckSincronia - CheckSincronia já em execução. Ignorando nova chamada.
2025-12-22 16:13:21.816 WARN  [Thread-2436] c.m.dados.CheckSincronia - CheckSincronia já em execução. Ignorando nova chamada.
2025-12-22 16:13:21.817 INFO  [Thread-2431] c.m.dados.CheckSincronia - Sincronização concluída.
2025-12-22 16:27:46.398 INFO  [Thread-2438] c.m.dados.CheckSincronia - Iniciando sincronização de registros...
2025-12-22 16:27:46.510 WARN  [Thread-2439] c.m.dados.CheckSincronia - CheckSincronia já em execução. Ignorando nova chamada.
2025-12-22 16:27:46.514 WARN  [Thread-2440] c.m.dados.CheckSincronia - CheckSincronia já em execução. Ignorando nova chamada.
2025-12-22 16:27:46.819 WARN  [Thread-2441] c.m.dados.CheckSincronia - CheckSincronia já em execução. Ignorando nova chamada.
2025-12-22 16:27:46.938 WARN  [Thread-2442] c.m.dados.CheckSincronia - CheckSincronia já em execução. Ignorando nova chamada.
2025-12-22 16:27:47.055 WARN  [Thread-2443] c.m.dados.CheckSincronia - CheckSincronia já em execução. Ignorando nova chamada.
2025-12-22 16:27:47.056 INFO  [Thread-2438] c.m.dados.CheckSincronia - Sincronização concluída.
2025-12-22 16:43:42.456 INFO  [Thread-2444] c.m.dados.CheckSincronia - Iniciando sincronização de registros...
2025-12-22 16:43:42.461 WARN  [Thread-2445] c.m.dados.CheckSincronia - CheckSincronia já em execução. Ignorando nova chamada.
2025-12-22 16:43:42.730 WARN  [Timer-0] c.m.dados.CheckSincronia - CheckSincronia já em execução. Ignorando nova chamada.
2025-12-22 16:43:42.870 WARN  [Thread-2446] c.m.dados.CheckSincronia - CheckSincronia já em execução. Ignorando nova chamada.
2025-12-22 16:43:42.981 WARN  [Thread-2447] c.m.dados.CheckSincronia - CheckSincronia já em execução. Ignorando nova chamada.
2025-12-22 16:43:43.103 WARN  [Thread-2448] c.m.dados.CheckSincronia - CheckSincronia já em execução. Ignorando nova chamada.
2025-12-22 16:43:43.104 INFO  [Thread-2444] c.m.dados.CheckSincronia - Sincronização concluída.
2025-12-22 17:35:52.578 INFO  [Thread-2450] c.m.dados.CheckSincronia - Iniciando sincronização de registros...
2025-12-22 17:35:52.692 WARN  [Thread-2451] c.m.dados.CheckSincronia - CheckSincronia já em execução. Ignorando nova chamada.
2025-12-22 17:35:52.695 WARN  [Thread-2452] c.m.dados.CheckSincronia - CheckSincronia já em execução. Ignorando nova chamada.
2025-12-22 17:35:53.003 WARN  [Thread-2453] c.m.dados.CheckSincronia - CheckSincronia já em execução. Ignorando nova chamada.
2025-12-22 17:35:53.126 WARN  [Thread-2454] c.m.dados.CheckSincronia - CheckSincronia já em execução. Ignorando nova chamada.
2025-12-22 17:35:53.243 WARN  [Thread-2455] c.m.dados.CheckSincronia - CheckSincronia já em execução. Ignorando nova chamada.
2025-12-22 17:35:53.244 INFO  [Thread-2450] c.m.dados.CheckSincronia - Sincronização concluída.
2025-12-22 18:16:43.481 INFO  [Thread-2456] c.m.dados.CheckSincronia - Iniciando sincronização de registros...
2025-12-22 18:16:43.482 WARN  [Thread-2457] c.m.dados.CheckSincronia - CheckSincronia já em execução. Ignorando nova chamada.
2025-12-22 18:16:43.904 WARN  [Thread-2460] c.m.dados.CheckSincronia - CheckSincronia já em execução. Ignorando nova chamada.
2025-12-22 18:16:44.024 WARN  [Thread-2461] c.m.dados.CheckSincronia - CheckSincronia já em execução. Ignorando nova chamada.
2025-12-22 18:16:44.025 INFO  [Thread-2456] c.m.dados.CheckSincronia - Sincronização concluída.
2025-12-22 18:25:51.704 INFO  [Thread-2462] c.m.dados.CheckSincronia - Iniciando sincronização de registros...
2025-12-22 18:25:51.710 WARN  [Thread-2463] c.m.dados.CheckSincronia - CheckSincronia já em execução. Ignorando nova chamada.
2025-12-22 18:25:52.135 WARN  [Thread-2466] c.m.dados.CheckSincronia - CheckSincronia já em execução. Ignorando nova chamada.
2025-12-22 18:25:52.254 WARN  [Thread-2467] c.m.dados.CheckSincronia - CheckSincronia já em execução. Ignorando nova chamada.
2025-12-22 18:25:52.255 INFO  [Thread-2462] c.m.dados.CheckSincronia - Sincronização concluída.
2025-12-22 18:32:29.591 INFO  [Thread-2468] c.m.dados.CheckSincronia - Iniciando sincronização de registros...
2025-12-22 18:32:30.008 WARN  [Thread-2469] c.m.dados.CheckSincronia - CheckSincronia já em execução. Ignorando nova chamada.
2025-12-22 18:32:30.010 INFO  [Thread-2468] c.m.dados.CheckSincronia - Sincronização concluída.
2025-12-22 18:35:48.142 INFO  [Thread-2471] c.m.dados.CheckSincronia - Iniciando sincronização de registros...
2025-12-22 18:35:48.276 WARN  [Thread-2472] c.m.dados.CheckSincronia - CheckSincronia já em execução. Ignorando nova chamada.
2025-12-22 18:35:48.284 WARN  [Thread-2473] c.m.dados.CheckSincronia - CheckSincronia já em execução. Ignorando nova chamada.
2025-12-22 18:35:48.604 WARN  [Thread-2474] c.m.dados.CheckSincronia - CheckSincronia já em execução. Ignorando nova chamada.
2025-12-22 18:35:48.730 WARN  [Thread-2475] c.m.dados.CheckSincronia - CheckSincronia já em execução. Ignorando nova chamada.
2025-12-22 18:35:48.853 WARN  [Thread-2476] c.m.dados.CheckSincronia - CheckSincronia já em execução. Ignorando nova chamada.
2025-12-22 18:35:48.854 INFO  [Thread-2471] c.m.dados.CheckSincronia - Sincronização concluída.
2025-12-22 18:36:49.245 INFO  [Thread-2477] c.m.dados.CheckSincronia - Iniciando sincronização de registros...
2025-12-22 18:36:49.249 WARN  [Thread-2478] c.m.dados.CheckSincronia - CheckSincronia já em execução. Ignorando nova chamada.
2025-12-22 18:36:49.658 WARN  [Thread-2481] c.m.dados.CheckSincronia - CheckSincronia já em execução. Ignorando nova chamada.
2025-12-22 18:36:49.772 WARN  [Thread-2482] c.m.dados.CheckSincronia - CheckSincronia já em execução. Ignorando nova chamada.
2025-12-22 18:36:49.773 INFO  [Thread-2477] c.m.dados.CheckSincronia - Sincronização concluída.
2025-12-22 18:58:52.903 INFO  [Thread-2483] c.m.dados.CheckSincronia - Iniciando sincronização de registros...
2025-12-22 18:58:52.905 WARN  [Thread-2484] c.m.dados.CheckSincronia - CheckSincronia já em execução. Ignorando nova chamada.
2025-12-22 18:58:53.304 WARN  [Thread-2487] c.m.dados.CheckSincronia - CheckSincronia já em execução. Ignorando nova chamada.
2025-12-22 18:58:53.421 WARN  [Thread-2488] c.m.dados.CheckSincronia - CheckSincronia já em execução. Ignorando nova chamada.
2025-12-22 18:58:53.422 INFO  [Thread-2483] c.m.dados.CheckSincronia - Sincronização concluída.
2025-12-22 19:04:25.166 INFO  [Thread-2490] c.m.dados.CheckSincronia - Iniciando sincronização de registros...
2025-12-22 19:04:25.177 WARN  [Thread-2491] c.m.dados.CheckSincronia - CheckSincronia já em execução. Ignorando nova chamada.
2025-12-22 19:04:25.290 WARN  [Thread-2492] c.m.dados.CheckSincronia - CheckSincronia já em execução. Ignorando nova chamada.
2025-12-22 19:04:25.293 WARN  [Thread-2493] c.m.dados.CheckSincronia - CheckSincronia já em execução. Ignorando nova chamada.
2025-12-22 19:04:25.590 WARN  [Thread-2494] c.m.dados.CheckSincronia - CheckSincronia já em execução. Ignorando nova chamada.
2025-12-22 19:04:25.707 WARN  [Thread-2495] c.m.dados.CheckSincronia - CheckSincronia já em execução. Ignorando nova chamada.
2025-12-22 19:04:25.821 WARN  [Thread-2496] c.m.dados.CheckSincronia - CheckSincronia já em execução. Ignorando nova chamada.
2025-12-22 19:04:25.935 WARN  [Thread-2497] c.m.dados.CheckSincronia - CheckSincronia já em execução. Ignorando nova chamada.
2025-12-22 19:04:25.936 INFO  [Thread-2490] c.m.dados.CheckSincronia - Sincronização concluída.
2025-12-22 19:26:51.462 INFO  [Thread-2499] c.m.dados.CheckSincronia - Iniciando sincronização de registros...
2025-12-22 19:26:51.465 WARN  [Thread-2500] c.m.dados.CheckSincronia - CheckSincronia já em execução. Ignorando nova chamada.
2025-12-22 19:26:51.581 WARN  [Thread-2501] c.m.dados.CheckSincronia - CheckSincronia já em execução. Ignorando nova chamada.
2025-12-22 19:26:51.585 WARN  [Thread-2502] c.m.dados.CheckSincronia - CheckSincronia já em execução. Ignorando nova chamada.
2025-12-22 19:26:51.748 WARN  [Thread-2503] c.m.dados.CheckSincronia - CheckSincronia já em execução. Ignorando nova chamada.
2025-12-22 19:26:51.829 WARN  [Thread-2504] c.m.dados.CheckSincronia - CheckSincronia já em execução. Ignorando nova chamada.
2025-12-22 19:26:51.917 WARN  [Thread-2505] c.m.dados.CheckSincronia - CheckSincronia já em execução. Ignorando nova chamada.
2025-12-22 19:26:51.989 WARN  [Thread-2506] c.m.dados.CheckSincronia - CheckSincronia já em execução. Ignorando nova chamada.
2025-12-22 19:26:51.991 INFO  [Thread-2499] c.m.dados.CheckSincronia - Sincronização concluída.
2025-12-22 20:37:28.036 INFO  [Thread-2508] c.m.dados.CheckSincronia - Iniciando sincronização de registros...
2025-12-22 20:37:28.045 WARN  [Thread-2509] c.m.dados.CheckSincronia - CheckSincronia já em execução. Ignorando nova chamada.
2025-12-22 20:37:28.160 WARN  [Thread-2510] c.m.dados.CheckSincronia - CheckSincronia já em execução. Ignorando nova chamada.
2025-12-22 20:37:28.163 WARN  [Thread-2511] c.m.dados.CheckSincronia - CheckSincronia já em execução. Ignorando nova chamada.
2025-12-22 20:37:28.517 WARN  [Thread-2512] c.m.dados.CheckSincronia - CheckSincronia já em execução. Ignorando nova chamada.
2025-12-22 20:37:28.644 WARN  [Thread-2513] c.m.dados.CheckSincronia - CheckSincronia já em execução. Ignorando nova chamada.
2025-12-22 20:37:28.764 WARN  [Thread-2514] c.m.dados.CheckSincronia - CheckSincronia já em execução. Ignorando nova chamada.
2025-12-22 20:37:28.877 WARN  [Thread-2515] c.m.dados.CheckSincronia - CheckSincronia já em execução. Ignorando nova chamada.
2025-12-22 20:37:28.878 INFO  [Thread-2508] c.m.dados.CheckSincronia - Sincronização concluída.
2025-12-22 22:34:25.323 INFO  [Thread-2516] c.m.dados.CheckSincronia - Iniciando sincronização de registros...
2025-12-22 22:34:25.324 WARN  [Thread-2517] c.m.dados.CheckSincronia - CheckSincronia já em execução. Ignorando nova chamada.
2025-12-22 22:34:25.740 WARN  [Thread-2520] c.m.dados.CheckSincronia - CheckSincronia já em execução. Ignorando nova chamada.
2025-12-22 22:34:25.860 WARN  [Thread-2521] c.m.dados.CheckSincronia - CheckSincronia já em execução. Ignorando nova chamada.
2025-12-22 22:34:25.861 INFO  [Thread-2516] c.m.dados.CheckSincronia - Sincronização concluída.
2025-12-22 22:36:00.682 INFO  [Thread-2522] c.m.dados.CheckSincronia - Iniciando sincronização de registros...
2025-12-22 22:36:00.687 WARN  [Thread-2523] c.m.dados.CheckSincronia - CheckSincronia já em execução. Ignorando nova chamada.
2025-12-22 22:36:01.108 WARN  [Thread-2524] c.m.dados.CheckSincronia - CheckSincronia já em execução. Ignorando nova chamada.
2025-12-22 22:36:01.227 WARN  [Thread-2525] c.m.dados.CheckSincronia - CheckSincronia já em execução. Ignorando nova chamada.
2025-12-22 22:36:01.228 INFO  [Thread-2522] c.m.dados.CheckSincronia - Sincronização concluída.
2025-12-22 22:36:09.083 INFO  [Thread-2526] c.m.dados.CheckSincronia - Iniciando sincronização de registros...
2025-12-22 22:36:09.090 WARN  [Thread-2527] c.m.dados.CheckSincronia - CheckSincronia já em execução. Ignorando nova chamada.
2025-12-22 22:36:09.246 WARN  [Thread-2528] c.m.dados.CheckSincronia - CheckSincronia já em execução. Ignorando nova chamada.
2025-12-22 22:36:09.370 WARN  [Thread-2529] c.m.dados.CheckSincronia - CheckSincronia já em execução. Ignorando nova chamada.
2025-12-22 22:36:09.371 INFO  [Thread-2526] c.m.dados.CheckSincronia - Sincronização concluída.
2025-12-22 22:36:26.276 INFO  [Thread-2530] c.m.dados.CheckSincronia - Iniciando sincronização de registros...
2025-12-22 22:36:26.280 WARN  [Thread-2531] c.m.dados.CheckSincronia - CheckSincronia já em execução. Ignorando nova chamada.
2025-12-22 22:36:26.428 WARN  [Thread-2532] c.m.dados.CheckSincronia - CheckSincronia já em execução. Ignorando nova chamada.
2025-12-22 22:36:26.557 WARN  [Thread-2533] c.m.dados.CheckSincronia - CheckSincronia já em execução. Ignorando nova chamada.
2025-12-22 22:36:26.558 INFO  [Thread-2530] c.m.dados.CheckSincronia - Sincronização concluída.
2025-12-22 22:36:59.666 INFO  [Thread-2534] c.m.dados.CheckSincronia - Iniciando sincronização de registros...
2025-12-22 22:36:59.670 WARN  [Thread-2535] c.m.dados.CheckSincronia - CheckSincronia já em execução. Ignorando nova chamada.
2025-12-22 22:37:00.080 WARN  [Thread-2536] c.m.dados.CheckSincronia - CheckSincronia já em execução. Ignorando nova chamada.
2025-12-22 22:37:00.200 WARN  [Thread-2537] c.m.dados.CheckSincronia - CheckSincronia já em execução. Ignorando nova chamada.
2025-12-22 22:37:00.201 INFO  [Thread-2534] c.m.dados.CheckSincronia - Sincronização concluída.
2025-12-22 22:37:07.027 INFO  [Thread-2538] c.m.dados.CheckSincronia - Iniciando sincronização de registros...
2025-12-22 22:37:07.031 WARN  [Thread-2539] c.m.dados.CheckSincronia - CheckSincronia já em execução. Ignorando nova chamada.
2025-12-22 22:37:07.181 WARN  [Thread-2540] c.m.dados.CheckSincronia - CheckSincronia já em execução. Ignorando nova chamada.
2025-12-22 22:37:07.299 WARN  [Thread-2541] c.m.dados.CheckSincronia - CheckSincronia já em execução. Ignorando nova chamada.
2025-12-22 22:37:07.419 WARN  [Thread-2542] c.m.dados.CheckSincronia - CheckSincronia já em execução. Ignorando nova chamada.
2025-12-22 22:37:07.536 WARN  [Thread-2543] c.m.dados.CheckSincronia - CheckSincronia já em execução. Ignorando nova chamada.
2025-12-22 22:37:07.537 INFO  [Thread-2538] c.m.dados.CheckSincronia - Sincronização concluída.
2025-12-22 22:41:39.736 INFO  [Thread-2544] c.m.dados.CheckSincronia - Iniciando sincronização de registros...
2025-12-22 22:41:39.737 WARN  [Thread-2545] c.m.dados.CheckSincronia - CheckSincronia já em execução. Ignorando nova chamada.
2025-12-22 22:41:40.156 WARN  [Thread-2548] c.m.dados.CheckSincronia - CheckSincronia já em execução. Ignorando nova chamada.
2025-12-22 22:41:40.278 WARN  [Thread-2549] c.m.dados.CheckSincronia - CheckSincronia já em execução. Ignorando nova chamada.
2025-12-22 22:41:40.279 INFO  [Thread-2544] c.m.dados.CheckSincronia - Sincronização concluída.
2025-12-22 22:50:06.396 INFO  [Thread-2550] c.m.dados.CheckSincronia - Iniciando sincronização de registros...
2025-12-22 22:50:06.397 WARN  [Thread-2551] c.m.dados.CheckSincronia - CheckSincronia já em execução. Ignorando nova chamada.
2025-12-22 22:50:06.400 WARN  [Thread-2552] c.m.dados.CheckSincronia - CheckSincronia já em execução. Ignorando nova chamada.
2025-12-22 22:50:06.403 WARN  [Thread-2553] c.m.dados.CheckSincronia - CheckSincronia já em execução. Ignorando nova chamada.
2025-12-22 22:50:06.805 WARN  [Thread-2554] c.m.dados.CheckSincronia - CheckSincronia já em execução. Ignorando nova chamada.
2025-12-22 22:50:06.927 WARN  [Thread-2555] c.m.dados.CheckSincronia - CheckSincronia já em execução. Ignorando nova chamada.
2025-12-22 22:50:07.048 WARN  [Thread-2556] c.m.dados.CheckSincronia - CheckSincronia já em execução. Ignorando nova chamada.
2025-12-22 22:50:07.162 WARN  [Thread-2557] c.m.dados.CheckSincronia - CheckSincronia já em execução. Ignorando nova chamada.
2025-12-22 22:50:07.163 INFO  [Thread-2550] c.m.dados.CheckSincronia - Sincronização concluída.
2025-12-22 23:36:24.372 INFO  [Thread-2558] c.m.dados.CheckSincronia - Iniciando sincronização de registros...
2025-12-22 23:36:24.378 WARN  [Thread-2559] c.m.dados.CheckSincronia - CheckSincronia já em execução. Ignorando nova chamada.
2025-12-22 23:36:24.793 WARN  [Thread-2560] c.m.dados.CheckSincronia - CheckSincronia já em execução. Ignorando nova chamada.
2025-12-22 23:36:24.927 WARN  [Thread-2561] c.m.dados.CheckSincronia - CheckSincronia já em execução. Ignorando nova chamada.
2025-12-22 23:36:24.928 INFO  [Thread-2558] c.m.dados.CheckSincronia - Sincronização concluída.
2025-12-22 23:38:00.002 INFO  [Thread-2563] c.m.dados.CheckSincronia - Iniciando sincronização de registros...
2025-12-22 23:38:00.012 WARN  [Thread-2564] c.m.dados.CheckSincronia - CheckSincronia já em execução. Ignorando nova chamada.
2025-12-22 23:38:00.142 WARN  [Thread-2565] c.m.dados.CheckSincronia - CheckSincronia já em execução. Ignorando nova chamada.
2025-12-22 23:38:00.145 WARN  [Thread-2566] c.m.dados.CheckSincronia - CheckSincronia já em execução. Ignorando nova chamada.
2025-12-22 23:38:00.454 WARN  [Thread-2567] c.m.dados.CheckSincronia - CheckSincronia já em execução. Ignorando nova chamada.
2025-12-22 23:38:00.580 WARN  [Thread-2568] c.m.dados.CheckSincronia - CheckSincronia já em execução. Ignorando nova chamada.
2025-12-22 23:38:00.699 WARN  [Thread-2569] c.m.dados.CheckSincronia - CheckSincronia já em execução. Ignorando nova chamada.
2025-12-22 23:38:00.831 WARN  [Thread-2570] c.m.dados.CheckSincronia - CheckSincronia já em execução. Ignorando nova chamada.
2025-12-22 23:38:00.833 INFO  [Thread-2563] c.m.dados.CheckSincronia - Sincronização concluída.
2025-12-22 23:56:11.199 INFO  [Thread-2571] c.m.dados.CheckSincronia - Iniciando sincronização de registros...
2025-12-22 23:56:11.690 WARN  [Thread-2572] c.m.dados.CheckSincronia - CheckSincronia já em execução. Ignorando nova chamada.
2025-12-22 23:56:11.694 INFO  [Thread-2571] c.m.dados.CheckSincronia - Sincronização concluída.
2025-12-22 23:56:18.078 INFO  [Thread-2573] c.m.dados.CheckSincronia - Iniciando sincronização de registros...
2025-12-22 23:56:18.253 WARN  [Thread-2574] c.m.dados.CheckSincronia - CheckSincronia já em execução. Ignorando nova chamada.
2025-12-22 23:56:18.260 INFO  [Thread-2573] c.m.dados.CheckSincronia - Sincronização concluída.
