2025-12-23 00:05:57.725 INFO  [Thread-2575] c.m.dados.CheckSincronia - Iniciando sincronização de registros...
2025-12-23 00:05:57.731 WARN  [Thread-2576] c.m.dados.CheckSincronia - CheckSincronia já em execução. Ignorando nova chamada.
2025-12-23 00:05:58.186 WARN  [Thread-2577] c.m.dados.CheckSincronia - CheckSincronia já em execução. Ignorando nova chamada.
2025-12-23 00:05:58.305 WARN  [Thread-2578] c.m.dados.CheckSincronia - CheckSincronia já em execução. Ignorando nova chamada.
2025-12-23 00:05:58.306 INFO  [Thread-2575] c.m.dados.CheckSincronia - Sincronização concluída.
2025-12-23 00:13:11.426 INFO  [Thread-2580] c.m.dados.CheckSincronia - Iniciando sincronização de registros...
2025-12-23 00:13:11.535 WARN  [Thread-2581] c.m.dados.CheckSincronia - CheckSincronia já em execução. Ignorando nova chamada.
2025-12-23 00:13:11.537 WARN  [Thread-2582] c.m.dados.CheckSincronia - CheckSincronia já em execução. Ignorando nova chamada.
2025-12-23 00:13:11.885 WARN  [Thread-2583] c.m.dados.CheckSincronia - CheckSincronia já em execução. Ignorando nova chamada.
2025-12-23 00:13:12.023 WARN  [Thread-2584] c.m.dados.CheckSincronia - CheckSincronia já em execução. Ignorando nova chamada.
2025-12-23 00:13:12.147 WARN  [Thread-2585] c.m.dados.CheckSincronia - CheckSincronia já em execução. Ignorando nova chamada.
2025-12-23 00:13:12.148 INFO  [Thread-2580] c.m.dados.CheckSincronia - Sincronização concluída.
2025-12-23 00:28:55.210 INFO  [Thread-2586] c.m.dados.CheckSincronia - Iniciando sincronização de registros...
2025-12-23 00:28:55.216 WARN  [Thread-2587] c.m.dados.CheckSincronia - CheckSincronia já em execução. Ignorando nova chamada.
2025-12-23 00:28:55.629 WARN  [Thread-2588] c.m.dados.CheckSincronia - CheckSincronia já em execução. Ignorando nova chamada.
2025-12-23 00:28:55.754 WARN  [Thread-2589] c.m.dados.CheckSincronia - CheckSincronia já em execução. Ignorando nova chamada.
2025-12-23 00:28:55.755 INFO  [Thread-2586] c.m.dados.CheckSincronia - Sincronização concluída.
2025-12-23 02:59:58.389 INFO  [scheduling-1] c.m.dados.Agendamentos - Executando a tarefa agendada para 03:00.
2025-12-23 03:00:02.527 INFO  [scheduling-1] c.m.dados.Agendamentos - Sincronização agendada concluída com sucesso.
2025-12-23 07:41:14.576 INFO  [Thread-2590] c.m.dados.CheckSincronia - Iniciando sincronização de registros...
2025-12-23 07:41:14.577 WARN  [Thread-2591] c.m.dados.CheckSincronia - CheckSincronia já em execução. Ignorando nova chamada.
2025-12-23 07:41:15.006 WARN  [Thread-2594] c.m.dados.CheckSincronia - CheckSincronia já em execução. Ignorando nova chamada.
2025-12-23 07:41:15.126 WARN  [Thread-2595] c.m.dados.CheckSincronia - CheckSincronia já em execução. Ignorando nova chamada.
2025-12-23 07:41:15.127 INFO  [Thread-2590] c.m.dados.CheckSincronia - Sincronização concluída.
2025-12-23 08:09:14.573 INFO  [Thread-2597] c.m.dados.CheckSincronia - Iniciando sincronização de registros...
2025-12-23 08:09:14.700 WARN  [Thread-2598] c.m.dados.CheckSincronia - CheckSincronia já em execução. Ignorando nova chamada.
2025-12-23 08:09:14.702 WARN  [Thread-2599] c.m.dados.CheckSincronia - CheckSincronia já em execução. Ignorando nova chamada.
2025-12-23 08:09:15.012 WARN  [Thread-2600] c.m.dados.CheckSincronia - CheckSincronia já em execução. Ignorando nova chamada.
2025-12-23 08:09:15.143 WARN  [Thread-2601] c.m.dados.CheckSincronia - CheckSincronia já em execução. Ignorando nova chamada.
2025-12-23 08:09:15.270 WARN  [Thread-2602] c.m.dados.CheckSincronia - CheckSincronia já em execução. Ignorando nova chamada.
2025-12-23 08:09:15.271 INFO  [Thread-2597] c.m.dados.CheckSincronia - Sincronização concluída.
2025-12-23 09:24:12.997 INFO  [Thread-2603] c.m.dados.CheckSincronia - Iniciando sincronização de registros...
2025-12-23 09:24:13.001 WARN  [Thread-2604] c.m.dados.CheckSincronia - CheckSincronia já em execução. Ignorando nova chamada.
2025-12-23 09:24:13.424 WARN  [Thread-2607] c.m.dados.CheckSincronia - CheckSincronia já em execução. Ignorando nova chamada.
2025-12-23 09:24:13.555 WARN  [Thread-2608] c.m.dados.CheckSincronia - CheckSincronia já em execução. Ignorando nova chamada.
2025-12-23 09:24:13.556 INFO  [Thread-2603] c.m.dados.CheckSincronia - Sincronização concluída.
2025-12-23 09:38:20.905 INFO  [Thread-2609] c.m.dados.CheckSincronia - Iniciando sincronização de registros...
2025-12-23 09:38:20.911 WARN  [Thread-2610] c.m.dados.CheckSincronia - CheckSincronia já em execução. Ignorando nova chamada.
2025-12-23 09:38:21.337 WARN  [Thread-2611] c.m.dados.CheckSincronia - CheckSincronia já em execução. Ignorando nova chamada.
2025-12-23 09:38:21.465 WARN  [Thread-2612] c.m.dados.CheckSincronia - CheckSincronia já em execução. Ignorando nova chamada.
2025-12-23 09:38:21.466 INFO  [Thread-2609] c.m.dados.CheckSincronia - Sincronização concluída.
2025-12-23 09:38:30.178 INFO  [Thread-2613] c.m.dados.CheckSincronia - Iniciando sincronização de registros...
2025-12-23 09:38:30.181 WARN  [Thread-2614] c.m.dados.CheckSincronia - CheckSincronia já em execução. Ignorando nova chamada.
2025-12-23 09:38:30.348 WARN  [Thread-2615] c.m.dados.CheckSincronia - CheckSincronia já em execução. Ignorando nova chamada.
2025-12-23 09:38:30.471 WARN  [Thread-2616] c.m.dados.CheckSincronia - CheckSincronia já em execução. Ignorando nova chamada.
2025-12-23 09:38:30.594 WARN  [Thread-2617] c.m.dados.CheckSincronia - CheckSincronia já em execução. Ignorando nova chamada.
2025-12-23 09:38:30.595 INFO  [Thread-2613] c.m.dados.CheckSincronia - Sincronização concluída.
2025-12-23 09:43:51.636 INFO  [Thread-2619] c.m.dados.CheckSincronia - Iniciando sincronização de registros...
2025-12-23 09:43:51.756 WARN  [Thread-2620] c.m.dados.CheckSincronia - CheckSincronia já em execução. Ignorando nova chamada.
2025-12-23 09:43:51.760 WARN  [Thread-2621] c.m.dados.CheckSincronia - CheckSincronia já em execução. Ignorando nova chamada.
2025-12-23 09:43:52.047 WARN  [Thread-2622] c.m.dados.CheckSincronia - CheckSincronia já em execução. Ignorando nova chamada.
2025-12-23 09:43:52.162 WARN  [Thread-2623] c.m.dados.CheckSincronia - CheckSincronia já em execução. Ignorando nova chamada.
2025-12-23 09:43:52.281 WARN  [Thread-2624] c.m.dados.CheckSincronia - CheckSincronia já em execução. Ignorando nova chamada.
2025-12-23 09:43:52.282 INFO  [Thread-2619] c.m.dados.CheckSincronia - Sincronização concluída.
2025-12-23 10:02:14.195 INFO  [Thread-2625] c.m.dados.CheckSincronia - Iniciando sincronização de registros...
2025-12-23 10:02:14.206 WARN  [Thread-2626] c.m.dados.CheckSincronia - CheckSincronia já em execução. Ignorando nova chamada.
2025-12-23 10:02:14.634 WARN  [Thread-2629] c.m.dados.CheckSincronia - CheckSincronia já em execução. Ignorando nova chamada.
2025-12-23 10:02:14.752 WARN  [Thread-2630] c.m.dados.CheckSincronia - CheckSincronia já em execução. Ignorando nova chamada.
2025-12-23 10:02:14.753 INFO  [Thread-2625] c.m.dados.CheckSincronia - Sincronização concluída.
2025-12-23 10:10:13.605 INFO  [Thread-2631] c.m.dados.CheckSincronia - Iniciando sincronização de registros...
2025-12-23 10:10:13.609 WARN  [Thread-2632] c.m.dados.CheckSincronia - CheckSincronia já em execução. Ignorando nova chamada.
2025-12-23 10:10:14.032 WARN  [Thread-2635] c.m.dados.CheckSincronia - CheckSincronia já em execução. Ignorando nova chamada.
2025-12-23 10:10:14.157 WARN  [Thread-2636] c.m.dados.CheckSincronia - CheckSincronia já em execução. Ignorando nova chamada.
2025-12-23 10:10:14.158 INFO  [Thread-2631] c.m.dados.CheckSincronia - Sincronização concluída.
2025-12-23 10:25:34.303 INFO  [Thread-2638] c.m.dados.CheckSincronia - Iniciando sincronização de registros...
2025-12-23 10:25:34.421 WARN  [Thread-2639] c.m.dados.CheckSincronia - CheckSincronia já em execução. Ignorando nova chamada.
2025-12-23 10:25:34.424 WARN  [Thread-2640] c.m.dados.CheckSincronia - CheckSincronia já em execução. Ignorando nova chamada.
2025-12-23 10:25:34.742 WARN  [Thread-2641] c.m.dados.CheckSincronia - CheckSincronia já em execução. Ignorando nova chamada.
2025-12-23 10:25:34.861 WARN  [Thread-2642] c.m.dados.CheckSincronia - CheckSincronia já em execução. Ignorando nova chamada.
2025-12-23 10:25:34.984 WARN  [Thread-2643] c.m.dados.CheckSincronia - CheckSincronia já em execução. Ignorando nova chamada.
2025-12-23 10:25:34.985 INFO  [Thread-2638] c.m.dados.CheckSincronia - Sincronização concluída.
2025-12-23 10:32:44.708 INFO  [Thread-2644] c.m.dados.CheckSincronia - Iniciando sincronização de registros...
2025-12-23 10:32:44.720 WARN  [Thread-2645] c.m.dados.CheckSincronia - CheckSincronia já em execução. Ignorando nova chamada.
2025-12-23 10:32:45.160 WARN  [Thread-2648] c.m.dados.CheckSincronia - CheckSincronia já em execução. Ignorando nova chamada.
2025-12-23 10:32:45.292 WARN  [Thread-2649] c.m.dados.CheckSincronia - CheckSincronia já em execução. Ignorando nova chamada.
2025-12-23 10:32:45.293 INFO  [Thread-2644] c.m.dados.CheckSincronia - Sincronização concluída.
2025-12-23 10:47:41.229 INFO  [Thread-2650] c.m.dados.CheckSincronia - Iniciando sincronização de registros...
2025-12-23 10:47:41.234 WARN  [Thread-2651] c.m.dados.CheckSincronia - CheckSincronia já em execução. Ignorando nova chamada.
2025-12-23 10:47:41.672 WARN  [Thread-2652] c.m.dados.CheckSincronia - CheckSincronia já em execução. Ignorando nova chamada.
2025-12-23 10:47:41.796 WARN  [Thread-2653] c.m.dados.CheckSincronia - CheckSincronia já em execução. Ignorando nova chamada.
2025-12-23 10:47:41.797 INFO  [Thread-2650] c.m.dados.CheckSincronia - Sincronização concluída.
2025-12-23 10:47:45.059 INFO  [Thread-2654] c.m.dados.CheckSincronia - Iniciando sincronização de registros...
2025-12-23 10:47:45.063 WARN  [Thread-2655] c.m.dados.CheckSincronia - CheckSincronia já em execução. Ignorando nova chamada.
2025-12-23 10:47:45.217 WARN  [Thread-2656] c.m.dados.CheckSincronia - CheckSincronia já em execução. Ignorando nova chamada.
2025-12-23 10:47:45.350 WARN  [Thread-2657] c.m.dados.CheckSincronia - CheckSincronia já em execução. Ignorando nova chamada.
2025-12-23 10:47:45.351 INFO  [Thread-2654] c.m.dados.CheckSincronia - Sincronização concluída.
2025-12-23 10:50:03.413 INFO  [Thread-2659] c.m.dados.CheckSincronia - Iniciando sincronização de registros...
2025-12-23 10:50:03.528 WARN  [Thread-2660] c.m.dados.CheckSincronia - CheckSincronia já em execução. Ignorando nova chamada.
2025-12-23 10:50:03.531 WARN  [Thread-2661] c.m.dados.CheckSincronia - CheckSincronia já em execução. Ignorando nova chamada.
2025-12-23 10:50:03.916 WARN  [Thread-2662] c.m.dados.CheckSincronia - CheckSincronia já em execução. Ignorando nova chamada.
2025-12-23 10:50:04.050 WARN  [Thread-2663] c.m.dados.CheckSincronia - CheckSincronia já em execução. Ignorando nova chamada.
2025-12-23 10:50:04.176 WARN  [Thread-2664] c.m.dados.CheckSincronia - CheckSincronia já em execução. Ignorando nova chamada.
2025-12-23 10:50:04.177 INFO  [Thread-2659] c.m.dados.CheckSincronia - Sincronização concluída.
2025-12-23 11:23:14.997 INFO  [Thread-2666] c.m.dados.CheckSincronia - Iniciando sincronização de registros...
2025-12-23 11:23:15.008 WARN  [Thread-2667] c.m.dados.CheckSincronia - CheckSincronia já em execução. Ignorando nova chamada.
2025-12-23 11:23:15.123 WARN  [Thread-2668] c.m.dados.CheckSincronia - CheckSincronia já em execução. Ignorando nova chamada.
2025-12-23 11:23:15.127 WARN  [Thread-2669] c.m.dados.CheckSincronia - CheckSincronia já em execução. Ignorando nova chamada.
2025-12-23 11:23:15.500 WARN  [Thread-2670] c.m.dados.CheckSincronia - CheckSincronia já em execução. Ignorando nova chamada.
2025-12-23 11:23:15.634 WARN  [Thread-2671] c.m.dados.CheckSincronia - CheckSincronia já em execução. Ignorando nova chamada.
2025-12-23 11:23:15.754 WARN  [Thread-2672] c.m.dados.CheckSincronia - CheckSincronia já em execução. Ignorando nova chamada.
2025-12-23 11:23:15.882 WARN  [Thread-2673] c.m.dados.CheckSincronia - CheckSincronia já em execução. Ignorando nova chamada.
2025-12-23 11:23:15.883 INFO  [Thread-2666] c.m.dados.CheckSincronia - Sincronização concluída.
2025-12-23 11:35:27.516 INFO  [Thread-2674] c.m.dados.CheckSincronia - Iniciando sincronização de registros...
2025-12-23 11:35:27.523 WARN  [Thread-2675] c.m.dados.CheckSincronia - CheckSincronia já em execução. Ignorando nova chamada.
2025-12-23 11:35:27.992 WARN  [Thread-2676] c.m.dados.CheckSincronia - CheckSincronia já em execução. Ignorando nova chamada.
2025-12-23 11:35:28.129 WARN  [Thread-2677] c.m.dados.CheckSincronia - CheckSincronia já em execução. Ignorando nova chamada.
2025-12-23 11:35:28.129 INFO  [Thread-2674] c.m.dados.CheckSincronia - Sincronização concluída.
2025-12-23 11:35:32.825 INFO  [Thread-2678] c.m.dados.CheckSincronia - Iniciando sincronização de registros...
2025-12-23 11:35:32.830 WARN  [Thread-2679] c.m.dados.CheckSincronia - CheckSincronia já em execução. Ignorando nova chamada.
2025-12-23 11:35:32.980 WARN  [Thread-2680] c.m.dados.CheckSincronia - CheckSincronia já em execução. Ignorando nova chamada.
2025-12-23 11:35:33.098 WARN  [Thread-2681] c.m.dados.CheckSincronia - CheckSincronia já em execução. Ignorando nova chamada.
2025-12-23 11:35:33.099 INFO  [Thread-2678] c.m.dados.CheckSincronia - Sincronização concluída.
2025-12-23 11:41:22.668 INFO  [Thread-2682] c.m.dados.CheckSincronia - Iniciando sincronização de registros...
2025-12-23 11:41:22.680 WARN  [Thread-2683] c.m.dados.CheckSincronia - CheckSincronia já em execução. Ignorando nova chamada.
2025-12-23 11:41:23.113 WARN  [Thread-2686] c.m.dados.CheckSincronia - CheckSincronia já em execução. Ignorando nova chamada.
2025-12-23 11:41:23.233 WARN  [Thread-2687] c.m.dados.CheckSincronia - CheckSincronia já em execução. Ignorando nova chamada.
2025-12-23 11:41:23.234 INFO  [Thread-2682] c.m.dados.CheckSincronia - Sincronização concluída.
2025-12-23 11:59:58.388 INFO  [scheduling-1] c.m.dados.Agendamentos - Verificando se há nova versão do sistema...
2025-12-23 11:59:58.736 INFO  [scheduling-1] c.m.dados.Agendamentos - Nenhuma atualização disponível no momento.
2025-12-23 12:19:20.370 INFO  [Thread-2688] c.m.dados.CheckSincronia - Iniciando sincronização de registros...
2025-12-23 12:19:20.372 WARN  [Thread-2689] c.m.dados.CheckSincronia - CheckSincronia já em execução. Ignorando nova chamada.
2025-12-23 12:19:20.837 WARN  [Thread-2692] c.m.dados.CheckSincronia - CheckSincronia já em execução. Ignorando nova chamada.
2025-12-23 12:19:20.964 WARN  [Thread-2693] c.m.dados.CheckSincronia - CheckSincronia já em execução. Ignorando nova chamada.
2025-12-23 12:19:20.965 INFO  [Thread-2688] c.m.dados.CheckSincronia - Sincronização concluída.
2025-12-23 12:44:47.813 INFO  [Thread-2694] c.m.dados.CheckSincronia - Iniciando sincronização de registros...
2025-12-23 12:44:47.816 WARN  [Thread-2695] c.m.dados.CheckSincronia - CheckSincronia já em execução. Ignorando nova chamada.
2025-12-23 12:44:48.232 WARN  [Thread-2698] c.m.dados.CheckSincronia - CheckSincronia já em execução. Ignorando nova chamada.
2025-12-23 12:44:48.356 WARN  [Thread-2699] c.m.dados.CheckSincronia - CheckSincronia já em execução. Ignorando nova chamada.
2025-12-23 12:44:48.356 INFO  [Thread-2694] c.m.dados.CheckSincronia - Sincronização concluída.
2025-12-23 12:48:37.336 INFO  [Thread-2700] c.m.dados.CheckSincronia - Iniciando sincronização de registros...
2025-12-23 12:48:37.763 WARN  [Thread-2701] c.m.dados.CheckSincronia - CheckSincronia já em execução. Ignorando nova chamada.
2025-12-23 12:48:37.765 INFO  [Thread-2700] c.m.dados.CheckSincronia - Sincronização concluída.
2025-12-23 12:57:45.555 INFO  [Thread-2703] c.m.dados.CheckSincronia - Iniciando sincronização de registros...
2025-12-23 12:57:45.568 WARN  [Thread-2704] c.m.dados.CheckSincronia - CheckSincronia já em execução. Ignorando nova chamada.
2025-12-23 12:57:45.683 WARN  [Thread-2705] c.m.dados.CheckSincronia - CheckSincronia já em execução. Ignorando nova chamada.
2025-12-23 12:57:45.686 WARN  [Thread-2706] c.m.dados.CheckSincronia - CheckSincronia já em execução. Ignorando nova chamada.
2025-12-23 12:57:46.027 WARN  [Thread-2707] c.m.dados.CheckSincronia - CheckSincronia já em execução. Ignorando nova chamada.
2025-12-23 12:57:46.158 WARN  [Thread-2708] c.m.dados.CheckSincronia - CheckSincronia já em execução. Ignorando nova chamada.
2025-12-23 12:57:46.280 WARN  [Thread-2709] c.m.dados.CheckSincronia - CheckSincronia já em execução. Ignorando nova chamada.
2025-12-23 12:57:46.399 WARN  [Thread-2710] c.m.dados.CheckSincronia - CheckSincronia já em execução. Ignorando nova chamada.
2025-12-23 12:57:46.400 INFO  [Thread-2703] c.m.dados.CheckSincronia - Sincronização concluída.
2025-12-23 13:04:07.939 INFO  [Thread-2712] c.m.dados.CheckSincronia - Iniciando sincronização de registros...
2025-12-23 13:04:08.047 WARN  [Thread-2713] c.m.dados.CheckSincronia - CheckSincronia já em execução. Ignorando nova chamada.
2025-12-23 13:04:08.049 WARN  [Thread-2714] c.m.dados.CheckSincronia - CheckSincronia já em execução. Ignorando nova chamada.
2025-12-23 13:04:08.399 WARN  [Thread-2715] c.m.dados.CheckSincronia - CheckSincronia já em execução. Ignorando nova chamada.
2025-12-23 13:04:08.527 WARN  [Thread-2716] c.m.dados.CheckSincronia - CheckSincronia já em execução. Ignorando nova chamada.
2025-12-23 13:04:08.651 WARN  [Thread-2717] c.m.dados.CheckSincronia - CheckSincronia já em execução. Ignorando nova chamada.
2025-12-23 13:04:08.652 INFO  [Thread-2712] c.m.dados.CheckSincronia - Sincronização concluída.
2025-12-23 13:20:28.203 INFO  [Thread-2718] c.m.dados.CheckSincronia - Iniciando sincronização de registros...
2025-12-23 13:20:28.209 WARN  [Thread-2719] c.m.dados.CheckSincronia - CheckSincronia já em execução. Ignorando nova chamada.
2025-12-23 13:20:28.638 WARN  [Thread-2722] c.m.dados.CheckSincronia - CheckSincronia já em execução. Ignorando nova chamada.
2025-12-23 13:20:28.766 WARN  [Thread-2723] c.m.dados.CheckSincronia - CheckSincronia já em execução. Ignorando nova chamada.
2025-12-23 13:20:28.767 INFO  [Thread-2718] c.m.dados.CheckSincronia - Sincronização concluída.
2025-12-23 13:21:09.051 INFO  [Thread-2724] c.m.dados.CheckSincronia - Iniciando sincronização de registros...
2025-12-23 13:21:09.056 WARN  [Thread-2725] c.m.dados.CheckSincronia - CheckSincronia já em execução. Ignorando nova chamada.
2025-12-23 13:21:09.472 WARN  [Thread-2726] c.m.dados.CheckSincronia - CheckSincronia já em execução. Ignorando nova chamada.
2025-12-23 13:21:09.589 WARN  [Thread-2727] c.m.dados.CheckSincronia - CheckSincronia já em execução. Ignorando nova chamada.
2025-12-23 13:21:09.590 INFO  [Thread-2724] c.m.dados.CheckSincronia - Sincronização concluída.
2025-12-23 13:32:30.710 INFO  [Thread-2728] c.m.dados.CheckSincronia - Iniciando sincronização de registros...
2025-12-23 13:32:30.715 WARN  [Thread-2729] c.m.dados.CheckSincronia - CheckSincronia já em execução. Ignorando nova chamada.
2025-12-23 13:32:30.729 WARN  [Timer-0] c.m.dados.CheckSincronia - CheckSincronia já em execução. Ignorando nova chamada.
2025-12-23 13:32:31.126 WARN  [Thread-2730] c.m.dados.CheckSincronia - CheckSincronia já em execução. Ignorando nova chamada.
2025-12-23 13:32:31.246 WARN  [Thread-2731] c.m.dados.CheckSincronia - CheckSincronia já em execução. Ignorando nova chamada.
2025-12-23 13:32:31.247 INFO  [Thread-2728] c.m.dados.CheckSincronia - Sincronização concluída.
2025-12-23 13:35:26.015 INFO  [Thread-2733] c.m.dados.CheckSincronia - Iniciando sincronização de registros...
2025-12-23 13:35:26.020 WARN  [Thread-2734] c.m.dados.CheckSincronia - CheckSincronia já em execução. Ignorando nova chamada.
2025-12-23 13:35:26.132 WARN  [Thread-2735] c.m.dados.CheckSincronia - CheckSincronia já em execução. Ignorando nova chamada.
2025-12-23 13:35:26.136 WARN  [Thread-2736] c.m.dados.CheckSincronia - CheckSincronia já em execução. Ignorando nova chamada.
2025-12-23 13:35:26.451 WARN  [Thread-2737] c.m.dados.CheckSincronia - CheckSincronia já em execução. Ignorando nova chamada.
2025-12-23 13:35:26.567 WARN  [Thread-2738] c.m.dados.CheckSincronia - CheckSincronia já em execução. Ignorando nova chamada.
2025-12-23 13:35:26.688 WARN  [Thread-2739] c.m.dados.CheckSincronia - CheckSincronia já em execução. Ignorando nova chamada.
2025-12-23 13:35:26.814 WARN  [Thread-2740] c.m.dados.CheckSincronia - CheckSincronia já em execução. Ignorando nova chamada.
2025-12-23 13:35:26.815 INFO  [Thread-2733] c.m.dados.CheckSincronia - Sincronização concluída.
2025-12-23 13:42:13.257 INFO  [Thread-10] c.m.dados.VerificaComandosRemotos - Comando 172 confirmado com sucesso.
2025-12-23 13:42:18.358 INFO  [Thread-10] c.m.dados.VerificaComandosRemotos - Comando 173 confirmado com sucesso.
2025-12-23 13:42:39.236 INFO  [Thread-10] c.m.dados.VerificaComandosRemotos - Comando 174 confirmado com sucesso.
2025-12-23 13:52:15.680 INFO  [Thread-2741] c.m.dados.CheckSincronia - Iniciando sincronização de registros...
2025-12-23 13:52:15.686 WARN  [Thread-2742] c.m.dados.CheckSincronia - CheckSincronia já em execução. Ignorando nova chamada.
2025-12-23 13:52:16.108 WARN  [Thread-2743] c.m.dados.CheckSincronia - CheckSincronia já em execução. Ignorando nova chamada.
2025-12-23 13:52:16.228 WARN  [Thread-2744] c.m.dados.CheckSincronia - CheckSincronia já em execução. Ignorando nova chamada.
2025-12-23 13:52:16.347 WARN  [Thread-2745] c.m.dados.CheckSincronia - CheckSincronia já em execução. Ignorando nova chamada.
2025-12-23 13:52:16.348 INFO  [Thread-2741] c.m.dados.CheckSincronia - Sincronização concluída.
2025-12-23 14:14:01.486 INFO  [Thread-2747] c.m.dados.CheckSincronia - Iniciando sincronização de registros...
2025-12-23 14:14:01.603 WARN  [Thread-2748] c.m.dados.CheckSincronia - CheckSincronia já em execução. Ignorando nova chamada.
2025-12-23 14:14:01.606 WARN  [Thread-2749] c.m.dados.CheckSincronia - CheckSincronia já em execução. Ignorando nova chamada.
2025-12-23 14:14:01.965 WARN  [Thread-2750] c.m.dados.CheckSincronia - CheckSincronia já em execução. Ignorando nova chamada.
2025-12-23 14:14:02.115 WARN  [Thread-2751] c.m.dados.CheckSincronia - CheckSincronia já em execução. Ignorando nova chamada.
2025-12-23 14:14:02.245 WARN  [Thread-2752] c.m.dados.CheckSincronia - CheckSincronia já em execução. Ignorando nova chamada.
2025-12-23 14:14:02.246 INFO  [Thread-2747] c.m.dados.CheckSincronia - Sincronização concluída.
2025-12-23 14:28:03.228 INFO  [Thread-2753] c.m.dados.CheckSincronia - Iniciando sincronização de registros...
2025-12-23 14:28:03.230 WARN  [Thread-2754] c.m.dados.CheckSincronia - CheckSincronia já em execução. Ignorando nova chamada.
2025-12-23 14:28:03.668 WARN  [Thread-2757] c.m.dados.CheckSincronia - CheckSincronia já em execução. Ignorando nova chamada.
2025-12-23 14:28:03.812 WARN  [Thread-2758] c.m.dados.CheckSincronia - CheckSincronia já em execução. Ignorando nova chamada.
2025-12-23 14:28:03.813 INFO  [Thread-2753] c.m.dados.CheckSincronia - Sincronização concluída.
2025-12-23 14:59:25.886 INFO  [Thread-2759] c.m.dados.CheckSincronia - Iniciando sincronização de registros...
2025-12-23 14:59:25.890 WARN  [Thread-2760] c.m.dados.CheckSincronia - CheckSincronia já em execução. Ignorando nova chamada.
2025-12-23 14:59:26.384 WARN  [Thread-2761] c.m.dados.CheckSincronia - CheckSincronia já em execução. Ignorando nova chamada.
2025-12-23 14:59:26.512 WARN  [Thread-2762] c.m.dados.CheckSincronia - CheckSincronia já em execução. Ignorando nova chamada.
2025-12-23 14:59:26.513 INFO  [Thread-2759] c.m.dados.CheckSincronia - Sincronização concluída.
2025-12-23 15:01:33.828 INFO  [Thread-2763] c.m.dados.CheckSincronia - Iniciando sincronização de registros...
2025-12-23 15:01:33.834 WARN  [Thread-2764] c.m.dados.CheckSincronia - CheckSincronia já em execução. Ignorando nova chamada.
2025-12-23 15:01:34.284 WARN  [Thread-2767] c.m.dados.CheckSincronia - CheckSincronia já em execução. Ignorando nova chamada.
2025-12-23 15:01:34.406 WARN  [Thread-2768] c.m.dados.CheckSincronia - CheckSincronia já em execução. Ignorando nova chamada.
2025-12-23 15:01:34.407 INFO  [Thread-2763] c.m.dados.CheckSincronia - Sincronização concluída.
2025-12-23 15:12:51.351 INFO  [Thread-2769] c.m.dados.CheckSincronia - Iniciando sincronização de registros...
2025-12-23 15:12:51.352 WARN  [Thread-2770] c.m.dados.CheckSincronia - CheckSincronia já em execução. Ignorando nova chamada.
2025-12-23 15:12:51.821 WARN  [Thread-2773] c.m.dados.CheckSincronia - CheckSincronia já em execução. Ignorando nova chamada.
2025-12-23 15:12:51.941 WARN  [Thread-2774] c.m.dados.CheckSincronia - CheckSincronia já em execução. Ignorando nova chamada.
2025-12-23 15:12:51.942 INFO  [Thread-2769] c.m.dados.CheckSincronia - Sincronização concluída.
2025-12-23 15:20:11.343 INFO  [Thread-2775] c.m.dados.CheckSincronia - Iniciando sincronização de registros...
2025-12-23 15:20:11.345 WARN  [Thread-2776] c.m.dados.CheckSincronia - CheckSincronia já em execução. Ignorando nova chamada.
2025-12-23 15:20:11.729 WARN  [Timer-0] c.m.dados.CheckSincronia - CheckSincronia já em execução. Ignorando nova chamada.
2025-12-23 15:20:11.797 WARN  [Thread-2779] c.m.dados.CheckSincronia - CheckSincronia já em execução. Ignorando nova chamada.
2025-12-23 15:20:11.923 WARN  [Thread-2780] c.m.dados.CheckSincronia - CheckSincronia já em execução. Ignorando nova chamada.
2025-12-23 15:20:11.924 INFO  [Thread-2775] c.m.dados.CheckSincronia - Sincronização concluída.
2025-12-23 15:21:44.491 INFO  [Thread-2782] c.m.dados.CheckSincronia - Iniciando sincronização de registros...
2025-12-23 15:21:44.612 WARN  [Thread-2783] c.m.dados.CheckSincronia - CheckSincronia já em execução. Ignorando nova chamada.
2025-12-23 15:21:44.617 WARN  [Thread-2784] c.m.dados.CheckSincronia - CheckSincronia já em execução. Ignorando nova chamada.
2025-12-23 15:21:44.915 WARN  [Thread-2785] c.m.dados.CheckSincronia - CheckSincronia já em execução. Ignorando nova chamada.
2025-12-23 15:21:45.033 WARN  [Thread-2786] c.m.dados.CheckSincronia - CheckSincronia já em execução. Ignorando nova chamada.
2025-12-23 15:21:45.161 WARN  [Thread-2787] c.m.dados.CheckSincronia - CheckSincronia já em execução. Ignorando nova chamada.
2025-12-23 15:21:45.162 INFO  [Thread-2782] c.m.dados.CheckSincronia - Sincronização concluída.
2025-12-23 15:26:14.111 INFO  [Thread-2789] c.m.dados.CheckSincronia - Iniciando sincronização de registros...
2025-12-23 15:26:14.218 WARN  [Thread-2790] c.m.dados.CheckSincronia - CheckSincronia já em execução. Ignorando nova chamada.
2025-12-23 15:26:14.221 WARN  [Thread-2791] c.m.dados.CheckSincronia - CheckSincronia já em execução. Ignorando nova chamada.
2025-12-23 15:26:14.548 WARN  [Thread-2792] c.m.dados.CheckSincronia - CheckSincronia já em execução. Ignorando nova chamada.
2025-12-23 15:26:14.679 WARN  [Thread-2793] c.m.dados.CheckSincronia - CheckSincronia já em execução. Ignorando nova chamada.
2025-12-23 15:26:14.800 WARN  [Thread-2794] c.m.dados.CheckSincronia - CheckSincronia já em execução. Ignorando nova chamada.
2025-12-23 15:26:14.801 INFO  [Thread-2789] c.m.dados.CheckSincronia - Sincronização concluída.
2025-12-23 15:37:13.671 INFO  [Thread-2796] c.m.dados.CheckSincronia - Iniciando sincronização de registros...
2025-12-23 15:37:13.672 WARN  [Thread-2797] c.m.dados.CheckSincronia - CheckSincronia já em execução. Ignorando nova chamada.
2025-12-23 15:37:13.730 WARN  [Timer-0] c.m.dados.CheckSincronia - CheckSincronia já em execução. Ignorando nova chamada.
2025-12-23 15:37:13.793 WARN  [Thread-2798] c.m.dados.CheckSincronia - CheckSincronia já em execução. Ignorando nova chamada.
2025-12-23 15:37:13.796 WARN  [Thread-2799] c.m.dados.CheckSincronia - CheckSincronia já em execução. Ignorando nova chamada.
2025-12-23 15:37:14.137 WARN  [Thread-2800] c.m.dados.CheckSincronia - CheckSincronia já em execução. Ignorando nova chamada.
2025-12-23 15:37:14.267 WARN  [Thread-2801] c.m.dados.CheckSincronia - CheckSincronia já em execução. Ignorando nova chamada.
2025-12-23 15:37:14.386 WARN  [Thread-2802] c.m.dados.CheckSincronia - CheckSincronia já em execução. Ignorando nova chamada.
2025-12-23 15:37:14.511 WARN  [Thread-2803] c.m.dados.CheckSincronia - CheckSincronia já em execução. Ignorando nova chamada.
2025-12-23 15:37:14.512 INFO  [Thread-2796] c.m.dados.CheckSincronia - Sincronização concluída.
2025-12-23 15:41:07.556 INFO  [Thread-2804] c.m.dados.CheckSincronia - Iniciando sincronização de registros...
2025-12-23 15:41:07.561 WARN  [Thread-2805] c.m.dados.CheckSincronia - CheckSincronia já em execução. Ignorando nova chamada.
2025-12-23 15:41:07.974 WARN  [Thread-2806] c.m.dados.CheckSincronia - CheckSincronia já em execução. Ignorando nova chamada.
2025-12-23 15:41:08.091 WARN  [Thread-2807] c.m.dados.CheckSincronia - CheckSincronia já em execução. Ignorando nova chamada.
2025-12-23 15:41:08.092 INFO  [Thread-2804] c.m.dados.CheckSincronia - Sincronização concluída.
2025-12-23 15:41:11.800 INFO  [Thread-2808] c.m.dados.CheckSincronia - Iniciando sincronização de registros...
2025-12-23 15:41:11.803 WARN  [Thread-2809] c.m.dados.CheckSincronia - CheckSincronia já em execução. Ignorando nova chamada.
2025-12-23 15:41:11.958 WARN  [Thread-2810] c.m.dados.CheckSincronia - CheckSincronia já em execução. Ignorando nova chamada.
2025-12-23 15:41:12.084 WARN  [Thread-2811] c.m.dados.CheckSincronia - CheckSincronia já em execução. Ignorando nova chamada.
2025-12-23 15:41:12.085 INFO  [Thread-2808] c.m.dados.CheckSincronia - Sincronização concluída.
2025-12-23 15:41:15.404 INFO  [Thread-2812] c.m.dados.CheckSincronia - Iniciando sincronização de registros...
2025-12-23 15:41:15.408 WARN  [Thread-2813] c.m.dados.CheckSincronia - CheckSincronia já em execução. Ignorando nova chamada.
2025-12-23 15:41:15.565 WARN  [Thread-2814] c.m.dados.CheckSincronia - CheckSincronia já em execução. Ignorando nova chamada.
2025-12-23 15:41:15.680 WARN  [Thread-2815] c.m.dados.CheckSincronia - CheckSincronia já em execução. Ignorando nova chamada.
2025-12-23 15:41:15.680 INFO  [Thread-2812] c.m.dados.CheckSincronia - Sincronização concluída.
2025-12-23 15:53:25.825 INFO  [Thread-2816] c.m.dados.CheckSincronia - Iniciando sincronização de registros...
2025-12-23 15:53:25.827 WARN  [Thread-2817] c.m.dados.CheckSincronia - CheckSincronia já em execução. Ignorando nova chamada.
2025-12-23 15:53:26.252 WARN  [Thread-2820] c.m.dados.CheckSincronia - CheckSincronia já em execução. Ignorando nova chamada.
2025-12-23 15:53:26.382 WARN  [Thread-2821] c.m.dados.CheckSincronia - CheckSincronia já em execução. Ignorando nova chamada.
2025-12-23 15:53:26.383 INFO  [Thread-2816] c.m.dados.CheckSincronia - Sincronização concluída.
2025-12-23 16:00:41.855 INFO  [Thread-2822] c.m.dados.CheckSincronia - Iniciando sincronização de registros...
2025-12-23 16:00:41.857 WARN  [Thread-2823] c.m.dados.CheckSincronia - CheckSincronia já em execução. Ignorando nova chamada.
2025-12-23 16:00:42.289 WARN  [Thread-2826] c.m.dados.CheckSincronia - CheckSincronia já em execução. Ignorando nova chamada.
2025-12-23 16:00:42.411 WARN  [Thread-2827] c.m.dados.CheckSincronia - CheckSincronia já em execução. Ignorando nova chamada.
2025-12-23 16:00:42.412 INFO  [Thread-2822] c.m.dados.CheckSincronia - Sincronização concluída.
2025-12-23 16:06:58.895 INFO  [Thread-2828] c.m.dados.CheckSincronia - Iniciando sincronização de registros...
2025-12-23 16:06:58.897 WARN  [Thread-2829] c.m.dados.CheckSincronia - CheckSincronia já em execução. Ignorando nova chamada.
2025-12-23 16:06:59.317 WARN  [Thread-2832] c.m.dados.CheckSincronia - CheckSincronia já em execução. Ignorando nova chamada.
2025-12-23 16:06:59.437 WARN  [Thread-2833] c.m.dados.CheckSincronia - CheckSincronia já em execução. Ignorando nova chamada.
2025-12-23 16:06:59.438 INFO  [Thread-2828] c.m.dados.CheckSincronia - Sincronização concluída.
2025-12-23 16:08:46.428 INFO  [Thread-2835] c.m.dados.CheckSincronia - Iniciando sincronização de registros...
2025-12-23 16:08:46.545 WARN  [Thread-2836] c.m.dados.CheckSincronia - CheckSincronia já em execução. Ignorando nova chamada.
2025-12-23 16:08:46.549 WARN  [Thread-2837] c.m.dados.CheckSincronia - CheckSincronia já em execução. Ignorando nova chamada.
2025-12-23 16:08:46.876 WARN  [Thread-2838] c.m.dados.CheckSincronia - CheckSincronia já em execução. Ignorando nova chamada.
2025-12-23 16:08:46.998 WARN  [Thread-2839] c.m.dados.CheckSincronia - CheckSincronia já em execução. Ignorando nova chamada.
2025-12-23 16:08:47.121 WARN  [Thread-2840] c.m.dados.CheckSincronia - CheckSincronia já em execução. Ignorando nova chamada.
2025-12-23 16:08:47.122 INFO  [Thread-2835] c.m.dados.CheckSincronia - Sincronização concluída.
2025-12-23 16:10:45.076 INFO  [Thread-2841] c.m.dados.CheckSincronia - Iniciando sincronização de registros...
2025-12-23 16:10:45.080 WARN  [Thread-2842] c.m.dados.CheckSincronia - CheckSincronia já em execução. Ignorando nova chamada.
2025-12-23 16:10:45.482 WARN  [Thread-2845] c.m.dados.CheckSincronia - CheckSincronia já em execução. Ignorando nova chamada.
2025-12-23 16:10:45.602 WARN  [Thread-2846] c.m.dados.CheckSincronia - CheckSincronia já em execução. Ignorando nova chamada.
2025-12-23 16:10:45.602 INFO  [Thread-2841] c.m.dados.CheckSincronia - Sincronização concluída.
2025-12-23 16:12:44.768 INFO  [Thread-2848] c.m.dados.CheckSincronia - Iniciando sincronização de registros...
2025-12-23 16:12:44.879 WARN  [Thread-2849] c.m.dados.CheckSincronia - CheckSincronia já em execução. Ignorando nova chamada.
2025-12-23 16:12:44.882 WARN  [Thread-2850] c.m.dados.CheckSincronia - CheckSincronia já em execução. Ignorando nova chamada.
2025-12-23 16:12:45.216 WARN  [Thread-2851] c.m.dados.CheckSincronia - CheckSincronia já em execução. Ignorando nova chamada.
2025-12-23 16:12:45.343 WARN  [Thread-2852] c.m.dados.CheckSincronia - CheckSincronia já em execução. Ignorando nova chamada.
2025-12-23 16:12:45.470 WARN  [Thread-2853] c.m.dados.CheckSincronia - CheckSincronia já em execução. Ignorando nova chamada.
2025-12-23 16:12:45.471 INFO  [Thread-2848] c.m.dados.CheckSincronia - Sincronização concluída.
2025-12-23 16:27:28.562 INFO  [Thread-2855] c.m.dados.CheckSincronia - Iniciando sincronização de registros...
2025-12-23 16:27:28.676 WARN  [Thread-2856] c.m.dados.CheckSincronia - CheckSincronia já em execução. Ignorando nova chamada.
2025-12-23 16:27:28.682 WARN  [Thread-2857] c.m.dados.CheckSincronia - CheckSincronia já em execução. Ignorando nova chamada.
2025-12-23 16:27:28.985 WARN  [Thread-2858] c.m.dados.CheckSincronia - CheckSincronia já em execução. Ignorando nova chamada.
2025-12-23 16:27:29.112 WARN  [Thread-2859] c.m.dados.CheckSincronia - CheckSincronia já em execução. Ignorando nova chamada.
2025-12-23 16:27:29.231 WARN  [Thread-2860] c.m.dados.CheckSincronia - CheckSincronia já em execução. Ignorando nova chamada.
2025-12-23 16:27:29.233 INFO  [Thread-2855] c.m.dados.CheckSincronia - Sincronização concluída.
2025-12-23 16:36:39.626 INFO  [Thread-2862] c.m.dados.CheckSincronia - Iniciando sincronização de registros...
2025-12-23 16:36:39.739 WARN  [Thread-2863] c.m.dados.CheckSincronia - CheckSincronia já em execução. Ignorando nova chamada.
2025-12-23 16:36:39.742 WARN  [Thread-2864] c.m.dados.CheckSincronia - CheckSincronia já em execução. Ignorando nova chamada.
2025-12-23 16:36:40.048 WARN  [Thread-2865] c.m.dados.CheckSincronia - CheckSincronia já em execução. Ignorando nova chamada.
2025-12-23 16:36:40.169 WARN  [Thread-2866] c.m.dados.CheckSincronia - CheckSincronia já em execução. Ignorando nova chamada.
2025-12-23 16:36:40.293 WARN  [Thread-2867] c.m.dados.CheckSincronia - CheckSincronia já em execução. Ignorando nova chamada.
2025-12-23 16:36:40.294 INFO  [Thread-2862] c.m.dados.CheckSincronia - Sincronização concluída.
2025-12-23 16:47:48.588 INFO  [Thread-2868] c.m.dados.CheckSincronia - Iniciando sincronização de registros...
2025-12-23 16:47:48.593 WARN  [Thread-2869] c.m.dados.CheckSincronia - CheckSincronia já em execução. Ignorando nova chamada.
2025-12-23 16:47:48.730 WARN  [Timer-0] c.m.dados.CheckSincronia - CheckSincronia já em execução. Ignorando nova chamada.
2025-12-23 16:47:49.000 WARN  [Thread-2870] c.m.dados.CheckSincronia - CheckSincronia já em execução. Ignorando nova chamada.
2025-12-23 16:47:49.123 WARN  [Thread-2871] c.m.dados.CheckSincronia - CheckSincronia já em execução. Ignorando nova chamada.
2025-12-23 16:47:49.124 INFO  [Thread-2868] c.m.dados.CheckSincronia - Sincronização concluída.
2025-12-23 16:47:52.371 INFO  [Thread-2872] c.m.dados.CheckSincronia - Iniciando sincronização de registros...
2025-12-23 16:47:52.375 WARN  [Thread-2873] c.m.dados.CheckSincronia - CheckSincronia já em execução. Ignorando nova chamada.
2025-12-23 16:47:52.539 WARN  [Thread-2874] c.m.dados.CheckSincronia - CheckSincronia já em execução. Ignorando nova chamada.
2025-12-23 16:47:52.664 WARN  [Thread-2875] c.m.dados.CheckSincronia - CheckSincronia já em execução. Ignorando nova chamada.
2025-12-23 16:47:52.665 INFO  [Thread-2872] c.m.dados.CheckSincronia - Sincronização concluída.
2025-12-23 16:57:01.875 INFO  [Thread-2877] c.m.dados.CheckSincronia - Iniciando sincronização de registros...
2025-12-23 16:57:01.984 WARN  [Thread-2878] c.m.dados.CheckSincronia - CheckSincronia já em execução. Ignorando nova chamada.
2025-12-23 16:57:01.987 WARN  [Thread-2879] c.m.dados.CheckSincronia - CheckSincronia já em execução. Ignorando nova chamada.
2025-12-23 16:57:02.361 WARN  [Thread-2880] c.m.dados.CheckSincronia - CheckSincronia já em execução. Ignorando nova chamada.
2025-12-23 16:57:02.500 WARN  [Thread-2881] c.m.dados.CheckSincronia - CheckSincronia já em execução. Ignorando nova chamada.
2025-12-23 16:57:02.627 WARN  [Thread-2882] c.m.dados.CheckSincronia - CheckSincronia já em execução. Ignorando nova chamada.
2025-12-23 16:57:02.628 INFO  [Thread-2877] c.m.dados.CheckSincronia - Sincronização concluída.
2025-12-23 16:57:29.507 INFO  [Thread-2883] c.m.dados.CheckSincronia - Iniciando sincronização de registros...
2025-12-23 16:57:29.512 WARN  [Thread-2884] c.m.dados.CheckSincronia - CheckSincronia já em execução. Ignorando nova chamada.
2025-12-23 16:57:29.666 WARN  [Thread-2885] c.m.dados.CheckSincronia - CheckSincronia já em execução. Ignorando nova chamada.
2025-12-23 16:57:29.729 WARN  [Timer-0] c.m.dados.CheckSincronia - CheckSincronia já em execução. Ignorando nova chamada.
2025-12-23 16:57:29.782 WARN  [Thread-2886] c.m.dados.CheckSincronia - CheckSincronia já em execução. Ignorando nova chamada.
2025-12-23 16:57:29.783 INFO  [Thread-2883] c.m.dados.CheckSincronia - Sincronização concluída.
2025-12-23 16:57:34.205 INFO  [Thread-2887] c.m.dados.CheckSincronia - Iniciando sincronização de registros...
2025-12-23 16:57:34.208 WARN  [Thread-2888] c.m.dados.CheckSincronia - CheckSincronia já em execução. Ignorando nova chamada.
2025-12-23 16:57:34.362 WARN  [Thread-2889] c.m.dados.CheckSincronia - CheckSincronia já em execução. Ignorando nova chamada.
2025-12-23 16:57:34.482 WARN  [Thread-2890] c.m.dados.CheckSincronia - CheckSincronia já em execução. Ignorando nova chamada.
2025-12-23 16:57:34.483 INFO  [Thread-2887] c.m.dados.CheckSincronia - Sincronização concluída.
2025-12-23 17:11:56.348 INFO  [Thread-2891] c.m.dados.CheckSincronia - Iniciando sincronização de registros...
2025-12-23 17:11:56.353 WARN  [Thread-2892] c.m.dados.CheckSincronia - CheckSincronia já em execução. Ignorando nova chamada.
2025-12-23 17:11:56.788 WARN  [Thread-2893] c.m.dados.CheckSincronia - CheckSincronia já em execução. Ignorando nova chamada.
2025-12-23 17:11:56.917 WARN  [Thread-2894] c.m.dados.CheckSincronia - CheckSincronia já em execução. Ignorando nova chamada.
2025-12-23 17:11:56.918 INFO  [Thread-2891] c.m.dados.CheckSincronia - Sincronização concluída.
2025-12-23 17:52:44.034 INFO  [Thread-2895] c.m.dados.CheckSincronia - Iniciando sincronização de registros...
2025-12-23 17:52:44.035 WARN  [Thread-2896] c.m.dados.CheckSincronia - CheckSincronia já em execução. Ignorando nova chamada.
2025-12-23 17:52:44.481 WARN  [Thread-2897] c.m.dados.CheckSincronia - CheckSincronia já em execução. Ignorando nova chamada.
2025-12-23 17:52:44.609 WARN  [Thread-2898] c.m.dados.CheckSincronia - CheckSincronia já em execução. Ignorando nova chamada.
2025-12-23 17:52:44.609 INFO  [Thread-2895] c.m.dados.CheckSincronia - Sincronização concluída.
2025-12-23 17:56:12.663 INFO  [Thread-2899] c.m.dados.CheckSincronia - Iniciando sincronização de registros...
2025-12-23 17:56:12.664 WARN  [Thread-2900] c.m.dados.CheckSincronia - CheckSincronia já em execução. Ignorando nova chamada.
2025-12-23 17:56:13.133 WARN  [Thread-2901] c.m.dados.CheckSincronia - CheckSincronia já em execução. Ignorando nova chamada.
2025-12-23 17:56:13.265 WARN  [Thread-2902] c.m.dados.CheckSincronia - CheckSincronia já em execução. Ignorando nova chamada.
2025-12-23 17:56:13.266 INFO  [Thread-2899] c.m.dados.CheckSincronia - Sincronização concluída.
2025-12-23 18:47:20.080 INFO  [Thread-2903] c.m.dados.CheckSincronia - Iniciando sincronização de registros...
2025-12-23 18:47:20.087 WARN  [Thread-2904] c.m.dados.CheckSincronia - CheckSincronia já em execução. Ignorando nova chamada.
2025-12-23 18:47:20.540 WARN  [Thread-2907] c.m.dados.CheckSincronia - CheckSincronia já em execução. Ignorando nova chamada.
2025-12-23 18:47:20.673 WARN  [Thread-2908] c.m.dados.CheckSincronia - CheckSincronia já em execução. Ignorando nova chamada.
2025-12-23 18:47:20.674 INFO  [Thread-2903] c.m.dados.CheckSincronia - Sincronização concluída.
2025-12-23 19:25:46.548 INFO  [Thread-2910] c.m.dados.CheckSincronia - Iniciando sincronização de registros...
2025-12-23 19:25:46.659 WARN  [Thread-2911] c.m.dados.CheckSincronia - CheckSincronia já em execução. Ignorando nova chamada.
2025-12-23 19:25:46.663 WARN  [Thread-2912] c.m.dados.CheckSincronia - CheckSincronia já em execução. Ignorando nova chamada.
2025-12-23 19:25:46.729 WARN  [Timer-0] c.m.dados.CheckSincronia - CheckSincronia já em execução. Ignorando nova chamada.
2025-12-23 19:25:46.988 WARN  [Thread-2913] c.m.dados.CheckSincronia - CheckSincronia já em execução. Ignorando nova chamada.
2025-12-23 19:25:47.116 WARN  [Thread-2914] c.m.dados.CheckSincronia - CheckSincronia já em execução. Ignorando nova chamada.
2025-12-23 19:25:47.237 WARN  [Thread-2915] c.m.dados.CheckSincronia - CheckSincronia já em execução. Ignorando nova chamada.
2025-12-23 19:25:47.238 INFO  [Thread-2910] c.m.dados.CheckSincronia - Sincronização concluída.
2025-12-23 19:40:01.072 INFO  [Thread-2916] c.m.dados.CheckSincronia - Iniciando sincronização de registros...
2025-12-23 19:40:01.078 WARN  [Thread-2917] c.m.dados.CheckSincronia - CheckSincronia já em execução. Ignorando nova chamada.
2025-12-23 19:40:01.529 WARN  [Thread-2918] c.m.dados.CheckSincronia - CheckSincronia já em execução. Ignorando nova chamada.
2025-12-23 19:40:01.681 WARN  [Thread-2919] c.m.dados.CheckSincronia - CheckSincronia já em execução. Ignorando nova chamada.
2025-12-23 19:40:01.682 INFO  [Thread-2916] c.m.dados.CheckSincronia - Sincronização concluída.
2025-12-23 19:40:03.906 INFO  [Thread-2920] c.m.dados.CheckSincronia - Iniciando sincronização de registros...
2025-12-23 19:40:03.909 WARN  [Thread-2921] c.m.dados.CheckSincronia - CheckSincronia já em execução. Ignorando nova chamada.
2025-12-23 19:40:04.121 WARN  [Thread-2922] c.m.dados.CheckSincronia - CheckSincronia já em execução. Ignorando nova chamada.
2025-12-23 19:40:04.264 WARN  [Thread-2923] c.m.dados.CheckSincronia - CheckSincronia já em execução. Ignorando nova chamada.
2025-12-23 19:40:04.266 INFO  [Thread-2920] c.m.dados.CheckSincronia - Sincronização concluída.
2025-12-23 19:40:28.996 INFO  [Thread-2924] c.m.dados.CheckSincronia - Iniciando sincronização de registros...
2025-12-23 19:40:29.001 WARN  [Thread-2925] c.m.dados.CheckSincronia - CheckSincronia já em execução. Ignorando nova chamada.
2025-12-23 19:40:29.163 WARN  [Thread-2928] c.m.dados.CheckSincronia - CheckSincronia já em execução. Ignorando nova chamada.
2025-12-23 19:40:29.281 WARN  [Thread-2929] c.m.dados.CheckSincronia - CheckSincronia já em execução. Ignorando nova chamada.
2025-12-23 19:40:29.282 INFO  [Thread-2924] c.m.dados.CheckSincronia - Sincronização concluída.
2025-12-23 19:56:04.832 INFO  [Thread-2930] c.m.dados.CheckSincronia - Iniciando sincronização de registros...
2025-12-23 19:56:04.833 WARN  [Thread-2931] c.m.dados.CheckSincronia - CheckSincronia já em execução. Ignorando nova chamada.
2025-12-23 19:56:05.265 WARN  [Thread-2934] c.m.dados.CheckSincronia - CheckSincronia já em execução. Ignorando nova chamada.
2025-12-23 19:56:05.389 WARN  [Thread-2935] c.m.dados.CheckSincronia - CheckSincronia já em execução. Ignorando nova chamada.
2025-12-23 19:56:05.390 INFO  [Thread-2930] c.m.dados.CheckSincronia - Sincronização concluída.
2025-12-23 19:58:57.911 INFO  [Thread-2937] c.m.dados.CheckSincronia - Iniciando sincronização de registros...
2025-12-23 19:58:58.027 WARN  [Thread-2938] c.m.dados.CheckSincronia - CheckSincronia já em execução. Ignorando nova chamada.
2025-12-23 19:58:58.030 WARN  [Thread-2939] c.m.dados.CheckSincronia - CheckSincronia já em execução. Ignorando nova chamada.
2025-12-23 19:58:58.337 WARN  [Thread-2940] c.m.dados.CheckSincronia - CheckSincronia já em execução. Ignorando nova chamada.
2025-12-23 19:58:58.467 WARN  [Thread-2941] c.m.dados.CheckSincronia - CheckSincronia já em execução. Ignorando nova chamada.
2025-12-23 19:58:58.584 WARN  [Thread-2942] c.m.dados.CheckSincronia - CheckSincronia já em execução. Ignorando nova chamada.
2025-12-23 19:58:58.585 INFO  [Thread-2937] c.m.dados.CheckSincronia - Sincronização concluída.
2025-12-23 21:07:03.275 INFO  [Thread-2943] c.m.dados.CheckSincronia - Iniciando sincronização de registros...
2025-12-23 21:07:03.289 WARN  [Thread-2944] c.m.dados.CheckSincronia - CheckSincronia já em execução. Ignorando nova chamada.
2025-12-23 21:07:03.725 WARN  [Thread-2947] c.m.dados.CheckSincronia - CheckSincronia já em execução. Ignorando nova chamada.
2025-12-23 21:07:03.878 WARN  [Thread-2948] c.m.dados.CheckSincronia - CheckSincronia já em execução. Ignorando nova chamada.
2025-12-23 21:07:03.879 INFO  [Thread-2943] c.m.dados.CheckSincronia - Sincronização concluída.
2025-12-23 21:11:42.858 INFO  [Thread-2949] c.m.dados.CheckSincronia - Iniciando sincronização de registros...
2025-12-23 21:11:42.863 WARN  [Thread-2950] c.m.dados.CheckSincronia - CheckSincronia já em execução. Ignorando nova chamada.
2025-12-23 21:11:43.292 WARN  [Thread-2953] c.m.dados.CheckSincronia - CheckSincronia já em execução. Ignorando nova chamada.
2025-12-23 21:11:43.414 WARN  [Thread-2954] c.m.dados.CheckSincronia - CheckSincronia já em execução. Ignorando nova chamada.
2025-12-23 21:11:43.415 INFO  [Thread-2949] c.m.dados.CheckSincronia - Sincronização concluída.
2025-12-23 21:22:39.709 INFO  [Thread-2956] c.m.dados.CheckSincronia - Iniciando sincronização de registros...
2025-12-23 21:22:39.720 WARN  [Thread-2957] c.m.dados.CheckSincronia - CheckSincronia já em execução. Ignorando nova chamada.
2025-12-23 21:22:39.834 WARN  [Thread-2958] c.m.dados.CheckSincronia - CheckSincronia já em execução. Ignorando nova chamada.
2025-12-23 21:22:39.837 WARN  [Thread-2959] c.m.dados.CheckSincronia - CheckSincronia já em execução. Ignorando nova chamada.
2025-12-23 21:22:40.151 WARN  [Thread-2960] c.m.dados.CheckSincronia - CheckSincronia já em execução. Ignorando nova chamada.
2025-12-23 21:22:40.271 WARN  [Thread-2961] c.m.dados.CheckSincronia - CheckSincronia já em execução. Ignorando nova chamada.
2025-12-23 21:22:40.389 WARN  [Thread-2962] c.m.dados.CheckSincronia - CheckSincronia já em execução. Ignorando nova chamada.
2025-12-23 21:22:40.506 WARN  [Thread-2963] c.m.dados.CheckSincronia - CheckSincronia já em execução. Ignorando nova chamada.
2025-12-23 21:22:40.507 INFO  [Thread-2956] c.m.dados.CheckSincronia - Sincronização concluída.
2025-12-23 21:31:40.771 INFO  [Thread-2964] c.m.dados.CheckSincronia - Iniciando sincronização de registros...
2025-12-23 21:31:40.776 WARN  [Thread-2965] c.m.dados.CheckSincronia - CheckSincronia já em execução. Ignorando nova chamada.
2025-12-23 21:31:41.189 WARN  [Thread-2966] c.m.dados.CheckSincronia - CheckSincronia já em execução. Ignorando nova chamada.
2025-12-23 21:31:41.313 WARN  [Thread-2967] c.m.dados.CheckSincronia - CheckSincronia já em execução. Ignorando nova chamada.
2025-12-23 21:31:41.314 INFO  [Thread-2964] c.m.dados.CheckSincronia - Sincronização concluída.
2025-12-23 21:33:15.932 INFO  [Thread-2969] c.m.dados.CheckSincronia - Iniciando sincronização de registros...
2025-12-23 21:33:15.944 WARN  [Thread-2970] c.m.dados.CheckSincronia - CheckSincronia já em execução. Ignorando nova chamada.
2025-12-23 21:33:16.057 WARN  [Thread-2971] c.m.dados.CheckSincronia - CheckSincronia já em execução. Ignorando nova chamada.
2025-12-23 21:33:16.059 WARN  [Thread-2972] c.m.dados.CheckSincronia - CheckSincronia já em execução. Ignorando nova chamada.
2025-12-23 21:33:16.361 WARN  [Thread-2973] c.m.dados.CheckSincronia - CheckSincronia já em execução. Ignorando nova chamada.
2025-12-23 21:33:16.483 WARN  [Thread-2974] c.m.dados.CheckSincronia - CheckSincronia já em execução. Ignorando nova chamada.
2025-12-23 21:33:16.604 WARN  [Thread-2975] c.m.dados.CheckSincronia - CheckSincronia já em execução. Ignorando nova chamada.
2025-12-23 21:33:16.722 WARN  [Thread-2976] c.m.dados.CheckSincronia - CheckSincronia já em execução. Ignorando nova chamada.
2025-12-23 21:33:16.723 INFO  [Thread-2969] c.m.dados.CheckSincronia - Sincronização concluída.
2025-12-23 21:36:00.961 INFO  [Thread-2977] c.m.dados.CheckSincronia - Iniciando sincronização de registros...
2025-12-23 21:36:00.966 WARN  [Thread-2978] c.m.dados.CheckSincronia - CheckSincronia já em execução. Ignorando nova chamada.
2025-12-23 21:36:01.389 WARN  [Thread-2981] c.m.dados.CheckSincronia - CheckSincronia já em execução. Ignorando nova chamada.
2025-12-23 21:36:01.515 WARN  [Thread-2982] c.m.dados.CheckSincronia - CheckSincronia já em execução. Ignorando nova chamada.
2025-12-23 21:36:01.516 INFO  [Thread-2977] c.m.dados.CheckSincronia - Sincronização concluída.
2025-12-23 21:42:23.684 INFO  [Thread-2983] c.m.dados.CheckSincronia - Iniciando sincronização de registros...
2025-12-23 21:42:23.691 WARN  [Thread-2984] c.m.dados.CheckSincronia - CheckSincronia já em execução. Ignorando nova chamada.
2025-12-23 21:42:23.729 WARN  [Timer-0] c.m.dados.CheckSincronia - CheckSincronia já em execução. Ignorando nova chamada.
2025-12-23 21:42:24.106 WARN  [Thread-2985] c.m.dados.CheckSincronia - CheckSincronia já em execução. Ignorando nova chamada.
2025-12-23 21:42:24.232 WARN  [Thread-2986] c.m.dados.CheckSincronia - CheckSincronia já em execução. Ignorando nova chamada.
2025-12-23 21:42:24.233 INFO  [Thread-2983] c.m.dados.CheckSincronia - Sincronização concluída.
2025-12-23 21:44:22.417 INFO  [Thread-2988] c.m.dados.CheckSincronia - Iniciando sincronização de registros...
2025-12-23 21:44:22.528 WARN  [Thread-2989] c.m.dados.CheckSincronia - CheckSincronia já em execução. Ignorando nova chamada.
2025-12-23 21:44:22.531 WARN  [Thread-2990] c.m.dados.CheckSincronia - CheckSincronia já em execução. Ignorando nova chamada.
2025-12-23 21:44:22.729 WARN  [Timer-0] c.m.dados.CheckSincronia - CheckSincronia já em execução. Ignorando nova chamada.
2025-12-23 21:44:22.836 WARN  [Thread-2991] c.m.dados.CheckSincronia - CheckSincronia já em execução. Ignorando nova chamada.
2025-12-23 21:44:22.957 WARN  [Thread-2992] c.m.dados.CheckSincronia - CheckSincronia já em execução. Ignorando nova chamada.
2025-12-23 21:44:23.073 WARN  [Thread-2993] c.m.dados.CheckSincronia - CheckSincronia já em execução. Ignorando nova chamada.
2025-12-23 21:44:23.074 INFO  [Thread-2988] c.m.dados.CheckSincronia - Sincronização concluída.
2025-12-23 21:58:07.500 INFO  [Thread-2994] c.m.dados.CheckSincronia - Iniciando sincronização de registros...
2025-12-23 21:58:07.504 WARN  [Thread-2995] c.m.dados.CheckSincronia - CheckSincronia já em execução. Ignorando nova chamada.
2025-12-23 21:58:07.918 WARN  [Thread-2996] c.m.dados.CheckSincronia - CheckSincronia já em execução. Ignorando nova chamada.
2025-12-23 21:58:08.046 WARN  [Thread-2997] c.m.dados.CheckSincronia - CheckSincronia já em execução. Ignorando nova chamada.
2025-12-23 21:58:08.047 INFO  [Thread-2994] c.m.dados.CheckSincronia - Sincronização concluída.
2025-12-23 21:58:16.977 INFO  [Thread-2998] c.m.dados.CheckSincronia - Iniciando sincronização de registros...
2025-12-23 21:58:16.981 WARN  [Thread-2999] c.m.dados.CheckSincronia - CheckSincronia já em execução. Ignorando nova chamada.
2025-12-23 21:58:17.131 WARN  [Thread-3000] c.m.dados.CheckSincronia - CheckSincronia já em execução. Ignorando nova chamada.
2025-12-23 21:58:17.250 WARN  [Thread-3001] c.m.dados.CheckSincronia - CheckSincronia já em execução. Ignorando nova chamada.
2025-12-23 21:58:17.251 INFO  [Thread-2998] c.m.dados.CheckSincronia - Sincronização concluída.
2025-12-23 22:42:54.795 INFO  [Thread-3003] c.m.dados.CheckSincronia - Iniciando sincronização de registros...
2025-12-23 22:42:54.913 WARN  [Thread-3004] c.m.dados.CheckSincronia - CheckSincronia já em execução. Ignorando nova chamada.
2025-12-23 22:42:54.917 WARN  [Thread-3005] c.m.dados.CheckSincronia - CheckSincronia já em execução. Ignorando nova chamada.
2025-12-23 22:42:55.231 WARN  [Thread-3006] c.m.dados.CheckSincronia - CheckSincronia já em execução. Ignorando nova chamada.
2025-12-23 22:42:55.354 WARN  [Thread-3007] c.m.dados.CheckSincronia - CheckSincronia já em execução. Ignorando nova chamada.
2025-12-23 22:42:55.476 WARN  [Thread-3008] c.m.dados.CheckSincronia - CheckSincronia já em execução. Ignorando nova chamada.
2025-12-23 22:42:55.477 INFO  [Thread-3003] c.m.dados.CheckSincronia - Sincronização concluída.
2025-12-23 22:48:18.718 INFO  [Thread-3009] c.m.dados.CheckSincronia - Iniciando sincronização de registros...
2025-12-23 22:48:18.721 WARN  [Thread-3010] c.m.dados.CheckSincronia - CheckSincronia já em execução. Ignorando nova chamada.
2025-12-23 22:48:18.730 WARN  [Timer-0] c.m.dados.CheckSincronia - CheckSincronia já em execução. Ignorando nova chamada.
2025-12-23 22:48:19.155 WARN  [Thread-3013] c.m.dados.CheckSincronia - CheckSincronia já em execução. Ignorando nova chamada.
2025-12-23 22:48:19.272 WARN  [Thread-3014] c.m.dados.CheckSincronia - CheckSincronia já em execução. Ignorando nova chamada.
2025-12-23 22:48:19.273 INFO  [Thread-3009] c.m.dados.CheckSincronia - Sincronização concluída.
2025-12-23 22:53:45.694 INFO  [Thread-10] c.m.dados.VerificaComandosRemotos - Comando 175 confirmado com sucesso.
2025-12-23 22:54:18.104 INFO  [Thread-3015] c.m.dados.CheckSincronia - Iniciando sincronização de registros...
2025-12-23 22:54:18.111 WARN  [Thread-3016] c.m.dados.CheckSincronia - CheckSincronia já em execução. Ignorando nova chamada.
2025-12-23 22:54:18.522 WARN  [Thread-3017] c.m.dados.CheckSincronia - CheckSincronia já em execução. Ignorando nova chamada.
2025-12-23 22:54:18.648 WARN  [Thread-3018] c.m.dados.CheckSincronia - CheckSincronia já em execução. Ignorando nova chamada.
2025-12-23 22:54:18.649 INFO  [Thread-3015] c.m.dados.CheckSincronia - Sincronização concluída.
2025-12-23 22:55:23.039 INFO  [Thread-3019] c.m.dados.CheckSincronia - Iniciando sincronização de registros...
2025-12-23 22:55:23.040 WARN  [Thread-3020] c.m.dados.CheckSincronia - CheckSincronia já em execução. Ignorando nova chamada.
2025-12-23 22:55:23.446 WARN  [Thread-3023] c.m.dados.CheckSincronia - CheckSincronia já em execução. Ignorando nova chamada.
2025-12-23 22:55:23.568 WARN  [Thread-3024] c.m.dados.CheckSincronia - CheckSincronia já em execução. Ignorando nova chamada.
2025-12-23 22:55:23.568 INFO  [Thread-3019] c.m.dados.CheckSincronia - Sincronização concluída.
2025-12-23 23:09:35.748 INFO  [Thread-3025] c.m.dados.CheckSincronia - Iniciando sincronização de registros...
2025-12-23 23:09:36.186 WARN  [Thread-3026] c.m.dados.CheckSincronia - CheckSincronia já em execução. Ignorando nova chamada.
2025-12-23 23:09:36.189 INFO  [Thread-3025] c.m.dados.CheckSincronia - Sincronização concluída.
2025-12-23 23:10:20.138 INFO  [Thread-3028] c.m.dados.CheckSincronia - Iniciando sincronização de registros...
2025-12-23 23:10:20.141 WARN  [Thread-3029] c.m.dados.CheckSincronia - CheckSincronia já em execução. Ignorando nova chamada.
2025-12-23 23:10:20.256 WARN  [Thread-3030] c.m.dados.CheckSincronia - CheckSincronia já em execução. Ignorando nova chamada.
2025-12-23 23:10:20.259 WARN  [Thread-3031] c.m.dados.CheckSincronia - CheckSincronia já em execução. Ignorando nova chamada.
2025-12-23 23:10:20.569 WARN  [Thread-3032] c.m.dados.CheckSincronia - CheckSincronia já em execução. Ignorando nova chamada.
2025-12-23 23:10:20.699 WARN  [Thread-3033] c.m.dados.CheckSincronia - CheckSincronia já em execução. Ignorando nova chamada.
2025-12-23 23:10:20.837 WARN  [Thread-3034] c.m.dados.CheckSincronia - CheckSincronia já em execução. Ignorando nova chamada.
2025-12-23 23:10:20.961 WARN  [Thread-3035] c.m.dados.CheckSincronia - CheckSincronia já em execução. Ignorando nova chamada.
2025-12-23 23:10:20.962 INFO  [Thread-3028] c.m.dados.CheckSincronia - Sincronização concluída.
2025-12-23 23:23:41.427 INFO  [Thread-3036] c.m.dados.CheckSincronia - Iniciando sincronização de registros...
2025-12-23 23:23:41.432 WARN  [Thread-3037] c.m.dados.CheckSincronia - CheckSincronia já em execução. Ignorando nova chamada.
2025-12-23 23:23:41.850 WARN  [Thread-3038] c.m.dados.CheckSincronia - CheckSincronia já em execução. Ignorando nova chamada.
2025-12-23 23:23:41.979 WARN  [Thread-3039] c.m.dados.CheckSincronia - CheckSincronia já em execução. Ignorando nova chamada.
2025-12-23 23:23:41.980 INFO  [Thread-3036] c.m.dados.CheckSincronia - Sincronização concluída.
2025-12-23 23:39:54.251 INFO  [Thread-3040] c.m.dados.CheckSincronia - Iniciando sincronização de registros...
2025-12-23 23:39:54.684 WARN  [Thread-3041] c.m.dados.CheckSincronia - CheckSincronia já em execução. Ignorando nova chamada.
2025-12-23 23:39:54.688 INFO  [Thread-3040] c.m.dados.CheckSincronia - Sincronização concluída.
2025-12-23 23:39:59.724 INFO  [Thread-3042] c.m.dados.CheckSincronia - Iniciando sincronização de registros...
2025-12-23 23:39:59.730 WARN  [Timer-0] c.m.dados.CheckSincronia - CheckSincronia já em execução. Ignorando nova chamada.
2025-12-23 23:39:59.977 WARN  [Thread-3043] c.m.dados.CheckSincronia - CheckSincronia já em execução. Ignorando nova chamada.
2025-12-23 23:39:59.982 INFO  [Thread-3042] c.m.dados.CheckSincronia - Sincronização concluída.
