2024-08-15 03:26:36 DEBUG [AWT-EventQueue-0] c.motelinteligente.dados.fprodutos - Executando consulta SQL: SELECT descricao FROM produtos WHERE idproduto = 2
2024-08-15 03:26:36 DEBUG [AWT-EventQueue-0] c.motelinteligente.dados.fprodutos - Executando consulta SQL: SELECT descricao FROM produtos WHERE idproduto = 26
2024-08-15 03:26:38 DEBUG [AWT-EventQueue-0] c.motelinteligente.dados.fprodutos - Executando consulta SQL: SELECT descricao FROM produtos WHERE idproduto = 26
2024-08-15 03:26:38 DEBUG [AWT-EventQueue-0] c.motelinteligente.dados.fprodutos - Executando consulta SQL: SELECT valorproduto FROM produtos WHERE idproduto = 26
2024-08-15 03:26:39 DEBUG [AWT-EventQueue-0] c.motelinteligente.dados.fprodutos - Executando consulta SQL: SELECT descricao FROM produtos WHERE idproduto = 9
2024-08-15 03:26:42 DEBUG [AWT-EventQueue-0] c.motelinteligente.dados.fprodutos - Executando consulta SQL: SELECT descricao FROM produtos WHERE idproduto = 9
2024-08-15 03:26:42 DEBUG [AWT-EventQueue-0] c.motelinteligente.dados.fprodutos - Executando consulta SQL: SELECT valorproduto FROM produtos WHERE idproduto = 9
2024-08-15 03:26:43 DEBUG [AWT-EventQueue-0] c.motelinteligente.dados.fprodutos - Executando consulta SQL: SELECT descricao FROM produtos WHERE idproduto = 7
2024-08-15 03:26:43 DEBUG [AWT-EventQueue-0] c.motelinteligente.dados.fprodutos - Executando consulta SQL: SELECT descricao FROM produtos WHERE idproduto = 77
2024-08-15 03:26:45 DEBUG [AWT-EventQueue-0] c.motelinteligente.dados.fprodutos - Executando consulta SQL: SELECT descricao FROM produtos WHERE idproduto = 77
2024-08-15 03:26:45 DEBUG [AWT-EventQueue-0] c.motelinteligente.dados.fprodutos - Executando consulta SQL: SELECT valorproduto FROM produtos WHERE idproduto = 77
2024-08-15 03:29:06 DEBUG [AWT-EventQueue-0] c.motelinteligente.dados.fprodutos - Executando consulta SQL: SELECT descricao FROM produtos WHERE idproduto = 2
2024-08-15 03:29:07 DEBUG [AWT-EventQueue-0] c.motelinteligente.dados.fprodutos - Executando consulta SQL: SELECT descricao FROM produtos WHERE idproduto = 26
2024-08-15 03:29:08 DEBUG [AWT-EventQueue-0] c.motelinteligente.dados.fprodutos - Executando consulta SQL: SELECT descricao FROM produtos WHERE idproduto = 26
2024-08-15 03:29:08 DEBUG [AWT-EventQueue-0] c.motelinteligente.dados.fprodutos - Executando consulta SQL: SELECT valorproduto FROM produtos WHERE idproduto = 26
2024-08-15 03:32:19 DEBUG [AWT-EventQueue-0] c.motelinteligente.dados.fprodutos - Executando consulta SQL: SELECT estoque FROM produtos WHERE idproduto = ?
2024-08-15 03:32:19 DEBUG [AWT-EventQueue-0] c.motelinteligente.dados.fprodutos - Executando consulta SQL: SELECT estoque FROM produtos WHERE idproduto = ?
2024-08-15 03:32:20 DEBUG [AWT-EventQueue-0] c.motelinteligente.dados.fprodutos - Executando consulta SQL: SELECT estoque FROM produtos WHERE idproduto = ?
2024-08-15 03:32:20 DEBUG [AWT-EventQueue-0] c.motelinteligente.dados.fprodutos - Executando consulta SQL: SELECT estoque FROM produtos WHERE idproduto = ?
2024-08-15 03:32:37 DEBUG [AWT-EventQueue-0] c.motelinteligente.dados.fprodutos - Executando consulta SQL: SELECT descricao FROM produtos WHERE idproduto = 26
2024-08-15 03:32:37 DEBUG [AWT-EventQueue-0] c.motelinteligente.dados.fprodutos - Executando consulta SQL: SELECT descricao FROM produtos WHERE idproduto = 7
2024-08-15 03:32:37 DEBUG [AWT-EventQueue-0] c.motelinteligente.dados.fprodutos - Executando consulta SQL: SELECT descricao FROM produtos WHERE idproduto = 21
2024-08-15 03:32:37 DEBUG [AWT-EventQueue-0] c.motelinteligente.dados.fprodutos - Executando consulta SQL: SELECT descricao FROM produtos WHERE idproduto = 1
2024-08-15 03:32:37 DEBUG [AWT-EventQueue-0] c.motelinteligente.dados.fprodutos - Executando consulta SQL: SELECT descricao FROM produtos WHERE idproduto = 9
2024-08-15 03:32:38 DEBUG [AWT-EventQueue-0] c.motelinteligente.dados.fprodutos - Executando consulta SQL: SELECT descricao FROM produtos WHERE idproduto = 77
2024-08-15 03:32:50 DEBUG [AWT-EventQueue-0] c.motelinteligente.dados.fprodutos - Executando consulta SQL: SELECT descricao FROM produtos WHERE idproduto = 26
2024-08-15 03:32:50 DEBUG [AWT-EventQueue-0] c.motelinteligente.dados.fprodutos - Executando consulta SQL: SELECT descricao FROM produtos WHERE idproduto = 9
2024-08-15 03:32:50 DEBUG [AWT-EventQueue-0] c.motelinteligente.dados.fprodutos - Executando consulta SQL: SELECT descricao FROM produtos WHERE idproduto = 77
2024-08-15 03:32:50 DEBUG [AWT-EventQueue-0] c.motelinteligente.dados.fprodutos - Executando consulta SQL: SELECT descricao FROM produtos WHERE idproduto = 26
2024-08-15 10:25:58 DEBUG [AWT-EventQueue-0] c.motelinteligente.dados.fprodutos - Executando consulta SQL: SELECT descricao FROM produtos WHERE idproduto = 9
2024-08-15 10:26:01 DEBUG [AWT-EventQueue-0] c.motelinteligente.dados.fprodutos - Executando consulta SQL: SELECT descricao FROM produtos WHERE idproduto = 7
2024-08-15 10:26:04 DEBUG [AWT-EventQueue-0] c.motelinteligente.dados.fprodutos - Executando consulta SQL: SELECT descricao FROM produtos WHERE idproduto = 7
2024-08-15 10:26:05 DEBUG [AWT-EventQueue-0] c.motelinteligente.dados.fprodutos - Executando consulta SQL: SELECT valorproduto FROM produtos WHERE idproduto = 7
2024-08-15 10:26:37 DEBUG [AWT-EventQueue-0] c.motelinteligente.dados.fprodutos - Executando consulta SQL: SELECT estoque FROM produtos WHERE idproduto = ?
2024-08-15 11:59:35 DEBUG [AWT-EventQueue-0] c.motelinteligente.dados.fprodutos - Executando consulta SQL: SELECT descricao FROM produtos WHERE idproduto = 26
2024-08-15 11:59:35 DEBUG [AWT-EventQueue-0] c.motelinteligente.dados.fprodutos - Executando consulta SQL: SELECT descricao FROM produtos WHERE idproduto = 7
2024-08-15 11:59:35 DEBUG [AWT-EventQueue-0] c.motelinteligente.dados.fprodutos - Executando consulta SQL: SELECT descricao FROM produtos WHERE idproduto = 21
2024-08-15 11:59:35 DEBUG [AWT-EventQueue-0] c.motelinteligente.dados.fprodutos - Executando consulta SQL: SELECT descricao FROM produtos WHERE idproduto = 1
2024-08-15 11:59:36 DEBUG [AWT-EventQueue-0] c.motelinteligente.dados.fprodutos - Executando consulta SQL: SELECT descricao FROM produtos WHERE idproduto = 9
2024-08-15 11:59:36 DEBUG [AWT-EventQueue-0] c.motelinteligente.dados.fprodutos - Executando consulta SQL: SELECT descricao FROM produtos WHERE idproduto = 77
2024-08-15 12:32:40 INFO  [http-nio-0.0.0.0-1521-exec-3] o.a.coyote.http11.Http11Processor - Error parsing HTTP request header
 Note: further occurrences of HTTP request parsing errors will be logged at DEBUG level.
java.lang.IllegalArgumentException: Invalid character found in method name [0x160x030x010x000xee0x010x000x000xea0x030x03_60xb0}u0xbe0x850xbd~0x130x9b0x80@0x05,0xfdH0xac0x930xc40xf5K0xefa0xe00x1a0xad0x87R0xd5]0xbc ]. HTTP method names must be tokens
	at org.apache.coyote.http11.Http11InputBuffer.parseRequestLine(Http11InputBuffer.java:407)
	at org.apache.coyote.http11.Http11Processor.service(Http11Processor.java:262)
	at org.apache.coyote.AbstractProcessorLight.process(AbstractProcessorLight.java:63)
	at org.apache.coyote.AbstractProtocol$ConnectionHandler.process(AbstractProtocol.java:904)
	at org.apache.tomcat.util.net.NioEndpoint$SocketProcessor.doRun(NioEndpoint.java:1741)
	at org.apache.tomcat.util.net.SocketProcessorBase.run(SocketProcessorBase.java:52)
	at org.apache.tomcat.util.threads.ThreadPoolExecutor.runWorker(ThreadPoolExecutor.java:1190)
	at org.apache.tomcat.util.threads.ThreadPoolExecutor$Worker.run(ThreadPoolExecutor.java:659)
	at org.apache.tomcat.util.threads.TaskThread$WrappingRunnable.run(TaskThread.java:63)
	at java.base/java.lang.Thread.run(Thread.java:1623)
2024-08-15 13:35:47 INFO  [http-nio-0.0.0.0-1521-exec-9] o.a.coyote.http11.Http11Processor - Error parsing HTTP request header
 Note: further occurrences of HTTP request parsing errors will be logged at DEBUG level.
java.lang.IllegalArgumentException: Invalid character found in method name [0x160x030x010x000xee0x010x000x000xea0x030x03#U|160xb38 ]. HTTP method names must be tokens
	at org.apache.coyote.http11.Http11InputBuffer.parseRequestLine(Http11InputBuffer.java:407)
	at org.apache.coyote.http11.Http11Processor.service(Http11Processor.java:262)
	at org.apache.coyote.AbstractProcessorLight.process(AbstractProcessorLight.java:63)
	at org.apache.coyote.AbstractProtocol$ConnectionHandler.process(AbstractProtocol.java:904)
	at org.apache.tomcat.util.net.NioEndpoint$SocketProcessor.doRun(NioEndpoint.java:1741)
	at org.apache.tomcat.util.net.SocketProcessorBase.run(SocketProcessorBase.java:52)
	at org.apache.tomcat.util.threads.ThreadPoolExecutor.runWorker(ThreadPoolExecutor.java:1190)
	at org.apache.tomcat.util.threads.ThreadPoolExecutor$Worker.run(ThreadPoolExecutor.java:659)
	at org.apache.tomcat.util.threads.TaskThread$WrappingRunnable.run(TaskThread.java:63)
	at java.base/java.lang.Thread.run(Thread.java:1623)
2024-08-15 15:40:23 DEBUG [AWT-EventQueue-0] c.motelinteligente.dados.fprodutos - Executando consulta SQL: SELECT descricao FROM produtos WHERE idproduto = 1
2024-08-15 15:40:23 DEBUG [AWT-EventQueue-0] c.motelinteligente.dados.fprodutos - Executando consulta SQL: SELECT descricao FROM produtos WHERE idproduto = 1
2024-08-15 15:40:24 DEBUG [AWT-EventQueue-0] c.motelinteligente.dados.fprodutos - Executando consulta SQL: SELECT valorproduto FROM produtos WHERE idproduto = 1
2024-08-15 15:41:11 DEBUG [AWT-EventQueue-0] c.motelinteligente.dados.fprodutos - Executando consulta SQL: SELECT estoque FROM produtos WHERE idproduto = ?
2024-08-15 16:01:09 DEBUG [AWT-EventQueue-0] c.motelinteligente.dados.fprodutos - Executando consulta SQL: SELECT descricao FROM produtos WHERE idproduto = 1
2024-08-15 17:04:21 DEBUG [AWT-EventQueue-0] c.motelinteligente.dados.fprodutos - Executando consulta SQL: SELECT descricao FROM produtos WHERE idproduto = 2
2024-08-15 17:04:22 DEBUG [AWT-EventQueue-0] c.motelinteligente.dados.fprodutos - Executando consulta SQL: SELECT descricao FROM produtos WHERE idproduto = 22
2024-08-15 17:04:23 DEBUG [AWT-EventQueue-0] c.motelinteligente.dados.fprodutos - Executando consulta SQL: SELECT descricao FROM produtos WHERE idproduto = 22
2024-08-15 17:04:23 DEBUG [AWT-EventQueue-0] c.motelinteligente.dados.fprodutos - Executando consulta SQL: SELECT valorproduto FROM produtos WHERE idproduto = 22
2024-08-15 17:05:50 DEBUG [AWT-EventQueue-0] c.motelinteligente.dados.fprodutos - Executando consulta SQL: SELECT estoque FROM produtos WHERE idproduto = ?
2024-08-15 18:34:26 DEBUG [AWT-EventQueue-0] c.motelinteligente.dados.fprodutos - Executando consulta SQL: SELECT descricao FROM produtos WHERE idproduto = 1
2024-08-15 18:34:26 DEBUG [AWT-EventQueue-0] c.motelinteligente.dados.fprodutos - Executando consulta SQL: SELECT descricao FROM produtos WHERE idproduto = 22
2024-08-15 18:41:06 DEBUG [AWT-EventQueue-0] c.motelinteligente.dados.fprodutos - Executando consulta SQL: SELECT descricao FROM produtos WHERE idproduto = 1
2024-08-15 18:41:06 DEBUG [AWT-EventQueue-0] c.motelinteligente.dados.fprodutos - Executando consulta SQL: SELECT descricao FROM produtos WHERE idproduto = 22
2024-08-15 18:41:44 DEBUG [AWT-EventQueue-0] c.motelinteligente.dados.fprodutos - Executando consulta SQL: SELECT descricao FROM produtos WHERE idproduto = 1
2024-08-15 18:41:45 DEBUG [AWT-EventQueue-0] c.motelinteligente.dados.fprodutos - Executando consulta SQL: SELECT descricao FROM produtos WHERE idproduto = 22
2024-08-15 18:42:17 INFO  [Thread-1] c.m.d.MotelInteligenteApplication - Starting MotelInteligenteApplication using Java 20.0.2 with PID 10040 (C:\Users\MOTEL\Desktop\MotelInteligente\target\classes started by MOTEL in C:\Users\MOTEL\Desktop\MotelInteligente)
2024-08-15 18:42:17 DEBUG [Thread-1] c.m.d.MotelInteligenteApplication - Running with Spring Boot v3.3.1, Spring v6.1.10
2024-08-15 18:42:17 INFO  [Thread-1] c.m.d.MotelInteligenteApplication - No active profile set, falling back to 1 default profile: "default"
2024-08-15 18:42:20 INFO  [Thread-1] o.s.b.w.e.tomcat.TomcatWebServer - Tomcat initialized with port 1521 (http)
2024-08-15 18:42:20 INFO  [Thread-1] o.a.coyote.http11.Http11NioProtocol - Initializing ProtocolHandler ["http-nio-0.0.0.0-1521"]
2024-08-15 18:42:20 INFO  [Thread-1] o.a.catalina.core.StandardService - Starting service [Tomcat]
2024-08-15 18:42:20 INFO  [Thread-1] o.a.catalina.core.StandardEngine - Starting Servlet engine: [Apache Tomcat/10.1.25]
2024-08-15 18:42:20 INFO  [Thread-1] o.a.c.c.C.[Tomcat].[localhost].[/] - Initializing Spring embedded WebApplicationContext
2024-08-15 18:42:20 INFO  [Thread-1] o.s.b.w.s.c.ServletWebServerApplicationContext - Root WebApplicationContext: initialization completed in 3310 ms
2024-08-15 18:42:21 INFO  [Thread-1] o.a.coyote.http11.Http11NioProtocol - Starting ProtocolHandler ["http-nio-0.0.0.0-1521"]
2024-08-15 18:42:21 INFO  [Thread-1] o.s.b.w.e.tomcat.TomcatWebServer - Tomcat started on port 1521 (http) with context path '/'
2024-08-15 18:42:21 INFO  [Thread-1] c.m.d.MotelInteligenteApplication - Started MotelInteligenteApplication in 5.535 seconds (process running for 14.938)
2024-08-15 18:43:19 DEBUG [AWT-EventQueue-0] c.motelinteligente.dados.fprodutos - Executando consulta SQL: SELECT descricao FROM produtos WHERE idproduto = 1
2024-08-15 18:43:19 DEBUG [AWT-EventQueue-0] c.motelinteligente.dados.fprodutos - Executando consulta SQL: SELECT descricao FROM produtos WHERE idproduto = 22
2024-08-15 19:15:05 DEBUG [AWT-EventQueue-0] c.motelinteligente.dados.fprodutos - Executando consulta SQL: SELECT descricao FROM produtos WHERE idproduto = 1
2024-08-15 19:15:05 DEBUG [AWT-EventQueue-0] c.motelinteligente.dados.fprodutos - Executando consulta SQL: SELECT descricao FROM produtos WHERE idproduto = 22
2024-08-15 19:19:37 INFO  [http-nio-0.0.0.0-1521-exec-2] o.a.coyote.http11.Http11Processor - Error parsing HTTP request header
 Note: further occurrences of HTTP request parsing errors will be logged at DEBUG level.
java.lang.IllegalArgumentException: Invalid character found in method name [0x160x030x010x01$0x010x000x01 ]. HTTP method names must be tokens
	at org.apache.coyote.http11.Http11InputBuffer.parseRequestLine(Http11InputBuffer.java:407)
	at org.apache.coyote.http11.Http11Processor.service(Http11Processor.java:262)
	at org.apache.coyote.AbstractProcessorLight.process(AbstractProcessorLight.java:63)
	at org.apache.coyote.AbstractProtocol$ConnectionHandler.process(AbstractProtocol.java:904)
	at org.apache.tomcat.util.net.NioEndpoint$SocketProcessor.doRun(NioEndpoint.java:1741)
	at org.apache.tomcat.util.net.SocketProcessorBase.run(SocketProcessorBase.java:52)
	at org.apache.tomcat.util.threads.ThreadPoolExecutor.runWorker(ThreadPoolExecutor.java:1190)
	at org.apache.tomcat.util.threads.ThreadPoolExecutor$Worker.run(ThreadPoolExecutor.java:659)
	at org.apache.tomcat.util.threads.TaskThread$WrappingRunnable.run(TaskThread.java:63)
	at java.base/java.lang.Thread.run(Thread.java:1623)
2024-08-15 19:22:59 INFO  [http-nio-0.0.0.0-1521-exec-3] o.a.c.c.C.[Tomcat].[localhost].[/] - Initializing Spring DispatcherServlet 'dispatcherServlet'
2024-08-15 19:22:59 INFO  [http-nio-0.0.0.0-1521-exec-3] o.s.web.servlet.DispatcherServlet - Initializing Servlet 'dispatcherServlet'
2024-08-15 19:22:59 INFO  [http-nio-0.0.0.0-1521-exec-3] o.s.web.servlet.DispatcherServlet - Completed initialization in 94 ms
2024-08-15 19:23:50 DEBUG [AWT-EventQueue-0] c.motelinteligente.dados.fprodutos - Executando consulta SQL: SELECT descricao FROM produtos WHERE idproduto = 1
2024-08-15 19:23:51 DEBUG [AWT-EventQueue-0] c.motelinteligente.dados.fprodutos - Executando consulta SQL: SELECT descricao FROM produtos WHERE idproduto = 22
2024-08-15 21:56:09 DEBUG [AWT-EventQueue-0] c.motelinteligente.dados.fprodutos - Executando consulta SQL: SELECT descricao FROM produtos WHERE idproduto = 2
2024-08-15 21:56:09 DEBUG [AWT-EventQueue-0] c.motelinteligente.dados.fprodutos - Executando consulta SQL: SELECT descricao FROM produtos WHERE idproduto = 23
2024-08-15 21:56:11 DEBUG [AWT-EventQueue-0] c.motelinteligente.dados.fprodutos - Executando consulta SQL: SELECT descricao FROM produtos WHERE idproduto = 23
2024-08-15 21:56:11 DEBUG [AWT-EventQueue-0] c.motelinteligente.dados.fprodutos - Executando consulta SQL: SELECT valorproduto FROM produtos WHERE idproduto = 23
2024-08-15 21:56:11 DEBUG [AWT-EventQueue-0] c.motelinteligente.dados.fprodutos - Executando consulta SQL: SELECT descricao FROM produtos WHERE idproduto = 2
2024-08-15 21:56:11 DEBUG [AWT-EventQueue-0] c.motelinteligente.dados.fprodutos - Executando consulta SQL: SELECT descricao FROM produtos WHERE idproduto = 24
2024-08-15 21:56:13 DEBUG [AWT-EventQueue-0] c.motelinteligente.dados.fprodutos - Executando consulta SQL: SELECT descricao FROM produtos WHERE idproduto = 24
2024-08-15 21:56:13 DEBUG [AWT-EventQueue-0] c.motelinteligente.dados.fprodutos - Executando consulta SQL: SELECT valorproduto FROM produtos WHERE idproduto = 24
2024-08-15 21:57:10 DEBUG [AWT-EventQueue-0] c.motelinteligente.dados.fprodutos - Executando consulta SQL: SELECT estoque FROM produtos WHERE idproduto = ?
2024-08-15 21:57:10 DEBUG [AWT-EventQueue-0] c.motelinteligente.dados.fprodutos - Executando consulta SQL: SELECT estoque FROM produtos WHERE idproduto = ?
2024-08-15 22:46:02 DEBUG [AWT-EventQueue-0] c.motelinteligente.dados.fprodutos - Executando consulta SQL: SELECT descricao FROM produtos WHERE idproduto = 1
2024-08-15 22:46:04 DEBUG [AWT-EventQueue-0] c.motelinteligente.dados.fprodutos - Executando consulta SQL: SELECT descricao FROM produtos WHERE idproduto = 1
2024-08-15 22:46:04 DEBUG [AWT-EventQueue-0] c.motelinteligente.dados.fprodutos - Executando consulta SQL: SELECT valorproduto FROM produtos WHERE idproduto = 1
2024-08-15 22:46:06 DEBUG [AWT-EventQueue-0] c.motelinteligente.dados.fprodutos - Executando consulta SQL: SELECT descricao FROM produtos WHERE idproduto = 2
2024-08-15 22:46:06 DEBUG [AWT-EventQueue-0] c.motelinteligente.dados.fprodutos - Executando consulta SQL: SELECT descricao FROM produtos WHERE idproduto = 23
2024-08-15 22:46:07 DEBUG [AWT-EventQueue-0] c.motelinteligente.dados.fprodutos - Executando consulta SQL: SELECT descricao FROM produtos WHERE idproduto = 23
2024-08-15 22:46:07 DEBUG [AWT-EventQueue-0] c.motelinteligente.dados.fprodutos - Executando consulta SQL: SELECT valorproduto FROM produtos WHERE idproduto = 23
2024-08-15 22:47:02 DEBUG [AWT-EventQueue-0] c.motelinteligente.dados.fprodutos - Executando consulta SQL: SELECT estoque FROM produtos WHERE idproduto = ?
2024-08-15 22:47:03 DEBUG [AWT-EventQueue-0] c.motelinteligente.dados.fprodutos - Executando consulta SQL: SELECT estoque FROM produtos WHERE idproduto = ?
2024-08-15 23:09:12 DEBUG [AWT-EventQueue-0] c.motelinteligente.dados.fprodutos - Executando consulta SQL: SELECT descricao FROM produtos WHERE idproduto = 1
2024-08-15 23:09:12 DEBUG [AWT-EventQueue-0] c.motelinteligente.dados.fprodutos - Executando consulta SQL: SELECT descricao FROM produtos WHERE idproduto = 22
2024-08-15 23:09:12 DEBUG [AWT-EventQueue-0] c.motelinteligente.dados.fprodutos - Executando consulta SQL: SELECT descricao FROM produtos WHERE idproduto = 23
2024-08-15 23:09:12 DEBUG [AWT-EventQueue-0] c.motelinteligente.dados.fprodutos - Executando consulta SQL: SELECT descricao FROM produtos WHERE idproduto = 24
